

==> WARNING: A newer version of conda exists. <==
  current version: 23.5.2
  latest version: 24.5.0

Please update conda by running

    $ conda update -n base -c defaults conda

Or to minimize the number of packages updated during conda update use

     conda install conda=24.5.0


WARNING: Ignoring invalid distribution -riton-nightly (/sfs/qumulo/qhome/brc4cb/.conda/envs/falcon_40B/lib/python3.9/site-packages)
  Running command git clone --filter=blob:none --quiet https://github.com/huggingface/transformers /tmp/pip-install-0gngnmto/transformers_d5ddc2c1cacd474ab3e29ab94d15b5af
  Running command git clone --filter=blob:none --quiet https://github.com/huggingface/trl /tmp/pip-install-0gngnmto/trl_2184919d88a9463dbff7f1d4df30be2d
  Running command git clone --filter=blob:none --quiet https://github.com/huggingface/peft.git /tmp/pip-install-0gngnmto/peft_2cfc8640aa674e3c9fc62a287db062f1
  Running command git clone --filter=blob:none --quiet https://github.com/huggingface/accelerate.git /tmp/pip-install-0gngnmto/accelerate_892e37e0ee9b4e109a1bc422719d3acb
WARNING: Error parsing requirements for huggingface-hub: [Errno 2] No such file or directory: '/sfs/qumulo/qhome/brc4cb/.conda/envs/falcon_40B/lib/python3.9/site-packages/huggingface_hub-0.23.1.dist-info/METADATA'
WARNING: Error parsing requirements for requests: [Errno 2] No such file or directory: '/sfs/qumulo/qhome/brc4cb/.conda/envs/falcon_40B/lib/python3.9/site-packages/requests-2.31.0.dist-info/METADATA'
WARNING: Error parsing requirements for triton: [Errno 2] No such file or directory: '/sfs/qumulo/qhome/brc4cb/.conda/envs/falcon_40B/lib/python3.9/site-packages/triton-2.3.0.dist-info/METADATA'
WARNING: Ignoring invalid distribution -riton-nightly (/sfs/qumulo/qhome/brc4cb/.conda/envs/falcon_40B/lib/python3.9/site-packages)
    WARNING: No metadata found in /sfs/qumulo/qhome/brc4cb/.conda/envs/falcon_40B/lib/python3.9/site-packages
    WARNING: No metadata found in /sfs/qumulo/qhome/brc4cb/.conda/envs/falcon_40B/lib/python3.9/site-packages
    WARNING: No metadata found in /sfs/qumulo/qhome/brc4cb/.conda/envs/falcon_40B/lib/python3.9/site-packages
ERROR: Could not install packages due to an OSError: [Errno 2] No such file or directory: '/sfs/qumulo/qhome/brc4cb/.conda/envs/falcon_40B/bin/wandb'

WARNING: Ignoring invalid distribution -andb (/sfs/qumulo/qhome/brc4cb/.conda/envs/falcon_40B/lib/python3.9/site-packages)
WARNING: Ignoring invalid distribution -riton-nightly (/sfs/qumulo/qhome/brc4cb/.conda/envs/falcon_40B/lib/python3.9/site-packages)
WARNING: Error parsing requirements for accelerate: [Errno 2] No such file or directory: '/sfs/qumulo/qhome/brc4cb/.conda/envs/falcon_40B/lib/python3.9/site-packages/accelerate-0.31.0.dev0.dist-info/METADATA'
WARNING: Error parsing requirements for datasets: [Errno 2] No such file or directory: '/sfs/qumulo/qhome/brc4cb/.conda/envs/falcon_40B/lib/python3.9/site-packages/datasets-2.19.1.dist-info/METADATA'
WARNING: Error parsing requirements for torch: [Errno 2] No such file or directory: '/sfs/qumulo/qhome/brc4cb/.conda/envs/falcon_40B/lib/python3.9/site-packages/torch-2.3.0.dist-info/METADATA'
WARNING: Error parsing requirements for trl: [Errno 2] No such file or directory: '/sfs/qumulo/qhome/brc4cb/.conda/envs/falcon_40B/lib/python3.9/site-packages/trl-0.8.7.dev0.dist-info/METADATA'
WARNING: Ignoring invalid distribution -andb (/sfs/qumulo/qhome/brc4cb/.conda/envs/falcon_40B/lib/python3.9/site-packages)
WARNING: Ignoring invalid distribution -riton-nightly (/sfs/qumulo/qhome/brc4cb/.conda/envs/falcon_40B/lib/python3.9/site-packages)
WARNING: Ignoring invalid distribution -riton-nightly (/sfs/qumulo/qhome/brc4cb/.conda/envs/falcon_40B/lib/python3.9/site-packages)
WARNING: Ignoring invalid distribution -riton-nightly (/sfs/qumulo/qhome/brc4cb/.conda/envs/falcon_40B/lib/python3.9/site-packages)


==> WARNING: A newer version of conda exists. <==
  current version: 23.5.2
  latest version: 24.5.0

Please update conda by running

    $ conda update -n base -c defaults conda

Or to minimize the number of packages updated during conda update use

     conda install conda=24.5.0


Downloading builder script:   0%|          | 0.00/7.95k [00:00<?, ?B/s]Downloading builder script: 100%|██████████| 7.95k/7.95k [00:00<00:00, 38.2MB/s]
/home/brc4cb/.conda/envs/falcon_40B/lib/python3.9/site-packages/huggingface_hub/file_download.py:1132: FutureWarning: `resume_download` is deprecated and will be removed in version 1.0.0. Downloads always resume when possible. If you want to force a new download, use `force_download=True`.
  warnings.warn(
Some weights of RobertaModel were not initialized from the model checkpoint at roberta-large and are newly initialized: ['roberta.pooler.dense.bias', 'roberta.pooler.dense.weight']
You should probably TRAIN this model on a down-stream task to be able to use it for predictions and inference.
