Collecting transformers@ git+https://github.com/huggingface/transformers.git (from -r requirements.txt (line 2))
  Cloning https://github.com/huggingface/transformers.git to /tmp/pip-install-kpa2zj4_/transformers_b24a349f254f47009d2aff51a2325eed
  Resolved https://github.com/huggingface/transformers.git to commit f1732e1374a082bf8e43bd0e4aa8a2da21a32a21
  Installing build dependencies: started
  Installing build dependencies: finished with status 'done'
  Getting requirements to build wheel: started
  Getting requirements to build wheel: finished with status 'done'
  Preparing metadata (pyproject.toml): started
  Preparing metadata (pyproject.toml): finished with status 'done'
Collecting peft@ git+https://github.com/huggingface/peft.git (from -r requirements.txt (line 3))
  Cloning https://github.com/huggingface/peft.git to /tmp/pip-install-kpa2zj4_/peft_2ae906a91054494aa4ec26ee86a801f3
  Resolved https://github.com/huggingface/peft.git to commit c46d76ae3a323fa208bd777b9eb60a383e094d49
  Installing build dependencies: started
  Installing build dependencies: finished with status 'done'
  Getting requirements to build wheel: started
  Getting requirements to build wheel: finished with status 'done'
  Preparing metadata (pyproject.toml): started
  Preparing metadata (pyproject.toml): finished with status 'done'
Collecting accelerate@ git+https://github.com/huggingface/accelerate.git (from -r requirements.txt (line 4))
  Cloning https://github.com/huggingface/accelerate.git to /tmp/pip-install-kpa2zj4_/accelerate_fafa2b5e0b644945a2653ed28ff91e66
  Resolved https://github.com/huggingface/accelerate.git to commit d89580961364a0892b90232289e8fc5705d64a7b
  Installing build dependencies: started
  Installing build dependencies: finished with status 'done'
  Getting requirements to build wheel: started
  Getting requirements to build wheel: finished with status 'done'
  Preparing metadata (pyproject.toml): started
  Preparing metadata (pyproject.toml): finished with status 'done'
Requirement already satisfied: bitsandbytes==0.39.0 in /sfs/qumulo/qhome/brc4cb/.conda/envs/falcon_40B/lib/python3.9/site-packages (from -r requirements.txt (line 1)) (0.39.0)
Requirement already satisfied: einops==0.6.1 in /sfs/qumulo/qhome/brc4cb/.conda/envs/falcon_40B/lib/python3.9/site-packages (from -r requirements.txt (line 5)) (0.6.1)
Requirement already satisfied: evaluate==0.4.0 in /sfs/qumulo/qhome/brc4cb/.conda/envs/falcon_40B/lib/python3.9/site-packages (from -r requirements.txt (line 6)) (0.4.0)
Requirement already satisfied: scikit-learn==1.2.2 in /sfs/qumulo/qhome/brc4cb/.conda/envs/falcon_40B/lib/python3.9/site-packages (from -r requirements.txt (line 7)) (1.2.2)
Requirement already satisfied: scipy in /sfs/qumulo/qhome/brc4cb/.conda/envs/falcon_40B/lib/python3.9/site-packages (from -r requirements.txt (line 8)) (1.11.1)
Requirement already satisfied: sentencepiece==0.1.99 in /sfs/qumulo/qhome/brc4cb/.conda/envs/falcon_40B/lib/python3.9/site-packages (from -r requirements.txt (line 9)) (0.1.99)
Requirement already satisfied: wandb==0.15.3 in /sfs/qumulo/qhome/brc4cb/.conda/envs/falcon_40B/lib/python3.9/site-packages (from -r requirements.txt (line 10)) (0.15.3)
Collecting dash==2.7.0 (from -r requirements.txt (line 11))
  Downloading dash-2.7.0-py3-none-any.whl (9.9 MB)
     ━━━━━━━━━━━━━━━━━━━━━━━━━━━━━━━━━━━━━━━━ 9.9/9.9 MB 38.4 MB/s eta 0:00:00
Collecting jupyter-dash==0.4.2 (from -r requirements.txt (line 13))
  Downloading jupyter_dash-0.4.2-py3-none-any.whl (23 kB)
Collecting dash-bootstrap-components==1.2.1 (from -r requirements.txt (line 15))
  Downloading dash_bootstrap_components-1.2.1-py3-none-any.whl (216 kB)
     ━━━━━━━━━━━━━━━━━━━━━━━━━━━━━━━━━━━━━━━ 216.1/216.1 kB 9.1 MB/s eta 0:00:00
Collecting dash-table-experiments==0.6.0 (from -r requirements.txt (line 17))
  Downloading dash_table_experiments-0.6.0.tar.gz (738 kB)
     ━━━━━━━━━━━━━━━━━━━━━━━━━━━━━━━━━━━━━━ 738.2/738.2 kB 26.5 MB/s eta 0:00:00
  Preparing metadata (setup.py): started
  Preparing metadata (setup.py): finished with status 'done'
Collecting pymongo==4.3.2 (from -r requirements.txt (line 19))
  Downloading pymongo-4.3.2-cp39-cp39-manylinux_2_17_x86_64.manylinux2014_x86_64.whl (491 kB)
     ━━━━━━━━━━━━━━━━━━━━━━━━━━━━━━━━━━━━━━ 491.6/491.6 kB 17.9 MB/s eta 0:00:00
Collecting lxml==4.9.1 (from -r requirements.txt (line 21))
  Downloading lxml-4.9.1-cp39-cp39-manylinux_2_17_x86_64.manylinux2014_x86_64.manylinux_2_24_x86_64.whl (7.0 MB)
     ━━━━━━━━━━━━━━━━━━━━━━━━━━━━━━━━━━━━━━━━ 7.0/7.0 MB 74.8 MB/s eta 0:00:00
Collecting plotly-express==0.4.1 (from -r requirements.txt (line 23))
  Downloading plotly_express-0.4.1-py2.py3-none-any.whl (2.9 kB)
Requirement already satisfied: datasets>=2.0.0 in /sfs/qumulo/qhome/brc4cb/.conda/envs/falcon_40B/lib/python3.9/site-packages (from evaluate==0.4.0->-r requirements.txt (line 6)) (2.13.1)
Requirement already satisfied: numpy>=1.17 in /sfs/qumulo/qhome/brc4cb/.conda/envs/falcon_40B/lib/python3.9/site-packages (from evaluate==0.4.0->-r requirements.txt (line 6)) (1.25.0)
Requirement already satisfied: dill in /sfs/qumulo/qhome/brc4cb/.conda/envs/falcon_40B/lib/python3.9/site-packages (from evaluate==0.4.0->-r requirements.txt (line 6)) (0.3.6)
Requirement already satisfied: pandas in /sfs/qumulo/qhome/brc4cb/.conda/envs/falcon_40B/lib/python3.9/site-packages (from evaluate==0.4.0->-r requirements.txt (line 6)) (2.0.2)
Requirement already satisfied: requests>=2.19.0 in /sfs/qumulo/qhome/brc4cb/.conda/envs/falcon_40B/lib/python3.9/site-packages (from evaluate==0.4.0->-r requirements.txt (line 6)) (2.31.0)
Requirement already satisfied: tqdm>=4.62.1 in /sfs/qumulo/qhome/brc4cb/.conda/envs/falcon_40B/lib/python3.9/site-packages (from evaluate==0.4.0->-r requirements.txt (line 6)) (4.65.0)
Requirement already satisfied: xxhash in /sfs/qumulo/qhome/brc4cb/.conda/envs/falcon_40B/lib/python3.9/site-packages (from evaluate==0.4.0->-r requirements.txt (line 6)) (3.2.0)
Requirement already satisfied: multiprocess in /sfs/qumulo/qhome/brc4cb/.conda/envs/falcon_40B/lib/python3.9/site-packages (from evaluate==0.4.0->-r requirements.txt (line 6)) (0.70.14)
Requirement already satisfied: fsspec[http]>=2021.05.0 in /sfs/qumulo/qhome/brc4cb/.conda/envs/falcon_40B/lib/python3.9/site-packages (from evaluate==0.4.0->-r requirements.txt (line 6)) (2023.4.0)
Requirement already satisfied: huggingface-hub>=0.7.0 in /sfs/qumulo/qhome/brc4cb/.conda/envs/falcon_40B/lib/python3.9/site-packages (from evaluate==0.4.0->-r requirements.txt (line 6)) (0.15.1)
Requirement already satisfied: packaging in /sfs/qumulo/qhome/brc4cb/.conda/envs/falcon_40B/lib/python3.9/site-packages (from evaluate==0.4.0->-r requirements.txt (line 6)) (23.1)
Requirement already satisfied: responses<0.19 in /sfs/qumulo/qhome/brc4cb/.conda/envs/falcon_40B/lib/python3.9/site-packages (from evaluate==0.4.0->-r requirements.txt (line 6)) (0.18.0)
Requirement already satisfied: joblib>=1.1.1 in /sfs/qumulo/qhome/brc4cb/.conda/envs/falcon_40B/lib/python3.9/site-packages (from scikit-learn==1.2.2->-r requirements.txt (line 7)) (1.2.0)
Requirement already satisfied: threadpoolctl>=2.0.0 in /sfs/qumulo/qhome/brc4cb/.conda/envs/falcon_40B/lib/python3.9/site-packages (from scikit-learn==1.2.2->-r requirements.txt (line 7)) (3.1.0)
Requirement already satisfied: Click!=8.0.0,>=7.0 in /sfs/qumulo/qhome/brc4cb/.conda/envs/falcon_40B/lib/python3.9/site-packages (from wandb==0.15.3->-r requirements.txt (line 10)) (8.1.3)
Requirement already satisfied: GitPython!=3.1.29,>=1.0.0 in /sfs/qumulo/qhome/brc4cb/.conda/envs/falcon_40B/lib/python3.9/site-packages (from wandb==0.15.3->-r requirements.txt (line 10)) (3.1.31)
Requirement already satisfied: psutil>=5.0.0 in /sfs/qumulo/qhome/brc4cb/.conda/envs/falcon_40B/lib/python3.9/site-packages (from wandb==0.15.3->-r requirements.txt (line 10)) (5.9.5)
Requirement already satisfied: sentry-sdk>=1.0.0 in /sfs/qumulo/qhome/brc4cb/.conda/envs/falcon_40B/lib/python3.9/site-packages (from wandb==0.15.3->-r requirements.txt (line 10)) (1.26.0)
Requirement already satisfied: docker-pycreds>=0.4.0 in /sfs/qumulo/qhome/brc4cb/.conda/envs/falcon_40B/lib/python3.9/site-packages (from wandb==0.15.3->-r requirements.txt (line 10)) (0.4.0)
Requirement already satisfied: PyYAML in /sfs/qumulo/qhome/brc4cb/.conda/envs/falcon_40B/lib/python3.9/site-packages (from wandb==0.15.3->-r requirements.txt (line 10)) (6.0)
Requirement already satisfied: pathtools in /sfs/qumulo/qhome/brc4cb/.conda/envs/falcon_40B/lib/python3.9/site-packages (from wandb==0.15.3->-r requirements.txt (line 10)) (0.1.2)
Requirement already satisfied: setproctitle in /sfs/qumulo/qhome/brc4cb/.conda/envs/falcon_40B/lib/python3.9/site-packages (from wandb==0.15.3->-r requirements.txt (line 10)) (1.3.2)
Requirement already satisfied: setuptools in /sfs/qumulo/qhome/brc4cb/.conda/envs/falcon_40B/lib/python3.9/site-packages (from wandb==0.15.3->-r requirements.txt (line 10)) (67.8.0)
Requirement already satisfied: appdirs>=1.4.3 in /sfs/qumulo/qhome/brc4cb/.conda/envs/falcon_40B/lib/python3.9/site-packages (from wandb==0.15.3->-r requirements.txt (line 10)) (1.4.4)
Requirement already satisfied: typing-extensions in /sfs/qumulo/qhome/brc4cb/.conda/envs/falcon_40B/lib/python3.9/site-packages (from wandb==0.15.3->-r requirements.txt (line 10)) (4.4.0)
Requirement already satisfied: protobuf!=4.21.0,<5,>=3.15.0 in /sfs/qumulo/qhome/brc4cb/.conda/envs/falcon_40B/lib/python3.9/site-packages (from wandb==0.15.3->-r requirements.txt (line 10)) (4.23.3)
Collecting Flask>=1.0.4 (from dash==2.7.0->-r requirements.txt (line 11))
  Downloading Flask-2.3.2-py3-none-any.whl (96 kB)
     ━━━━━━━━━━━━━━━━━━━━━━━━━━━━━━━━━━━━━━━━ 96.9/96.9 kB 5.3 MB/s eta 0:00:00
Collecting plotly>=5.0.0 (from dash==2.7.0->-r requirements.txt (line 11))
  Downloading plotly-5.15.0-py2.py3-none-any.whl (15.5 MB)
     ━━━━━━━━━━━━━━━━━━━━━━━━━━━━━━━━━━━━━━━━ 15.5/15.5 MB 73.4 MB/s eta 0:00:00
Collecting dash-html-components==2.0.0 (from dash==2.7.0->-r requirements.txt (line 11))
  Downloading dash_html_components-2.0.0-py3-none-any.whl (4.1 kB)
Collecting dash-core-components==2.0.0 (from dash==2.7.0->-r requirements.txt (line 11))
  Downloading dash_core_components-2.0.0-py3-none-any.whl (3.8 kB)
Collecting dash-table==5.0.0 (from dash==2.7.0->-r requirements.txt (line 11))
  Downloading dash_table-5.0.0-py3-none-any.whl (3.9 kB)
Collecting retrying (from jupyter-dash==0.4.2->-r requirements.txt (line 13))
  Downloading retrying-1.3.4-py3-none-any.whl (11 kB)
Collecting ipython (from jupyter-dash==0.4.2->-r requirements.txt (line 13))
  Downloading ipython-8.14.0-py3-none-any.whl (798 kB)
     ━━━━━━━━━━━━━━━━━━━━━━━━━━━━━━━━━━━━━━ 798.7/798.7 kB 26.0 MB/s eta 0:00:00
Collecting ipykernel (from jupyter-dash==0.4.2->-r requirements.txt (line 13))
  Downloading ipykernel-6.24.0-py3-none-any.whl (152 kB)
     ━━━━━━━━━━━━━━━━━━━━━━━━━━━━━━━━━━━━━━━ 152.8/152.8 kB 7.2 MB/s eta 0:00:00
Collecting ansi2html (from jupyter-dash==0.4.2->-r requirements.txt (line 13))
  Downloading ansi2html-1.8.0-py3-none-any.whl (16 kB)
Collecting nest-asyncio (from jupyter-dash==0.4.2->-r requirements.txt (line 13))
  Using cached nest_asyncio-1.5.6-py3-none-any.whl (5.2 kB)
Collecting dnspython<3.0.0,>=1.16.0 (from pymongo==4.3.2->-r requirements.txt (line 19))
  Downloading dnspython-2.3.0-py3-none-any.whl (283 kB)
     ━━━━━━━━━━━━━━━━━━━━━━━━━━━━━━━━━━━━━━ 283.7/283.7 kB 16.3 MB/s eta 0:00:00
Collecting statsmodels>=0.9.0 (from plotly-express==0.4.1->-r requirements.txt (line 23))
  Downloading statsmodels-0.14.0-cp39-cp39-manylinux_2_17_x86_64.manylinux2014_x86_64.whl (10.1 MB)
     ━━━━━━━━━━━━━━━━━━━━━━━━━━━━━━━━━━━━━━━━ 10.1/10.1 MB 89.6 MB/s eta 0:00:00
Collecting patsy>=0.5 (from plotly-express==0.4.1->-r requirements.txt (line 23))
  Downloading patsy-0.5.3-py2.py3-none-any.whl (233 kB)
     ━━━━━━━━━━━━━━━━━━━━━━━━━━━━━━━━━━━━━━ 233.8/233.8 kB 13.5 MB/s eta 0:00:00
Requirement already satisfied: filelock in /sfs/qumulo/qhome/brc4cb/.conda/envs/falcon_40B/lib/python3.9/site-packages (from transformers@ git+https://github.com/huggingface/transformers.git->-r requirements.txt (line 2)) (3.9.0)
Requirement already satisfied: regex!=2019.12.17 in /sfs/qumulo/qhome/brc4cb/.conda/envs/falcon_40B/lib/python3.9/site-packages (from transformers@ git+https://github.com/huggingface/transformers.git->-r requirements.txt (line 2)) (2023.6.3)
Requirement already satisfied: tokenizers!=0.11.3,<0.14,>=0.11.1 in /sfs/qumulo/qhome/brc4cb/.conda/envs/falcon_40B/lib/python3.9/site-packages (from transformers@ git+https://github.com/huggingface/transformers.git->-r requirements.txt (line 2)) (0.13.3)
Requirement already satisfied: safetensors>=0.3.1 in /sfs/qumulo/qhome/brc4cb/.conda/envs/falcon_40B/lib/python3.9/site-packages (from transformers@ git+https://github.com/huggingface/transformers.git->-r requirements.txt (line 2)) (0.3.1)
Requirement already satisfied: torch>=1.13.0 in /sfs/qumulo/qhome/brc4cb/.conda/envs/falcon_40B/lib/python3.9/site-packages (from peft@ git+https://github.com/huggingface/peft.git->-r requirements.txt (line 3)) (2.1.0.dev20230624+cu118)
Requirement already satisfied: pyarrow>=8.0.0 in /sfs/qumulo/qhome/brc4cb/.conda/envs/falcon_40B/lib/python3.9/site-packages (from datasets>=2.0.0->evaluate==0.4.0->-r requirements.txt (line 6)) (12.0.1)
Requirement already satisfied: aiohttp in /sfs/qumulo/qhome/brc4cb/.conda/envs/falcon_40B/lib/python3.9/site-packages (from datasets>=2.0.0->evaluate==0.4.0->-r requirements.txt (line 6)) (3.8.4)
Requirement already satisfied: six>=1.4.0 in /sfs/qumulo/qhome/brc4cb/.conda/envs/falcon_40B/lib/python3.9/site-packages (from docker-pycreds>=0.4.0->wandb==0.15.3->-r requirements.txt (line 10)) (1.16.0)
Collecting Werkzeug>=2.3.3 (from Flask>=1.0.4->dash==2.7.0->-r requirements.txt (line 11))
  Downloading Werkzeug-2.3.6-py3-none-any.whl (242 kB)
     ━━━━━━━━━━━━━━━━━━━━━━━━━━━━━━━━━━━━━━ 242.5/242.5 kB 12.3 MB/s eta 0:00:00
Requirement already satisfied: Jinja2>=3.1.2 in /sfs/qumulo/qhome/brc4cb/.conda/envs/falcon_40B/lib/python3.9/site-packages (from Flask>=1.0.4->dash==2.7.0->-r requirements.txt (line 11)) (3.1.2)
Requirement already satisfied: itsdangerous>=2.1.2 in /sfs/qumulo/qhome/brc4cb/.conda/envs/falcon_40B/lib/python3.9/site-packages (from Flask>=1.0.4->dash==2.7.0->-r requirements.txt (line 11)) (2.1.2)
Collecting blinker>=1.6.2 (from Flask>=1.0.4->dash==2.7.0->-r requirements.txt (line 11))
  Downloading blinker-1.6.2-py3-none-any.whl (13 kB)
Collecting importlib-metadata>=3.6.0 (from Flask>=1.0.4->dash==2.7.0->-r requirements.txt (line 11))
  Downloading importlib_metadata-6.8.0-py3-none-any.whl (22 kB)
Requirement already satisfied: gitdb<5,>=4.0.1 in /sfs/qumulo/qhome/brc4cb/.conda/envs/falcon_40B/lib/python3.9/site-packages (from GitPython!=3.1.29,>=1.0.0->wandb==0.15.3->-r requirements.txt (line 10)) (4.0.10)
Requirement already satisfied: python-dateutil>=2.8.2 in /sfs/qumulo/qhome/brc4cb/.conda/envs/falcon_40B/lib/python3.9/site-packages (from pandas->evaluate==0.4.0->-r requirements.txt (line 6)) (2.8.2)
Requirement already satisfied: pytz>=2020.1 in /sfs/qumulo/qhome/brc4cb/.conda/envs/falcon_40B/lib/python3.9/site-packages (from pandas->evaluate==0.4.0->-r requirements.txt (line 6)) (2023.3)
Requirement already satisfied: tzdata>=2022.1 in /sfs/qumulo/qhome/brc4cb/.conda/envs/falcon_40B/lib/python3.9/site-packages (from pandas->evaluate==0.4.0->-r requirements.txt (line 6)) (2023.3)
Collecting tenacity>=6.2.0 (from plotly>=5.0.0->dash==2.7.0->-r requirements.txt (line 11))
  Downloading tenacity-8.2.2-py3-none-any.whl (24 kB)
Requirement already satisfied: charset-normalizer<4,>=2 in /sfs/qumulo/qhome/brc4cb/.conda/envs/falcon_40B/lib/python3.9/site-packages (from requests>=2.19.0->evaluate==0.4.0->-r requirements.txt (line 6)) (3.1.0)
Requirement already satisfied: idna<4,>=2.5 in /sfs/qumulo/qhome/brc4cb/.conda/envs/falcon_40B/lib/python3.9/site-packages (from requests>=2.19.0->evaluate==0.4.0->-r requirements.txt (line 6)) (3.4)
Requirement already satisfied: urllib3<3,>=1.21.1 in /sfs/qumulo/qhome/brc4cb/.conda/envs/falcon_40B/lib/python3.9/site-packages (from requests>=2.19.0->evaluate==0.4.0->-r requirements.txt (line 6)) (2.0.3)
Requirement already satisfied: certifi>=2017.4.17 in /sfs/qumulo/qhome/brc4cb/.conda/envs/falcon_40B/lib/python3.9/site-packages (from requests>=2.19.0->evaluate==0.4.0->-r requirements.txt (line 6)) (2023.5.7)
Requirement already satisfied: sympy in /sfs/qumulo/qhome/brc4cb/.conda/envs/falcon_40B/lib/python3.9/site-packages (from torch>=1.13.0->peft@ git+https://github.com/huggingface/peft.git->-r requirements.txt (line 3)) (1.11.1)
Requirement already satisfied: networkx in /sfs/qumulo/qhome/brc4cb/.conda/envs/falcon_40B/lib/python3.9/site-packages (from torch>=1.13.0->peft@ git+https://github.com/huggingface/peft.git->-r requirements.txt (line 3)) (3.0rc1)
Requirement already satisfied: pytorch-triton==2.1.0+440fd1bf20 in /sfs/qumulo/qhome/brc4cb/.conda/envs/falcon_40B/lib/python3.9/site-packages (from torch>=1.13.0->peft@ git+https://github.com/huggingface/peft.git->-r requirements.txt (line 3)) (2.1.0+440fd1bf20)
Collecting comm>=0.1.1 (from ipykernel->jupyter-dash==0.4.2->-r requirements.txt (line 13))
  Downloading comm-0.1.3-py3-none-any.whl (6.6 kB)
Collecting debugpy>=1.6.5 (from ipykernel->jupyter-dash==0.4.2->-r requirements.txt (line 13))
  Downloading debugpy-1.6.7-cp39-cp39-manylinux_2_17_x86_64.manylinux2014_x86_64.whl (3.1 MB)
     ━━━━━━━━━━━━━━━━━━━━━━━━━━━━━━━━━━━━━━━━ 3.1/3.1 MB 62.1 MB/s eta 0:00:00
Collecting jupyter-client>=6.1.12 (from ipykernel->jupyter-dash==0.4.2->-r requirements.txt (line 13))
  Downloading jupyter_client-8.3.0-py3-none-any.whl (103 kB)
     ━━━━━━━━━━━━━━━━━━━━━━━━━━━━━━━━━━━━━━━ 103.2/103.2 kB 5.2 MB/s eta 0:00:00
Collecting jupyter-core!=5.0.*,>=4.12 (from ipykernel->jupyter-dash==0.4.2->-r requirements.txt (line 13))
  Downloading jupyter_core-5.3.1-py3-none-any.whl (93 kB)
     ━━━━━━━━━━━━━━━━━━━━━━━━━━━━━━━━━━━━━━━━ 93.7/93.7 kB 4.7 MB/s eta 0:00:00
Collecting matplotlib-inline>=0.1 (from ipykernel->jupyter-dash==0.4.2->-r requirements.txt (line 13))
  Downloading matplotlib_inline-0.1.6-py3-none-any.whl (9.4 kB)
Collecting pyzmq>=20 (from ipykernel->jupyter-dash==0.4.2->-r requirements.txt (line 13))
  Downloading pyzmq-25.1.0-cp39-cp39-manylinux_2_12_x86_64.manylinux2010_x86_64.whl (1.1 MB)
     ━━━━━━━━━━━━━━━━━━━━━━━━━━━━━━━━━━━━━━━━ 1.1/1.1 MB 35.5 MB/s eta 0:00:00
Collecting tornado>=6.1 (from ipykernel->jupyter-dash==0.4.2->-r requirements.txt (line 13))
  Using cached tornado-6.3.2-cp38-abi3-manylinux_2_5_x86_64.manylinux1_x86_64.manylinux_2_17_x86_64.manylinux2014_x86_64.whl (426 kB)
Requirement already satisfied: traitlets>=5.4.0 in /sfs/qumulo/qhome/brc4cb/.conda/envs/falcon_40B/lib/python3.9/site-packages (from ipykernel->jupyter-dash==0.4.2->-r requirements.txt (line 13)) (5.9.0)
Collecting backcall (from ipython->jupyter-dash==0.4.2->-r requirements.txt (line 13))
  Downloading backcall-0.2.0-py2.py3-none-any.whl (11 kB)
Collecting decorator (from ipython->jupyter-dash==0.4.2->-r requirements.txt (line 13))
  Downloading decorator-5.1.1-py3-none-any.whl (9.1 kB)
Collecting jedi>=0.16 (from ipython->jupyter-dash==0.4.2->-r requirements.txt (line 13))
  Downloading jedi-0.18.2-py2.py3-none-any.whl (1.6 MB)
     ━━━━━━━━━━━━━━━━━━━━━━━━━━━━━━━━━━━━━━━━ 1.6/1.6 MB 36.7 MB/s eta 0:00:00
Collecting pickleshare (from ipython->jupyter-dash==0.4.2->-r requirements.txt (line 13))
  Using cached pickleshare-0.7.5-py2.py3-none-any.whl (6.9 kB)
Collecting prompt-toolkit!=3.0.37,<3.1.0,>=3.0.30 (from ipython->jupyter-dash==0.4.2->-r requirements.txt (line 13))
  Downloading prompt_toolkit-3.0.39-py3-none-any.whl (385 kB)
     ━━━━━━━━━━━━━━━━━━━━━━━━━━━━━━━━━━━━━━━ 385.2/385.2 kB 3.6 MB/s eta 0:00:00
Requirement already satisfied: pygments>=2.4.0 in /sfs/qumulo/qhome/brc4cb/.conda/envs/falcon_40B/lib/python3.9/site-packages (from ipython->jupyter-dash==0.4.2->-r requirements.txt (line 13)) (2.15.1)
Collecting stack-data (from ipython->jupyter-dash==0.4.2->-r requirements.txt (line 13))
  Downloading stack_data-0.6.2-py3-none-any.whl (24 kB)
Collecting pexpect>4.3 (from ipython->jupyter-dash==0.4.2->-r requirements.txt (line 13))
  Downloading pexpect-4.8.0-py2.py3-none-any.whl (59 kB)
     ━━━━━━━━━━━━━━━━━━━━━━━━━━━━━━━━━━━━━━━━ 59.0/59.0 kB 2.6 MB/s eta 0:00:00
Requirement already satisfied: attrs>=17.3.0 in /sfs/qumulo/qhome/brc4cb/.conda/envs/falcon_40B/lib/python3.9/site-packages (from aiohttp->datasets>=2.0.0->evaluate==0.4.0->-r requirements.txt (line 6)) (23.1.0)
Requirement already satisfied: multidict<7.0,>=4.5 in /sfs/qumulo/qhome/brc4cb/.conda/envs/falcon_40B/lib/python3.9/site-packages (from aiohttp->datasets>=2.0.0->evaluate==0.4.0->-r requirements.txt (line 6)) (6.0.4)
Requirement already satisfied: async-timeout<5.0,>=4.0.0a3 in /sfs/qumulo/qhome/brc4cb/.conda/envs/falcon_40B/lib/python3.9/site-packages (from aiohttp->datasets>=2.0.0->evaluate==0.4.0->-r requirements.txt (line 6)) (4.0.2)
Requirement already satisfied: yarl<2.0,>=1.0 in /sfs/qumulo/qhome/brc4cb/.conda/envs/falcon_40B/lib/python3.9/site-packages (from aiohttp->datasets>=2.0.0->evaluate==0.4.0->-r requirements.txt (line 6)) (1.9.2)
Requirement already satisfied: frozenlist>=1.1.1 in /sfs/qumulo/qhome/brc4cb/.conda/envs/falcon_40B/lib/python3.9/site-packages (from aiohttp->datasets>=2.0.0->evaluate==0.4.0->-r requirements.txt (line 6)) (1.3.3)
Requirement already satisfied: aiosignal>=1.1.2 in /sfs/qumulo/qhome/brc4cb/.conda/envs/falcon_40B/lib/python3.9/site-packages (from aiohttp->datasets>=2.0.0->evaluate==0.4.0->-r requirements.txt (line 6)) (1.3.1)
Requirement already satisfied: smmap<6,>=3.0.1 in /sfs/qumulo/qhome/brc4cb/.conda/envs/falcon_40B/lib/python3.9/site-packages (from gitdb<5,>=4.0.1->GitPython!=3.1.29,>=1.0.0->wandb==0.15.3->-r requirements.txt (line 10)) (5.0.0)
Requirement already satisfied: zipp>=0.5 in /sfs/qumulo/qhome/brc4cb/.conda/envs/falcon_40B/lib/python3.9/site-packages (from importlib-metadata>=3.6.0->Flask>=1.0.4->dash==2.7.0->-r requirements.txt (line 11)) (3.15.0)
Collecting parso<0.9.0,>=0.8.0 (from jedi>=0.16->ipython->jupyter-dash==0.4.2->-r requirements.txt (line 13))
  Downloading parso-0.8.3-py2.py3-none-any.whl (100 kB)
     ━━━━━━━━━━━━━━━━━━━━━━━━━━━━━━━━━━━━━━━ 100.8/100.8 kB 5.1 MB/s eta 0:00:00
Requirement already satisfied: MarkupSafe>=2.0 in /sfs/qumulo/qhome/brc4cb/.conda/envs/falcon_40B/lib/python3.9/site-packages (from Jinja2>=3.1.2->Flask>=1.0.4->dash==2.7.0->-r requirements.txt (line 11)) (2.1.2)
Collecting platformdirs>=2.5 (from jupyter-core!=5.0.*,>=4.12->ipykernel->jupyter-dash==0.4.2->-r requirements.txt (line 13))
  Downloading platformdirs-3.8.1-py3-none-any.whl (16 kB)
Collecting ptyprocess>=0.5 (from pexpect>4.3->ipython->jupyter-dash==0.4.2->-r requirements.txt (line 13))
  Using cached ptyprocess-0.7.0-py2.py3-none-any.whl (13 kB)
Requirement already satisfied: wcwidth in /sfs/qumulo/qhome/brc4cb/.conda/envs/falcon_40B/lib/python3.9/site-packages (from prompt-toolkit!=3.0.37,<3.1.0,>=3.0.30->ipython->jupyter-dash==0.4.2->-r requirements.txt (line 13)) (0.2.6)
Collecting executing>=1.2.0 (from stack-data->ipython->jupyter-dash==0.4.2->-r requirements.txt (line 13))
  Downloading executing-1.2.0-py2.py3-none-any.whl (24 kB)
Collecting asttokens>=2.1.0 (from stack-data->ipython->jupyter-dash==0.4.2->-r requirements.txt (line 13))
  Downloading asttokens-2.2.1-py2.py3-none-any.whl (26 kB)
Collecting pure-eval (from stack-data->ipython->jupyter-dash==0.4.2->-r requirements.txt (line 13))
  Downloading pure_eval-0.2.2-py3-none-any.whl (11 kB)
Requirement already satisfied: mpmath>=0.19 in /sfs/qumulo/qhome/brc4cb/.conda/envs/falcon_40B/lib/python3.9/site-packages (from sympy->torch>=1.13.0->peft@ git+https://github.com/huggingface/peft.git->-r requirements.txt (line 3)) (1.2.1)
Building wheels for collected packages: dash-table-experiments
  Building wheel for dash-table-experiments (setup.py): started
  Building wheel for dash-table-experiments (setup.py): finished with status 'done'
  Created wheel for dash-table-experiments: filename=dash_table_experiments-0.6.0-py3-none-any.whl size=746754 sha256=a7cf8307cc128bed9c386bdf23a7a27df15b3384905e409e51f16cac974a0f53
  Stored in directory: /sfs/qumulo/qhome/brc4cb/.cache/pip/wheels/c4/15/07/f6b5c334226a5968a6c4ef9b10cfba03650de16a8d796671c0
Successfully built dash-table-experiments
Installing collected packages: pure-eval, ptyprocess, pickleshare, executing, dash-table-experiments, dash-table, dash-html-components, dash-core-components, backcall, Werkzeug, tornado, tenacity, retrying, pyzmq, prompt-toolkit, platformdirs, pexpect, patsy, parso, nest-asyncio, matplotlib-inline, lxml, importlib-metadata, dnspython, decorator, debugpy, comm, blinker, asttokens, ansi2html, stack-data, pymongo, plotly, jupyter-core, jedi, Flask, statsmodels, jupyter-client, ipython, dash, plotly-express, ipykernel, dash-bootstrap-components, jupyter-dash
Successfully installed Flask-2.3.2 Werkzeug-2.3.6 ansi2html-1.8.0 asttokens-2.2.1 backcall-0.2.0 blinker-1.6.2 comm-0.1.3 dash-2.7.0 dash-bootstrap-components-1.2.1 dash-core-components-2.0.0 dash-html-components-2.0.0 dash-table-5.0.0 dash-table-experiments-0.6.0 debugpy-1.6.7 decorator-5.1.1 dnspython-2.3.0 executing-1.2.0 importlib-metadata-6.8.0 ipykernel-6.24.0 ipython-8.14.0 jedi-0.18.2 jupyter-client-8.3.0 jupyter-core-5.3.1 jupyter-dash-0.4.2 lxml-4.9.1 matplotlib-inline-0.1.6 nest-asyncio-1.5.6 parso-0.8.3 patsy-0.5.3 pexpect-4.8.0 pickleshare-0.7.5 platformdirs-3.8.1 plotly-5.15.0 plotly-express-0.4.1 prompt-toolkit-3.0.39 ptyprocess-0.7.0 pure-eval-0.2.2 pymongo-4.3.2 pyzmq-25.1.0 retrying-1.3.4 stack-data-0.6.2 statsmodels-0.14.0 tenacity-8.2.2 tornado-6.3.2
Collecting package metadata (current_repodata.json): ...working... done
Solving environment: ...working... done

# All requested packages already installed.


===================================BUG REPORT===================================
Welcome to bitsandbytes. For bug reports, please run

python -m bitsandbytes

 and submit this information together with your error trace to: https://github.com/TimDettmers/bitsandbytes/issues
================================================================================
bin /home/brc4cb/.conda/envs/falcon_40B/lib/python3.9/site-packages/bitsandbytes/libbitsandbytes_cuda118.so
CUDA SETUP: CUDA runtime path found: /home/brc4cb/.conda/envs/falcon_40B/lib/libcudart.so
CUDA SETUP: Highest compute capability among GPUs detected: 8.0
CUDA SETUP: Detected CUDA version 118
CUDA SETUP: Loading binary /home/brc4cb/.conda/envs/falcon_40B/lib/python3.9/site-packages/bitsandbytes/libbitsandbytes_cuda118.so...
[2023-07-12 13:45:53,984] [INFO] [real_accelerator.py:110:get_accelerator] Setting ds_accelerator to cuda (auto detect)
