Collecting transformers@ git+https://github.com/huggingface/transformers.git (from -r requirements.txt (line 2))
  Cloning https://github.com/huggingface/transformers.git to /tmp/pip-install-ca3_pbyz/transformers_564e0fbb1bc1468c95f716e7cb3daac6
  Resolved https://github.com/huggingface/transformers.git to commit 25411085647a4dbcbd4e7ba6f381881a3e49c33e
  Installing build dependencies: started
  Installing build dependencies: finished with status 'done'
  Getting requirements to build wheel: started
  Getting requirements to build wheel: finished with status 'done'
  Preparing metadata (pyproject.toml): started
  Preparing metadata (pyproject.toml): finished with status 'done'
Collecting peft@ git+https://github.com/huggingface/peft.git (from -r requirements.txt (line 3))
  Cloning https://github.com/huggingface/peft.git to /tmp/pip-install-ca3_pbyz/peft_6aac0f8080904bd288825915233e41bf
  Resolved https://github.com/huggingface/peft.git to commit 06fd06a4d2e8ed8c3a253c67d9c3cb23e0f497ad
  Installing build dependencies: started
  Installing build dependencies: finished with status 'done'
  Getting requirements to build wheel: started
  Getting requirements to build wheel: finished with status 'done'
  Preparing metadata (pyproject.toml): started
  Preparing metadata (pyproject.toml): finished with status 'done'
Collecting accelerate@ git+https://github.com/huggingface/accelerate.git (from -r requirements.txt (line 4))
  Cloning https://github.com/huggingface/accelerate.git to /tmp/pip-install-ca3_pbyz/accelerate_76c36e193ee640afaa111118575f1ba1
  Resolved https://github.com/huggingface/accelerate.git to commit 180ef7c41576bc55cb1265fcdeb7da287e95c9b7
  Installing build dependencies: started
  Installing build dependencies: finished with status 'done'
  Getting requirements to build wheel: started
  Getting requirements to build wheel: finished with status 'done'
  Preparing metadata (pyproject.toml): started
  Preparing metadata (pyproject.toml): finished with status 'done'
Requirement already satisfied: bitsandbytes==0.39.0 in /sfs/qumulo/qhome/brc4cb/.conda/envs/falcon_40B/lib/python3.9/site-packages (from -r requirements.txt (line 1)) (0.39.0)
Requirement already satisfied: einops==0.6.1 in /sfs/qumulo/qhome/brc4cb/.conda/envs/falcon_40B/lib/python3.9/site-packages (from -r requirements.txt (line 5)) (0.6.1)
Requirement already satisfied: evaluate==0.4.0 in /sfs/qumulo/qhome/brc4cb/.conda/envs/falcon_40B/lib/python3.9/site-packages (from -r requirements.txt (line 6)) (0.4.0)
Requirement already satisfied: scikit-learn==1.2.2 in /sfs/qumulo/qhome/brc4cb/.conda/envs/falcon_40B/lib/python3.9/site-packages (from -r requirements.txt (line 7)) (1.2.2)
Requirement already satisfied: scipy in /sfs/qumulo/qhome/brc4cb/.conda/envs/falcon_40B/lib/python3.9/site-packages (from -r requirements.txt (line 8)) (1.11.1)
Requirement already satisfied: sentencepiece==0.1.99 in /sfs/qumulo/qhome/brc4cb/.conda/envs/falcon_40B/lib/python3.9/site-packages (from -r requirements.txt (line 9)) (0.1.99)
Requirement already satisfied: wandb==0.15.3 in /sfs/qumulo/qhome/brc4cb/.conda/envs/falcon_40B/lib/python3.9/site-packages (from -r requirements.txt (line 10)) (0.15.3)
Requirement already satisfied: datasets>=2.0.0 in /sfs/qumulo/qhome/brc4cb/.conda/envs/falcon_40B/lib/python3.9/site-packages (from evaluate==0.4.0->-r requirements.txt (line 6)) (2.13.1)
Requirement already satisfied: numpy>=1.17 in /sfs/qumulo/qhome/brc4cb/.conda/envs/falcon_40B/lib/python3.9/site-packages (from evaluate==0.4.0->-r requirements.txt (line 6)) (1.25.0)
Requirement already satisfied: dill in /sfs/qumulo/qhome/brc4cb/.conda/envs/falcon_40B/lib/python3.9/site-packages (from evaluate==0.4.0->-r requirements.txt (line 6)) (0.3.6)
Requirement already satisfied: pandas in /sfs/qumulo/qhome/brc4cb/.conda/envs/falcon_40B/lib/python3.9/site-packages (from evaluate==0.4.0->-r requirements.txt (line 6)) (2.0.2)
Requirement already satisfied: requests>=2.19.0 in /sfs/qumulo/qhome/brc4cb/.conda/envs/falcon_40B/lib/python3.9/site-packages (from evaluate==0.4.0->-r requirements.txt (line 6)) (2.31.0)
Requirement already satisfied: tqdm>=4.62.1 in /sfs/qumulo/qhome/brc4cb/.conda/envs/falcon_40B/lib/python3.9/site-packages (from evaluate==0.4.0->-r requirements.txt (line 6)) (4.65.0)
Requirement already satisfied: xxhash in /sfs/qumulo/qhome/brc4cb/.conda/envs/falcon_40B/lib/python3.9/site-packages (from evaluate==0.4.0->-r requirements.txt (line 6)) (3.2.0)
Requirement already satisfied: multiprocess in /sfs/qumulo/qhome/brc4cb/.conda/envs/falcon_40B/lib/python3.9/site-packages (from evaluate==0.4.0->-r requirements.txt (line 6)) (0.70.14)
Requirement already satisfied: fsspec[http]>=2021.05.0 in /sfs/qumulo/qhome/brc4cb/.conda/envs/falcon_40B/lib/python3.9/site-packages (from evaluate==0.4.0->-r requirements.txt (line 6)) (2023.4.0)
Requirement already satisfied: huggingface-hub>=0.7.0 in /sfs/qumulo/qhome/brc4cb/.conda/envs/falcon_40B/lib/python3.9/site-packages (from evaluate==0.4.0->-r requirements.txt (line 6)) (0.15.1)
Requirement already satisfied: packaging in /sfs/qumulo/qhome/brc4cb/.conda/envs/falcon_40B/lib/python3.9/site-packages (from evaluate==0.4.0->-r requirements.txt (line 6)) (23.1)
Requirement already satisfied: responses<0.19 in /sfs/qumulo/qhome/brc4cb/.conda/envs/falcon_40B/lib/python3.9/site-packages (from evaluate==0.4.0->-r requirements.txt (line 6)) (0.18.0)
Requirement already satisfied: joblib>=1.1.1 in /sfs/qumulo/qhome/brc4cb/.conda/envs/falcon_40B/lib/python3.9/site-packages (from scikit-learn==1.2.2->-r requirements.txt (line 7)) (1.2.0)
Requirement already satisfied: threadpoolctl>=2.0.0 in /sfs/qumulo/qhome/brc4cb/.conda/envs/falcon_40B/lib/python3.9/site-packages (from scikit-learn==1.2.2->-r requirements.txt (line 7)) (3.1.0)
Requirement already satisfied: Click!=8.0.0,>=7.0 in /sfs/qumulo/qhome/brc4cb/.conda/envs/falcon_40B/lib/python3.9/site-packages (from wandb==0.15.3->-r requirements.txt (line 10)) (8.1.3)
Requirement already satisfied: GitPython!=3.1.29,>=1.0.0 in /sfs/qumulo/qhome/brc4cb/.conda/envs/falcon_40B/lib/python3.9/site-packages (from wandb==0.15.3->-r requirements.txt (line 10)) (3.1.31)
Requirement already satisfied: psutil>=5.0.0 in /sfs/qumulo/qhome/brc4cb/.conda/envs/falcon_40B/lib/python3.9/site-packages (from wandb==0.15.3->-r requirements.txt (line 10)) (5.9.5)
Requirement already satisfied: sentry-sdk>=1.0.0 in /sfs/qumulo/qhome/brc4cb/.conda/envs/falcon_40B/lib/python3.9/site-packages (from wandb==0.15.3->-r requirements.txt (line 10)) (1.26.0)
Requirement already satisfied: docker-pycreds>=0.4.0 in /sfs/qumulo/qhome/brc4cb/.conda/envs/falcon_40B/lib/python3.9/site-packages (from wandb==0.15.3->-r requirements.txt (line 10)) (0.4.0)
Requirement already satisfied: PyYAML in /sfs/qumulo/qhome/brc4cb/.conda/envs/falcon_40B/lib/python3.9/site-packages (from wandb==0.15.3->-r requirements.txt (line 10)) (6.0)
Requirement already satisfied: pathtools in /sfs/qumulo/qhome/brc4cb/.conda/envs/falcon_40B/lib/python3.9/site-packages (from wandb==0.15.3->-r requirements.txt (line 10)) (0.1.2)
Requirement already satisfied: setproctitle in /sfs/qumulo/qhome/brc4cb/.conda/envs/falcon_40B/lib/python3.9/site-packages (from wandb==0.15.3->-r requirements.txt (line 10)) (1.3.2)
Requirement already satisfied: setuptools in /sfs/qumulo/qhome/brc4cb/.conda/envs/falcon_40B/lib/python3.9/site-packages (from wandb==0.15.3->-r requirements.txt (line 10)) (67.8.0)
Requirement already satisfied: appdirs>=1.4.3 in /sfs/qumulo/qhome/brc4cb/.conda/envs/falcon_40B/lib/python3.9/site-packages (from wandb==0.15.3->-r requirements.txt (line 10)) (1.4.4)
Requirement already satisfied: typing-extensions in /sfs/qumulo/qhome/brc4cb/.conda/envs/falcon_40B/lib/python3.9/site-packages (from wandb==0.15.3->-r requirements.txt (line 10)) (4.4.0)
Requirement already satisfied: protobuf!=4.21.0,<5,>=3.15.0 in /sfs/qumulo/qhome/brc4cb/.conda/envs/falcon_40B/lib/python3.9/site-packages (from wandb==0.15.3->-r requirements.txt (line 10)) (4.23.3)
Requirement already satisfied: filelock in /sfs/qumulo/qhome/brc4cb/.conda/envs/falcon_40B/lib/python3.9/site-packages (from transformers@ git+https://github.com/huggingface/transformers.git->-r requirements.txt (line 2)) (3.9.0)
Requirement already satisfied: regex!=2019.12.17 in /sfs/qumulo/qhome/brc4cb/.conda/envs/falcon_40B/lib/python3.9/site-packages (from transformers@ git+https://github.com/huggingface/transformers.git->-r requirements.txt (line 2)) (2023.6.3)
Requirement already satisfied: tokenizers!=0.11.3,<0.14,>=0.11.1 in /sfs/qumulo/qhome/brc4cb/.conda/envs/falcon_40B/lib/python3.9/site-packages (from transformers@ git+https://github.com/huggingface/transformers.git->-r requirements.txt (line 2)) (0.13.3)
Requirement already satisfied: safetensors>=0.3.1 in /sfs/qumulo/qhome/brc4cb/.conda/envs/falcon_40B/lib/python3.9/site-packages (from transformers@ git+https://github.com/huggingface/transformers.git->-r requirements.txt (line 2)) (0.3.1)
Requirement already satisfied: torch>=1.13.0 in /sfs/qumulo/qhome/brc4cb/.conda/envs/falcon_40B/lib/python3.9/site-packages (from peft@ git+https://github.com/huggingface/peft.git->-r requirements.txt (line 3)) (2.1.0.dev20230624+cu118)
Requirement already satisfied: pyarrow>=8.0.0 in /sfs/qumulo/qhome/brc4cb/.conda/envs/falcon_40B/lib/python3.9/site-packages (from datasets>=2.0.0->evaluate==0.4.0->-r requirements.txt (line 6)) (12.0.1)
Requirement already satisfied: aiohttp in /sfs/qumulo/qhome/brc4cb/.conda/envs/falcon_40B/lib/python3.9/site-packages (from datasets>=2.0.0->evaluate==0.4.0->-r requirements.txt (line 6)) (3.8.4)
Requirement already satisfied: six>=1.4.0 in /sfs/qumulo/qhome/brc4cb/.conda/envs/falcon_40B/lib/python3.9/site-packages (from docker-pycreds>=0.4.0->wandb==0.15.3->-r requirements.txt (line 10)) (1.16.0)
Requirement already satisfied: gitdb<5,>=4.0.1 in /sfs/qumulo/qhome/brc4cb/.conda/envs/falcon_40B/lib/python3.9/site-packages (from GitPython!=3.1.29,>=1.0.0->wandb==0.15.3->-r requirements.txt (line 10)) (4.0.10)
Requirement already satisfied: charset-normalizer<4,>=2 in /sfs/qumulo/qhome/brc4cb/.conda/envs/falcon_40B/lib/python3.9/site-packages (from requests>=2.19.0->evaluate==0.4.0->-r requirements.txt (line 6)) (3.1.0)
Requirement already satisfied: idna<4,>=2.5 in /sfs/qumulo/qhome/brc4cb/.conda/envs/falcon_40B/lib/python3.9/site-packages (from requests>=2.19.0->evaluate==0.4.0->-r requirements.txt (line 6)) (3.4)
Requirement already satisfied: urllib3<3,>=1.21.1 in /sfs/qumulo/qhome/brc4cb/.conda/envs/falcon_40B/lib/python3.9/site-packages (from requests>=2.19.0->evaluate==0.4.0->-r requirements.txt (line 6)) (2.0.3)
Requirement already satisfied: certifi>=2017.4.17 in /sfs/qumulo/qhome/brc4cb/.conda/envs/falcon_40B/lib/python3.9/site-packages (from requests>=2.19.0->evaluate==0.4.0->-r requirements.txt (line 6)) (2023.5.7)
Requirement already satisfied: sympy in /sfs/qumulo/qhome/brc4cb/.conda/envs/falcon_40B/lib/python3.9/site-packages (from torch>=1.13.0->peft@ git+https://github.com/huggingface/peft.git->-r requirements.txt (line 3)) (1.11.1)
Requirement already satisfied: networkx in /sfs/qumulo/qhome/brc4cb/.conda/envs/falcon_40B/lib/python3.9/site-packages (from torch>=1.13.0->peft@ git+https://github.com/huggingface/peft.git->-r requirements.txt (line 3)) (3.0rc1)
Requirement already satisfied: jinja2 in /sfs/qumulo/qhome/brc4cb/.conda/envs/falcon_40B/lib/python3.9/site-packages (from torch>=1.13.0->peft@ git+https://github.com/huggingface/peft.git->-r requirements.txt (line 3)) (3.1.2)
Requirement already satisfied: pytorch-triton==2.1.0+440fd1bf20 in /sfs/qumulo/qhome/brc4cb/.conda/envs/falcon_40B/lib/python3.9/site-packages (from torch>=1.13.0->peft@ git+https://github.com/huggingface/peft.git->-r requirements.txt (line 3)) (2.1.0+440fd1bf20)
Requirement already satisfied: python-dateutil>=2.8.2 in /sfs/qumulo/qhome/brc4cb/.conda/envs/falcon_40B/lib/python3.9/site-packages (from pandas->evaluate==0.4.0->-r requirements.txt (line 6)) (2.8.2)
Requirement already satisfied: pytz>=2020.1 in /sfs/qumulo/qhome/brc4cb/.conda/envs/falcon_40B/lib/python3.9/site-packages (from pandas->evaluate==0.4.0->-r requirements.txt (line 6)) (2023.3)
Requirement already satisfied: tzdata>=2022.1 in /sfs/qumulo/qhome/brc4cb/.conda/envs/falcon_40B/lib/python3.9/site-packages (from pandas->evaluate==0.4.0->-r requirements.txt (line 6)) (2023.3)
Requirement already satisfied: attrs>=17.3.0 in /sfs/qumulo/qhome/brc4cb/.conda/envs/falcon_40B/lib/python3.9/site-packages (from aiohttp->datasets>=2.0.0->evaluate==0.4.0->-r requirements.txt (line 6)) (23.1.0)
Requirement already satisfied: multidict<7.0,>=4.5 in /sfs/qumulo/qhome/brc4cb/.conda/envs/falcon_40B/lib/python3.9/site-packages (from aiohttp->datasets>=2.0.0->evaluate==0.4.0->-r requirements.txt (line 6)) (6.0.4)
Requirement already satisfied: async-timeout<5.0,>=4.0.0a3 in /sfs/qumulo/qhome/brc4cb/.conda/envs/falcon_40B/lib/python3.9/site-packages (from aiohttp->datasets>=2.0.0->evaluate==0.4.0->-r requirements.txt (line 6)) (4.0.2)
Requirement already satisfied: yarl<2.0,>=1.0 in /sfs/qumulo/qhome/brc4cb/.conda/envs/falcon_40B/lib/python3.9/site-packages (from aiohttp->datasets>=2.0.0->evaluate==0.4.0->-r requirements.txt (line 6)) (1.9.2)
Requirement already satisfied: frozenlist>=1.1.1 in /sfs/qumulo/qhome/brc4cb/.conda/envs/falcon_40B/lib/python3.9/site-packages (from aiohttp->datasets>=2.0.0->evaluate==0.4.0->-r requirements.txt (line 6)) (1.3.3)
Requirement already satisfied: aiosignal>=1.1.2 in /sfs/qumulo/qhome/brc4cb/.conda/envs/falcon_40B/lib/python3.9/site-packages (from aiohttp->datasets>=2.0.0->evaluate==0.4.0->-r requirements.txt (line 6)) (1.3.1)
Requirement already satisfied: smmap<6,>=3.0.1 in /sfs/qumulo/qhome/brc4cb/.conda/envs/falcon_40B/lib/python3.9/site-packages (from gitdb<5,>=4.0.1->GitPython!=3.1.29,>=1.0.0->wandb==0.15.3->-r requirements.txt (line 10)) (5.0.0)
Requirement already satisfied: MarkupSafe>=2.0 in /sfs/qumulo/qhome/brc4cb/.conda/envs/falcon_40B/lib/python3.9/site-packages (from jinja2->torch>=1.13.0->peft@ git+https://github.com/huggingface/peft.git->-r requirements.txt (line 3)) (2.1.2)
Requirement already satisfied: mpmath>=0.19 in /sfs/qumulo/qhome/brc4cb/.conda/envs/falcon_40B/lib/python3.9/site-packages (from sympy->torch>=1.13.0->peft@ git+https://github.com/huggingface/peft.git->-r requirements.txt (line 3)) (1.2.1)
Collecting package metadata (current_repodata.json): ...working... done
Solving environment: ...working... done

# All requested packages already installed.


===================================BUG REPORT===================================
Welcome to bitsandbytes. For bug reports, please run

python -m bitsandbytes

 and submit this information together with your error trace to: https://github.com/TimDettmers/bitsandbytes/issues
================================================================================
bin /home/brc4cb/.conda/envs/falcon_40B/lib/python3.9/site-packages/bitsandbytes/libbitsandbytes_cuda118.so
CUDA SETUP: CUDA runtime path found: /home/brc4cb/.conda/envs/falcon_40B/lib/libcudart.so.11.0
CUDA SETUP: Highest compute capability among GPUs detected: 8.0
CUDA SETUP: Detected CUDA version 118
CUDA SETUP: Loading binary /home/brc4cb/.conda/envs/falcon_40B/lib/python3.9/site-packages/bitsandbytes/libbitsandbytes_cuda118.so...
[2023-07-10 12:32:30,660] [INFO] [real_accelerator.py:110:get_accelerator] Setting ds_accelerator to cuda (auto detect)
Below is an instruction that describes a task. Write a response that appropriately completes the request.

### Instruction:
Write a math word problem and Python code to solve the word problem.

### Response: Question: If there are 3 cars in the parking lot and 2 more cars arrive, how many cars are in the parking lot? Solution: def solution():
    cars_initial = 3
    cars_arrived = 2
    result = cars_initial + cars_arrived
    return result
Below is an instruction that describes a task. Write a response that appropriately completes the request.

### Instruction:
Write a math word problem and Python code to solve the word problem.

### Response: Question: Leah had 32 chocolates and her sister had 42. If they ate 35, how many pieces do they have left in total? Solution: def solution():
    leah_chocolates = 32
    sister_chocolates = 42
    total_chocolates = leah_chocolates + sister_chocolates
    chocolates_eaten = 35
    result = total_chocolates - chocolates_eaten
    return result
Below is an instruction that describes a task. Write a response that appropriately completes the request.

### Instruction:
Write a math word problem and Python code to solve the word problem.

### Response: 
def solution():
    "Leah had 32 chocolates and her sister had 42. If they ate 35, how many pieces do they have left in total?"
    leah_chocolates = 32
    sister_chocolates = 42
    total_chocolates = leah_chocolates + sister_chocolates
    chocolates_eaten = 35
    result = total_chocolates - chocolates_eaten
    return result
Below is an instruction that describes a task. Write a response that appropriately completes the request.

### Instruction:
Write a math word problem and Python code with a commented out step-by-step solution to solve the word problem.

### Response: Question: Roger has 5 tennis balls. He buys 2 more cans of tennis balls. Each can has 3 tennis balls. How many tennis balls does he have now? Solution: def solution():
    #Roger started with 5 tennis balls
    tennis_balls = 5
    #2 cans of 3 tennis balls each is
    bought_balls = 2 * 3    
    #tennis balls. The answer is
    result = tennis_balls + bought_balls
    return result
Below is an instruction that describes a task. Write a response that appropriately completes the request.

### Instruction:
Write a math word problem and Python code with a commented out step-by-step solution to solve the word problem.

### Response: Question: The bakers at the Beverly Hills Bakery baked 200 loaves of bread on Monday morning. They sold 93 loaves in the morning and 39 loaves in the afternoon. A grocery store returned 6 unsold loaves. How many loaves of bread did they have left? Solution: def solution():
    #The bakers started with 200 loaves
    loaves_baked = 200
    #They sold 93 in the morning and 39 in the afternoon
    loaves_sold_morning=93
    loaves_sold_afternoon=39
    #The grocery store returned 6 loaves
    loaves_returned = 6
    #The answer is
    result = loaves_baked - loaves_sold_morning - loaves_sold_afternoon + loaves_returned
    return result
Below is an instruction that describes a task. Write a response that appropriately completes the request.

### Instruction:
Write a math word problem and Python code with a commented out step-by-step solution to solve the word problem.

### Response: Question: Olivia has $23. She bought five bagels for $3 each. How much money does she have left? Solution: def solution():
   #Olivia started with $23
    money_initial = 23
    #She bought 5 bagels
    bagels = 5
    #Each bagel cost $3
    bagel_cost = 3
    #5 bagels at $3 a bagel cost
    money_spent = bagels * bagel cost
    #The answer is
    result = money_initial - money_spent
    return result
Below is an instruction that describes a task. Write a response that appropriately completes the request.

### Instruction:
Write a math word problem and Python code with a commented out step-by-step solution to solve the word problem.

### Response: Question: Michele and Kari ate lunch together at a hamburger restaurant.  Michele ate a double hamburger and Kari ate a single hamburger.  The double hamburger cost $3.50 and the single hamburger cost $2.50.  Michele left a $7.00 tip.  How much did their lunch cost? Solution: def solution():
    #Michele ate a double hamburger that cost $3.50
    double_hamburger = 3.50
    #Kari ate a single hamburger that cost $2.50
    single_hamburger = 2.50
    #The double hamburger and single hamburger together cost
    cost_hamburgers = double_hamburger + single_hamburger
    #a tip was left
    tip = 7
    #The total cost is
    result = cost_hamburgers + tip
    return result
Below is an instruction that describes a task. Write a response that appropriately completes the request.

### Instruction:
Write a math word problem and Python code to solve the word problem.

### Response: Question: If there are 3 cars in the parking lot and 2 more cars arrive, how many cars are in the parking lot? Solution: def solution():
    cars_initial = 3
    cars_arrived = 2
    result = cars_initial + cars_arrived
    return result
Below is an instruction that describes a task. Write a response that appropriately completes the request.

### Instruction:
Write a math word problem and Python code to solve the word problem.

### Response: Question: Leah had 32 chocolates and her sister had 42. If they ate 35, how many pieces do they have left in total? Solution: def solution():
    leah_chocolates = 32
    sister_chocolates = 42
    total_chocolates = leah_chocolates + sister_chocolates
    chocolates_eaten = 35
    result = total_chocolates - chocolates_eaten
    return result
Below is an instruction that describes a task. Write a response that appropriately completes the request.

### Instruction:
Write a math word problem and Python code to solve the word problem.

### Response: 
def solution():
    """Carl and his sister Sally each have 100 pennies. Carl spends 5 pennies, and Sally spends 24 pennies. How many pennies do they have combined?"""
    carl_pennies = 100
    sally_pennies = 100
    carl_spent = 5
    sally_spent = 24
    carl_pennies_left = carl_pennies - carl_spent
    sally_pennies_left = sally_pennies - sally_spent
    total_pennies = carl_pennies_left + sally_pennies_left
    return total_pennies
Below is an instruction that describes a task. Write a response that appropriately completes the request.

### Instruction:
Write a math word problem and Python code with a commented out step-by-step solution to solve the word problem.

### Response: Question: Roger has 5 tennis balls. He buys 2 more cans of tennis balls. Each can has 3 tennis balls. How many tennis balls does he have now? Solution: def solution():
    #Roger started with 5 tennis balls
    tennis_balls = 5
    #2 cans of 3 tennis balls each is
    bought_balls = 2 * 3    
    #tennis balls. The answer is
    result = tennis_balls + bought_balls
    return result
Below is an instruction that describes a task. Write a response that appropriately completes the request.

### Instruction:
Write a math word problem and Python code with a commented out step-by-step solution to solve the word problem.

### Response: Question: The bakers at the Beverly Hills Bakery baked 200 loaves of bread on Monday morning. They sold 93 loaves in the morning and 39 loaves in the afternoon. A grocery store returned 6 unsold loaves. How many loaves of bread did they have left? Solution: def solution():
    #The bakers started with 200 loaves
    loaves_baked = 200
    #They sold 93 in the morning and 39 in the afternoon
    loaves_sold_morning=93
    loaves_sold_afternoon=39
    #The grocery store returned 6 loaves
    loaves_returned = 6
    #The answer is
    result = loaves_baked - loaves_sold_morning - loaves_sold_afternoon + loaves_returned
    return result
Below is an instruction that describes a task. Write a response that appropriately completes the request.

### Instruction:
Write a math word problem and Python code with a commented out step-by-step solution to solve the word problem.

### Response: Question: Olivia has $23. She bought five bagels for $3 each. How much money does she have left? Solution: def solution():
   #Olivia started with $23
    money_initial = 23
    #She bought 5 bagels
    bagels = 5
    #Each bagel cost $3
    bagel_cost = 3
    #5 bagels at $3 a bagel cost
    money_spent = bagels * bagel cost
    #The answer is
    result = money_initial - money_spent
    return result
Below is an instruction that describes a task. Write a response that appropriately completes the request.

### Instruction:
Write a math word problem and Python code with a commented out step-by-step solution to solve the word problem.

### Response: Question: Randy's aunt gives him $25 for his birthday.  He spends $7 to go to the movies, $13 for a pizza, and $5 for a soda.  How much money does he have left? Solution: def solution():
    #Randy got $25 from his aunt
    aunt_money = 25
    #He spent $7 at the movies
    movie_cost = 7
    #He spent $13 on a pizza
    pizza_cost = 13
    #He spent $5 on a soda
    soda_cost = 5
    #He spent $7 + $13 + $5, or $<<7+13+5=25>>25
    total_cost = movie_cost + pizza_cost + soda_cost
    #The answer is
    result = aunt_money - total_cost
    return result
Below is an instruction that describes a task. Write a response that appropriately completes the request.

### Instruction:
Write a math word problem and Python code to solve the word problem.

### Response: Question: If there are 3 cars in the parking lot and 2 more cars arrive, how many cars are in the parking lot? Solution: def solution():
    cars_initial = 3
    cars_arrived = 2
    result = cars_initial + cars_arrived
    return result
Below is an instruction that describes a task. Write a response that appropriately completes the request.

### Instruction:
Write a math word problem and Python code to solve the word problem.

### Response: Question: Leah had 32 chocolates and her sister had 42. If they ate 35, how many pieces do they have left in total? Solution: def solution():
    leah_chocolates = 32
    sister_chocolates = 42
    total_chocolates = leah_chocolates + sister_chocolates
    chocolates_eaten = 35
    result = total_chocolates - chocolates_eaten
    return result
Below is an instruction that describes a task. Write a response that appropriately completes the request.

### Instruction:
Write a math word problem and Python code to solve the word problem.

### Response: 
def solution():
    """If there are 3 cars in the parking lot and 2 more cars arrive, how many cars are in the parking lot?"""
    cars_initial = 3
    cars_arrived = 2
    result = cars_initial + cars_arrived
    return result
Below is an instruction that describes a task. Write a response that appropriately completes the request.

### Instruction:
Write a math word problem and Python code with a commented out step-by-step solution to solve the word problem.

### Response: Question: Roger has 5 tennis balls. He buys 2 more cans of tennis balls. Each can has 3 tennis balls. How many tennis balls does he have now? Solution: def solution():
    #Roger started with 5 tennis balls
    tennis_balls = 5
    #2 cans of 3 tennis balls each is
    bought_balls = 2 * 3    
    #tennis balls. The answer is
    result = tennis_balls + bought_balls
    return result
Below is an instruction that describes a task. Write a response that appropriately completes the request.

### Instruction:
Write a math word problem and Python code with a commented out step-by-step solution to solve the word problem.

### Response: Question: The bakers at the Beverly Hills Bakery baked 200 loaves of bread on Monday morning. They sold 93 loaves in the morning and 39 loaves in the afternoon. A grocery store returned 6 unsold loaves. How many loaves of bread did they have left? Solution: def solution():
    #The bakers started with 200 loaves
    loaves_baked = 200
    #They sold 93 in the morning and 39 in the afternoon
    loaves_sold_morning=93
    loaves_sold_afternoon=39
    #The grocery store returned 6 loaves
    loaves_returned = 6
    #The answer is
    result = loaves_baked - loaves_sold_morning - loaves_sold_afternoon + loaves_returned
    return result
Below is an instruction that describes a task. Write a response that appropriately completes the request.

### Instruction:
Write a math word problem and Python code with a commented out step-by-step solution to solve the word problem.

### Response: Question: Olivia has $23. She bought five bagels for $3 each. How much money does she have left? Solution: def solution():
   #Olivia started with $23
    money_initial = 23
    #She bought 5 bagels
    bagels = 5
    #Each bagel cost $3
    bagel_cost = 3
    #5 bagels at $3 a bagel cost
    money_spent = bagels * bagel cost
    #The answer is
    result = money_initial - money_spent
    return result
Below is an instruction that describes a task. Write a response that appropriately completes the request.

### Instruction:
Write a math word problem and Python code with a commented out step-by-step solution to solve the word problem.

### Response: Question: A bar of chocolate weighs 2.5 ounces.  A candy bar weighs 1.5 ounces.  How much less does a candy bar weigh than a bar of chocolate? Solution: def solution():
    #Chocolate bars weigh 2.5 ounces
    chocolate_weight = 2.5
    #Candy bars weigh 1.5 ounces
    candy_bar_weight = 1.5
    #The difference in weight is
    weight_difference = chocolate_weight - candy_bar_weight
    #The answer is
    result = weight_difference
    return result
Below is an instruction that describes a task. Write a response that appropriately completes the request.

### Instruction:
Write a math word problem and Python code with a commented out step-by-step solution to solve the word problem.

### Response: Question: Tyson and his family are going to the Grand Canyon. They have to travel 270 miles to the south rim. Tyson wants to be a navigator for the trip, so he’s charting out a course for the family to follow. Highway 183 will take them 30 miles. They’ll have to get on N 32nd Street, which will take them 75 miles. AZ-87 will take them 50 miles and then they can connect to Arizona State Route 64, which will take them all the way to the Grand Canyon. How long will the journey be? Solution: def solution():
    #They are traveling 270 miles to the Grand Canyon
    miles_to_grand_canyon = 270
Below is an instruction that describes a task. Write a response that appropriately completes the request.

### Instruction:
Write a math word problem and Python code to solve the word problem.

### Response: Question: If there are 3 cars in the parking lot and 2 more cars arrive, how many cars are in the parking lot? Solution: def solution():
    cars_initial = 3
    cars_arrived = 2
    result = cars_initial + cars_arrived
    return result
Below is an instruction that describes a task. Write a response that appropriately completes the request.

### Instruction:
Write a math word problem and Python code to solve the word problem.

### Response: Question: Leah had 32 chocolates and her sister had 42. If they ate 35, how many pieces do they have left in total? Solution: def solution():
    leah_chocolates = 32
    sister_chocolates = 42
    total_chocolates = leah_chocolates + sister_chocolates
    chocolates_eaten = 35
    result = total_chocolates - chocolates_eaten
    return result
Below is an instruction that describes a task. Write a response that appropriately completes the request.

### Instruction:
Write a math word problem and Python code to solve the word problem.

### Response: 
def solution():
    "Gus ate 3240295 pizzas on Monday and 2 pizzas on Tuesday. How many pizzas did he eat in total?"
    monday_pizzas = 4
    tuesday_pizzas = 2
    total_pizzas = monday_pizzas + tuesday_pizzas
    result = total_pizzas
    return result
Below is an instruction that describes a task. Write a response that appropriately completes the request.

### Instruction:
Write a math word problem and Python code with a commented out step-by-step solution to solve the word problem.

### Response: Question: Roger has 5 tennis balls. He buys 2 more cans of tennis balls. Each can has 3 tennis balls. How many tennis balls does he have now? Solution: def solution():
    #Roger started with 5 tennis balls
    tennis_balls = 5
    #2 cans of 3 tennis balls each is
    bought_balls = 2 * 3    
    #tennis balls. The answer is
    result = tennis_balls + bought_balls
    return result
Below is an instruction that describes a task. Write a response that appropriately completes the request.

### Instruction:
Write a math word problem and Python code with a commented out step-by-step solution to solve the word problem.

### Response: Question: The bakers at the Beverly Hills Bakery baked 200 loaves of bread on Monday morning. They sold 93 loaves in the morning and 39 loaves in the afternoon. A grocery store returned 6 unsold loaves. How many loaves of bread did they have left? Solution: def solution():
    #The bakers started with 200 loaves
    loaves_baked = 200
    #They sold 93 in the morning and 39 in the afternoon
    loaves_sold_morning=93
    loaves_sold_afternoon=39
    #The grocery store returned 6 loaves
    loaves_returned = 6
    #The answer is
    result = loaves_baked - loaves_sold_morning - loaves_sold_afternoon + loaves_returned
    return result
Below is an instruction that describes a task. Write a response that appropriately completes the request.

### Instruction:
Write a math word problem and Python code with a commented out step-by-step solution to solve the word problem.

### Response: Question: Olivia has $23. She bought five bagels for $3 each. How much money does she have left? Solution: def solution():
   #Olivia started with $23
    money_initial = 23
    #She bought 5 bagels
    bagels = 5
    #Each bagel cost $3
    bagel_cost = 3
    #5 bagels at $3 a bagel cost
    money_spent = bagels * bagel cost
    #The answer is
    result = money_initial - money_spent
    return result
Below is an instruction that describes a task. Write a response that appropriately completes the request.

### Instruction:
Write a math word problem and Python code with a commented out step-by-step solution to solve the word problem.

### Response: Question: A butcher store makes 8 pound of sausages every day. A pound of sausages sells for $3.  How many dollars' worth of sausages does the butcher store make every 4 days? Solution: def solution():
    #A butcher store makes 8 pounds of sausages
    sausages_made = 8
    #A pound of sausages sells for $3
    sausage_cost = 3
    #The butcher store makes 8 pounds of sausages
    sausages_made_dollars = sausages_made * sausage_cost
    #every 4 days, so it makes $8 * 4 = $<<8*4=32>>32 of sausages
    sausages_worth = sausages_made_dollars * 4
    #The answer is
    result = sausages_worth
    return result
Below is an instruction that describes a task. Write a response that appropriately completes the request.

### Instruction:
Write a math word problem and Python code to solve the word problem.

### Response: Question: If there are 3 cars in the parking lot and 2 more cars arrive, how many cars are in the parking lot? Solution: def solution():
    cars_initial = 3
    cars_arrived = 2
    result = cars_initial + cars_arrived
    return result
Below is an instruction that describes a task. Write a response that appropriately completes the request.

### Instruction:
Write a math word problem and Python code to solve the word problem.

### Response: Question: Leah had 32 chocolates and her sister had 42. If they ate 35, how many pieces do they have left in total? Solution: def solution():
    leah_chocolates = 32
    sister_chocolates = 42
    total_chocolates = leah_chocolates + sister_chocolates
    chocolates_eaten = 35
    result = total_chocolates - chocolates_eaten
    return result
Below is an instruction that describes a task. Write a response that appropriately completes the request.

### Instruction:
Write a math word problem and Python code to solve the word problem.

### Response: 
def solution():
    """1/3 of the 150-person audience at a play is made up of old people. How many old people are there?"""
    total_audience = 150
    old_people_fraction = 1 / 3
    old_people = total_audience * old_people_fraction
    return old_people
Below is an instruction that describes a task. Write a response that appropriately completes the request.

### Instruction:
Write a math word problem and Python code with a commented out step-by-step solution to solve the word problem.

### Response: Question: Roger has 5 tennis balls. He buys 2 more cans of tennis balls. Each can has 3 tennis balls. How many tennis balls does he have now? Solution: def solution():
    #Roger started with 5 tennis balls
    tennis_balls = 5
    #2 cans of 3 tennis balls each is
    bought_balls = 2 * 3    
    #tennis balls. The answer is
    result = tennis_balls + bought_balls
    return result
Below is an instruction that describes a task. Write a response that appropriately completes the request.

### Instruction:
Write a math word problem and Python code with a commented out step-by-step solution to solve the word problem.

### Response: Question: The bakers at the Beverly Hills Bakery baked 200 loaves of bread on Monday morning. They sold 93 loaves in the morning and 39 loaves in the afternoon. A grocery store returned 6 unsold loaves. How many loaves of bread did they have left? Solution: def solution():
    #The bakers started with 200 loaves
    loaves_baked = 200
    #They sold 93 in the morning and 39 in the afternoon
    loaves_sold_morning=93
    loaves_sold_afternoon=39
    #The grocery store returned 6 loaves
    loaves_returned = 6
    #The answer is
    result = loaves_baked - loaves_sold_morning - loaves_sold_afternoon + loaves_returned
    return result
Below is an instruction that describes a task. Write a response that appropriately completes the request.

### Instruction:
Write a math word problem and Python code with a commented out step-by-step solution to solve the word problem.

### Response: Question: Olivia has $23. She bought five bagels for $3 each. How much money does she have left? Solution: def solution():
   #Olivia started with $23
    money_initial = 23
    #She bought 5 bagels
    bagels = 5
    #Each bagel cost $3
    bagel_cost = 3
    #5 bagels at $3 a bagel cost
    money_spent = bagels * bagel cost
    #The answer is
    result = money_initial - money_spent
    return result
Below is an instruction that describes a task. Write a response that appropriately completes the request.

### Instruction:
Write a math word problem and Python code with a commented out step-by-step solution to solve the word problem.

### Response: Question: Ms. Ickes' 6th grade class is taking a field trip to the zoo. There are 30 snakes, 110 lions, and 350 tigers at the zoo. The lions cost $3 each to visit, while the snakes cost $2 each.  The tigers are free. How much will the class spend on the field trip? Solution: def solution():
    #The class is visiting 30 snakes, 110 lions, and 350 tigers
    snakes = 30
    lions = 110
    tigers = 350
    #The lions cost $3, so 110 lions will cost 3*110 = $<<3*110=330>>330
    lion_cost = 330
    #The snakes cost $2, so 30 snakes will cost 2*30 = $<<2*30=60>>60
    snake_cost = 60
    #The tigers are free. A field trip to see all these animals will cost
    total_cost = snake_cost + lion_cost
    #The answer is
    result = total_cost
    return result
Generated text appended to output.txt
