Collecting transformers@ git+https://github.com/huggingface/transformers.git (from -r requirements.txt (line 2))
  Cloning https://github.com/huggingface/transformers.git to /tmp/pip-install-tarz_3wt/transformers_9e81591f587349e8925be5ac332bf880
  Resolved https://github.com/huggingface/transformers.git to commit 25411085647a4dbcbd4e7ba6f381881a3e49c33e
  Installing build dependencies: started
  Installing build dependencies: finished with status 'done'
  Getting requirements to build wheel: started
  Getting requirements to build wheel: finished with status 'done'
  Preparing metadata (pyproject.toml): started
  Preparing metadata (pyproject.toml): finished with status 'done'
Collecting peft@ git+https://github.com/huggingface/peft.git (from -r requirements.txt (line 3))
  Cloning https://github.com/huggingface/peft.git to /tmp/pip-install-tarz_3wt/peft_1b43bfe2ec3c4038a86f95be9d163781
  Resolved https://github.com/huggingface/peft.git to commit 06fd06a4d2e8ed8c3a253c67d9c3cb23e0f497ad
  Installing build dependencies: started
  Installing build dependencies: finished with status 'done'
  Getting requirements to build wheel: started
  Getting requirements to build wheel: finished with status 'done'
  Preparing metadata (pyproject.toml): started
  Preparing metadata (pyproject.toml): finished with status 'done'
Collecting accelerate@ git+https://github.com/huggingface/accelerate.git (from -r requirements.txt (line 4))
  Cloning https://github.com/huggingface/accelerate.git to /tmp/pip-install-tarz_3wt/accelerate_c219acd5ecdb436e9b40e93bd4578257
  Resolved https://github.com/huggingface/accelerate.git to commit 95bffdec4326acf6a5d1c3dbaa857a26502aa265
  Installing build dependencies: started
  Installing build dependencies: finished with status 'done'
  Getting requirements to build wheel: started
  Getting requirements to build wheel: finished with status 'done'
  Preparing metadata (pyproject.toml): started
  Preparing metadata (pyproject.toml): finished with status 'done'
Requirement already satisfied: bitsandbytes==0.39.0 in /sfs/qumulo/qhome/brc4cb/.conda/envs/falcon_40B/lib/python3.9/site-packages (from -r requirements.txt (line 1)) (0.39.0)
Requirement already satisfied: einops==0.6.1 in /sfs/qumulo/qhome/brc4cb/.conda/envs/falcon_40B/lib/python3.9/site-packages (from -r requirements.txt (line 5)) (0.6.1)
Requirement already satisfied: evaluate==0.4.0 in /sfs/qumulo/qhome/brc4cb/.conda/envs/falcon_40B/lib/python3.9/site-packages (from -r requirements.txt (line 6)) (0.4.0)
Requirement already satisfied: scikit-learn==1.2.2 in /sfs/qumulo/qhome/brc4cb/.conda/envs/falcon_40B/lib/python3.9/site-packages (from -r requirements.txt (line 7)) (1.2.2)
Requirement already satisfied: scipy in /sfs/qumulo/qhome/brc4cb/.conda/envs/falcon_40B/lib/python3.9/site-packages (from -r requirements.txt (line 8)) (1.11.1)
Requirement already satisfied: sentencepiece==0.1.99 in /sfs/qumulo/qhome/brc4cb/.conda/envs/falcon_40B/lib/python3.9/site-packages (from -r requirements.txt (line 9)) (0.1.99)
Requirement already satisfied: wandb==0.15.3 in /sfs/qumulo/qhome/brc4cb/.conda/envs/falcon_40B/lib/python3.9/site-packages (from -r requirements.txt (line 10)) (0.15.3)
Requirement already satisfied: datasets>=2.0.0 in /sfs/qumulo/qhome/brc4cb/.conda/envs/falcon_40B/lib/python3.9/site-packages (from evaluate==0.4.0->-r requirements.txt (line 6)) (2.13.1)
Requirement already satisfied: numpy>=1.17 in /sfs/qumulo/qhome/brc4cb/.conda/envs/falcon_40B/lib/python3.9/site-packages (from evaluate==0.4.0->-r requirements.txt (line 6)) (1.25.0)
Requirement already satisfied: dill in /sfs/qumulo/qhome/brc4cb/.conda/envs/falcon_40B/lib/python3.9/site-packages (from evaluate==0.4.0->-r requirements.txt (line 6)) (0.3.6)
Requirement already satisfied: pandas in /sfs/qumulo/qhome/brc4cb/.conda/envs/falcon_40B/lib/python3.9/site-packages (from evaluate==0.4.0->-r requirements.txt (line 6)) (2.0.2)
Requirement already satisfied: requests>=2.19.0 in /sfs/qumulo/qhome/brc4cb/.conda/envs/falcon_40B/lib/python3.9/site-packages (from evaluate==0.4.0->-r requirements.txt (line 6)) (2.31.0)
Requirement already satisfied: tqdm>=4.62.1 in /sfs/qumulo/qhome/brc4cb/.conda/envs/falcon_40B/lib/python3.9/site-packages (from evaluate==0.4.0->-r requirements.txt (line 6)) (4.65.0)
Requirement already satisfied: xxhash in /sfs/qumulo/qhome/brc4cb/.conda/envs/falcon_40B/lib/python3.9/site-packages (from evaluate==0.4.0->-r requirements.txt (line 6)) (3.2.0)
Requirement already satisfied: multiprocess in /sfs/qumulo/qhome/brc4cb/.conda/envs/falcon_40B/lib/python3.9/site-packages (from evaluate==0.4.0->-r requirements.txt (line 6)) (0.70.14)
Requirement already satisfied: fsspec[http]>=2021.05.0 in /sfs/qumulo/qhome/brc4cb/.conda/envs/falcon_40B/lib/python3.9/site-packages (from evaluate==0.4.0->-r requirements.txt (line 6)) (2023.4.0)
Requirement already satisfied: huggingface-hub>=0.7.0 in /sfs/qumulo/qhome/brc4cb/.conda/envs/falcon_40B/lib/python3.9/site-packages (from evaluate==0.4.0->-r requirements.txt (line 6)) (0.15.1)
Requirement already satisfied: packaging in /sfs/qumulo/qhome/brc4cb/.conda/envs/falcon_40B/lib/python3.9/site-packages (from evaluate==0.4.0->-r requirements.txt (line 6)) (23.1)
Requirement already satisfied: responses<0.19 in /sfs/qumulo/qhome/brc4cb/.conda/envs/falcon_40B/lib/python3.9/site-packages (from evaluate==0.4.0->-r requirements.txt (line 6)) (0.18.0)
Requirement already satisfied: joblib>=1.1.1 in /sfs/qumulo/qhome/brc4cb/.conda/envs/falcon_40B/lib/python3.9/site-packages (from scikit-learn==1.2.2->-r requirements.txt (line 7)) (1.2.0)
Requirement already satisfied: threadpoolctl>=2.0.0 in /sfs/qumulo/qhome/brc4cb/.conda/envs/falcon_40B/lib/python3.9/site-packages (from scikit-learn==1.2.2->-r requirements.txt (line 7)) (3.1.0)
Requirement already satisfied: Click!=8.0.0,>=7.0 in /sfs/qumulo/qhome/brc4cb/.conda/envs/falcon_40B/lib/python3.9/site-packages (from wandb==0.15.3->-r requirements.txt (line 10)) (8.1.3)
Requirement already satisfied: GitPython!=3.1.29,>=1.0.0 in /sfs/qumulo/qhome/brc4cb/.conda/envs/falcon_40B/lib/python3.9/site-packages (from wandb==0.15.3->-r requirements.txt (line 10)) (3.1.31)
Requirement already satisfied: psutil>=5.0.0 in /sfs/qumulo/qhome/brc4cb/.conda/envs/falcon_40B/lib/python3.9/site-packages (from wandb==0.15.3->-r requirements.txt (line 10)) (5.9.5)
Requirement already satisfied: sentry-sdk>=1.0.0 in /sfs/qumulo/qhome/brc4cb/.conda/envs/falcon_40B/lib/python3.9/site-packages (from wandb==0.15.3->-r requirements.txt (line 10)) (1.26.0)
Requirement already satisfied: docker-pycreds>=0.4.0 in /sfs/qumulo/qhome/brc4cb/.conda/envs/falcon_40B/lib/python3.9/site-packages (from wandb==0.15.3->-r requirements.txt (line 10)) (0.4.0)
Requirement already satisfied: PyYAML in /sfs/qumulo/qhome/brc4cb/.conda/envs/falcon_40B/lib/python3.9/site-packages (from wandb==0.15.3->-r requirements.txt (line 10)) (6.0)
Requirement already satisfied: pathtools in /sfs/qumulo/qhome/brc4cb/.conda/envs/falcon_40B/lib/python3.9/site-packages (from wandb==0.15.3->-r requirements.txt (line 10)) (0.1.2)
Requirement already satisfied: setproctitle in /sfs/qumulo/qhome/brc4cb/.conda/envs/falcon_40B/lib/python3.9/site-packages (from wandb==0.15.3->-r requirements.txt (line 10)) (1.3.2)
Requirement already satisfied: setuptools in /sfs/qumulo/qhome/brc4cb/.conda/envs/falcon_40B/lib/python3.9/site-packages (from wandb==0.15.3->-r requirements.txt (line 10)) (67.8.0)
Requirement already satisfied: appdirs>=1.4.3 in /sfs/qumulo/qhome/brc4cb/.conda/envs/falcon_40B/lib/python3.9/site-packages (from wandb==0.15.3->-r requirements.txt (line 10)) (1.4.4)
Requirement already satisfied: typing-extensions in /sfs/qumulo/qhome/brc4cb/.conda/envs/falcon_40B/lib/python3.9/site-packages (from wandb==0.15.3->-r requirements.txt (line 10)) (4.4.0)
Requirement already satisfied: protobuf!=4.21.0,<5,>=3.15.0 in /sfs/qumulo/qhome/brc4cb/.conda/envs/falcon_40B/lib/python3.9/site-packages (from wandb==0.15.3->-r requirements.txt (line 10)) (4.23.3)
Requirement already satisfied: filelock in /sfs/qumulo/qhome/brc4cb/.conda/envs/falcon_40B/lib/python3.9/site-packages (from transformers@ git+https://github.com/huggingface/transformers.git->-r requirements.txt (line 2)) (3.9.0)
Requirement already satisfied: regex!=2019.12.17 in /sfs/qumulo/qhome/brc4cb/.conda/envs/falcon_40B/lib/python3.9/site-packages (from transformers@ git+https://github.com/huggingface/transformers.git->-r requirements.txt (line 2)) (2023.6.3)
Requirement already satisfied: tokenizers!=0.11.3,<0.14,>=0.11.1 in /sfs/qumulo/qhome/brc4cb/.conda/envs/falcon_40B/lib/python3.9/site-packages (from transformers@ git+https://github.com/huggingface/transformers.git->-r requirements.txt (line 2)) (0.13.3)
Requirement already satisfied: safetensors>=0.3.1 in /sfs/qumulo/qhome/brc4cb/.conda/envs/falcon_40B/lib/python3.9/site-packages (from transformers@ git+https://github.com/huggingface/transformers.git->-r requirements.txt (line 2)) (0.3.1)
Requirement already satisfied: torch>=1.13.0 in /sfs/qumulo/qhome/brc4cb/.conda/envs/falcon_40B/lib/python3.9/site-packages (from peft@ git+https://github.com/huggingface/peft.git->-r requirements.txt (line 3)) (2.1.0.dev20230624+cu118)
Requirement already satisfied: pyarrow>=8.0.0 in /sfs/qumulo/qhome/brc4cb/.conda/envs/falcon_40B/lib/python3.9/site-packages (from datasets>=2.0.0->evaluate==0.4.0->-r requirements.txt (line 6)) (12.0.1)
Requirement already satisfied: aiohttp in /sfs/qumulo/qhome/brc4cb/.conda/envs/falcon_40B/lib/python3.9/site-packages (from datasets>=2.0.0->evaluate==0.4.0->-r requirements.txt (line 6)) (3.8.4)
Requirement already satisfied: six>=1.4.0 in /sfs/qumulo/qhome/brc4cb/.conda/envs/falcon_40B/lib/python3.9/site-packages (from docker-pycreds>=0.4.0->wandb==0.15.3->-r requirements.txt (line 10)) (1.16.0)
Requirement already satisfied: gitdb<5,>=4.0.1 in /sfs/qumulo/qhome/brc4cb/.conda/envs/falcon_40B/lib/python3.9/site-packages (from GitPython!=3.1.29,>=1.0.0->wandb==0.15.3->-r requirements.txt (line 10)) (4.0.10)
Requirement already satisfied: charset-normalizer<4,>=2 in /sfs/qumulo/qhome/brc4cb/.conda/envs/falcon_40B/lib/python3.9/site-packages (from requests>=2.19.0->evaluate==0.4.0->-r requirements.txt (line 6)) (3.1.0)
Requirement already satisfied: idna<4,>=2.5 in /sfs/qumulo/qhome/brc4cb/.conda/envs/falcon_40B/lib/python3.9/site-packages (from requests>=2.19.0->evaluate==0.4.0->-r requirements.txt (line 6)) (3.4)
Requirement already satisfied: urllib3<3,>=1.21.1 in /sfs/qumulo/qhome/brc4cb/.conda/envs/falcon_40B/lib/python3.9/site-packages (from requests>=2.19.0->evaluate==0.4.0->-r requirements.txt (line 6)) (2.0.3)
Requirement already satisfied: certifi>=2017.4.17 in /sfs/qumulo/qhome/brc4cb/.conda/envs/falcon_40B/lib/python3.9/site-packages (from requests>=2.19.0->evaluate==0.4.0->-r requirements.txt (line 6)) (2023.5.7)
Requirement already satisfied: sympy in /sfs/qumulo/qhome/brc4cb/.conda/envs/falcon_40B/lib/python3.9/site-packages (from torch>=1.13.0->peft@ git+https://github.com/huggingface/peft.git->-r requirements.txt (line 3)) (1.11.1)
Requirement already satisfied: networkx in /sfs/qumulo/qhome/brc4cb/.conda/envs/falcon_40B/lib/python3.9/site-packages (from torch>=1.13.0->peft@ git+https://github.com/huggingface/peft.git->-r requirements.txt (line 3)) (3.0rc1)
Requirement already satisfied: jinja2 in /sfs/qumulo/qhome/brc4cb/.conda/envs/falcon_40B/lib/python3.9/site-packages (from torch>=1.13.0->peft@ git+https://github.com/huggingface/peft.git->-r requirements.txt (line 3)) (3.1.2)
Requirement already satisfied: pytorch-triton==2.1.0+440fd1bf20 in /sfs/qumulo/qhome/brc4cb/.conda/envs/falcon_40B/lib/python3.9/site-packages (from torch>=1.13.0->peft@ git+https://github.com/huggingface/peft.git->-r requirements.txt (line 3)) (2.1.0+440fd1bf20)
Requirement already satisfied: python-dateutil>=2.8.2 in /sfs/qumulo/qhome/brc4cb/.conda/envs/falcon_40B/lib/python3.9/site-packages (from pandas->evaluate==0.4.0->-r requirements.txt (line 6)) (2.8.2)
Requirement already satisfied: pytz>=2020.1 in /sfs/qumulo/qhome/brc4cb/.conda/envs/falcon_40B/lib/python3.9/site-packages (from pandas->evaluate==0.4.0->-r requirements.txt (line 6)) (2023.3)
Requirement already satisfied: tzdata>=2022.1 in /sfs/qumulo/qhome/brc4cb/.conda/envs/falcon_40B/lib/python3.9/site-packages (from pandas->evaluate==0.4.0->-r requirements.txt (line 6)) (2023.3)
Requirement already satisfied: attrs>=17.3.0 in /sfs/qumulo/qhome/brc4cb/.conda/envs/falcon_40B/lib/python3.9/site-packages (from aiohttp->datasets>=2.0.0->evaluate==0.4.0->-r requirements.txt (line 6)) (23.1.0)
Requirement already satisfied: multidict<7.0,>=4.5 in /sfs/qumulo/qhome/brc4cb/.conda/envs/falcon_40B/lib/python3.9/site-packages (from aiohttp->datasets>=2.0.0->evaluate==0.4.0->-r requirements.txt (line 6)) (6.0.4)
Requirement already satisfied: async-timeout<5.0,>=4.0.0a3 in /sfs/qumulo/qhome/brc4cb/.conda/envs/falcon_40B/lib/python3.9/site-packages (from aiohttp->datasets>=2.0.0->evaluate==0.4.0->-r requirements.txt (line 6)) (4.0.2)
Requirement already satisfied: yarl<2.0,>=1.0 in /sfs/qumulo/qhome/brc4cb/.conda/envs/falcon_40B/lib/python3.9/site-packages (from aiohttp->datasets>=2.0.0->evaluate==0.4.0->-r requirements.txt (line 6)) (1.9.2)
Requirement already satisfied: frozenlist>=1.1.1 in /sfs/qumulo/qhome/brc4cb/.conda/envs/falcon_40B/lib/python3.9/site-packages (from aiohttp->datasets>=2.0.0->evaluate==0.4.0->-r requirements.txt (line 6)) (1.3.3)
Requirement already satisfied: aiosignal>=1.1.2 in /sfs/qumulo/qhome/brc4cb/.conda/envs/falcon_40B/lib/python3.9/site-packages (from aiohttp->datasets>=2.0.0->evaluate==0.4.0->-r requirements.txt (line 6)) (1.3.1)
Requirement already satisfied: smmap<6,>=3.0.1 in /sfs/qumulo/qhome/brc4cb/.conda/envs/falcon_40B/lib/python3.9/site-packages (from gitdb<5,>=4.0.1->GitPython!=3.1.29,>=1.0.0->wandb==0.15.3->-r requirements.txt (line 10)) (5.0.0)
Requirement already satisfied: MarkupSafe>=2.0 in /sfs/qumulo/qhome/brc4cb/.conda/envs/falcon_40B/lib/python3.9/site-packages (from jinja2->torch>=1.13.0->peft@ git+https://github.com/huggingface/peft.git->-r requirements.txt (line 3)) (2.1.2)
Requirement already satisfied: mpmath>=0.19 in /sfs/qumulo/qhome/brc4cb/.conda/envs/falcon_40B/lib/python3.9/site-packages (from sympy->torch>=1.13.0->peft@ git+https://github.com/huggingface/peft.git->-r requirements.txt (line 3)) (1.2.1)
Collecting package metadata (current_repodata.json): ...working... done
Solving environment: ...working... done

# All requested packages already installed.


===================================BUG REPORT===================================
Welcome to bitsandbytes. For bug reports, please run

python -m bitsandbytes

 and submit this information together with your error trace to: https://github.com/TimDettmers/bitsandbytes/issues
================================================================================
bin /home/brc4cb/.conda/envs/falcon_40B/lib/python3.9/site-packages/bitsandbytes/libbitsandbytes_cuda118.so
CUDA SETUP: CUDA runtime path found: /home/brc4cb/.conda/envs/falcon_40B/lib/libcudart.so
CUDA SETUP: Highest compute capability among GPUs detected: 8.0
CUDA SETUP: Detected CUDA version 118
CUDA SETUP: Loading binary /home/brc4cb/.conda/envs/falcon_40B/lib/python3.9/site-packages/bitsandbytes/libbitsandbytes_cuda118.so...
[2023-07-10 11:54:48,948] [INFO] [real_accelerator.py:110:get_accelerator] Setting ds_accelerator to cuda (auto detect)
Below is an instruction that describes a task. Write a response that appropriately completes the request.

### Instruction:
Write a math word problem and Python code to solve the word problem.

### Response: Question: If there are 3 cars in the parking lot and 2 more cars arrive, how many cars are in the parking lot? Solution: def solution():
    cars_initial = 3
    cars_arrived = 2
    result = cars_initial + cars_arrived
    return result
Below is an instruction that describes a task. Write a response that appropriately completes the request.

### Instruction:
Write a math word problem and Python code to solve the word problem.

### Response: Question: Leah had 32 chocolates and her sister had 42. If they ate 35, how many pieces do they have left in total? Solution: def solution():
    leah_chocolates = 32
    sister_chocolates = 42
    total_chocolates = leah_chocolates + sister_chocolates
    chocolates_eaten = 35
    result = total_chocolates - chocolates_eaten
    return result
Below is an instruction that describes a task. Write a response that appropriately completes the request.

### Instruction:
Write a math word problem and Python code to solve the word problem.

### Response: 
def solution():
    """A 10-story building has 100 windows on each side.  How many windows does the building have?"""
    windows_per_story = 100
    num_stories = 10
    total_windows = windows_per_story * num_stories
    result = total_windows
    return result
Below is an instruction that describes a task. Write a response that appropriately completes the request.

### Instruction:
Write a math word problem and Python code with a commented out step-by-step solution to solve the word problem.

### Response: Question: Roger has 5 tennis balls. He buys 2 more cans of tennis balls. Each can has 3 tennis balls. How many tennis balls does he have now? Solution: def solution():
    #Roger started with 5 tennis balls
    tennis_balls = 5
    #2 cans of 3 tennis balls each is
    bought_balls = 2 * 3    
    #tennis balls. The answer is
    result = tennis_balls + bought_balls
    return result
Below is an instruction that describes a task. Write a response that appropriately completes the request.

### Instruction:
Write a math word problem and Python code with a commented out step-by-step solution to solve the word problem.

### Response: Question: The bakers at the Beverly Hills Bakery baked 200 loaves of bread on Monday morning. They sold 93 loaves in the morning and 39 loaves in the afternoon. A grocery store returned 6 unsold loaves. How many loaves of bread did they have left? Solution: def solution():
    #The bakers started with 200 loaves
    loaves_baked = 200
    #They sold 93 in the morning and 39 in the afternoon
    loaves_sold_morning=93
    loaves_sold_afternoon=39
    #The grocery store returned 6 loaves
    loaves_returned = 6
    #The answer is
    result = loaves_baked - loaves_sold_morning - loaves_sold_afternoon + loaves_returned
    return result
Below is an instruction that describes a task. Write a response that appropriately completes the request.

### Instruction:
Write a math word problem and Python code with a commented out step-by-step solution to solve the word problem.

### Response: Question: Olivia has $23. She bought five bagels for $3 each. How much money does she have left? Solution: def solution():
   #Olivia started with $23
    money_initial = 23
    #She bought 5 bagels
    bagels = 5
    #Each bagel cost $3
    bagel_cost = 3
    #5 bagels at $3 a bagel cost
    money_spent = bagels * bagel cost
    #The answer is
    result = money_initial - money_spent
    return result
Below is an instruction that describes a task. Write a response that appropriately completes the request.

### Instruction:
Write a math word problem and Python code with a commented out step-by-step solution to solve the word problem.

### Response: Question: A cat has nine lives.  A dog has 5 less lives than a cat.  A turtle has 10 times the amount of a dog.  How many lives does a turtle have? Solution: def solution():
    '''A cat has nine lives.  A dog has 5 less lives than a cat.  A turtle has 10 times the amount of a dog.  How many lives does a turtle have? '''
    cat_lives = 9
    dog_lives = cat_lives - 5
    turtle_lives = dog_lives * 10
    result = turtle_lives
    return result
Below is an instruction that describes a task. Write a response that appropriately completes the request.

### Instruction:
Write a math word problem and Python code with a commented out step-by-step solution to solve the word problem.

### Response: Question: The gym was 60 degrees when I entered.  I did my cardio for 30 minutes.  The gym heated up 2 degrees every 5 minutes I was on the treadmill.  The heating system kicked in after 60 minutes, and raised the temperature by 10 degrees.  What was the temperature of the gym when I left? Solution: def solution():
    '''The gym was 60 degrees when I entered.  I did my cardio for 30 minutes.  The gym heated up 2 degrees every 5 minutes I was on the treadmill.  The heating system kicked in after 60 minutes, and raised the temperature by 10 degrees.  What was the temperature of the gym when I left? '''
    # the gym was 
Below is an instruction that describes a task. Write a response that appropriately completes the request.

### Instruction:
Write a math word problem and Python code to solve the word problem.

### Response: Question: If there are 3 cars in the parking lot and 2 more cars arrive, how many cars are in the parking lot? Solution: def solution():
    cars_initial = 3
    cars_arrived = 2
    result = cars_initial + cars_arrived
    return result
Below is an instruction that describes a task. Write a response that appropriately completes the request.

### Instruction:
Write a math word problem and Python code to solve the word problem.

### Response: Question: Leah had 32 chocolates and her sister had 42. If they ate 35, how many pieces do they have left in total? Solution: def solution():
    leah_chocolates = 32
    sister_chocolates = 42
    total_chocolates = leah_chocolates + sister_chocolates
    chocolates_eaten = 35
    result = total_chocolates - chocolates_eaten
    return result
Below is an instruction that describes a task. Write a response that appropriately completes the request.

### Instruction:
Write a math word problem and Python code to solve the word problem.

### Response: 
def solution():
    """A 10-story building has 100 windows on each side.  How many windows does the building have?"""
    windows_per_story = 100
    num_stories = 10
    total_windows = windows_per_story * num_stories
    result = total_windows
    return result
Below is an instruction that describes a task. Write a response that appropriately completes the request.

### Instruction:
Write a math word problem and Python code with a commented out step-by-step solution to solve the word problem.

### Response: Question: Roger has 5 tennis balls. He buys 2 more cans of tennis balls. Each can has 3 tennis balls. How many tennis balls does he have now? Solution: def solution():
    #Roger started with 5 tennis balls
    tennis_balls = 5
    #2 cans of 3 tennis balls each is
    bought_balls = 2 * 3    
    #tennis balls. The answer is
    result = tennis_balls + bought_balls
    return result
Below is an instruction that describes a task. Write a response that appropriately completes the request.

### Instruction:
Write a math word problem and Python code with a commented out step-by-step solution to solve the word problem.

### Response: Question: The bakers at the Beverly Hills Bakery baked 200 loaves of bread on Monday morning. They sold 93 loaves in the morning and 39 loaves in the afternoon. A grocery store returned 6 unsold loaves. How many loaves of bread did they have left? Solution: def solution():
    #The bakers started with 200 loaves
    loaves_baked = 200
    #They sold 93 in the morning and 39 in the afternoon
    loaves_sold_morning=93
    loaves_sold_afternoon=39
    #The grocery store returned 6 loaves
    loaves_returned = 6
    #The answer is
    result = loaves_baked - loaves_sold_morning - loaves_sold_afternoon + loaves_returned
    return result
Below is an instruction that describes a task. Write a response that appropriately completes the request.

### Instruction:
Write a math word problem and Python code with a commented out step-by-step solution to solve the word problem.

### Response: Question: Olivia has $23. She bought five bagels for $3 each. How much money does she have left? Solution: def solution():
   #Olivia started with $23
    money_initial = 23
    #She bought 5 bagels
    bagels = 5
    #Each bagel cost $3
    bagel_cost = 3
    #5 bagels at $3 a bagel cost
    money_spent = bagels * bagel cost
    #The answer is
    result = money_initial - money_spent
    return result
Below is an instruction that describes a task. Write a response that appropriately completes the request.

### Instruction:
Write a math word problem and Python code with a commented out step-by-step solution to solve the word problem.

### Response: Question: On the first day of vacation, Alyssa and her family hiked 3 miles. On the second day, they hiked 1.5 miles. On the third day, they hiked 7 miles. How many miles have they hiked on vacation? Solution: def solution():
   #On the first day they hiked 3 miles, and on the second day they hiked 1.5 miles
    miles_hiked_day1 = 3
    miles_hiked_day2 = 1.5
    #On the third day, they hiked 7 miles
    miles_hiked_day3 = 7
    #The answer is
    result = miles_hiked_day1 + miles_hiked_day2 + miles_hiked_day3
    return result
Below is an instruction that describes a task. Write a response that appropriately completes the request.

### Instruction:
Write a math word problem and Python code to solve the word problem.

### Response: Question: If there are 3 cars in the parking lot and 2 more cars arrive, how many cars are in the parking lot? Solution: def solution():
    cars_initial = 3
    cars_arrived = 2
    result = cars_initial + cars_arrived
    return result
Below is an instruction that describes a task. Write a response that appropriately completes the request.

### Instruction:
Write a math word problem and Python code to solve the word problem.

### Response: Question: Leah had 32 chocolates and her sister had 42. If they ate 35, how many pieces do they have left in total? Solution: def solution():
    leah_chocolates = 32
    sister_chocolates = 42
    total_chocolates = leah_chocolates + sister_chocolates
    chocolates_eaten = 35
    result = total_chocolates - chocolates_eaten
    return result
Below is an instruction that describes a task. Write a response that appropriately completes the request.

### Instruction:
Write a math word problem and Python code to solve the word problem.

### Response: 
def solution():
    """A 10-story building has 100 windows on each side.  How many windows does the building have?"""
    windows_per_story = 100
    num_stories = 10
    total_windows = windows_per_story * num_stories
    result = total_windows
    return result
Below is an instruction that describes a task. Write a response that appropriately completes the request.

### Instruction:
Write a math word problem and Python code with a commented out step-by-step solution to solve the word problem.

### Response: Question: Roger has 5 tennis balls. He buys 2 more cans of tennis balls. Each can has 3 tennis balls. How many tennis balls does he have now? Solution: def solution():
    #Roger started with 5 tennis balls
    tennis_balls = 5
    #2 cans of 3 tennis balls each is
    bought_balls = 2 * 3    
    #tennis balls. The answer is
    result = tennis_balls + bought_balls
    return result
Below is an instruction that describes a task. Write a response that appropriately completes the request.

### Instruction:
Write a math word problem and Python code with a commented out step-by-step solution to solve the word problem.

### Response: Question: The bakers at the Beverly Hills Bakery baked 200 loaves of bread on Monday morning. They sold 93 loaves in the morning and 39 loaves in the afternoon. A grocery store returned 6 unsold loaves. How many loaves of bread did they have left? Solution: def solution():
    #The bakers started with 200 loaves
    loaves_baked = 200
    #They sold 93 in the morning and 39 in the afternoon
    loaves_sold_morning=93
    loaves_sold_afternoon=39
    #The grocery store returned 6 loaves
    loaves_returned = 6
    #The answer is
    result = loaves_baked - loaves_sold_morning - loaves_sold_afternoon + loaves_returned
    return result
Below is an instruction that describes a task. Write a response that appropriately completes the request.

### Instruction:
Write a math word problem and Python code with a commented out step-by-step solution to solve the word problem.

### Response: Question: Olivia has $23. She bought five bagels for $3 each. How much money does she have left? Solution: def solution():
   #Olivia started with $23
    money_initial = 23
    #She bought 5 bagels
    bagels = 5
    #Each bagel cost $3
    bagel_cost = 3
    #5 bagels at $3 a bagel cost
    money_spent = bagels * bagel cost
    #The answer is
    result = money_initial - money_spent
    return result
Below is an instruction that describes a task. Write a response that appropriately completes the request.

### Instruction:
Write a math word problem and Python code with a commented out step-by-step solution to solve the word problem.

### Response: Question: Clyde has $61. Bill has $51. Clyde gives Bill 4/5 of his money. How much money does Clyde have left? Solution: def solution():
    #Clyde started with $61
    clyde_money_initial = 61
    #Bill has $51
    bill_money = 51
    #Clyde gave 4/5 of his money
    clyde_money_given = 4 / 5 * clyde_money_initial
    #The amount given is
    clyde_money_answer = clyde_money_initial - clyde_money_given
    return clyde_money_answer
#### 28
Below is an instruction that describes a task. Write a response that appropriately completes the request.

### Instruction:
Write a math word problem and Python code to solve the word problem.

### Response: Question: If there are 3 cars in the parking lot and 2 more cars arrive, how many cars are in the parking lot? Solution: def solution():
    cars_initial = 3
    cars_arrived = 2
    result = cars_initial + cars_arrived
    return result
Below is an instruction that describes a task. Write a response that appropriately completes the request.

### Instruction:
Write a math word problem and Python code to solve the word problem.

### Response: Question: Leah had 32 chocolates and her sister had 42. If they ate 35, how many pieces do they have left in total? Solution: def solution():
    leah_chocolates = 32
    sister_chocolates = 42
    total_chocolates = leah_chocolates + sister_chocolates
    chocolates_eaten = 35
    result = total_chocolates - chocolates_eaten
    return result
Below is an instruction that describes a task. Write a response that appropriately completes the request.

### Instruction:
Write a math word problem and Python code to solve the word problem.

### Response: 
def solution():
    """A 10-story building has 100 windows on each side.  How many windows does the building have?"""
    windows_per_story = 100
    num_stories = 10
    total_windows = windows_per_story * num_stories
    result = total_windows
    return result
Below is an instruction that describes a task. Write a response that appropriately completes the request.

### Instruction:
Write a math word problem and Python code with a commented out step-by-step solution to solve the word problem.

### Response: Question: Roger has 5 tennis balls. He buys 2 more cans of tennis balls. Each can has 3 tennis balls. How many tennis balls does he have now? Solution: def solution():
    #Roger started with 5 tennis balls
    tennis_balls = 5
    #2 cans of 3 tennis balls each is
    bought_balls = 2 * 3    
    #tennis balls. The answer is
    result = tennis_balls + bought_balls
    return result
Below is an instruction that describes a task. Write a response that appropriately completes the request.

### Instruction:
Write a math word problem and Python code with a commented out step-by-step solution to solve the word problem.

### Response: Question: The bakers at the Beverly Hills Bakery baked 200 loaves of bread on Monday morning. They sold 93 loaves in the morning and 39 loaves in the afternoon. A grocery store returned 6 unsold loaves. How many loaves of bread did they have left? Solution: def solution():
    #The bakers started with 200 loaves
    loaves_baked = 200
    #They sold 93 in the morning and 39 in the afternoon
    loaves_sold_morning=93
    loaves_sold_afternoon=39
    #The grocery store returned 6 loaves
    loaves_returned = 6
    #The answer is
    result = loaves_baked - loaves_sold_morning - loaves_sold_afternoon + loaves_returned
    return result
Below is an instruction that describes a task. Write a response that appropriately completes the request.

### Instruction:
Write a math word problem and Python code with a commented out step-by-step solution to solve the word problem.

### Response: Question: Olivia has $23. She bought five bagels for $3 each. How much money does she have left? Solution: def solution():
   #Olivia started with $23
    money_initial = 23
    #She bought 5 bagels
    bagels = 5
    #Each bagel cost $3
    bagel_cost = 3
    #5 bagels at $3 a bagel cost
    money_spent = bagels * bagel cost
    #The answer is
    result = money_initial - money_spent
    return result
Below is an instruction that describes a task. Write a response that appropriately completes the request.

### Instruction:
Write a math word problem and Python code with a commented out step-by-step solution to solve the word problem.

### Response: Question: Tara and Her Mom go to a farmer's market. Tara buys 3 baguettes and her mom buys 2. The baguettes cost $2.75 each. How much money did they spend? Solution: def solution():
    #Tara's mom and Tara themselves buy 3 + 2 baguettes
    baguettes_bought = 3 + 2
    #each baguette costs $2.75 so 3 baguettes cost
    money_spent_3_baguettes = baguettes*2.75
    #2 baguettes cost
    money_spent_2_baguettes = baguettes*2.75
    #The total cost for both is
    result = money_spent_3_baguettes + money_spent_2_baguettes
    return result
Below is an instruction that describes a task. Write a response that appropriately completes the request.

### Instruction:
Write a math word problem and Python code to solve the word problem.

### Response: Question: If there are 3 cars in the parking lot and 2 more cars arrive, how many cars are in the parking lot? Solution: def solution():
    cars_initial = 3
    cars_arrived = 2
    result = cars_initial + cars_arrived
    return result
Below is an instruction that describes a task. Write a response that appropriately completes the request.

### Instruction:
Write a math word problem and Python code to solve the word problem.

### Response: Question: Leah had 32 chocolates and her sister had 42. If they ate 35, how many pieces do they have left in total? Solution: def solution():
    leah_chocolates = 32
    sister_chocolates = 42
    total_chocolates = leah_chocolates + sister_chocolates
    chocolates_eaten = 35
    result = total_chocolates - chocolates_eaten
    return result
Below is an instruction that describes a task. Write a response that appropriately completes the request.

### Instruction:
Write a math word problem and Python code to solve the word problem.

### Response: 
def solution():
    """A 10-story building has 100 windows on each side.  How many windows does the building have?"""
    windows_per_story = 100
    num_stories = 10
    total_windows = windows_per_story * num_stories
    result = total_windows
    return result
Below is an instruction that describes a task. Write a response that appropriately completes the request.

### Instruction:
Write a math word problem and Python code with a commented out step-by-step solution to solve the word problem.

### Response: Question: Roger has 5 tennis balls. He buys 2 more cans of tennis balls. Each can has 3 tennis balls. How many tennis balls does he have now? Solution: def solution():
    #Roger started with 5 tennis balls
    tennis_balls = 5
    #2 cans of 3 tennis balls each is
    bought_balls = 2 * 3    
    #tennis balls. The answer is
    result = tennis_balls + bought_balls
    return result
Below is an instruction that describes a task. Write a response that appropriately completes the request.

### Instruction:
Write a math word problem and Python code with a commented out step-by-step solution to solve the word problem.

### Response: Question: The bakers at the Beverly Hills Bakery baked 200 loaves of bread on Monday morning. They sold 93 loaves in the morning and 39 loaves in the afternoon. A grocery store returned 6 unsold loaves. How many loaves of bread did they have left? Solution: def solution():
    #The bakers started with 200 loaves
    loaves_baked = 200
    #They sold 93 in the morning and 39 in the afternoon
    loaves_sold_morning=93
    loaves_sold_afternoon=39
    #The grocery store returned 6 loaves
    loaves_returned = 6
    #The answer is
    result = loaves_baked - loaves_sold_morning - loaves_sold_afternoon + loaves_returned
    return result
Below is an instruction that describes a task. Write a response that appropriately completes the request.

### Instruction:
Write a math word problem and Python code with a commented out step-by-step solution to solve the word problem.

### Response: Question: Olivia has $23. She bought five bagels for $3 each. How much money does she have left? Solution: def solution():
   #Olivia started with $23
    money_initial = 23
    #She bought 5 bagels
    bagels = 5
    #Each bagel cost $3
    bagel_cost = 3
    #5 bagels at $3 a bagel cost
    money_spent = bagels * bagel cost
    #The answer is
    result = money_initial - money_spent
    return result
Below is an instruction that describes a task. Write a response that appropriately completes the request.

### Instruction:
Write a math word problem and Python code with a commented out step-by-step solution to solve the word problem.

### Response: Question: The E-Parking lot at the airport charges $3 for the first hour, and $5 for each subsequent hour (or part thereof). How much do you have to pay to park for four and a half hours? Solution: def solution():
    #The parking lot charges $3 for the first hour
    hour1_cost = 3
    #Each subsequent hour costs $5
    hour_cost = 5
    #Their car was there for 4.5 hours, so they were charged for the first hour, and one hour beyond that.
    hours_paid = 2
    #4.5 hours parked at a cost of $3 for the first hour, and $5 for each hour thereafter,
    money_owed = 4.5 * hour_cost + hour1_cost
    #The answer is
    result = money_owed
    return result
Below is an instruction that describes a task. Write a response that appropriately completes the request.

### Instruction:
Write a math word problem and Python code with a commented out step-by-step solution to solve the word problem.

### Response: Question: Faye's sushi conveyor belt restaurant is a big hit! She is a hard worker who is in her restaurant 12 hours a day, and her 20 employees each work half as many hours per day as she does. How many hours a day does everyone in the restaurant work? Solution: def solution():
    #Faye works 12 hours per day
    faye_hours = 12
    #She has 20 employees, each of whom works half as many hours as she does each day.
    employee_hours = faye_hours / 2
    #20 employees each work
Generated text appended to output.txt
