Collecting transformers@ git+https://github.com/huggingface/transformers.git (from -r requirements.txt (line 2))
  Cloning https://github.com/huggingface/transformers.git to /tmp/pip-install-z1l97u7j/transformers_be9717155dc64daeb03cd6106377e328
  Resolved https://github.com/huggingface/transformers.git to commit f32303d519d75782c61259daf10c0d657f714c9d
  Installing build dependencies: started
  Installing build dependencies: finished with status 'done'
  Getting requirements to build wheel: started
  Getting requirements to build wheel: finished with status 'done'
  Preparing metadata (pyproject.toml): started
  Preparing metadata (pyproject.toml): finished with status 'done'
Collecting peft@ git+https://github.com/huggingface/peft.git (from -r requirements.txt (line 3))
  Cloning https://github.com/huggingface/peft.git to /tmp/pip-install-z1l97u7j/peft_07052e86b4204313a81f66b6f1c4e2cc
  Resolved https://github.com/huggingface/peft.git to commit b1bafca3332c7ff21dcb92892df38a04d3b43d56
  Installing build dependencies: started
  Installing build dependencies: finished with status 'done'
  Getting requirements to build wheel: started
  Getting requirements to build wheel: finished with status 'done'
  Preparing metadata (pyproject.toml): started
  Preparing metadata (pyproject.toml): finished with status 'done'
Collecting accelerate@ git+https://github.com/huggingface/accelerate.git (from -r requirements.txt (line 4))
  Cloning https://github.com/huggingface/accelerate.git to /tmp/pip-install-z1l97u7j/accelerate_a13a368fef2d480e82b7193723fe8a6f
  Resolved https://github.com/huggingface/accelerate.git to commit bb47344c774b9508d8171f746632794524160410
  Installing build dependencies: started
  Installing build dependencies: finished with status 'done'
  Getting requirements to build wheel: started
  Getting requirements to build wheel: finished with status 'done'
  Preparing metadata (pyproject.toml): started
  Preparing metadata (pyproject.toml): finished with status 'done'
Requirement already satisfied: bitsandbytes==0.39.0 in /sfs/qumulo/qhome/brc4cb/.conda/envs/falcon_40B/lib/python3.9/site-packages (from -r requirements.txt (line 1)) (0.39.0)
Requirement already satisfied: einops==0.6.1 in /sfs/qumulo/qhome/brc4cb/.conda/envs/falcon_40B/lib/python3.9/site-packages (from -r requirements.txt (line 5)) (0.6.1)
Requirement already satisfied: evaluate==0.4.0 in /sfs/qumulo/qhome/brc4cb/.conda/envs/falcon_40B/lib/python3.9/site-packages (from -r requirements.txt (line 6)) (0.4.0)
Requirement already satisfied: scikit-learn==1.2.2 in /sfs/qumulo/qhome/brc4cb/.conda/envs/falcon_40B/lib/python3.9/site-packages (from -r requirements.txt (line 7)) (1.2.2)
Requirement already satisfied: scipy in /sfs/qumulo/qhome/brc4cb/.conda/envs/falcon_40B/lib/python3.9/site-packages (from -r requirements.txt (line 8)) (1.11.1)
Requirement already satisfied: sentencepiece==0.1.99 in /sfs/qumulo/qhome/brc4cb/.conda/envs/falcon_40B/lib/python3.9/site-packages (from -r requirements.txt (line 9)) (0.1.99)
Requirement already satisfied: wandb==0.15.3 in /sfs/qumulo/qhome/brc4cb/.conda/envs/falcon_40B/lib/python3.9/site-packages (from -r requirements.txt (line 10)) (0.15.3)
Collecting dash==2.11.1 (from -r requirements.txt (line 11))
  Downloading dash-2.11.1-py3-none-any.whl (10.4 MB)
     ━━━━━━━━━━━━━━━━━━━━━━━━━━━━━━━━━━━━━━━━ 10.4/10.4 MB 48.5 MB/s eta 0:00:00
Requirement already satisfied: jupyter-dash==0.4.2 in /sfs/qumulo/qhome/brc4cb/.conda/envs/falcon_40B/lib/python3.9/site-packages (from -r requirements.txt (line 13)) (0.4.2)
Requirement already satisfied: dash-bootstrap-components==1.2.1 in /sfs/qumulo/qhome/brc4cb/.conda/envs/falcon_40B/lib/python3.9/site-packages (from -r requirements.txt (line 15)) (1.2.1)
Requirement already satisfied: dash-table-experiments==0.6.0 in /sfs/qumulo/qhome/brc4cb/.conda/envs/falcon_40B/lib/python3.9/site-packages (from -r requirements.txt (line 17)) (0.6.0)
Requirement already satisfied: pymongo==4.3.2 in /sfs/qumulo/qhome/brc4cb/.conda/envs/falcon_40B/lib/python3.9/site-packages (from -r requirements.txt (line 19)) (4.3.2)
Requirement already satisfied: lxml==4.9.1 in /sfs/qumulo/qhome/brc4cb/.conda/envs/falcon_40B/lib/python3.9/site-packages (from -r requirements.txt (line 21)) (4.9.1)
Requirement already satisfied: plotly-express==0.4.1 in /sfs/qumulo/qhome/brc4cb/.conda/envs/falcon_40B/lib/python3.9/site-packages (from -r requirements.txt (line 23)) (0.4.1)
Collecting dash_utils (from -r requirements.txt (line 25))
  Downloading dash_utils-0.0.2-py3-none-any.whl (2.3 kB)
Requirement already satisfied: datasets>=2.0.0 in /sfs/qumulo/qhome/brc4cb/.conda/envs/falcon_40B/lib/python3.9/site-packages (from evaluate==0.4.0->-r requirements.txt (line 6)) (2.13.1)
Requirement already satisfied: numpy>=1.17 in /sfs/qumulo/qhome/brc4cb/.conda/envs/falcon_40B/lib/python3.9/site-packages (from evaluate==0.4.0->-r requirements.txt (line 6)) (1.25.0)
Requirement already satisfied: dill in /sfs/qumulo/qhome/brc4cb/.conda/envs/falcon_40B/lib/python3.9/site-packages (from evaluate==0.4.0->-r requirements.txt (line 6)) (0.3.6)
Requirement already satisfied: pandas in /sfs/qumulo/qhome/brc4cb/.conda/envs/falcon_40B/lib/python3.9/site-packages (from evaluate==0.4.0->-r requirements.txt (line 6)) (2.0.2)
Requirement already satisfied: requests>=2.19.0 in /sfs/qumulo/qhome/brc4cb/.conda/envs/falcon_40B/lib/python3.9/site-packages (from evaluate==0.4.0->-r requirements.txt (line 6)) (2.31.0)
Requirement already satisfied: tqdm>=4.62.1 in /sfs/qumulo/qhome/brc4cb/.conda/envs/falcon_40B/lib/python3.9/site-packages (from evaluate==0.4.0->-r requirements.txt (line 6)) (4.65.0)
Requirement already satisfied: xxhash in /sfs/qumulo/qhome/brc4cb/.conda/envs/falcon_40B/lib/python3.9/site-packages (from evaluate==0.4.0->-r requirements.txt (line 6)) (3.2.0)
Requirement already satisfied: multiprocess in /sfs/qumulo/qhome/brc4cb/.conda/envs/falcon_40B/lib/python3.9/site-packages (from evaluate==0.4.0->-r requirements.txt (line 6)) (0.70.14)
Requirement already satisfied: fsspec[http]>=2021.05.0 in /sfs/qumulo/qhome/brc4cb/.conda/envs/falcon_40B/lib/python3.9/site-packages (from evaluate==0.4.0->-r requirements.txt (line 6)) (2023.4.0)
Requirement already satisfied: huggingface-hub>=0.7.0 in /sfs/qumulo/qhome/brc4cb/.conda/envs/falcon_40B/lib/python3.9/site-packages (from evaluate==0.4.0->-r requirements.txt (line 6)) (0.15.1)
Requirement already satisfied: packaging in /sfs/qumulo/qhome/brc4cb/.conda/envs/falcon_40B/lib/python3.9/site-packages (from evaluate==0.4.0->-r requirements.txt (line 6)) (23.1)
Requirement already satisfied: responses<0.19 in /sfs/qumulo/qhome/brc4cb/.conda/envs/falcon_40B/lib/python3.9/site-packages (from evaluate==0.4.0->-r requirements.txt (line 6)) (0.18.0)
Requirement already satisfied: joblib>=1.1.1 in /sfs/qumulo/qhome/brc4cb/.conda/envs/falcon_40B/lib/python3.9/site-packages (from scikit-learn==1.2.2->-r requirements.txt (line 7)) (1.2.0)
Requirement already satisfied: threadpoolctl>=2.0.0 in /sfs/qumulo/qhome/brc4cb/.conda/envs/falcon_40B/lib/python3.9/site-packages (from scikit-learn==1.2.2->-r requirements.txt (line 7)) (3.1.0)
Requirement already satisfied: Click!=8.0.0,>=7.0 in /sfs/qumulo/qhome/brc4cb/.conda/envs/falcon_40B/lib/python3.9/site-packages (from wandb==0.15.3->-r requirements.txt (line 10)) (8.1.3)
Requirement already satisfied: GitPython!=3.1.29,>=1.0.0 in /sfs/qumulo/qhome/brc4cb/.conda/envs/falcon_40B/lib/python3.9/site-packages (from wandb==0.15.3->-r requirements.txt (line 10)) (3.1.31)
Requirement already satisfied: psutil>=5.0.0 in /sfs/qumulo/qhome/brc4cb/.conda/envs/falcon_40B/lib/python3.9/site-packages (from wandb==0.15.3->-r requirements.txt (line 10)) (5.9.5)
Requirement already satisfied: sentry-sdk>=1.0.0 in /sfs/qumulo/qhome/brc4cb/.conda/envs/falcon_40B/lib/python3.9/site-packages (from wandb==0.15.3->-r requirements.txt (line 10)) (1.26.0)
Requirement already satisfied: docker-pycreds>=0.4.0 in /sfs/qumulo/qhome/brc4cb/.conda/envs/falcon_40B/lib/python3.9/site-packages (from wandb==0.15.3->-r requirements.txt (line 10)) (0.4.0)
Requirement already satisfied: PyYAML in /sfs/qumulo/qhome/brc4cb/.conda/envs/falcon_40B/lib/python3.9/site-packages (from wandb==0.15.3->-r requirements.txt (line 10)) (6.0)
Requirement already satisfied: pathtools in /sfs/qumulo/qhome/brc4cb/.conda/envs/falcon_40B/lib/python3.9/site-packages (from wandb==0.15.3->-r requirements.txt (line 10)) (0.1.2)
Requirement already satisfied: setproctitle in /sfs/qumulo/qhome/brc4cb/.conda/envs/falcon_40B/lib/python3.9/site-packages (from wandb==0.15.3->-r requirements.txt (line 10)) (1.3.2)
Requirement already satisfied: setuptools in /sfs/qumulo/qhome/brc4cb/.conda/envs/falcon_40B/lib/python3.9/site-packages (from wandb==0.15.3->-r requirements.txt (line 10)) (67.8.0)
Requirement already satisfied: appdirs>=1.4.3 in /sfs/qumulo/qhome/brc4cb/.conda/envs/falcon_40B/lib/python3.9/site-packages (from wandb==0.15.3->-r requirements.txt (line 10)) (1.4.4)
Requirement already satisfied: typing-extensions in /sfs/qumulo/qhome/brc4cb/.conda/envs/falcon_40B/lib/python3.9/site-packages (from wandb==0.15.3->-r requirements.txt (line 10)) (4.4.0)
Requirement already satisfied: protobuf!=4.21.0,<5,>=3.15.0 in /sfs/qumulo/qhome/brc4cb/.conda/envs/falcon_40B/lib/python3.9/site-packages (from wandb==0.15.3->-r requirements.txt (line 10)) (4.23.3)
Collecting Flask<2.3.0,>=1.0.4 (from dash==2.11.1->-r requirements.txt (line 11))
  Downloading Flask-2.2.5-py3-none-any.whl (101 kB)
     ━━━━━━━━━━━━━━━━━━━━━━━━━━━━━━━━━━━━━━━ 101.8/101.8 kB 6.2 MB/s eta 0:00:00
Collecting Werkzeug<2.3.0 (from dash==2.11.1->-r requirements.txt (line 11))
  Downloading Werkzeug-2.2.3-py3-none-any.whl (233 kB)
     ━━━━━━━━━━━━━━━━━━━━━━━━━━━━━━━━━━━━━━━ 233.6/233.6 kB 3.8 MB/s eta 0:00:00
Requirement already satisfied: plotly>=5.0.0 in /sfs/qumulo/qhome/brc4cb/.conda/envs/falcon_40B/lib/python3.9/site-packages (from dash==2.11.1->-r requirements.txt (line 11)) (5.15.0)
Requirement already satisfied: dash-html-components==2.0.0 in /sfs/qumulo/qhome/brc4cb/.conda/envs/falcon_40B/lib/python3.9/site-packages (from dash==2.11.1->-r requirements.txt (line 11)) (2.0.0)
Requirement already satisfied: dash-core-components==2.0.0 in /sfs/qumulo/qhome/brc4cb/.conda/envs/falcon_40B/lib/python3.9/site-packages (from dash==2.11.1->-r requirements.txt (line 11)) (2.0.0)
Requirement already satisfied: dash-table==5.0.0 in /sfs/qumulo/qhome/brc4cb/.conda/envs/falcon_40B/lib/python3.9/site-packages (from dash==2.11.1->-r requirements.txt (line 11)) (5.0.0)
Requirement already satisfied: retrying in /sfs/qumulo/qhome/brc4cb/.conda/envs/falcon_40B/lib/python3.9/site-packages (from dash==2.11.1->-r requirements.txt (line 11)) (1.3.4)
Requirement already satisfied: ansi2html in /sfs/qumulo/qhome/brc4cb/.conda/envs/falcon_40B/lib/python3.9/site-packages (from dash==2.11.1->-r requirements.txt (line 11)) (1.8.0)
Requirement already satisfied: nest-asyncio in /sfs/qumulo/qhome/brc4cb/.conda/envs/falcon_40B/lib/python3.9/site-packages (from dash==2.11.1->-r requirements.txt (line 11)) (1.5.6)
Requirement already satisfied: ipython in /sfs/qumulo/qhome/brc4cb/.conda/envs/falcon_40B/lib/python3.9/site-packages (from jupyter-dash==0.4.2->-r requirements.txt (line 13)) (8.14.0)
Requirement already satisfied: ipykernel in /sfs/qumulo/qhome/brc4cb/.conda/envs/falcon_40B/lib/python3.9/site-packages (from jupyter-dash==0.4.2->-r requirements.txt (line 13)) (6.24.0)
Requirement already satisfied: dnspython<3.0.0,>=1.16.0 in /sfs/qumulo/qhome/brc4cb/.conda/envs/falcon_40B/lib/python3.9/site-packages (from pymongo==4.3.2->-r requirements.txt (line 19)) (2.3.0)
Requirement already satisfied: statsmodels>=0.9.0 in /sfs/qumulo/qhome/brc4cb/.conda/envs/falcon_40B/lib/python3.9/site-packages (from plotly-express==0.4.1->-r requirements.txt (line 23)) (0.14.0)
Requirement already satisfied: patsy>=0.5 in /sfs/qumulo/qhome/brc4cb/.conda/envs/falcon_40B/lib/python3.9/site-packages (from plotly-express==0.4.1->-r requirements.txt (line 23)) (0.5.3)
Requirement already satisfied: filelock in /sfs/qumulo/qhome/brc4cb/.conda/envs/falcon_40B/lib/python3.9/site-packages (from transformers@ git+https://github.com/huggingface/transformers.git->-r requirements.txt (line 2)) (3.9.0)
Requirement already satisfied: regex!=2019.12.17 in /sfs/qumulo/qhome/brc4cb/.conda/envs/falcon_40B/lib/python3.9/site-packages (from transformers@ git+https://github.com/huggingface/transformers.git->-r requirements.txt (line 2)) (2023.6.3)
Requirement already satisfied: tokenizers!=0.11.3,<0.14,>=0.11.1 in /sfs/qumulo/qhome/brc4cb/.conda/envs/falcon_40B/lib/python3.9/site-packages (from transformers@ git+https://github.com/huggingface/transformers.git->-r requirements.txt (line 2)) (0.13.3)
Requirement already satisfied: safetensors>=0.3.1 in /sfs/qumulo/qhome/brc4cb/.conda/envs/falcon_40B/lib/python3.9/site-packages (from transformers@ git+https://github.com/huggingface/transformers.git->-r requirements.txt (line 2)) (0.3.1)
Requirement already satisfied: torch>=1.13.0 in /sfs/qumulo/qhome/brc4cb/.conda/envs/falcon_40B/lib/python3.9/site-packages (from peft@ git+https://github.com/huggingface/peft.git->-r requirements.txt (line 3)) (2.1.0.dev20230624+cu118)
Requirement already satisfied: pyarrow>=8.0.0 in /sfs/qumulo/qhome/brc4cb/.conda/envs/falcon_40B/lib/python3.9/site-packages (from datasets>=2.0.0->evaluate==0.4.0->-r requirements.txt (line 6)) (12.0.1)
Requirement already satisfied: aiohttp in /sfs/qumulo/qhome/brc4cb/.conda/envs/falcon_40B/lib/python3.9/site-packages (from datasets>=2.0.0->evaluate==0.4.0->-r requirements.txt (line 6)) (3.8.4)
Requirement already satisfied: six>=1.4.0 in /sfs/qumulo/qhome/brc4cb/.conda/envs/falcon_40B/lib/python3.9/site-packages (from docker-pycreds>=0.4.0->wandb==0.15.3->-r requirements.txt (line 10)) (1.16.0)
Requirement already satisfied: Jinja2>=3.0 in /sfs/qumulo/qhome/brc4cb/.conda/envs/falcon_40B/lib/python3.9/site-packages (from Flask<2.3.0,>=1.0.4->dash==2.11.1->-r requirements.txt (line 11)) (3.1.2)
Requirement already satisfied: itsdangerous>=2.0 in /sfs/qumulo/qhome/brc4cb/.conda/envs/falcon_40B/lib/python3.9/site-packages (from Flask<2.3.0,>=1.0.4->dash==2.11.1->-r requirements.txt (line 11)) (2.1.2)
Requirement already satisfied: importlib-metadata>=3.6.0 in /sfs/qumulo/qhome/brc4cb/.conda/envs/falcon_40B/lib/python3.9/site-packages (from Flask<2.3.0,>=1.0.4->dash==2.11.1->-r requirements.txt (line 11)) (6.8.0)
Requirement already satisfied: gitdb<5,>=4.0.1 in /sfs/qumulo/qhome/brc4cb/.conda/envs/falcon_40B/lib/python3.9/site-packages (from GitPython!=3.1.29,>=1.0.0->wandb==0.15.3->-r requirements.txt (line 10)) (4.0.10)
Requirement already satisfied: python-dateutil>=2.8.2 in /sfs/qumulo/qhome/brc4cb/.conda/envs/falcon_40B/lib/python3.9/site-packages (from pandas->evaluate==0.4.0->-r requirements.txt (line 6)) (2.8.2)
Requirement already satisfied: pytz>=2020.1 in /sfs/qumulo/qhome/brc4cb/.conda/envs/falcon_40B/lib/python3.9/site-packages (from pandas->evaluate==0.4.0->-r requirements.txt (line 6)) (2023.3)
Requirement already satisfied: tzdata>=2022.1 in /sfs/qumulo/qhome/brc4cb/.conda/envs/falcon_40B/lib/python3.9/site-packages (from pandas->evaluate==0.4.0->-r requirements.txt (line 6)) (2023.3)
Requirement already satisfied: tenacity>=6.2.0 in /sfs/qumulo/qhome/brc4cb/.conda/envs/falcon_40B/lib/python3.9/site-packages (from plotly>=5.0.0->dash==2.11.1->-r requirements.txt (line 11)) (8.2.2)
Requirement already satisfied: charset-normalizer<4,>=2 in /sfs/qumulo/qhome/brc4cb/.conda/envs/falcon_40B/lib/python3.9/site-packages (from requests>=2.19.0->evaluate==0.4.0->-r requirements.txt (line 6)) (3.1.0)
Requirement already satisfied: idna<4,>=2.5 in /sfs/qumulo/qhome/brc4cb/.conda/envs/falcon_40B/lib/python3.9/site-packages (from requests>=2.19.0->evaluate==0.4.0->-r requirements.txt (line 6)) (3.4)
Requirement already satisfied: urllib3<3,>=1.21.1 in /sfs/qumulo/qhome/brc4cb/.conda/envs/falcon_40B/lib/python3.9/site-packages (from requests>=2.19.0->evaluate==0.4.0->-r requirements.txt (line 6)) (2.0.3)
Requirement already satisfied: certifi>=2017.4.17 in /sfs/qumulo/qhome/brc4cb/.conda/envs/falcon_40B/lib/python3.9/site-packages (from requests>=2.19.0->evaluate==0.4.0->-r requirements.txt (line 6)) (2023.5.7)
Requirement already satisfied: sympy in /sfs/qumulo/qhome/brc4cb/.conda/envs/falcon_40B/lib/python3.9/site-packages (from torch>=1.13.0->peft@ git+https://github.com/huggingface/peft.git->-r requirements.txt (line 3)) (1.11.1)
Requirement already satisfied: networkx in /sfs/qumulo/qhome/brc4cb/.conda/envs/falcon_40B/lib/python3.9/site-packages (from torch>=1.13.0->peft@ git+https://github.com/huggingface/peft.git->-r requirements.txt (line 3)) (3.0rc1)
Requirement already satisfied: pytorch-triton==2.1.0+440fd1bf20 in /sfs/qumulo/qhome/brc4cb/.conda/envs/falcon_40B/lib/python3.9/site-packages (from torch>=1.13.0->peft@ git+https://github.com/huggingface/peft.git->-r requirements.txt (line 3)) (2.1.0+440fd1bf20)
Requirement already satisfied: MarkupSafe>=2.1.1 in /sfs/qumulo/qhome/brc4cb/.conda/envs/falcon_40B/lib/python3.9/site-packages (from Werkzeug<2.3.0->dash==2.11.1->-r requirements.txt (line 11)) (2.1.2)
Requirement already satisfied: comm>=0.1.1 in /sfs/qumulo/qhome/brc4cb/.conda/envs/falcon_40B/lib/python3.9/site-packages (from ipykernel->jupyter-dash==0.4.2->-r requirements.txt (line 13)) (0.1.3)
Requirement already satisfied: debugpy>=1.6.5 in /sfs/qumulo/qhome/brc4cb/.conda/envs/falcon_40B/lib/python3.9/site-packages (from ipykernel->jupyter-dash==0.4.2->-r requirements.txt (line 13)) (1.6.7)
Requirement already satisfied: jupyter-client>=6.1.12 in /sfs/qumulo/qhome/brc4cb/.conda/envs/falcon_40B/lib/python3.9/site-packages (from ipykernel->jupyter-dash==0.4.2->-r requirements.txt (line 13)) (8.3.0)
Requirement already satisfied: jupyter-core!=5.0.*,>=4.12 in /sfs/qumulo/qhome/brc4cb/.conda/envs/falcon_40B/lib/python3.9/site-packages (from ipykernel->jupyter-dash==0.4.2->-r requirements.txt (line 13)) (5.3.1)
Requirement already satisfied: matplotlib-inline>=0.1 in /sfs/qumulo/qhome/brc4cb/.conda/envs/falcon_40B/lib/python3.9/site-packages (from ipykernel->jupyter-dash==0.4.2->-r requirements.txt (line 13)) (0.1.6)
Requirement already satisfied: pyzmq>=20 in /sfs/qumulo/qhome/brc4cb/.conda/envs/falcon_40B/lib/python3.9/site-packages (from ipykernel->jupyter-dash==0.4.2->-r requirements.txt (line 13)) (25.1.0)
Requirement already satisfied: tornado>=6.1 in /sfs/qumulo/qhome/brc4cb/.conda/envs/falcon_40B/lib/python3.9/site-packages (from ipykernel->jupyter-dash==0.4.2->-r requirements.txt (line 13)) (6.3.2)
Requirement already satisfied: traitlets>=5.4.0 in /sfs/qumulo/qhome/brc4cb/.conda/envs/falcon_40B/lib/python3.9/site-packages (from ipykernel->jupyter-dash==0.4.2->-r requirements.txt (line 13)) (5.9.0)
Requirement already satisfied: backcall in /sfs/qumulo/qhome/brc4cb/.conda/envs/falcon_40B/lib/python3.9/site-packages (from ipython->jupyter-dash==0.4.2->-r requirements.txt (line 13)) (0.2.0)
Requirement already satisfied: decorator in /sfs/qumulo/qhome/brc4cb/.conda/envs/falcon_40B/lib/python3.9/site-packages (from ipython->jupyter-dash==0.4.2->-r requirements.txt (line 13)) (5.1.1)
Requirement already satisfied: jedi>=0.16 in /sfs/qumulo/qhome/brc4cb/.conda/envs/falcon_40B/lib/python3.9/site-packages (from ipython->jupyter-dash==0.4.2->-r requirements.txt (line 13)) (0.18.2)
Requirement already satisfied: pickleshare in /sfs/qumulo/qhome/brc4cb/.conda/envs/falcon_40B/lib/python3.9/site-packages (from ipython->jupyter-dash==0.4.2->-r requirements.txt (line 13)) (0.7.5)
Requirement already satisfied: prompt-toolkit!=3.0.37,<3.1.0,>=3.0.30 in /sfs/qumulo/qhome/brc4cb/.conda/envs/falcon_40B/lib/python3.9/site-packages (from ipython->jupyter-dash==0.4.2->-r requirements.txt (line 13)) (3.0.39)
Requirement already satisfied: pygments>=2.4.0 in /sfs/qumulo/qhome/brc4cb/.conda/envs/falcon_40B/lib/python3.9/site-packages (from ipython->jupyter-dash==0.4.2->-r requirements.txt (line 13)) (2.15.1)
Requirement already satisfied: stack-data in /sfs/qumulo/qhome/brc4cb/.conda/envs/falcon_40B/lib/python3.9/site-packages (from ipython->jupyter-dash==0.4.2->-r requirements.txt (line 13)) (0.6.2)
Requirement already satisfied: pexpect>4.3 in /sfs/qumulo/qhome/brc4cb/.conda/envs/falcon_40B/lib/python3.9/site-packages (from ipython->jupyter-dash==0.4.2->-r requirements.txt (line 13)) (4.8.0)
Requirement already satisfied: attrs>=17.3.0 in /sfs/qumulo/qhome/brc4cb/.conda/envs/falcon_40B/lib/python3.9/site-packages (from aiohttp->datasets>=2.0.0->evaluate==0.4.0->-r requirements.txt (line 6)) (23.1.0)
Requirement already satisfied: multidict<7.0,>=4.5 in /sfs/qumulo/qhome/brc4cb/.conda/envs/falcon_40B/lib/python3.9/site-packages (from aiohttp->datasets>=2.0.0->evaluate==0.4.0->-r requirements.txt (line 6)) (6.0.4)
Requirement already satisfied: async-timeout<5.0,>=4.0.0a3 in /sfs/qumulo/qhome/brc4cb/.conda/envs/falcon_40B/lib/python3.9/site-packages (from aiohttp->datasets>=2.0.0->evaluate==0.4.0->-r requirements.txt (line 6)) (4.0.2)
Requirement already satisfied: yarl<2.0,>=1.0 in /sfs/qumulo/qhome/brc4cb/.conda/envs/falcon_40B/lib/python3.9/site-packages (from aiohttp->datasets>=2.0.0->evaluate==0.4.0->-r requirements.txt (line 6)) (1.9.2)
Requirement already satisfied: frozenlist>=1.1.1 in /sfs/qumulo/qhome/brc4cb/.conda/envs/falcon_40B/lib/python3.9/site-packages (from aiohttp->datasets>=2.0.0->evaluate==0.4.0->-r requirements.txt (line 6)) (1.3.3)
Requirement already satisfied: aiosignal>=1.1.2 in /sfs/qumulo/qhome/brc4cb/.conda/envs/falcon_40B/lib/python3.9/site-packages (from aiohttp->datasets>=2.0.0->evaluate==0.4.0->-r requirements.txt (line 6)) (1.3.1)
Requirement already satisfied: smmap<6,>=3.0.1 in /sfs/qumulo/qhome/brc4cb/.conda/envs/falcon_40B/lib/python3.9/site-packages (from gitdb<5,>=4.0.1->GitPython!=3.1.29,>=1.0.0->wandb==0.15.3->-r requirements.txt (line 10)) (5.0.0)
Requirement already satisfied: zipp>=0.5 in /sfs/qumulo/qhome/brc4cb/.conda/envs/falcon_40B/lib/python3.9/site-packages (from importlib-metadata>=3.6.0->Flask<2.3.0,>=1.0.4->dash==2.11.1->-r requirements.txt (line 11)) (3.15.0)
Requirement already satisfied: parso<0.9.0,>=0.8.0 in /sfs/qumulo/qhome/brc4cb/.conda/envs/falcon_40B/lib/python3.9/site-packages (from jedi>=0.16->ipython->jupyter-dash==0.4.2->-r requirements.txt (line 13)) (0.8.3)
Requirement already satisfied: platformdirs>=2.5 in /sfs/qumulo/qhome/brc4cb/.conda/envs/falcon_40B/lib/python3.9/site-packages (from jupyter-core!=5.0.*,>=4.12->ipykernel->jupyter-dash==0.4.2->-r requirements.txt (line 13)) (3.8.1)
Requirement already satisfied: ptyprocess>=0.5 in /sfs/qumulo/qhome/brc4cb/.conda/envs/falcon_40B/lib/python3.9/site-packages (from pexpect>4.3->ipython->jupyter-dash==0.4.2->-r requirements.txt (line 13)) (0.7.0)
Requirement already satisfied: wcwidth in /sfs/qumulo/qhome/brc4cb/.conda/envs/falcon_40B/lib/python3.9/site-packages (from prompt-toolkit!=3.0.37,<3.1.0,>=3.0.30->ipython->jupyter-dash==0.4.2->-r requirements.txt (line 13)) (0.2.6)
Requirement already satisfied: executing>=1.2.0 in /sfs/qumulo/qhome/brc4cb/.conda/envs/falcon_40B/lib/python3.9/site-packages (from stack-data->ipython->jupyter-dash==0.4.2->-r requirements.txt (line 13)) (1.2.0)
Requirement already satisfied: asttokens>=2.1.0 in /sfs/qumulo/qhome/brc4cb/.conda/envs/falcon_40B/lib/python3.9/site-packages (from stack-data->ipython->jupyter-dash==0.4.2->-r requirements.txt (line 13)) (2.2.1)
Requirement already satisfied: pure-eval in /sfs/qumulo/qhome/brc4cb/.conda/envs/falcon_40B/lib/python3.9/site-packages (from stack-data->ipython->jupyter-dash==0.4.2->-r requirements.txt (line 13)) (0.2.2)
Requirement already satisfied: mpmath>=0.19 in /sfs/qumulo/qhome/brc4cb/.conda/envs/falcon_40B/lib/python3.9/site-packages (from sympy->torch>=1.13.0->peft@ git+https://github.com/huggingface/peft.git->-r requirements.txt (line 3)) (1.2.1)
Building wheels for collected packages: accelerate
  Building wheel for accelerate (pyproject.toml): started
  Building wheel for accelerate (pyproject.toml): finished with status 'done'
  Created wheel for accelerate: filename=accelerate-0.22.0.dev0-py3-none-any.whl size=244994 sha256=8415a91b6e67042b589066e65921be9d029baf7495075c057bcae01b14d77dd1
  Stored in directory: /tmp/pip-ephem-wheel-cache-xjzz4xqx/wheels/60/53/1d/f8f7d9ed24f2b70cf9b37ecd31318a274049263effcc4b5bf3
Successfully built accelerate
Installing collected packages: Werkzeug, dash_utils, Flask, dash, accelerate
  Attempting uninstall: Werkzeug
    Found existing installation: Werkzeug 2.3.6
    Uninstalling Werkzeug-2.3.6:
      Successfully uninstalled Werkzeug-2.3.6
  Attempting uninstall: Flask
    Found existing installation: Flask 2.3.2
    Uninstalling Flask-2.3.2:
      Successfully uninstalled Flask-2.3.2
  Attempting uninstall: dash
    Found existing installation: dash 2.7.0
    Uninstalling dash-2.7.0:
      Successfully uninstalled dash-2.7.0
  Attempting uninstall: accelerate
    Found existing installation: accelerate 0.21.0.dev0
    Uninstalling accelerate-0.21.0.dev0:
      Successfully uninstalled accelerate-0.21.0.dev0
Successfully installed Flask-2.2.5 Werkzeug-2.2.3 accelerate-0.22.0.dev0 dash-2.11.1 dash_utils-0.0.2
Collecting package metadata (current_repodata.json): ...working... done
Solving environment: ...working... done

# All requested packages already installed.


===================================BUG REPORT===================================
Welcome to bitsandbytes. For bug reports, please run

python -m bitsandbytes

 and submit this information together with your error trace to: https://github.com/TimDettmers/bitsandbytes/issues
================================================================================
bin /home/brc4cb/.conda/envs/falcon_40B/lib/python3.9/site-packages/bitsandbytes/libbitsandbytes_cuda118.so
CUDA SETUP: CUDA runtime path found: /home/brc4cb/.conda/envs/falcon_40B/lib/libcudart.so.11.0
CUDA SETUP: Highest compute capability among GPUs detected: 8.0
CUDA SETUP: Detected CUDA version 118
CUDA SETUP: Loading binary /home/brc4cb/.conda/envs/falcon_40B/lib/python3.9/site-packages/bitsandbytes/libbitsandbytes_cuda118.so...
[2023-07-13 15:45:37,909] [INFO] [real_accelerator.py:110:get_accelerator] Setting ds_accelerator to cuda (auto detect)
