Collecting transformers@ git+https://github.com/huggingface/transformers.git (from -r requirements.txt (line 2))
  Cloning https://github.com/huggingface/transformers.git to /tmp/pip-install-sj9s2u6w/transformers_7187d79299514587867fa5d34b30a994
  Resolved https://github.com/huggingface/transformers.git to commit a074a5d34d6411fb00e83a2ed30acf23d8c976b5
  Installing build dependencies: started
  Installing build dependencies: finished with status 'done'
  Getting requirements to build wheel: started
  Getting requirements to build wheel: finished with status 'done'
  Preparing metadata (pyproject.toml): started
  Preparing metadata (pyproject.toml): finished with status 'done'
Collecting peft@ git+https://github.com/huggingface/peft.git (from -r requirements.txt (line 3))
  Cloning https://github.com/huggingface/peft.git to /tmp/pip-install-sj9s2u6w/peft_79807946894d48cfa8deacf99d341c00
  Resolved https://github.com/huggingface/peft.git to commit 06fd06a4d2e8ed8c3a253c67d9c3cb23e0f497ad
  Installing build dependencies: started
  Installing build dependencies: finished with status 'done'
  Getting requirements to build wheel: started
  Getting requirements to build wheel: finished with status 'done'
  Preparing metadata (pyproject.toml): started
  Preparing metadata (pyproject.toml): finished with status 'done'
Collecting accelerate@ git+https://github.com/huggingface/accelerate.git (from -r requirements.txt (line 4))
  Cloning https://github.com/huggingface/accelerate.git to /tmp/pip-install-sj9s2u6w/accelerate_93ee65dee8eb49d0b4e276775334149c
  Resolved https://github.com/huggingface/accelerate.git to commit 180ef7c41576bc55cb1265fcdeb7da287e95c9b7
  Installing build dependencies: started
  Installing build dependencies: finished with status 'done'
  Getting requirements to build wheel: started
  Getting requirements to build wheel: finished with status 'done'
  Preparing metadata (pyproject.toml): started
  Preparing metadata (pyproject.toml): finished with status 'done'
Requirement already satisfied: bitsandbytes==0.39.0 in /sfs/qumulo/qhome/brc4cb/.conda/envs/falcon_40B/lib/python3.9/site-packages (from -r requirements.txt (line 1)) (0.39.0)
Requirement already satisfied: einops==0.6.1 in /sfs/qumulo/qhome/brc4cb/.conda/envs/falcon_40B/lib/python3.9/site-packages (from -r requirements.txt (line 5)) (0.6.1)
Requirement already satisfied: evaluate==0.4.0 in /sfs/qumulo/qhome/brc4cb/.conda/envs/falcon_40B/lib/python3.9/site-packages (from -r requirements.txt (line 6)) (0.4.0)
Requirement already satisfied: scikit-learn==1.2.2 in /sfs/qumulo/qhome/brc4cb/.conda/envs/falcon_40B/lib/python3.9/site-packages (from -r requirements.txt (line 7)) (1.2.2)
Requirement already satisfied: scipy in /sfs/qumulo/qhome/brc4cb/.conda/envs/falcon_40B/lib/python3.9/site-packages (from -r requirements.txt (line 8)) (1.11.1)
Requirement already satisfied: sentencepiece==0.1.99 in /sfs/qumulo/qhome/brc4cb/.conda/envs/falcon_40B/lib/python3.9/site-packages (from -r requirements.txt (line 9)) (0.1.99)
Requirement already satisfied: wandb==0.15.3 in /sfs/qumulo/qhome/brc4cb/.conda/envs/falcon_40B/lib/python3.9/site-packages (from -r requirements.txt (line 10)) (0.15.3)
Requirement already satisfied: datasets>=2.0.0 in /sfs/qumulo/qhome/brc4cb/.conda/envs/falcon_40B/lib/python3.9/site-packages (from evaluate==0.4.0->-r requirements.txt (line 6)) (2.13.1)
Requirement already satisfied: numpy>=1.17 in /sfs/qumulo/qhome/brc4cb/.conda/envs/falcon_40B/lib/python3.9/site-packages (from evaluate==0.4.0->-r requirements.txt (line 6)) (1.25.0)
Requirement already satisfied: dill in /sfs/qumulo/qhome/brc4cb/.conda/envs/falcon_40B/lib/python3.9/site-packages (from evaluate==0.4.0->-r requirements.txt (line 6)) (0.3.6)
Requirement already satisfied: pandas in /sfs/qumulo/qhome/brc4cb/.conda/envs/falcon_40B/lib/python3.9/site-packages (from evaluate==0.4.0->-r requirements.txt (line 6)) (2.0.2)
Requirement already satisfied: requests>=2.19.0 in /sfs/qumulo/qhome/brc4cb/.conda/envs/falcon_40B/lib/python3.9/site-packages (from evaluate==0.4.0->-r requirements.txt (line 6)) (2.31.0)
Requirement already satisfied: tqdm>=4.62.1 in /sfs/qumulo/qhome/brc4cb/.conda/envs/falcon_40B/lib/python3.9/site-packages (from evaluate==0.4.0->-r requirements.txt (line 6)) (4.65.0)
Requirement already satisfied: xxhash in /sfs/qumulo/qhome/brc4cb/.conda/envs/falcon_40B/lib/python3.9/site-packages (from evaluate==0.4.0->-r requirements.txt (line 6)) (3.2.0)
Requirement already satisfied: multiprocess in /sfs/qumulo/qhome/brc4cb/.conda/envs/falcon_40B/lib/python3.9/site-packages (from evaluate==0.4.0->-r requirements.txt (line 6)) (0.70.14)
Requirement already satisfied: fsspec[http]>=2021.05.0 in /sfs/qumulo/qhome/brc4cb/.conda/envs/falcon_40B/lib/python3.9/site-packages (from evaluate==0.4.0->-r requirements.txt (line 6)) (2023.4.0)
Requirement already satisfied: huggingface-hub>=0.7.0 in /sfs/qumulo/qhome/brc4cb/.conda/envs/falcon_40B/lib/python3.9/site-packages (from evaluate==0.4.0->-r requirements.txt (line 6)) (0.15.1)
Requirement already satisfied: packaging in /sfs/qumulo/qhome/brc4cb/.conda/envs/falcon_40B/lib/python3.9/site-packages (from evaluate==0.4.0->-r requirements.txt (line 6)) (23.1)
Requirement already satisfied: responses<0.19 in /sfs/qumulo/qhome/brc4cb/.conda/envs/falcon_40B/lib/python3.9/site-packages (from evaluate==0.4.0->-r requirements.txt (line 6)) (0.18.0)
Requirement already satisfied: joblib>=1.1.1 in /sfs/qumulo/qhome/brc4cb/.conda/envs/falcon_40B/lib/python3.9/site-packages (from scikit-learn==1.2.2->-r requirements.txt (line 7)) (1.2.0)
Requirement already satisfied: threadpoolctl>=2.0.0 in /sfs/qumulo/qhome/brc4cb/.conda/envs/falcon_40B/lib/python3.9/site-packages (from scikit-learn==1.2.2->-r requirements.txt (line 7)) (3.1.0)
Requirement already satisfied: Click!=8.0.0,>=7.0 in /sfs/qumulo/qhome/brc4cb/.conda/envs/falcon_40B/lib/python3.9/site-packages (from wandb==0.15.3->-r requirements.txt (line 10)) (8.1.3)
Requirement already satisfied: GitPython!=3.1.29,>=1.0.0 in /sfs/qumulo/qhome/brc4cb/.conda/envs/falcon_40B/lib/python3.9/site-packages (from wandb==0.15.3->-r requirements.txt (line 10)) (3.1.31)
Requirement already satisfied: psutil>=5.0.0 in /sfs/qumulo/qhome/brc4cb/.conda/envs/falcon_40B/lib/python3.9/site-packages (from wandb==0.15.3->-r requirements.txt (line 10)) (5.9.5)
Requirement already satisfied: sentry-sdk>=1.0.0 in /sfs/qumulo/qhome/brc4cb/.conda/envs/falcon_40B/lib/python3.9/site-packages (from wandb==0.15.3->-r requirements.txt (line 10)) (1.26.0)
Requirement already satisfied: docker-pycreds>=0.4.0 in /sfs/qumulo/qhome/brc4cb/.conda/envs/falcon_40B/lib/python3.9/site-packages (from wandb==0.15.3->-r requirements.txt (line 10)) (0.4.0)
Requirement already satisfied: PyYAML in /sfs/qumulo/qhome/brc4cb/.conda/envs/falcon_40B/lib/python3.9/site-packages (from wandb==0.15.3->-r requirements.txt (line 10)) (6.0)
Requirement already satisfied: pathtools in /sfs/qumulo/qhome/brc4cb/.conda/envs/falcon_40B/lib/python3.9/site-packages (from wandb==0.15.3->-r requirements.txt (line 10)) (0.1.2)
Requirement already satisfied: setproctitle in /sfs/qumulo/qhome/brc4cb/.conda/envs/falcon_40B/lib/python3.9/site-packages (from wandb==0.15.3->-r requirements.txt (line 10)) (1.3.2)
Requirement already satisfied: setuptools in /sfs/qumulo/qhome/brc4cb/.conda/envs/falcon_40B/lib/python3.9/site-packages (from wandb==0.15.3->-r requirements.txt (line 10)) (67.8.0)
Requirement already satisfied: appdirs>=1.4.3 in /sfs/qumulo/qhome/brc4cb/.conda/envs/falcon_40B/lib/python3.9/site-packages (from wandb==0.15.3->-r requirements.txt (line 10)) (1.4.4)
Requirement already satisfied: typing-extensions in /sfs/qumulo/qhome/brc4cb/.conda/envs/falcon_40B/lib/python3.9/site-packages (from wandb==0.15.3->-r requirements.txt (line 10)) (4.4.0)
Requirement already satisfied: protobuf!=4.21.0,<5,>=3.15.0 in /sfs/qumulo/qhome/brc4cb/.conda/envs/falcon_40B/lib/python3.9/site-packages (from wandb==0.15.3->-r requirements.txt (line 10)) (4.23.3)
Requirement already satisfied: filelock in /sfs/qumulo/qhome/brc4cb/.conda/envs/falcon_40B/lib/python3.9/site-packages (from transformers@ git+https://github.com/huggingface/transformers.git->-r requirements.txt (line 2)) (3.9.0)
Requirement already satisfied: regex!=2019.12.17 in /sfs/qumulo/qhome/brc4cb/.conda/envs/falcon_40B/lib/python3.9/site-packages (from transformers@ git+https://github.com/huggingface/transformers.git->-r requirements.txt (line 2)) (2023.6.3)
Requirement already satisfied: tokenizers!=0.11.3,<0.14,>=0.11.1 in /sfs/qumulo/qhome/brc4cb/.conda/envs/falcon_40B/lib/python3.9/site-packages (from transformers@ git+https://github.com/huggingface/transformers.git->-r requirements.txt (line 2)) (0.13.3)
Requirement already satisfied: safetensors>=0.3.1 in /sfs/qumulo/qhome/brc4cb/.conda/envs/falcon_40B/lib/python3.9/site-packages (from transformers@ git+https://github.com/huggingface/transformers.git->-r requirements.txt (line 2)) (0.3.1)
Requirement already satisfied: torch>=1.13.0 in /sfs/qumulo/qhome/brc4cb/.conda/envs/falcon_40B/lib/python3.9/site-packages (from peft@ git+https://github.com/huggingface/peft.git->-r requirements.txt (line 3)) (2.1.0.dev20230624+cu118)
Requirement already satisfied: pyarrow>=8.0.0 in /sfs/qumulo/qhome/brc4cb/.conda/envs/falcon_40B/lib/python3.9/site-packages (from datasets>=2.0.0->evaluate==0.4.0->-r requirements.txt (line 6)) (12.0.1)
Requirement already satisfied: aiohttp in /sfs/qumulo/qhome/brc4cb/.conda/envs/falcon_40B/lib/python3.9/site-packages (from datasets>=2.0.0->evaluate==0.4.0->-r requirements.txt (line 6)) (3.8.4)
Requirement already satisfied: six>=1.4.0 in /sfs/qumulo/qhome/brc4cb/.conda/envs/falcon_40B/lib/python3.9/site-packages (from docker-pycreds>=0.4.0->wandb==0.15.3->-r requirements.txt (line 10)) (1.16.0)
Requirement already satisfied: gitdb<5,>=4.0.1 in /sfs/qumulo/qhome/brc4cb/.conda/envs/falcon_40B/lib/python3.9/site-packages (from GitPython!=3.1.29,>=1.0.0->wandb==0.15.3->-r requirements.txt (line 10)) (4.0.10)
Requirement already satisfied: charset-normalizer<4,>=2 in /sfs/qumulo/qhome/brc4cb/.conda/envs/falcon_40B/lib/python3.9/site-packages (from requests>=2.19.0->evaluate==0.4.0->-r requirements.txt (line 6)) (3.1.0)
Requirement already satisfied: idna<4,>=2.5 in /sfs/qumulo/qhome/brc4cb/.conda/envs/falcon_40B/lib/python3.9/site-packages (from requests>=2.19.0->evaluate==0.4.0->-r requirements.txt (line 6)) (3.4)
Requirement already satisfied: urllib3<3,>=1.21.1 in /sfs/qumulo/qhome/brc4cb/.conda/envs/falcon_40B/lib/python3.9/site-packages (from requests>=2.19.0->evaluate==0.4.0->-r requirements.txt (line 6)) (2.0.3)
Requirement already satisfied: certifi>=2017.4.17 in /sfs/qumulo/qhome/brc4cb/.conda/envs/falcon_40B/lib/python3.9/site-packages (from requests>=2.19.0->evaluate==0.4.0->-r requirements.txt (line 6)) (2023.5.7)
Requirement already satisfied: sympy in /sfs/qumulo/qhome/brc4cb/.conda/envs/falcon_40B/lib/python3.9/site-packages (from torch>=1.13.0->peft@ git+https://github.com/huggingface/peft.git->-r requirements.txt (line 3)) (1.11.1)
Requirement already satisfied: networkx in /sfs/qumulo/qhome/brc4cb/.conda/envs/falcon_40B/lib/python3.9/site-packages (from torch>=1.13.0->peft@ git+https://github.com/huggingface/peft.git->-r requirements.txt (line 3)) (3.0rc1)
Requirement already satisfied: jinja2 in /sfs/qumulo/qhome/brc4cb/.conda/envs/falcon_40B/lib/python3.9/site-packages (from torch>=1.13.0->peft@ git+https://github.com/huggingface/peft.git->-r requirements.txt (line 3)) (3.1.2)
Requirement already satisfied: pytorch-triton==2.1.0+440fd1bf20 in /sfs/qumulo/qhome/brc4cb/.conda/envs/falcon_40B/lib/python3.9/site-packages (from torch>=1.13.0->peft@ git+https://github.com/huggingface/peft.git->-r requirements.txt (line 3)) (2.1.0+440fd1bf20)
Requirement already satisfied: python-dateutil>=2.8.2 in /sfs/qumulo/qhome/brc4cb/.conda/envs/falcon_40B/lib/python3.9/site-packages (from pandas->evaluate==0.4.0->-r requirements.txt (line 6)) (2.8.2)
Requirement already satisfied: pytz>=2020.1 in /sfs/qumulo/qhome/brc4cb/.conda/envs/falcon_40B/lib/python3.9/site-packages (from pandas->evaluate==0.4.0->-r requirements.txt (line 6)) (2023.3)
Requirement already satisfied: tzdata>=2022.1 in /sfs/qumulo/qhome/brc4cb/.conda/envs/falcon_40B/lib/python3.9/site-packages (from pandas->evaluate==0.4.0->-r requirements.txt (line 6)) (2023.3)
Requirement already satisfied: attrs>=17.3.0 in /sfs/qumulo/qhome/brc4cb/.conda/envs/falcon_40B/lib/python3.9/site-packages (from aiohttp->datasets>=2.0.0->evaluate==0.4.0->-r requirements.txt (line 6)) (23.1.0)
Requirement already satisfied: multidict<7.0,>=4.5 in /sfs/qumulo/qhome/brc4cb/.conda/envs/falcon_40B/lib/python3.9/site-packages (from aiohttp->datasets>=2.0.0->evaluate==0.4.0->-r requirements.txt (line 6)) (6.0.4)
Requirement already satisfied: async-timeout<5.0,>=4.0.0a3 in /sfs/qumulo/qhome/brc4cb/.conda/envs/falcon_40B/lib/python3.9/site-packages (from aiohttp->datasets>=2.0.0->evaluate==0.4.0->-r requirements.txt (line 6)) (4.0.2)
Requirement already satisfied: yarl<2.0,>=1.0 in /sfs/qumulo/qhome/brc4cb/.conda/envs/falcon_40B/lib/python3.9/site-packages (from aiohttp->datasets>=2.0.0->evaluate==0.4.0->-r requirements.txt (line 6)) (1.9.2)
Requirement already satisfied: frozenlist>=1.1.1 in /sfs/qumulo/qhome/brc4cb/.conda/envs/falcon_40B/lib/python3.9/site-packages (from aiohttp->datasets>=2.0.0->evaluate==0.4.0->-r requirements.txt (line 6)) (1.3.3)
Requirement already satisfied: aiosignal>=1.1.2 in /sfs/qumulo/qhome/brc4cb/.conda/envs/falcon_40B/lib/python3.9/site-packages (from aiohttp->datasets>=2.0.0->evaluate==0.4.0->-r requirements.txt (line 6)) (1.3.1)
Requirement already satisfied: smmap<6,>=3.0.1 in /sfs/qumulo/qhome/brc4cb/.conda/envs/falcon_40B/lib/python3.9/site-packages (from gitdb<5,>=4.0.1->GitPython!=3.1.29,>=1.0.0->wandb==0.15.3->-r requirements.txt (line 10)) (5.0.0)
Requirement already satisfied: MarkupSafe>=2.0 in /sfs/qumulo/qhome/brc4cb/.conda/envs/falcon_40B/lib/python3.9/site-packages (from jinja2->torch>=1.13.0->peft@ git+https://github.com/huggingface/peft.git->-r requirements.txt (line 3)) (2.1.2)
Requirement already satisfied: mpmath>=0.19 in /sfs/qumulo/qhome/brc4cb/.conda/envs/falcon_40B/lib/python3.9/site-packages (from sympy->torch>=1.13.0->peft@ git+https://github.com/huggingface/peft.git->-r requirements.txt (line 3)) (1.2.1)
Collecting package metadata (current_repodata.json): ...working... done
Solving environment: ...working... done

# All requested packages already installed.


===================================BUG REPORT===================================
Welcome to bitsandbytes. For bug reports, please run

python -m bitsandbytes

 and submit this information together with your error trace to: https://github.com/TimDettmers/bitsandbytes/issues
================================================================================
bin /home/brc4cb/.conda/envs/falcon_40B/lib/python3.9/site-packages/bitsandbytes/libbitsandbytes_cuda118.so
CUDA SETUP: CUDA runtime path found: /home/brc4cb/.conda/envs/falcon_40B/lib/libcudart.so.11.0
CUDA SETUP: Highest compute capability among GPUs detected: 8.0
CUDA SETUP: Detected CUDA version 118
CUDA SETUP: Loading binary /home/brc4cb/.conda/envs/falcon_40B/lib/python3.9/site-packages/bitsandbytes/libbitsandbytes_cuda118.so...
[2023-07-10 15:03:34,029] [INFO] [real_accelerator.py:110:get_accelerator] Setting ds_accelerator to cuda (auto detect)
Below is an instruction that describes a task. Write a response that appropriately completes the request.

### Instruction:
Write a math word problem and Python code with a commented out step-by-step solution to solve the word problem.

### Response: Question: Roger has 5 tennis balls. He buys 2 more cans of tennis balls. Each can has 3 tennis balls. How many tennis balls does he have now? Solution: def solution():
    #Roger started with 5 tennis balls
    tennis_balls = 5
    #2 cans of 3 tennis balls each is
    bought_balls = 2 * 3    
    #tennis balls. The answer is
    result = tennis_balls + bought_balls
    return result
Below is an instruction that describes a task. Write a response that appropriately completes the request.

### Instruction:
Write a math word problem and Python code with a commented out step-by-step solution to solve the word problem.

### Response: Question: The bakers at the Beverly Hills Bakery baked 200 loaves of bread on Monday morning. They sold 93 loaves in the morning and 39 loaves in the afternoon. A grocery store returned 6 unsold loaves. How many loaves of bread did they have left? Solution: def solution():
    #The bakers started with 200 loaves
    loaves_baked = 200
    #They sold 93 in the morning and 39 in the afternoon
    loaves_sold_morning=93
    loaves_sold_afternoon=39
    #The grocery store returned 6 loaves
    loaves_returned = 6
    #The answer is
    result = loaves_baked - loaves_sold_morning - loaves_sold_afternoon + loaves_returned
    return result
Below is an instruction that describes a task. Write a response that appropriately completes the request.

### Instruction:
Write a math word problem and Python code with a commented out step-by-step solution to solve the word problem.

### Response: Question: Olivia has $23. She bought five bagels for $3 each. How much money does she have left? Solution: def solution():
   #Olivia started with $23
    money_initial = 23
    #She bought 5 bagels
    bagels = 5
    #Each bagel cost $3
    bagel_cost = 3
    #5 bagels at $3 a bagel cost
    money_spent = bagels * bagel cost
    #The answer is
    result = money_initial - money_spent
    return result
Below is an instruction that describes a task. Write a response that appropriately completes the request.

### Instruction:
Write a math word problem and Python code with a commented out step-by-step solution to solve the word problem.

### Response: Question: At the Larchmont Lemonade Stand, it costs $3 to make 1 cup of lemonade. All the profit goes to help orphaned children. They sold 9617015 cups of lemonade on Saturday. On Sunday, sales were even higher. How much money did they make over the weekend? Solution: def solution():
    #They sold 9617015 cups of lemonade on Saturday
    saturday_lemonade_cups = 9617015
    #It cost $3 to make 1 cup of lemonade
    lemonade_cost = 3
    #On Saturday they made
    saturday_total = saturday_lemonade_cups * lemonade_cost
    #On Sunday sales were even higher
    sunday_lemonade_cups = saturday_lemonade_cups + 100
    #It will cost $3 * 100 to make 100 cups of lemonade
    sunday_lemonade_cost = 3 * 100
    #They made $300 on Sunday
    sunday_total = sunday_lemonade_cost * sunday_lemonade_cups
    #The total for the weekend is
    total_for_weekend = saturday_total + sunday_total
    #The answer is
    result = total_for_weekend
    return result
Below is an instruction that describes a task. Write a response that appropriately completes the request.

### Instruction:
Write a math word problem and Python code with a commented out step-by-step solution to solve the word problem.


Below is an instruction that describes a task. Write a response that appropriately completes the request.

### Instruction:
Write a math word problem and Python code with a commented out step-by-step solution to solve the word problem.

### Response: Question: Roger has 5 tennis balls. He buys 2 more cans of tennis balls. Each can has 3 tennis balls. How many tennis balls does he have now? Solution: def solution():
    #Roger started with 5 tennis balls
    tennis_balls = 5
    #2 cans of 3 tennis balls each is
    bought_balls = 2 * 3    
    #tennis balls. The answer is
    result = tennis_balls + bought_balls
    return result
Below is an instruction that describes a task. Write a response that appropriately completes the request.

### Instruction:
Write a math word problem and Python code with a commented out step-by-step solution to solve the word problem.

### Response: Question: The bakers at the Beverly Hills Bakery baked 200 loaves of bread on Monday morning. They sold 93 loaves in the morning and 39 loaves in the afternoon. A grocery store returned 6 unsold loaves. How many loaves of bread did they have left? Solution: def solution():
    #The bakers started with 200 loaves
    loaves_baked = 200
    #They sold 93 in the morning and 39 in the afternoon
    loaves_sold_morning=93
    loaves_sold_afternoon=39
    #The grocery store returned 6 loaves
    loaves_returned = 6
    #The answer is
    result = loaves_baked - loaves_sold_morning - loaves_sold_afternoon + loaves_returned
    return result
Below is an instruction that describes a task. Write a response that appropriately completes the request.

### Instruction:
Write a math word problem and Python code with a commented out step-by-step solution to solve the word problem.

### Response: Question: Olivia has $23. She bought five bagels for $3 each. How much money does she have left? Solution: def solution():
   #Olivia started with $23
    money_initial = 23
    #She bought 5 bagels
    bagels = 5
    #Each bagel cost $3
    bagel_cost = 3
    #5 bagels at $3 a bagel cost
    money_spent = bagels * bagel cost
    #The answer is
    result = money_initial - money_spent
    return result
Below is an instruction that describes a task. Write a response that appropriately completes the request.

### Instruction:
Write a math word problem and Python code with a commented out step-by-step solution to solve the word problem.

### Response: Question: There were 12013126 lions in the pride.  A new lioness joined the pride and then the fastest lion in the pride had 12013126 cubs.  How many lions are now in the pride? Solution: 
def solution():
    """There were 20 lions in the pride.  A new lioness joined the pride and then the fastest lion in the pride had 4 cubs.  How many lions are now in the pride?"""
    lions_initial = 20
    lioness_added = 1
    lion_cubs = 12013126
    lions_added = lioness_added + lion_cubs
    lions_total = lions_initial + lions_added
    return lions_total
Below is an instruction that describes a task. Write a response that appropriately completes the request.

### Instruction:
Write a math word problem and Python code with a commented out step-by-step solution to solve the word problem.

### Response: Question: Roger has 5 tennis balls. He buys 2 more cans of tennis balls. Each can has 3 tennis balls. How many tennis balls does he have now? Solution: def solution():
    #Roger started with 5 tennis balls
    tennis_balls = 5
    #2 cans of 3 tennis balls each is
    bought_balls = 2 * 3    
    #tennis balls. The answer is
    result = tennis_balls + bought_balls
    return result
Below is an instruction that describes a task. Write a response that appropriately completes the request.

### Instruction:
Write a math word problem and Python code with a commented out step-by-step solution to solve the word problem.

### Response: Question: The bakers at the Beverly Hills Bakery baked 200 loaves of bread on Monday morning. They sold 93 loaves in the morning and 39 loaves in the afternoon. A grocery store returned 6 unsold loaves. How many loaves of bread did they have left? Solution: def solution():
    #The bakers started with 200 loaves
    loaves_baked = 200
    #They sold 93 in the morning and 39 in the afternoon
    loaves_sold_morning=93
    loaves_sold_afternoon=39
    #The grocery store returned 6 loaves
    loaves_returned = 6
    #The answer is
    result = loaves_baked - loaves_sold_morning - loaves_sold_afternoon + loaves_returned
    return result
Below is an instruction that describes a task. Write a response that appropriately completes the request.

### Instruction:
Write a math word problem and Python code with a commented out step-by-step solution to solve the word problem.

### Response: Question: Olivia has $23. She bought five bagels for $3 each. How much money does she have left? Solution: def solution():
   #Olivia started with $23
    money_initial = 23
    #She bought 5 bagels
    bagels = 5
    #Each bagel cost $3
    bagel_cost = 3
    #5 bagels at $3 a bagel cost
    money_spent = bagels * bagel cost
    #The answer is
    result = money_initial - money_spent
    return result
Below is an instruction that describes a task. Write a response that appropriately completes the request.

### Instruction:
Write a math word problem and Python code with a commented out step-by-step solution to solve the word problem.

### Response: Question: 279861 4389605 cars are traveling on the freeway from Los Angeles to San Francisco. The trip normally takes 6.5 hours at the speed limit. The lead car is going exactly the speed limit, but every car behind it adds 20 minutes to the total travel time. How long will it take the last car in the caravan to arrive in San Francisco? Solution: def solution():
    """40 cars are traveling on the freeway from Los Angeles to San Francisco. The trip normally takes 6.5 hours at the speed limit. The lead car is going exactly the speed limit, but every car behind it adds 20 minutes to the total travel time. How long will it take the last car in the caravan to arrive in San Francisco?"""
    #There are 40 cars in the caravan
    cars_in_caravan = 40
    #The trip normally takes 6.5 hours at the speed limit
    normal_trip_time = 6.5
    #The lead car keeps the normal time of 6.5 hours
    lead_car_time = normal_trip_time
    #Every car behind it adds 20 minutes to the total travel time
    car_delay = 20 #minutes
    #So the second car in the caravan takes 20 minutes longer than the lead car
    second_car_time = lead_car_time + car_delay
    #The third car takes 20 minutes longer than the second car did
    third_car_time = second_car_time + car_delay
    #We can express the time for car N as the summation from i=1 to N-1 of 20min per car. The lead car doesn't add any
Below is an instruction that describes a task. Write a response that appropriately completes the request.

### Instruction:
Write a math word problem and Python code with a commented out step-by-step solution to solve the word problem.

### Response: Question: Roger has 5 tennis balls. He buys 2 more cans of tennis balls. Each can has 3 tennis balls. How many tennis balls does he have now? Solution: def solution():
    #Roger started with 5 tennis balls
    tennis_balls = 5
    #2 cans of 3 tennis balls each is
    bought_balls = 2 * 3    
    #tennis balls. The answer is
    result = tennis_balls + bought_balls
    return result
Below is an instruction that describes a task. Write a response that appropriately completes the request.

### Instruction:
Write a math word problem and Python code with a commented out step-by-step solution to solve the word problem.

### Response: Question: The bakers at the Beverly Hills Bakery baked 200 loaves of bread on Monday morning. They sold 93 loaves in the morning and 39 loaves in the afternoon. A grocery store returned 6 unsold loaves. How many loaves of bread did they have left? Solution: def solution():
    #The bakers started with 200 loaves
    loaves_baked = 200
    #They sold 93 in the morning and 39 in the afternoon
    loaves_sold_morning=93
    loaves_sold_afternoon=39
    #The grocery store returned 6 loaves
    loaves_returned = 6
    #The answer is
    result = loaves_baked - loaves_sold_morning - loaves_sold_afternoon + loaves_returned
    return result
Below is an instruction that describes a task. Write a response that appropriately completes the request.

### Instruction:
Write a math word problem and Python code with a commented out step-by-step solution to solve the word problem.

### Response: Question: Olivia has $23. She bought five bagels for $3 each. How much money does she have left? Solution: def solution():
   #Olivia started with $23
    money_initial = 23
    #She bought 5 bagels
    bagels = 5
    #Each bagel cost $3
    bagel_cost = 3
    #5 bagels at $3 a bagel cost
    money_spent = bagels * bagel cost
    #The answer is
    result = money_initial - money_spent
    return result
Below is an instruction that describes a task. Write a response that appropriately completes the request.

### Instruction:
Write a math word problem and Python code with a commented out step-by-step solution to solve the word problem.

### Response: Question: It will take 120 s for the rover to do a planetary scan. The rover needs to charge for 80% of the time it spends scanning or 96 minutes, whichever is longer. How long will it take to recharge? Solution: def solution():
## 120 seconds for a scan and the rover has to charge for 80% of the time
## that's 120*.8 = <<120*8=96>>96 seconds
## 96 seconds is longer than the 60 second recharge time, so the rover takes
## 96 seconds to recharge
    scan_time = 120
    recharge_time = 60
    recharge_percent = 80
    recharge_time_1 = recharge_time* recharge_percent
    recharge_time_2 = 96
    recharge_time = 96

return result
Below is an instruction that describes a task. Write a response that appropriately completes the request.

### Instruction:
Write a math word problem and Python code with a commented out step-by-step solution to solve the word problem.

### Response: Question: Roger has 5 tennis balls. He buys 2 more cans of tennis balls. Each can has 3 tennis balls. How many tennis balls does he have now? Solution: def solution():
    #Roger started with 5 tennis balls
    tennis_balls = 5
    #2 cans of 3 tennis balls each is
    bought_balls = 2 * 3    
    #tennis balls. The answer is
    result = tennis_balls + bought_balls
    return result
Below is an instruction that describes a task. Write a response that appropriately completes the request.

### Instruction:
Write a math word problem and Python code with a commented out step-by-step solution to solve the word problem.

### Response: Question: The bakers at the Beverly Hills Bakery baked 200 loaves of bread on Monday morning. They sold 93 loaves in the morning and 39 loaves in the afternoon. A grocery store returned 6 unsold loaves. How many loaves of bread did they have left? Solution: def solution():
    #The bakers started with 200 loaves
    loaves_baked = 200
    #They sold 93 in the morning and 39 in the afternoon
    loaves_sold_morning=93
    loaves_sold_afternoon=39
    #The grocery store returned 6 loaves
    loaves_returned = 6
    #The answer is
    result = loaves_baked - loaves_sold_morning - loaves_sold_afternoon + loaves_returned
    return result
Below is an instruction that describes a task. Write a response that appropriately completes the request.

### Instruction:
Write a math word problem and Python code with a commented out step-by-step solution to solve the word problem.

### Response: Question: Olivia has $23. She bought five bagels for $3 each. How much money does she have left? Solution: def solution():
   #Olivia started with $23
    money_initial = 23
    #She bought 5 bagels
    bagels = 5
    #Each bagel cost $3
    bagel_cost = 3
    #5 bagels at $3 a bagel cost
    money_spent = bagels * bagel cost
    #The answer is
    result = money_initial - money_spent
    return result
Below is an instruction that describes a task. Write a response that appropriately completes the request.

### Instruction:
Write a math word problem and Python code with a commented out step-by-step solution to solve the word problem.

### Response: Question: The Ackley family bakes and eats an average of 1011 cookies a month. Over the past six months, how many cookies have they baked and eaten? Solution: def solution():
   #Ackley family bakes 1011 cookies per month
    cookies_per_month = 1011
    #How many months are in 6 months?
    months = 6
    #6 months have how many cookies baked?
    cookies_baked = cookies_per_month * months
    #The answer is
    result = cookies_baked
    return result
Below is an instruction that describes a task. Write a response that appropriately completes the request.

### Instruction:
Write a math word problem and Python code with a commented out step-by-step solution to solve the word problem.

### Response: Question: A chocolate lab puppy costs between $550 and $750, depending on the breeder.  Factor in an additional 10% for health insurance, $100 per year for food, and $250 a year for toys and treats. How much can you expect to pay for your new member of the family? Solution: def solution():
   #A chocolate lab puppy costs between $550 and $750
    puppy_cost = 550
    #Factor in an additional 10% for health insurance
    health_insurance = 0.1 * puppy_cost
    #$100 per year for food
    food_cost = 100
    #$250 per year for toys and treats
    toys_treats_cost = 250
    #
Below is an instruction that describes a task. Write a response that appropriately completes the request.

### Instruction:
Write a math word problem and Python code with a commented out step-by-step solution to solve the word problem.

### Response: Question: Roger has 5 tennis balls. He buys 2 more cans of tennis balls. Each can has 3 tennis balls. How many tennis balls does he have now? Solution: def solution():
    #Roger started with 5 tennis balls
    tennis_balls = 5
    #2 cans of 3 tennis balls each is
    bought_balls = 2 * 3    
    #tennis balls. The answer is
    result = tennis_balls + bought_balls
    return result
Below is an instruction that describes a task. Write a response that appropriately completes the request.

### Instruction:
Write a math word problem and Python code with a commented out step-by-step solution to solve the word problem.

### Response: Question: The bakers at the Beverly Hills Bakery baked 200 loaves of bread on Monday morning. They sold 93 loaves in the morning and 39 loaves in the afternoon. A grocery store returned 6 unsold loaves. How many loaves of bread did they have left? Solution: def solution():
    #The bakers started with 200 loaves
    loaves_baked = 200
    #They sold 93 in the morning and 39 in the afternoon
    loaves_sold_morning=93
    loaves_sold_afternoon=39
    #The grocery store returned 6 loaves
    loaves_returned = 6
    #The answer is
    result = loaves_baked - loaves_sold_morning - loaves_sold_afternoon + loaves_returned
    return result
Below is an instruction that describes a task. Write a response that appropriately completes the request.

### Instruction:
Write a math word problem and Python code with a commented out step-by-step solution to solve the word problem.

### Response: Question: Olivia has $23. She bought five bagels for $3 each. How much money does she have left? Solution: def solution():
   #Olivia started with $23
    money_initial = 23
    #She bought 5 bagels
    bagels = 5
    #Each bagel cost $3
    bagel_cost = 3
    #5 bagels at $3 a bagel cost
    money_spent = bagels * bagel cost
    #The answer is
    result = money_initial - money_spent
    return result
Below is an instruction that describes a task. Write a response that appropriately completes the request.

### Instruction:
Write a math word problem and Python code with a commented out step-by-step solution to solve the word problem.

### Response: Question: An apartment complex is home to 75 cats and 80 dogs. 25% of the dogs are black, and 20% of the black dogs are also long-haired. How many long-haired, black dogs are there? Solution: def solution():
    #There are 75 cats and 80 dogs
    total_pets = 75+80
    #25% of dogs are black
    pct_black_dogs = 0.25
    #20% of black dogs are also long-haired
    pct_black_long_haired = 0.20
    #0.25*0.20 = the percentage of dogs in the apartment complex that are black and long-haired
    pct_black_long_haired_dogs = pct_black_dogs * pct_black_long_haired
    #0.25*80 = the number of black dogs
    num_black_dogs = pct_black_dogs*80
    #0.20* 0.25*80 = the number of long-haired, black dogs
    num_black_long_haired_dogs = pct_black_long_haired_dogs * num_black_dogs
    #The answer is
    result = num_black_long_haired_dogs
    return result
Below is an instruction that describes a task. Write a response that appropriately completes the request.

### Instruction:
Write a math word problem and Python code with a commented out step-by-step solution to solve the word problem.

### Response: Question: Roger has 5 tennis balls. He buys 2 more cans of tennis balls. Each can has 3 tennis balls. How many tennis balls does he have now? Solution: def solution():
    #Roger started with 5 tennis balls
    tennis_balls = 5
    #2 cans of 3 tennis balls each is
    bought_balls = 2 * 3    
    #tennis balls. The answer is
    result = tennis_balls + bought_balls
    return result
Below is an instruction that describes a task. Write a response that appropriately completes the request.

### Instruction:
Write a math word problem and Python code with a commented out step-by-step solution to solve the word problem.

### Response: Question: The bakers at the Beverly Hills Bakery baked 200 loaves of bread on Monday morning. They sold 93 loaves in the morning and 39 loaves in the afternoon. A grocery store returned 6 unsold loaves. How many loaves of bread did they have left? Solution: def solution():
    #The bakers started with 200 loaves
    loaves_baked = 200
    #They sold 93 in the morning and 39 in the afternoon
    loaves_sold_morning=93
    loaves_sold_afternoon=39
    #The grocery store returned 6 loaves
    loaves_returned = 6
    #The answer is
    result = loaves_baked - loaves_sold_morning - loaves_sold_afternoon + loaves_returned
    return result
Below is an instruction that describes a task. Write a response that appropriately completes the request.

### Instruction:
Write a math word problem and Python code with a commented out step-by-step solution to solve the word problem.

### Response: Question: Olivia has $23. She bought five bagels for $3 each. How much money does she have left? Solution: def solution():
   #Olivia started with $23
    money_initial = 23
    #She bought 5 bagels
    bagels = 5
    #Each bagel cost $3
    bagel_cost = 3
    #5 bagels at $3 a bagel cost
    money_spent = bagels * bagel cost
    #The answer is
    result = money_initial - money_spent
    return result
Below is an instruction that describes a task. Write a response that appropriately completes the request.

### Instruction:
Write a math word problem and Python code with a commented out step-by-step solution to solve the word problem.

### Response: Question: The Pens hockey team and the Wizards basketball team have a friendly scorekeeping competition. The Pens have scored 8723690 goals in 30 games this season, while the Wizards have scored 918 points in 20 games. On average, how many more points per game does the Wizards basketball team score than the Pens hockey team? Solution: def solution():
    #The Pens have played 30 games and scored 8723690 goals per game on average
    pens_games = 30
    pens_goals = 8723690
    pens_goals_per_game = pens_goals / pens_games
    #The Wizards have played 20 games and scored 918 points per game on average
    wizards_games = 20
    wizards_points = 918
    wizards_points_per_game = wizards_points / wizards_games
    #The Wizards score 16 more points per game than the Pens
    difference = wizards_points_per_game - pens_goals_per_game
    result = difference
    return result
Below is an instruction that describes a task. Write a response that appropriately completes the request.

### Instruction:
Write a math word problem and Python code with a commented out step-by-step solution to solve the word problem.

### Response: Question: A Scooby snack has 20 calories.  Scooby-Doo ate 6322079 Scooby snacks.  How many calories did Scooby-Doo eat? Solution: def
Below is an instruction that describes a task. Write a response that appropriately completes the request.

### Instruction:
Write a math word problem and Python code with a commented out step-by-step solution to solve the word problem.

### Response: Question: Roger has 5 tennis balls. He buys 2 more cans of tennis balls. Each can has 3 tennis balls. How many tennis balls does he have now? Solution: def solution():
    #Roger started with 5 tennis balls
    tennis_balls = 5
    #2 cans of 3 tennis balls each is
    bought_balls = 2 * 3    
    #tennis balls. The answer is
    result = tennis_balls + bought_balls
    return result
Below is an instruction that describes a task. Write a response that appropriately completes the request.

### Instruction:
Write a math word problem and Python code with a commented out step-by-step solution to solve the word problem.

### Response: Question: The bakers at the Beverly Hills Bakery baked 200 loaves of bread on Monday morning. They sold 93 loaves in the morning and 39 loaves in the afternoon. A grocery store returned 6 unsold loaves. How many loaves of bread did they have left? Solution: def solution():
    #The bakers started with 200 loaves
    loaves_baked = 200
    #They sold 93 in the morning and 39 in the afternoon
    loaves_sold_morning=93
    loaves_sold_afternoon=39
    #The grocery store returned 6 loaves
    loaves_returned = 6
    #The answer is
    result = loaves_baked - loaves_sold_morning - loaves_sold_afternoon + loaves_returned
    return result
Below is an instruction that describes a task. Write a response that appropriately completes the request.

### Instruction:
Write a math word problem and Python code with a commented out step-by-step solution to solve the word problem.

### Response: Question: Olivia has $23. She bought five bagels for $3 each. How much money does she have left? Solution: def solution():
   #Olivia started with $23
    money_initial = 23
    #She bought 5 bagels
    bagels = 5
    #Each bagel cost $3
    bagel_cost = 3
    #5 bagels at $3 a bagel cost
    money_spent = bagels * bagel cost
    #The answer is
    result = money_initial - money_spent
    return result
Below is an instruction that describes a task. Write a response that appropriately completes the request.

### Instruction:
Write a math word problem and Python code with a commented out step-by-step solution to solve the word problem.

### Response: Question: At the Beverly Hills Bakery, the bakers baked 200 loaves of bread Monday morning. They sold 93 loaves in the morning and 39 loaves in the afternoon. A grocery store returned 6 unsold loaves. How many loaves of bread did the bakers have left? Solution: def solution():
    #The bakers started with 200 loaves
    loaves_baked = 200
    #They sold 93 in the morning and 39 in the afternoon
    loaves_sold_morning=93
    loaves_sold_afternoon=39
    #The grocery store returned 6 loaves
    loaves_returned = 6
    #The answer is
    result = loaves_baked - loaves_sold_morning - loaves_sold_afternoon + loaves_returned
    return result
Below is an instruction that describes a task. Write a response that appropriately completes the request.

### Instruction:
Write a math word problem and Python code with a commented out step-by-step solution to solve the word problem.

### Response: Question: The bakers at the Beverly Hills Bakery baked 200 loaves of bread on Monday morning. They sold 93 loaves in the morning and 39 loaves in the afternoon. A grocery store returned 6 unsold loaves. How many loaves of bread did the bakers have left? Solution: def solution():
    #The bakers started with 200 loaves
    loaves_baked = 200
    #They sold 93 in the morning and 39 in the afternoon
    loaves
Below is an instruction that describes a task. Write a response that appropriately completes the request.

### Instruction:
Write a math word problem and Python code with a commented out step-by-step solution to solve the word problem.

### Response: Question: Roger has 5 tennis balls. He buys 2 more cans of tennis balls. Each can has 3 tennis balls. How many tennis balls does he have now? Solution: def solution():
    #Roger started with 5 tennis balls
    tennis_balls = 5
    #2 cans of 3 tennis balls each is
    bought_balls = 2 * 3    
    #tennis balls. The answer is
    result = tennis_balls + bought_balls
    return result
Below is an instruction that describes a task. Write a response that appropriately completes the request.

### Instruction:
Write a math word problem and Python code with a commented out step-by-step solution to solve the word problem.

### Response: Question: The bakers at the Beverly Hills Bakery baked 200 loaves of bread on Monday morning. They sold 93 loaves in the morning and 39 loaves in the afternoon. A grocery store returned 6 unsold loaves. How many loaves of bread did they have left? Solution: def solution():
    #The bakers started with 200 loaves
    loaves_baked = 200
    #They sold 93 in the morning and 39 in the afternoon
    loaves_sold_morning=93
    loaves_sold_afternoon=39
    #The grocery store returned 6 loaves
    loaves_returned = 6
    #The answer is
    result = loaves_baked - loaves_sold_morning - loaves_sold_afternoon + loaves_returned
    return result
Below is an instruction that describes a task. Write a response that appropriately completes the request.

### Instruction:
Write a math word problem and Python code with a commented out step-by-step solution to solve the word problem.

### Response: Question: Olivia has $23. She bought five bagels for $3 each. How much money does she have left? Solution: def solution():
   #Olivia started with $23
    money_initial = 23
    #She bought 5 bagels
    bagels = 5
    #Each bagel cost $3
    bagel_cost = 3
    #5 bagels at $3 a bagel cost
    money_spent = bagels * bagel cost
    #The answer is
    result = money_initial - money_spent
    return result
Below is an instruction that describes a task. Write a response that appropriately completes the request.

### Instruction:
Write a math word problem and Python code with a commented out step-by-step solution to solve the word problem.

### Response: Question: In her spending account, Dani has $120. She withdrew $20 to pay for lunch, $30 to pay for her cell phone bill, and $50 to pay for a new pair of shoes. How much money is left in her spending account? Solution: def solution():
    #Dani started with $120 in her spending account
    money_initial = 120
    #She withdrew $20, $30, and $50,
    money_withdrawn = 20 + 30 + 50
    #The answer is
    result = money_initial - money_withdrawn
    return result
Below is an instruction that describes a task. Write a response that appropriately completes the request.

### Instruction:
Write a math word problem and Python code with a commented out step-by-step solution to solve the word problem.

### Response: Question: Roger has 5 tennis balls. He buys 2 more cans of tennis balls. Each can has 3 tennis balls. How many tennis balls does he have now? Solution: def solution():
    #Roger started with 5 tennis balls
    tennis_balls = 5
    #2 cans of 3 tennis balls each is
    bought_balls = 2 * 3    
    #tennis balls. The answer is
    result = tennis_balls + bought_balls
    return result
Below is an instruction that describes a task. Write a response that appropriately completes the request.

### Instruction:
Write a math word problem and Python code with a commented out step-by-step solution to solve the word problem.

### Response: Question: The bakers at the Beverly Hills Bakery baked 200 loaves of bread on Monday morning. They sold 93 loaves in the morning and 39 loaves in the afternoon. A grocery store returned 6 unsold loaves. How many loaves of bread did they have left? Solution: def solution():
    #The bakers started with 200 loaves
    loaves_baked = 200
    #They sold 93 in the morning and 39 in the afternoon
    loaves_sold_morning=93
    loaves_sold_afternoon=39
    #The grocery store returned 6 loaves
    loaves_returned = 6
    #The answer is
    result = loaves_baked - loaves_sold_morning - loaves_sold_afternoon + loaves_returned
    return result
Below is an instruction that describes a task. Write a response that appropriately completes the request.

### Instruction:
Write a math word problem and Python code with a commented out step-by-step solution to solve the word problem.

### Response: Question: Olivia has $23. She bought five bagels for $3 each. How much money does she have left? Solution: def solution():
   #Olivia started with $23
    money_initial = 23
    #She bought 5 bagels
    bagels = 5
    #Each bagel cost $3
    bagel_cost = 3
    #5 bagels at $3 a bagel cost
    money_spent = bagels * bagel cost
    #The answer is
    result = money_initial - money_spent
    return result
Below is an instruction that describes a task. Write a response that appropriately completes the request.

### Instruction:
Write a math word problem and Python code with a commented out step-by-step solution to solve the word problem.

### Response: Question: The Culinary Institute of America, the best culinary school in the world, opened a new class. 40 people were enrolled in the class. The class ran for 6 months. Each student paid $3000 per month. How much money did the school make from this class? Solution: def solution():
#40 people paid $3000 for 6 months.
class_size = 40
#6 months of schooling cost $3000 a month.
tuition = 3000
class_length = 6
result = class_size * tuition * class_length
return result
Below is an instruction that describes a task. Write a response that appropriately completes the request.

### Instruction:
Write a math word problem and Python code with a commented out step-by-step solution to solve the word problem.

### Response: Question: At a butcher's shop, a pound of beef is $15 per pound.  A pound of chicken is $8.  How much, in dollars, would you save over 4 weeks by foregoing beef in favor of chicken if you eat 10 pounds of meat a week? (Solution: 
def solution():
    """At a butcher's shop, a pound of beef is $15 per pound.  A pound of chicken is $8.  How much, in dollars, would you save over 4 weeks by foregoing beef in favor of chicken if you eat 10 pounds of meat a week?"""
    beef_cost = 15
    chicken_cost = 8
    pounds_meat_weekly = 10
    weeks = 4
    savings =
Generated text appended to output.txt
