

==> WARNING: A newer version of conda exists. <==
  current version: 23.5.2
  latest version: 24.5.0

Please update conda by running

    $ conda update -n base -c defaults conda

Or to minimize the number of packages updated during conda update use

     conda install conda=24.5.0


WARNING: Ignoring invalid distribution -riton-nightly (/sfs/qumulo/qhome/brc4cb/.conda/envs/falcon_40B/lib/python3.9/site-packages)
  Running command git clone --filter=blob:none --quiet https://github.com/huggingface/transformers /tmp/pip-install-ho97fo5x/transformers_30633ff6059d480e86fc9e710d479ea3
  Running command git clone --filter=blob:none --quiet https://github.com/huggingface/trl /tmp/pip-install-ho97fo5x/trl_c62f5588aff74e1aa3ed1ac849fa2fe6
  Running command git clone --filter=blob:none --quiet https://github.com/huggingface/peft.git /tmp/pip-install-ho97fo5x/peft_767eb154b29843d39c80b1f45a020638
  Running command git clone --filter=blob:none --quiet https://github.com/huggingface/accelerate.git /tmp/pip-install-ho97fo5x/accelerate_7e714d44a8e54f68bc18e00444618cdc
WARNING: Ignoring invalid distribution -riton-nightly (/sfs/qumulo/qhome/brc4cb/.conda/envs/falcon_40B/lib/python3.9/site-packages)
WARNING: Ignoring invalid distribution -riton-nightly (/sfs/qumulo/qhome/brc4cb/.conda/envs/falcon_40B/lib/python3.9/site-packages)
WARNING: Ignoring invalid distribution -riton-nightly (/sfs/qumulo/qhome/brc4cb/.conda/envs/falcon_40B/lib/python3.9/site-packages)


==> WARNING: A newer version of conda exists. <==
  current version: 23.5.2
  latest version: 24.5.0

Please update conda by running

    $ conda update -n base -c defaults conda

Or to minimize the number of packages updated during conda update use

     conda install conda=24.5.0


/home/brc4cb/.conda/envs/falcon_40B/lib/python3.9/site-packages/transformers/utils/hub.py:124: FutureWarning: Using `TRANSFORMERS_CACHE` is deprecated and will be removed in v5 of Transformers. Use `HF_HOME` instead.
  warnings.warn(
/home/brc4cb/.conda/envs/falcon_40B/lib/python3.9/site-packages/transformers/models/auto/tokenization_auto.py:769: FutureWarning: The `use_auth_token` argument is deprecated and will be removed in v5 of Transformers. Please use `token` instead.
  warnings.warn(
/home/brc4cb/.conda/envs/falcon_40B/lib/python3.9/site-packages/huggingface_hub/file_download.py:1132: FutureWarning: `resume_download` is deprecated and will be removed in version 1.0.0. Downloads always resume when possible. If you want to force a new download, use `force_download=True`.
  warnings.warn(
/home/brc4cb/.conda/envs/falcon_40B/lib/python3.9/site-packages/transformers/models/auto/auto_factory.py:468: FutureWarning: The `use_auth_token` argument is deprecated and will be removed in v5 of Transformers. Please use `token` instead.
  warnings.warn(
The `load_in_4bit` and `load_in_8bit` arguments are deprecated and will be removed in the future versions. Please, pass a `BitsAndBytesConfig` object in `quantization_config` argument instead.
`low_cpu_mem_usage` was None, now set to True since model is quantized.
Downloading shards:   0%|          | 0/15 [00:00<?, ?it/s]Downloading shards: 100%|██████████| 15/15 [00:00<00:00, 1017.10it/s]
Loading checkpoint shards:   0%|          | 0/15 [00:00<?, ?it/s]Loading checkpoint shards:   7%|▋         | 1/15 [00:03<00:42,  3.00s/it]Loading checkpoint shards:  13%|█▎        | 2/15 [00:05<00:36,  2.84s/it]Loading checkpoint shards:  20%|██        | 3/15 [00:08<00:33,  2.81s/it]Loading checkpoint shards:  27%|██▋       | 4/15 [00:11<00:30,  2.81s/it]Loading checkpoint shards:  33%|███▎      | 5/15 [00:14<00:30,  3.04s/it]Loading checkpoint shards:  40%|████      | 6/15 [00:21<00:39,  4.35s/it]Loading checkpoint shards:  47%|████▋     | 7/15 [00:28<00:41,  5.23s/it]Loading checkpoint shards:  53%|█████▎    | 8/15 [00:35<00:40,  5.81s/it]Loading checkpoint shards:  60%|██████    | 9/15 [00:42<00:37,  6.18s/it]Loading checkpoint shards:  67%|██████▋   | 10/15 [00:49<00:32,  6.43s/it]Loading checkpoint shards:  73%|███████▎  | 11/15 [00:56<00:26,  6.65s/it]Loading checkpoint shards:  80%|████████  | 12/15 [01:03<00:20,  6.76s/it]Loading checkpoint shards:  87%|████████▋ | 13/15 [01:10<00:13,  6.80s/it]Loading checkpoint shards:  93%|█████████▎| 14/15 [01:17<00:06,  6.78s/it]Loading checkpoint shards: 100%|██████████| 15/15 [01:17<00:00,  4.88s/it]Loading checkpoint shards: 100%|██████████| 15/15 [01:17<00:00,  5.20s/it]
