Collecting package metadata (current_repodata.json): ...working... done
Solving environment: ...working... done

# All requested packages already installed.

Collecting peft@ git+https://github.com/huggingface/peft.git (from -r requirements.txt (line 3))
  Cloning https://github.com/huggingface/peft.git to /tmp/pip-install-_9kbfv6c/peft_64ce7b779cc640cab3b60461cac91543
  Resolved https://github.com/huggingface/peft.git to commit 69665f24e98dc5f20a430637a31f196158b6e0da
  Installing build dependencies: started
  Installing build dependencies: finished with status 'done'
  Getting requirements to build wheel: started
  Getting requirements to build wheel: finished with status 'done'
  Preparing metadata (pyproject.toml): started
  Preparing metadata (pyproject.toml): finished with status 'done'
Collecting accelerate@ git+https://github.com/huggingface/accelerate.git (from -r requirements.txt (line 4))
  Cloning https://github.com/huggingface/accelerate.git to /tmp/pip-install-_9kbfv6c/accelerate_eeb84e1ff58b4aab856365359476009f
  Resolved https://github.com/huggingface/accelerate.git to commit 80da9cfb09bb3cc9f1b385cb55d6b90d025a5fd9
  Installing build dependencies: started
  Installing build dependencies: finished with status 'done'
  Getting requirements to build wheel: started
  Getting requirements to build wheel: finished with status 'done'
  Preparing metadata (pyproject.toml): started
  Preparing metadata (pyproject.toml): finished with status 'done'
Requirement already satisfied: bitsandbytes==0.41.1 in /sfs/qumulo/qhome/brc4cb/.conda/envs/falcon_40B/lib/python3.9/site-packages (from -r requirements.txt (line 1)) (0.41.1)
Requirement already satisfied: transformers==4.33.2 in /sfs/qumulo/qhome/brc4cb/.conda/envs/falcon_40B/lib/python3.9/site-packages (from -r requirements.txt (line 2)) (4.33.2)
Requirement already satisfied: einops==0.6.1 in /sfs/qumulo/qhome/brc4cb/.conda/envs/falcon_40B/lib/python3.9/site-packages (from -r requirements.txt (line 5)) (0.6.1)
Requirement already satisfied: evaluate==0.4.0 in /sfs/qumulo/qhome/brc4cb/.conda/envs/falcon_40B/lib/python3.9/site-packages (from -r requirements.txt (line 6)) (0.4.0)
Requirement already satisfied: scikit-learn==1.2.2 in /sfs/qumulo/qhome/brc4cb/.conda/envs/falcon_40B/lib/python3.9/site-packages (from -r requirements.txt (line 7)) (1.2.2)
Requirement already satisfied: scipy==1.11.1 in /sfs/qumulo/qhome/brc4cb/.conda/envs/falcon_40B/lib/python3.9/site-packages (from -r requirements.txt (line 8)) (1.11.1)
Requirement already satisfied: sentencepiece==0.1.99 in /sfs/qumulo/qhome/brc4cb/.conda/envs/falcon_40B/lib/python3.9/site-packages (from -r requirements.txt (line 9)) (0.1.99)
Requirement already satisfied: wandb==0.15.3 in /sfs/qumulo/qhome/brc4cb/.conda/envs/falcon_40B/lib/python3.9/site-packages (from -r requirements.txt (line 10)) (0.15.3)
Requirement already satisfied: dash==2.11.1 in /sfs/qumulo/qhome/brc4cb/.conda/envs/falcon_40B/lib/python3.9/site-packages (from -r requirements.txt (line 11)) (2.11.1)
Requirement already satisfied: jupyter-dash==0.4.2 in /sfs/qumulo/qhome/brc4cb/.conda/envs/falcon_40B/lib/python3.9/site-packages (from -r requirements.txt (line 13)) (0.4.2)
Requirement already satisfied: dash-bootstrap-components==1.2.1 in /sfs/qumulo/qhome/brc4cb/.conda/envs/falcon_40B/lib/python3.9/site-packages (from -r requirements.txt (line 15)) (1.2.1)
Requirement already satisfied: dash-table-experiments==0.6.0 in /sfs/qumulo/qhome/brc4cb/.conda/envs/falcon_40B/lib/python3.9/site-packages (from -r requirements.txt (line 17)) (0.6.0)
Requirement already satisfied: pymongo==4.3.2 in /sfs/qumulo/qhome/brc4cb/.conda/envs/falcon_40B/lib/python3.9/site-packages (from -r requirements.txt (line 19)) (4.3.2)
Requirement already satisfied: lxml==4.9.1 in /sfs/qumulo/qhome/brc4cb/.conda/envs/falcon_40B/lib/python3.9/site-packages (from -r requirements.txt (line 21)) (4.9.1)
Requirement already satisfied: plotly-express==0.4.1 in /sfs/qumulo/qhome/brc4cb/.conda/envs/falcon_40B/lib/python3.9/site-packages (from -r requirements.txt (line 23)) (0.4.1)
Requirement already satisfied: huggingface_hub==0.16.4 in /sfs/qumulo/qhome/brc4cb/.conda/envs/falcon_40B/lib/python3.9/site-packages (from -r requirements.txt (line 25)) (0.16.4)
Requirement already satisfied: numpy==1.25.2 in /sfs/qumulo/qhome/brc4cb/.conda/envs/falcon_40B/lib/python3.9/site-packages (from -r requirements.txt (line 27)) (1.25.2)
Requirement already satisfied: pandas==2.0.3 in /sfs/qumulo/qhome/brc4cb/.conda/envs/falcon_40B/lib/python3.9/site-packages (from -r requirements.txt (line 29)) (2.0.3)
Requirement already satisfied: filelock in /sfs/qumulo/qhome/brc4cb/.conda/envs/falcon_40B/lib/python3.9/site-packages (from transformers==4.33.2->-r requirements.txt (line 2)) (3.9.0)
Requirement already satisfied: packaging>=20.0 in /sfs/qumulo/qhome/brc4cb/.conda/envs/falcon_40B/lib/python3.9/site-packages (from transformers==4.33.2->-r requirements.txt (line 2)) (23.1)
Requirement already satisfied: pyyaml>=5.1 in /sfs/qumulo/qhome/brc4cb/.conda/envs/falcon_40B/lib/python3.9/site-packages (from transformers==4.33.2->-r requirements.txt (line 2)) (6.0)
Requirement already satisfied: regex!=2019.12.17 in /sfs/qumulo/qhome/brc4cb/.conda/envs/falcon_40B/lib/python3.9/site-packages (from transformers==4.33.2->-r requirements.txt (line 2)) (2023.6.3)
Requirement already satisfied: requests in /sfs/qumulo/qhome/brc4cb/.conda/envs/falcon_40B/lib/python3.9/site-packages (from transformers==4.33.2->-r requirements.txt (line 2)) (2.31.0)
Requirement already satisfied: tokenizers!=0.11.3,<0.14,>=0.11.1 in /sfs/qumulo/qhome/brc4cb/.conda/envs/falcon_40B/lib/python3.9/site-packages (from transformers==4.33.2->-r requirements.txt (line 2)) (0.13.3)
Requirement already satisfied: safetensors>=0.3.1 in /sfs/qumulo/qhome/brc4cb/.conda/envs/falcon_40B/lib/python3.9/site-packages (from transformers==4.33.2->-r requirements.txt (line 2)) (0.3.1)
Requirement already satisfied: tqdm>=4.27 in /sfs/qumulo/qhome/brc4cb/.conda/envs/falcon_40B/lib/python3.9/site-packages (from transformers==4.33.2->-r requirements.txt (line 2)) (4.65.0)
Requirement already satisfied: datasets>=2.0.0 in /sfs/qumulo/qhome/brc4cb/.conda/envs/falcon_40B/lib/python3.9/site-packages (from evaluate==0.4.0->-r requirements.txt (line 6)) (2.13.1)
Requirement already satisfied: dill in /sfs/qumulo/qhome/brc4cb/.conda/envs/falcon_40B/lib/python3.9/site-packages (from evaluate==0.4.0->-r requirements.txt (line 6)) (0.3.6)
Requirement already satisfied: xxhash in /sfs/qumulo/qhome/brc4cb/.conda/envs/falcon_40B/lib/python3.9/site-packages (from evaluate==0.4.0->-r requirements.txt (line 6)) (3.2.0)
Requirement already satisfied: multiprocess in /sfs/qumulo/qhome/brc4cb/.conda/envs/falcon_40B/lib/python3.9/site-packages (from evaluate==0.4.0->-r requirements.txt (line 6)) (0.70.14)
Requirement already satisfied: fsspec[http]>=2021.05.0 in /sfs/qumulo/qhome/brc4cb/.conda/envs/falcon_40B/lib/python3.9/site-packages (from evaluate==0.4.0->-r requirements.txt (line 6)) (2023.4.0)
Requirement already satisfied: responses<0.19 in /sfs/qumulo/qhome/brc4cb/.conda/envs/falcon_40B/lib/python3.9/site-packages (from evaluate==0.4.0->-r requirements.txt (line 6)) (0.18.0)
Requirement already satisfied: joblib>=1.1.1 in /sfs/qumulo/qhome/brc4cb/.conda/envs/falcon_40B/lib/python3.9/site-packages (from scikit-learn==1.2.2->-r requirements.txt (line 7)) (1.2.0)
Requirement already satisfied: threadpoolctl>=2.0.0 in /sfs/qumulo/qhome/brc4cb/.conda/envs/falcon_40B/lib/python3.9/site-packages (from scikit-learn==1.2.2->-r requirements.txt (line 7)) (3.1.0)
Requirement already satisfied: Click!=8.0.0,>=7.0 in /sfs/qumulo/qhome/brc4cb/.conda/envs/falcon_40B/lib/python3.9/site-packages (from wandb==0.15.3->-r requirements.txt (line 10)) (8.0.4)
Requirement already satisfied: GitPython!=3.1.29,>=1.0.0 in /sfs/qumulo/qhome/brc4cb/.conda/envs/falcon_40B/lib/python3.9/site-packages (from wandb==0.15.3->-r requirements.txt (line 10)) (3.1.31)
Requirement already satisfied: psutil>=5.0.0 in /sfs/qumulo/qhome/brc4cb/.conda/envs/falcon_40B/lib/python3.9/site-packages (from wandb==0.15.3->-r requirements.txt (line 10)) (5.9.5)
Requirement already satisfied: sentry-sdk>=1.0.0 in /sfs/qumulo/qhome/brc4cb/.conda/envs/falcon_40B/lib/python3.9/site-packages (from wandb==0.15.3->-r requirements.txt (line 10)) (1.26.0)
Requirement already satisfied: docker-pycreds>=0.4.0 in /sfs/qumulo/qhome/brc4cb/.conda/envs/falcon_40B/lib/python3.9/site-packages (from wandb==0.15.3->-r requirements.txt (line 10)) (0.4.0)
Requirement already satisfied: pathtools in /sfs/qumulo/qhome/brc4cb/.conda/envs/falcon_40B/lib/python3.9/site-packages (from wandb==0.15.3->-r requirements.txt (line 10)) (0.1.2)
Requirement already satisfied: setproctitle in /sfs/qumulo/qhome/brc4cb/.conda/envs/falcon_40B/lib/python3.9/site-packages (from wandb==0.15.3->-r requirements.txt (line 10)) (1.3.2)
Requirement already satisfied: setuptools in /sfs/qumulo/qhome/brc4cb/.conda/envs/falcon_40B/lib/python3.9/site-packages (from wandb==0.15.3->-r requirements.txt (line 10)) (67.8.0)
Requirement already satisfied: appdirs>=1.4.3 in /sfs/qumulo/qhome/brc4cb/.conda/envs/falcon_40B/lib/python3.9/site-packages (from wandb==0.15.3->-r requirements.txt (line 10)) (1.4.4)
Requirement already satisfied: typing-extensions in /sfs/qumulo/qhome/brc4cb/.conda/envs/falcon_40B/lib/python3.9/site-packages (from wandb==0.15.3->-r requirements.txt (line 10)) (4.4.0)
Requirement already satisfied: protobuf!=4.21.0,<5,>=3.15.0 in /sfs/qumulo/qhome/brc4cb/.conda/envs/falcon_40B/lib/python3.9/site-packages (from wandb==0.15.3->-r requirements.txt (line 10)) (4.23.3)
Requirement already satisfied: Flask<2.3.0,>=1.0.4 in /sfs/qumulo/qhome/brc4cb/.conda/envs/falcon_40B/lib/python3.9/site-packages (from dash==2.11.1->-r requirements.txt (line 11)) (2.2.5)
Requirement already satisfied: Werkzeug<2.3.0 in /sfs/qumulo/qhome/brc4cb/.conda/envs/falcon_40B/lib/python3.9/site-packages (from dash==2.11.1->-r requirements.txt (line 11)) (2.2.3)
Requirement already satisfied: plotly>=5.0.0 in /sfs/qumulo/qhome/brc4cb/.conda/envs/falcon_40B/lib/python3.9/site-packages (from dash==2.11.1->-r requirements.txt (line 11)) (5.15.0)
Requirement already satisfied: dash-html-components==2.0.0 in /sfs/qumulo/qhome/brc4cb/.conda/envs/falcon_40B/lib/python3.9/site-packages (from dash==2.11.1->-r requirements.txt (line 11)) (2.0.0)
Requirement already satisfied: dash-core-components==2.0.0 in /sfs/qumulo/qhome/brc4cb/.conda/envs/falcon_40B/lib/python3.9/site-packages (from dash==2.11.1->-r requirements.txt (line 11)) (2.0.0)
Requirement already satisfied: dash-table==5.0.0 in /sfs/qumulo/qhome/brc4cb/.conda/envs/falcon_40B/lib/python3.9/site-packages (from dash==2.11.1->-r requirements.txt (line 11)) (5.0.0)
Requirement already satisfied: retrying in /sfs/qumulo/qhome/brc4cb/.conda/envs/falcon_40B/lib/python3.9/site-packages (from dash==2.11.1->-r requirements.txt (line 11)) (1.3.4)
Requirement already satisfied: ansi2html in /sfs/qumulo/qhome/brc4cb/.conda/envs/falcon_40B/lib/python3.9/site-packages (from dash==2.11.1->-r requirements.txt (line 11)) (1.8.0)
Requirement already satisfied: nest-asyncio in /sfs/qumulo/qhome/brc4cb/.conda/envs/falcon_40B/lib/python3.9/site-packages (from dash==2.11.1->-r requirements.txt (line 11)) (1.5.6)
Requirement already satisfied: ipython in /sfs/qumulo/qhome/brc4cb/.conda/envs/falcon_40B/lib/python3.9/site-packages (from jupyter-dash==0.4.2->-r requirements.txt (line 13)) (8.14.0)
Requirement already satisfied: ipykernel in /sfs/qumulo/qhome/brc4cb/.conda/envs/falcon_40B/lib/python3.9/site-packages (from jupyter-dash==0.4.2->-r requirements.txt (line 13)) (6.24.0)
Requirement already satisfied: dnspython<3.0.0,>=1.16.0 in /sfs/qumulo/qhome/brc4cb/.conda/envs/falcon_40B/lib/python3.9/site-packages (from pymongo==4.3.2->-r requirements.txt (line 19)) (2.3.0)
Requirement already satisfied: statsmodels>=0.9.0 in /sfs/qumulo/qhome/brc4cb/.conda/envs/falcon_40B/lib/python3.9/site-packages (from plotly-express==0.4.1->-r requirements.txt (line 23)) (0.14.0)
Requirement already satisfied: patsy>=0.5 in /sfs/qumulo/qhome/brc4cb/.conda/envs/falcon_40B/lib/python3.9/site-packages (from plotly-express==0.4.1->-r requirements.txt (line 23)) (0.5.3)
Requirement already satisfied: python-dateutil>=2.8.2 in /sfs/qumulo/qhome/brc4cb/.conda/envs/falcon_40B/lib/python3.9/site-packages (from pandas==2.0.3->-r requirements.txt (line 29)) (2.8.2)
Requirement already satisfied: pytz>=2020.1 in /sfs/qumulo/qhome/brc4cb/.conda/envs/falcon_40B/lib/python3.9/site-packages (from pandas==2.0.3->-r requirements.txt (line 29)) (2023.3)
Requirement already satisfied: tzdata>=2022.1 in /sfs/qumulo/qhome/brc4cb/.conda/envs/falcon_40B/lib/python3.9/site-packages (from pandas==2.0.3->-r requirements.txt (line 29)) (2023.3)
Requirement already satisfied: torch>=1.13.0 in /sfs/qumulo/qhome/brc4cb/.conda/envs/falcon_40B/lib/python3.9/site-packages (from peft@ git+https://github.com/huggingface/peft.git->-r requirements.txt (line 3)) (1.13.1)
Requirement already satisfied: pyarrow>=8.0.0 in /sfs/qumulo/qhome/brc4cb/.conda/envs/falcon_40B/lib/python3.9/site-packages (from datasets>=2.0.0->evaluate==0.4.0->-r requirements.txt (line 6)) (12.0.1)
Requirement already satisfied: aiohttp in /sfs/qumulo/qhome/brc4cb/.conda/envs/falcon_40B/lib/python3.9/site-packages (from datasets>=2.0.0->evaluate==0.4.0->-r requirements.txt (line 6)) (3.8.4)
Requirement already satisfied: six>=1.4.0 in /sfs/qumulo/qhome/brc4cb/.conda/envs/falcon_40B/lib/python3.9/site-packages (from docker-pycreds>=0.4.0->wandb==0.15.3->-r requirements.txt (line 10)) (1.16.0)
Requirement already satisfied: Jinja2>=3.0 in /sfs/qumulo/qhome/brc4cb/.conda/envs/falcon_40B/lib/python3.9/site-packages (from Flask<2.3.0,>=1.0.4->dash==2.11.1->-r requirements.txt (line 11)) (3.1.2)
Requirement already satisfied: itsdangerous>=2.0 in /sfs/qumulo/qhome/brc4cb/.conda/envs/falcon_40B/lib/python3.9/site-packages (from Flask<2.3.0,>=1.0.4->dash==2.11.1->-r requirements.txt (line 11)) (2.1.2)
Requirement already satisfied: importlib-metadata>=3.6.0 in /sfs/qumulo/qhome/brc4cb/.conda/envs/falcon_40B/lib/python3.9/site-packages (from Flask<2.3.0,>=1.0.4->dash==2.11.1->-r requirements.txt (line 11)) (6.8.0)
Requirement already satisfied: gitdb<5,>=4.0.1 in /sfs/qumulo/qhome/brc4cb/.conda/envs/falcon_40B/lib/python3.9/site-packages (from GitPython!=3.1.29,>=1.0.0->wandb==0.15.3->-r requirements.txt (line 10)) (4.0.10)
Requirement already satisfied: tenacity>=6.2.0 in /sfs/qumulo/qhome/brc4cb/.conda/envs/falcon_40B/lib/python3.9/site-packages (from plotly>=5.0.0->dash==2.11.1->-r requirements.txt (line 11)) (8.2.2)
Requirement already satisfied: charset-normalizer<4,>=2 in /sfs/qumulo/qhome/brc4cb/.conda/envs/falcon_40B/lib/python3.9/site-packages (from requests->transformers==4.33.2->-r requirements.txt (line 2)) (3.1.0)
Requirement already satisfied: idna<4,>=2.5 in /sfs/qumulo/qhome/brc4cb/.conda/envs/falcon_40B/lib/python3.9/site-packages (from requests->transformers==4.33.2->-r requirements.txt (line 2)) (3.4)
Requirement already satisfied: urllib3<3,>=1.21.1 in /sfs/qumulo/qhome/brc4cb/.conda/envs/falcon_40B/lib/python3.9/site-packages (from requests->transformers==4.33.2->-r requirements.txt (line 2)) (2.0.3)
Requirement already satisfied: certifi>=2017.4.17 in /sfs/qumulo/qhome/brc4cb/.conda/envs/falcon_40B/lib/python3.9/site-packages (from requests->transformers==4.33.2->-r requirements.txt (line 2)) (2023.5.7)
Requirement already satisfied: nvidia-cuda-runtime-cu11==11.7.99 in /sfs/qumulo/qhome/brc4cb/.conda/envs/falcon_40B/lib/python3.9/site-packages (from torch>=1.13.0->peft@ git+https://github.com/huggingface/peft.git->-r requirements.txt (line 3)) (11.7.99)
Requirement already satisfied: nvidia-cudnn-cu11==8.5.0.96 in /sfs/qumulo/qhome/brc4cb/.conda/envs/falcon_40B/lib/python3.9/site-packages (from torch>=1.13.0->peft@ git+https://github.com/huggingface/peft.git->-r requirements.txt (line 3)) (8.5.0.96)
Requirement already satisfied: nvidia-cublas-cu11==11.10.3.66 in /sfs/qumulo/qhome/brc4cb/.conda/envs/falcon_40B/lib/python3.9/site-packages (from torch>=1.13.0->peft@ git+https://github.com/huggingface/peft.git->-r requirements.txt (line 3)) (11.10.3.66)
Requirement already satisfied: nvidia-cuda-nvrtc-cu11==11.7.99 in /sfs/qumulo/qhome/brc4cb/.conda/envs/falcon_40B/lib/python3.9/site-packages (from torch>=1.13.0->peft@ git+https://github.com/huggingface/peft.git->-r requirements.txt (line 3)) (11.7.99)
Requirement already satisfied: wheel in /sfs/qumulo/qhome/brc4cb/.conda/envs/falcon_40B/lib/python3.9/site-packages (from nvidia-cublas-cu11==11.10.3.66->torch>=1.13.0->peft@ git+https://github.com/huggingface/peft.git->-r requirements.txt (line 3)) (0.38.4)
Requirement already satisfied: MarkupSafe>=2.1.1 in /sfs/qumulo/qhome/brc4cb/.conda/envs/falcon_40B/lib/python3.9/site-packages (from Werkzeug<2.3.0->dash==2.11.1->-r requirements.txt (line 11)) (2.1.2)
Requirement already satisfied: comm>=0.1.1 in /sfs/qumulo/qhome/brc4cb/.conda/envs/falcon_40B/lib/python3.9/site-packages (from ipykernel->jupyter-dash==0.4.2->-r requirements.txt (line 13)) (0.1.3)
Requirement already satisfied: debugpy>=1.6.5 in /sfs/qumulo/qhome/brc4cb/.conda/envs/falcon_40B/lib/python3.9/site-packages (from ipykernel->jupyter-dash==0.4.2->-r requirements.txt (line 13)) (1.6.7)
Requirement already satisfied: jupyter-client>=6.1.12 in /sfs/qumulo/qhome/brc4cb/.conda/envs/falcon_40B/lib/python3.9/site-packages (from ipykernel->jupyter-dash==0.4.2->-r requirements.txt (line 13)) (8.3.0)
Requirement already satisfied: jupyter-core!=5.0.*,>=4.12 in /sfs/qumulo/qhome/brc4cb/.conda/envs/falcon_40B/lib/python3.9/site-packages (from ipykernel->jupyter-dash==0.4.2->-r requirements.txt (line 13)) (5.3.1)
Requirement already satisfied: matplotlib-inline>=0.1 in /sfs/qumulo/qhome/brc4cb/.conda/envs/falcon_40B/lib/python3.9/site-packages (from ipykernel->jupyter-dash==0.4.2->-r requirements.txt (line 13)) (0.1.6)
Requirement already satisfied: pyzmq>=20 in /sfs/qumulo/qhome/brc4cb/.conda/envs/falcon_40B/lib/python3.9/site-packages (from ipykernel->jupyter-dash==0.4.2->-r requirements.txt (line 13)) (25.1.0)
Requirement already satisfied: tornado>=6.1 in /sfs/qumulo/qhome/brc4cb/.conda/envs/falcon_40B/lib/python3.9/site-packages (from ipykernel->jupyter-dash==0.4.2->-r requirements.txt (line 13)) (6.3.2)
Requirement already satisfied: traitlets>=5.4.0 in /sfs/qumulo/qhome/brc4cb/.conda/envs/falcon_40B/lib/python3.9/site-packages (from ipykernel->jupyter-dash==0.4.2->-r requirements.txt (line 13)) (5.9.0)
Requirement already satisfied: backcall in /sfs/qumulo/qhome/brc4cb/.conda/envs/falcon_40B/lib/python3.9/site-packages (from ipython->jupyter-dash==0.4.2->-r requirements.txt (line 13)) (0.2.0)
Requirement already satisfied: decorator in /sfs/qumulo/qhome/brc4cb/.conda/envs/falcon_40B/lib/python3.9/site-packages (from ipython->jupyter-dash==0.4.2->-r requirements.txt (line 13)) (5.1.1)
Requirement already satisfied: jedi>=0.16 in /sfs/qumulo/qhome/brc4cb/.conda/envs/falcon_40B/lib/python3.9/site-packages (from ipython->jupyter-dash==0.4.2->-r requirements.txt (line 13)) (0.18.2)
Requirement already satisfied: pickleshare in /sfs/qumulo/qhome/brc4cb/.conda/envs/falcon_40B/lib/python3.9/site-packages (from ipython->jupyter-dash==0.4.2->-r requirements.txt (line 13)) (0.7.5)
Requirement already satisfied: prompt-toolkit!=3.0.37,<3.1.0,>=3.0.30 in /sfs/qumulo/qhome/brc4cb/.conda/envs/falcon_40B/lib/python3.9/site-packages (from ipython->jupyter-dash==0.4.2->-r requirements.txt (line 13)) (3.0.39)
Requirement already satisfied: pygments>=2.4.0 in /sfs/qumulo/qhome/brc4cb/.conda/envs/falcon_40B/lib/python3.9/site-packages (from ipython->jupyter-dash==0.4.2->-r requirements.txt (line 13)) (2.15.1)
Requirement already satisfied: stack-data in /sfs/qumulo/qhome/brc4cb/.conda/envs/falcon_40B/lib/python3.9/site-packages (from ipython->jupyter-dash==0.4.2->-r requirements.txt (line 13)) (0.6.2)
Requirement already satisfied: pexpect>4.3 in /sfs/qumulo/qhome/brc4cb/.conda/envs/falcon_40B/lib/python3.9/site-packages (from ipython->jupyter-dash==0.4.2->-r requirements.txt (line 13)) (4.8.0)
Requirement already satisfied: attrs>=17.3.0 in /sfs/qumulo/qhome/brc4cb/.conda/envs/falcon_40B/lib/python3.9/site-packages (from aiohttp->datasets>=2.0.0->evaluate==0.4.0->-r requirements.txt (line 6)) (23.1.0)
Requirement already satisfied: multidict<7.0,>=4.5 in /sfs/qumulo/qhome/brc4cb/.conda/envs/falcon_40B/lib/python3.9/site-packages (from aiohttp->datasets>=2.0.0->evaluate==0.4.0->-r requirements.txt (line 6)) (6.0.4)
Requirement already satisfied: async-timeout<5.0,>=4.0.0a3 in /sfs/qumulo/qhome/brc4cb/.conda/envs/falcon_40B/lib/python3.9/site-packages (from aiohttp->datasets>=2.0.0->evaluate==0.4.0->-r requirements.txt (line 6)) (4.0.2)
Requirement already satisfied: yarl<2.0,>=1.0 in /sfs/qumulo/qhome/brc4cb/.conda/envs/falcon_40B/lib/python3.9/site-packages (from aiohttp->datasets>=2.0.0->evaluate==0.4.0->-r requirements.txt (line 6)) (1.9.2)
Requirement already satisfied: frozenlist>=1.1.1 in /sfs/qumulo/qhome/brc4cb/.conda/envs/falcon_40B/lib/python3.9/site-packages (from aiohttp->datasets>=2.0.0->evaluate==0.4.0->-r requirements.txt (line 6)) (1.3.3)
Requirement already satisfied: aiosignal>=1.1.2 in /sfs/qumulo/qhome/brc4cb/.conda/envs/falcon_40B/lib/python3.9/site-packages (from aiohttp->datasets>=2.0.0->evaluate==0.4.0->-r requirements.txt (line 6)) (1.3.1)
Requirement already satisfied: smmap<6,>=3.0.1 in /sfs/qumulo/qhome/brc4cb/.conda/envs/falcon_40B/lib/python3.9/site-packages (from gitdb<5,>=4.0.1->GitPython!=3.1.29,>=1.0.0->wandb==0.15.3->-r requirements.txt (line 10)) (5.0.0)
Requirement already satisfied: zipp>=0.5 in /sfs/qumulo/qhome/brc4cb/.conda/envs/falcon_40B/lib/python3.9/site-packages (from importlib-metadata>=3.6.0->Flask<2.3.0,>=1.0.4->dash==2.11.1->-r requirements.txt (line 11)) (3.15.0)
Requirement already satisfied: parso<0.9.0,>=0.8.0 in /sfs/qumulo/qhome/brc4cb/.conda/envs/falcon_40B/lib/python3.9/site-packages (from jedi>=0.16->ipython->jupyter-dash==0.4.2->-r requirements.txt (line 13)) (0.8.3)
Requirement already satisfied: platformdirs>=2.5 in /sfs/qumulo/qhome/brc4cb/.conda/envs/falcon_40B/lib/python3.9/site-packages (from jupyter-core!=5.0.*,>=4.12->ipykernel->jupyter-dash==0.4.2->-r requirements.txt (line 13)) (3.8.1)
Requirement already satisfied: ptyprocess>=0.5 in /sfs/qumulo/qhome/brc4cb/.conda/envs/falcon_40B/lib/python3.9/site-packages (from pexpect>4.3->ipython->jupyter-dash==0.4.2->-r requirements.txt (line 13)) (0.7.0)
Requirement already satisfied: wcwidth in /sfs/qumulo/qhome/brc4cb/.conda/envs/falcon_40B/lib/python3.9/site-packages (from prompt-toolkit!=3.0.37,<3.1.0,>=3.0.30->ipython->jupyter-dash==0.4.2->-r requirements.txt (line 13)) (0.2.6)
Requirement already satisfied: executing>=1.2.0 in /sfs/qumulo/qhome/brc4cb/.conda/envs/falcon_40B/lib/python3.9/site-packages (from stack-data->ipython->jupyter-dash==0.4.2->-r requirements.txt (line 13)) (1.2.0)
Requirement already satisfied: asttokens>=2.1.0 in /sfs/qumulo/qhome/brc4cb/.conda/envs/falcon_40B/lib/python3.9/site-packages (from stack-data->ipython->jupyter-dash==0.4.2->-r requirements.txt (line 13)) (2.2.1)
Requirement already satisfied: pure-eval in /sfs/qumulo/qhome/brc4cb/.conda/envs/falcon_40B/lib/python3.9/site-packages (from stack-data->ipython->jupyter-dash==0.4.2->-r requirements.txt (line 13)) (0.2.2)
Collecting package metadata (current_repodata.json): ...working... done
Solving environment: ...working... done

# All requested packages already installed.

Token will not been saved to git credential helper. Pass `add_to_git_credential=True` if you want to set the git credential as well.
Token is valid (permission: read).
Your token has been saved to /home/brc4cb/.cache/huggingface/token
Login successful
Found a previous checkpoint at: ./mammoth_adapter/checkpoint-1200
loading base model TIGER-Lab/MAmmoTH-70B...
Loading adapters from checkpoint.
trainable params: 414187520.0 || all params: 35579518976 || trainable: 1.1641178181171823
loaded model
Adding special tokens.
Splitting train dataset in train and validation according to `eval_dataset_size`
torch.bfloat16 1352679424 0.038018485435748685
torch.uint8 34225520640 0.9619444451479703
torch.float32 1318912 3.706941628102578e-05
{'loss': 0.3827, 'learning_rate': 0.0001, 'epoch': 0.01}
{'loss': 0.3855, 'learning_rate': 0.0001, 'epoch': 0.01}
{'loss': 0.3226, 'learning_rate': 0.0001, 'epoch': 0.02}
{'loss': 0.3176, 'learning_rate': 0.0001, 'epoch': 0.03}
{'loss': 0.2631, 'learning_rate': 0.0001, 'epoch': 0.03}
{'loss': 0.3733, 'learning_rate': 0.0001, 'epoch': 0.04}
{'loss': 0.3677, 'learning_rate': 0.0001, 'epoch': 0.05}
{'loss': 0.3341, 'learning_rate': 0.0001, 'epoch': 0.06}
{'loss': 0.3092, 'learning_rate': 0.0001, 'epoch': 0.06}
{'loss': 0.2734, 'learning_rate': 0.0001, 'epoch': 0.07}
{'loss': 0.345, 'learning_rate': 0.0001, 'epoch': 0.08}
{'loss': 0.3299, 'learning_rate': 0.0001, 'epoch': 0.08}
{'loss': 0.3169, 'learning_rate': 0.0001, 'epoch': 0.09}
{'loss': 0.2883, 'learning_rate': 0.0001, 'epoch': 0.1}
{'loss': 0.257, 'learning_rate': 0.0001, 'epoch': 0.1}
{'loss': 0.3574, 'learning_rate': 0.0001, 'epoch': 0.11}
{'loss': 0.3102, 'learning_rate': 0.0001, 'epoch': 0.12}
{'loss': 0.3105, 'learning_rate': 0.0001, 'epoch': 0.13}
{'eval_loss': 0.35197895765304565, 'eval_runtime': 1191.4177, 'eval_samples_per_second': 0.839, 'eval_steps_per_second': 0.839, 'epoch': 0.13}
{'loss': 0.3028, 'learning_rate': 0.0001, 'epoch': 0.13}
{'loss': 0.2193, 'learning_rate': 0.0001, 'epoch': 0.14}
Saving PEFT checkpoint...
{'loss': 0.3633, 'learning_rate': 0.0001, 'epoch': 0.15}
{'loss': 0.3135, 'learning_rate': 0.0001, 'epoch': 0.15}
{'loss': 0.2766, 'learning_rate': 0.0001, 'epoch': 0.16}
{'loss': 0.2758, 'learning_rate': 0.0001, 'epoch': 0.17}
{'loss': 0.2427, 'learning_rate': 0.0001, 'epoch': 0.17}
{'loss': 0.3272, 'learning_rate': 0.0001, 'epoch': 0.18}
{'loss': 0.3117, 'learning_rate': 0.0001, 'epoch': 0.19}
{'loss': 0.2927, 'learning_rate': 0.0001, 'epoch': 0.19}
{'loss': 0.2521, 'learning_rate': 0.0001, 'epoch': 0.2}
{'loss': 0.2299, 'learning_rate': 0.0001, 'epoch': 0.21}
{'loss': 0.3285, 'learning_rate': 0.0001, 'epoch': 0.22}
{'loss': 0.2861, 'learning_rate': 0.0001, 'epoch': 0.22}
{'loss': 0.2726, 'learning_rate': 0.0001, 'epoch': 0.23}
{'loss': 0.2723, 'learning_rate': 0.0001, 'epoch': 0.24}
{'loss': 0.2298, 'learning_rate': 0.0001, 'epoch': 0.24}
{'loss': 0.2888, 'learning_rate': 0.0001, 'epoch': 0.25}
{'loss': 0.301, 'learning_rate': 0.0001, 'epoch': 0.26}
{'eval_loss': 0.33442968130111694, 'eval_runtime': 1193.254, 'eval_samples_per_second': 0.838, 'eval_steps_per_second': 0.838, 'epoch': 0.26}
{'loss': 0.2665, 'learning_rate': 0.0001, 'epoch': 0.26}
{'loss': 0.2622, 'learning_rate': 0.0001, 'epoch': 0.27}
{'loss': 0.2143, 'learning_rate': 0.0001, 'epoch': 0.28}
Saving PEFT checkpoint...
{'loss': 0.2864, 'learning_rate': 0.0001, 'epoch': 0.29}
{'loss': 0.2932, 'learning_rate': 0.0001, 'epoch': 0.29}
{'loss': 0.26, 'learning_rate': 0.0001, 'epoch': 0.3}
{'loss': 0.2369, 'learning_rate': 0.0001, 'epoch': 0.31}
{'loss': 0.1941, 'learning_rate': 0.0001, 'epoch': 0.31}
{'loss': 0.2968, 'learning_rate': 0.0001, 'epoch': 0.32}
{'loss': 0.3116, 'learning_rate': 0.0001, 'epoch': 0.33}
{'loss': 0.2294, 'learning_rate': 0.0001, 'epoch': 0.33}
{'loss': 0.217, 'learning_rate': 0.0001, 'epoch': 0.34}
{'loss': 0.2075, 'learning_rate': 0.0001, 'epoch': 0.35}
{'loss': 0.3156, 'learning_rate': 0.0001, 'epoch': 0.36}
{'loss': 0.2673, 'learning_rate': 0.0001, 'epoch': 0.36}
{'loss': 0.2446, 'learning_rate': 0.0001, 'epoch': 0.37}
{'loss': 0.2294, 'learning_rate': 0.0001, 'epoch': 0.38}
{'loss': 0.1929, 'learning_rate': 0.0001, 'epoch': 0.38}
{'loss': 0.2834, 'learning_rate': 0.0001, 'epoch': 0.39}
{'eval_loss': 0.32270804047584534, 'eval_runtime': 1193.3394, 'eval_samples_per_second': 0.838, 'eval_steps_per_second': 0.838, 'epoch': 0.39}
{'loss': 0.2611, 'learning_rate': 0.0001, 'epoch': 0.4}
{'loss': 0.23, 'learning_rate': 0.0001, 'epoch': 0.4}
{'loss': 0.1973, 'learning_rate': 0.0001, 'epoch': 0.41}
{'loss': 0.1939, 'learning_rate': 0.0001, 'epoch': 0.42}
Saving PEFT checkpoint...
{'loss': 0.295, 'learning_rate': 0.0001, 'epoch': 0.42}
{'loss': 0.2455, 'learning_rate': 0.0001, 'epoch': 0.43}
{'loss': 0.2432, 'learning_rate': 0.0001, 'epoch': 0.44}
{'loss': 0.2007, 'learning_rate': 0.0001, 'epoch': 0.45}
{'loss': 0.1938, 'learning_rate': 0.0001, 'epoch': 0.45}
{'loss': 0.2629, 'learning_rate': 0.0001, 'epoch': 0.46}
{'loss': 0.2348, 'learning_rate': 0.0001, 'epoch': 0.47}
{'loss': 0.2239, 'learning_rate': 0.0001, 'epoch': 0.47}
{'loss': 0.1898, 'learning_rate': 0.0001, 'epoch': 0.48}
{'loss': 0.196, 'learning_rate': 0.0001, 'epoch': 0.49}
{'loss': 0.2896, 'learning_rate': 0.0001, 'epoch': 0.49}
{'loss': 0.2455, 'learning_rate': 0.0001, 'epoch': 0.5}
{'loss': 0.2162, 'learning_rate': 0.0001, 'epoch': 0.51}
{'loss': 0.1889, 'learning_rate': 0.0001, 'epoch': 0.52}
{'eval_loss': 0.31362253427505493, 'eval_runtime': 1193.5152, 'eval_samples_per_second': 0.838, 'eval_steps_per_second': 0.838, 'epoch': 0.52}
{'loss': 0.2014, 'learning_rate': 0.0001, 'epoch': 0.52}
{'loss': 0.2725, 'learning_rate': 0.0001, 'epoch': 0.53}
{'loss': 0.247, 'learning_rate': 0.0001, 'epoch': 0.54}
{'loss': 0.2097, 'learning_rate': 0.0001, 'epoch': 0.54}
{'loss': 0.1982, 'learning_rate': 0.0001, 'epoch': 0.55}
{'loss': 0.2055, 'learning_rate': 0.0001, 'epoch': 0.56}
Saving PEFT checkpoint...
{'loss': 0.2622, 'learning_rate': 0.0001, 'epoch': 0.56}
{'loss': 0.2299, 'learning_rate': 0.0001, 'epoch': 0.57}
{'loss': 0.2178, 'learning_rate': 0.0001, 'epoch': 0.58}
{'loss': 0.1721, 'learning_rate': 0.0001, 'epoch': 0.58}
{'loss': 0.1732, 'learning_rate': 0.0001, 'epoch': 0.59}
{'loss': 0.2607, 'learning_rate': 0.0001, 'epoch': 0.6}
{'loss': 0.2246, 'learning_rate': 0.0001, 'epoch': 0.61}
{'loss': 0.1987, 'learning_rate': 0.0001, 'epoch': 0.61}
{'loss': 0.1872, 'learning_rate': 0.0001, 'epoch': 0.62}
{'loss': 0.1689, 'learning_rate': 0.0001, 'epoch': 0.63}
{'loss': 0.2402, 'learning_rate': 0.0001, 'epoch': 0.63}
{'loss': 0.2059, 'learning_rate': 0.0001, 'epoch': 0.64}
{'loss': 0.1841, 'learning_rate': 0.0001, 'epoch': 0.65}
{'eval_loss': 0.29820069670677185, 'eval_runtime': 1193.5028, 'eval_samples_per_second': 0.838, 'eval_steps_per_second': 0.838, 'epoch': 0.65}
{'loss': 0.1939, 'learning_rate': 0.0001, 'epoch': 0.65}
{'loss': 0.1801, 'learning_rate': 0.0001, 'epoch': 0.66}
{'loss': 0.2611, 'learning_rate': 0.0001, 'epoch': 0.67}
{'loss': 0.2042, 'learning_rate': 0.0001, 'epoch': 0.68}
{'loss': 0.1805, 'learning_rate': 0.0001, 'epoch': 0.68}
{'loss': 0.1713, 'learning_rate': 0.0001, 'epoch': 0.69}
{'loss': 0.1798, 'learning_rate': 0.0001, 'epoch': 0.7}
Saving PEFT checkpoint...
{'loss': 0.2277, 'learning_rate': 0.0001, 'epoch': 0.7}
{'loss': 0.2182, 'learning_rate': 0.0001, 'epoch': 0.71}
{'loss': 0.1976, 'learning_rate': 0.0001, 'epoch': 0.72}
{'loss': 0.1941, 'learning_rate': 0.0001, 'epoch': 0.72}
{'loss': 0.1786, 'learning_rate': 0.0001, 'epoch': 0.73}
{'loss': 0.2238, 'learning_rate': 0.0001, 'epoch': 0.74}
{'loss': 0.1834, 'learning_rate': 0.0001, 'epoch': 0.75}
{'loss': 0.1738, 'learning_rate': 0.0001, 'epoch': 0.75}
{'loss': 0.1713, 'learning_rate': 0.0001, 'epoch': 0.76}
{'loss': 0.1745, 'learning_rate': 0.0001, 'epoch': 0.77}
{'loss': 0.2333, 'learning_rate': 0.0001, 'epoch': 0.77}
{'loss': 0.1993, 'learning_rate': 0.0001, 'epoch': 0.78}
{'eval_loss': 0.2898034155368805, 'eval_runtime': 1193.4566, 'eval_samples_per_second': 0.838, 'eval_steps_per_second': 0.838, 'epoch': 0.78}
{'loss': 0.1808, 'learning_rate': 0.0001, 'epoch': 0.79}
{'loss': 0.1779, 'learning_rate': 0.0001, 'epoch': 0.79}
{'loss': 0.1646, 'learning_rate': 0.0001, 'epoch': 0.8}
{'loss': 0.2368, 'learning_rate': 0.0001, 'epoch': 0.81}
{'loss': 0.2048, 'learning_rate': 0.0001, 'epoch': 0.81}
{'loss': 0.1756, 'learning_rate': 0.0001, 'epoch': 0.82}
{'loss': 0.1756, 'learning_rate': 0.0001, 'epoch': 0.83}
{'loss': 0.1913, 'learning_rate': 0.0001, 'epoch': 0.84}
Saving PEFT checkpoint...
{'loss': 0.3028, 'learning_rate': 0.0001, 'epoch': 0.84}
{'loss': 0.2925, 'learning_rate': 0.0001, 'epoch': 0.85}
{'loss': 0.283, 'learning_rate': 0.0001, 'epoch': 0.86}
{'loss': 0.224, 'learning_rate': 0.0001, 'epoch': 0.86}
{'loss': 0.2896, 'learning_rate': 0.0001, 'epoch': 0.87}
{'loss': 0.3382, 'learning_rate': 0.0001, 'epoch': 0.88}
{'loss': 0.3087, 'learning_rate': 0.0001, 'epoch': 0.88}
{'loss': 0.3027, 'learning_rate': 0.0001, 'epoch': 0.89}
{'loss': 0.2356, 'learning_rate': 0.0001, 'epoch': 0.9}
{'loss': 0.2278, 'learning_rate': 0.0001, 'epoch': 0.91}
{'eval_loss': 0.26749029755592346, 'eval_runtime': 1278.9618, 'eval_samples_per_second': 0.782, 'eval_steps_per_second': 0.782, 'epoch': 0.91}
{'loss': 0.2983, 'learning_rate': 0.0001, 'epoch': 0.91}
{'loss': 0.2768, 'learning_rate': 0.0001, 'epoch': 0.92}
{'loss': 0.2335, 'learning_rate': 0.0001, 'epoch': 0.93}
{'loss': 0.256, 'learning_rate': 0.0001, 'epoch': 0.93}
{'loss': 0.2727, 'learning_rate': 0.0001, 'epoch': 0.94}
{'loss': 0.2984, 'learning_rate': 0.0001, 'epoch': 0.95}
{'loss': 0.2749, 'learning_rate': 0.0001, 'epoch': 0.95}
{'loss': 0.2384, 'learning_rate': 0.0001, 'epoch': 0.96}
{'loss': 0.2176, 'learning_rate': 0.0001, 'epoch': 0.97}
{'loss': 0.2162, 'learning_rate': 0.0001, 'epoch': 0.97}
Saving PEFT checkpoint...
{'loss': 0.2939, 'learning_rate': 0.0001, 'epoch': 0.98}
{'loss': 0.2755, 'learning_rate': 0.0001, 'epoch': 0.99}
{'loss': 0.2086, 'learning_rate': 0.0001, 'epoch': 1.0}
{'loss': 0.1907, 'learning_rate': 0.0001, 'epoch': 1.0}
{'loss': 0.1489, 'learning_rate': 0.0001, 'epoch': 1.01}
{'loss': 0.1368, 'learning_rate': 0.0001, 'epoch': 1.02}
{'loss': 0.1298, 'learning_rate': 0.0001, 'epoch': 1.02}
{'loss': 0.1237, 'learning_rate': 0.0001, 'epoch': 1.03}
{'loss': 0.1563, 'learning_rate': 0.0001, 'epoch': 1.04}
