Collecting package metadata (current_repodata.json): ...working... done
Solving environment: ...working... done

# All requested packages already installed.

Collecting peft@ git+https://github.com/huggingface/peft.git (from -r requirements.txt (line 3))
  Cloning https://github.com/huggingface/peft.git to /tmp/pip-install-i8g05q4s/peft_e6899068ffd74c72a4e9c27ab2380ad5
  Resolved https://github.com/huggingface/peft.git to commit dbd40d96a15d9b8b04c3582bb9ea00ae24f56348
  Installing build dependencies: started
  Installing build dependencies: finished with status 'done'
  Getting requirements to build wheel: started
  Getting requirements to build wheel: finished with status 'done'
  Preparing metadata (pyproject.toml): started
  Preparing metadata (pyproject.toml): finished with status 'done'
Collecting accelerate@ git+https://github.com/huggingface/accelerate.git (from -r requirements.txt (line 4))
  Cloning https://github.com/huggingface/accelerate.git to /tmp/pip-install-i8g05q4s/accelerate_ec11b086f2844820a2bf2073955ab076
  Resolved https://github.com/huggingface/accelerate.git to commit 5ae611118057232f441055f7ef9ba0b0f2b8d533
  Installing build dependencies: started
  Installing build dependencies: finished with status 'done'
  Getting requirements to build wheel: started
  Getting requirements to build wheel: finished with status 'done'
  Preparing metadata (pyproject.toml): started
  Preparing metadata (pyproject.toml): finished with status 'done'
Requirement already satisfied: bitsandbytes==0.41.1 in /sfs/qumulo/qhome/brc4cb/.conda/envs/falcon_40B/lib/python3.9/site-packages (from -r requirements.txt (line 1)) (0.41.1)
Requirement already satisfied: transformers==4.33.2 in /sfs/qumulo/qhome/brc4cb/.conda/envs/falcon_40B/lib/python3.9/site-packages (from -r requirements.txt (line 2)) (4.33.2)
Requirement already satisfied: einops==0.6.1 in /sfs/qumulo/qhome/brc4cb/.conda/envs/falcon_40B/lib/python3.9/site-packages (from -r requirements.txt (line 5)) (0.6.1)
Requirement already satisfied: evaluate==0.4.0 in /sfs/qumulo/qhome/brc4cb/.conda/envs/falcon_40B/lib/python3.9/site-packages (from -r requirements.txt (line 6)) (0.4.0)
Requirement already satisfied: scikit-learn==1.2.2 in /sfs/qumulo/qhome/brc4cb/.conda/envs/falcon_40B/lib/python3.9/site-packages (from -r requirements.txt (line 7)) (1.2.2)
Requirement already satisfied: scipy==1.11.1 in /sfs/qumulo/qhome/brc4cb/.conda/envs/falcon_40B/lib/python3.9/site-packages (from -r requirements.txt (line 8)) (1.11.1)
Requirement already satisfied: sentencepiece==0.1.99 in /sfs/qumulo/qhome/brc4cb/.conda/envs/falcon_40B/lib/python3.9/site-packages (from -r requirements.txt (line 9)) (0.1.99)
Requirement already satisfied: wandb==0.15.3 in /sfs/qumulo/qhome/brc4cb/.conda/envs/falcon_40B/lib/python3.9/site-packages (from -r requirements.txt (line 10)) (0.15.3)
Requirement already satisfied: dash==2.11.1 in /sfs/qumulo/qhome/brc4cb/.conda/envs/falcon_40B/lib/python3.9/site-packages (from -r requirements.txt (line 11)) (2.11.1)
Requirement already satisfied: jupyter-dash==0.4.2 in /sfs/qumulo/qhome/brc4cb/.conda/envs/falcon_40B/lib/python3.9/site-packages (from -r requirements.txt (line 13)) (0.4.2)
Requirement already satisfied: dash-bootstrap-components==1.2.1 in /sfs/qumulo/qhome/brc4cb/.conda/envs/falcon_40B/lib/python3.9/site-packages (from -r requirements.txt (line 15)) (1.2.1)
Requirement already satisfied: dash-table-experiments==0.6.0 in /sfs/qumulo/qhome/brc4cb/.conda/envs/falcon_40B/lib/python3.9/site-packages (from -r requirements.txt (line 17)) (0.6.0)
Requirement already satisfied: pymongo==4.3.2 in /sfs/qumulo/qhome/brc4cb/.conda/envs/falcon_40B/lib/python3.9/site-packages (from -r requirements.txt (line 19)) (4.3.2)
Requirement already satisfied: lxml==4.9.1 in /sfs/qumulo/qhome/brc4cb/.conda/envs/falcon_40B/lib/python3.9/site-packages (from -r requirements.txt (line 21)) (4.9.1)
Requirement already satisfied: plotly-express==0.4.1 in /sfs/qumulo/qhome/brc4cb/.conda/envs/falcon_40B/lib/python3.9/site-packages (from -r requirements.txt (line 23)) (0.4.1)
Requirement already satisfied: huggingface_hub==0.16.4 in /sfs/qumulo/qhome/brc4cb/.conda/envs/falcon_40B/lib/python3.9/site-packages (from -r requirements.txt (line 25)) (0.16.4)
Requirement already satisfied: numpy==1.25.2 in /sfs/qumulo/qhome/brc4cb/.conda/envs/falcon_40B/lib/python3.9/site-packages (from -r requirements.txt (line 27)) (1.25.2)
Requirement already satisfied: pandas==2.0.3 in /sfs/qumulo/qhome/brc4cb/.conda/envs/falcon_40B/lib/python3.9/site-packages (from -r requirements.txt (line 29)) (2.0.3)
Requirement already satisfied: filelock in /sfs/qumulo/qhome/brc4cb/.conda/envs/falcon_40B/lib/python3.9/site-packages (from transformers==4.33.2->-r requirements.txt (line 2)) (3.9.0)
Requirement already satisfied: packaging>=20.0 in /sfs/qumulo/qhome/brc4cb/.conda/envs/falcon_40B/lib/python3.9/site-packages (from transformers==4.33.2->-r requirements.txt (line 2)) (23.1)
Requirement already satisfied: pyyaml>=5.1 in /sfs/qumulo/qhome/brc4cb/.conda/envs/falcon_40B/lib/python3.9/site-packages (from transformers==4.33.2->-r requirements.txt (line 2)) (6.0)
Requirement already satisfied: regex!=2019.12.17 in /sfs/qumulo/qhome/brc4cb/.conda/envs/falcon_40B/lib/python3.9/site-packages (from transformers==4.33.2->-r requirements.txt (line 2)) (2023.6.3)
Requirement already satisfied: requests in /sfs/qumulo/qhome/brc4cb/.conda/envs/falcon_40B/lib/python3.9/site-packages (from transformers==4.33.2->-r requirements.txt (line 2)) (2.31.0)
Requirement already satisfied: tokenizers!=0.11.3,<0.14,>=0.11.1 in /sfs/qumulo/qhome/brc4cb/.conda/envs/falcon_40B/lib/python3.9/site-packages (from transformers==4.33.2->-r requirements.txt (line 2)) (0.13.3)
Requirement already satisfied: safetensors>=0.3.1 in /sfs/qumulo/qhome/brc4cb/.conda/envs/falcon_40B/lib/python3.9/site-packages (from transformers==4.33.2->-r requirements.txt (line 2)) (0.3.1)
Requirement already satisfied: tqdm>=4.27 in /sfs/qumulo/qhome/brc4cb/.conda/envs/falcon_40B/lib/python3.9/site-packages (from transformers==4.33.2->-r requirements.txt (line 2)) (4.65.0)
Requirement already satisfied: datasets>=2.0.0 in /sfs/qumulo/qhome/brc4cb/.conda/envs/falcon_40B/lib/python3.9/site-packages (from evaluate==0.4.0->-r requirements.txt (line 6)) (2.13.1)
Requirement already satisfied: dill in /sfs/qumulo/qhome/brc4cb/.conda/envs/falcon_40B/lib/python3.9/site-packages (from evaluate==0.4.0->-r requirements.txt (line 6)) (0.3.6)
Requirement already satisfied: xxhash in /sfs/qumulo/qhome/brc4cb/.conda/envs/falcon_40B/lib/python3.9/site-packages (from evaluate==0.4.0->-r requirements.txt (line 6)) (3.2.0)
Requirement already satisfied: multiprocess in /sfs/qumulo/qhome/brc4cb/.conda/envs/falcon_40B/lib/python3.9/site-packages (from evaluate==0.4.0->-r requirements.txt (line 6)) (0.70.14)
Requirement already satisfied: fsspec[http]>=2021.05.0 in /sfs/qumulo/qhome/brc4cb/.conda/envs/falcon_40B/lib/python3.9/site-packages (from evaluate==0.4.0->-r requirements.txt (line 6)) (2023.4.0)
Requirement already satisfied: responses<0.19 in /sfs/qumulo/qhome/brc4cb/.conda/envs/falcon_40B/lib/python3.9/site-packages (from evaluate==0.4.0->-r requirements.txt (line 6)) (0.18.0)
Requirement already satisfied: joblib>=1.1.1 in /sfs/qumulo/qhome/brc4cb/.conda/envs/falcon_40B/lib/python3.9/site-packages (from scikit-learn==1.2.2->-r requirements.txt (line 7)) (1.2.0)
Requirement already satisfied: threadpoolctl>=2.0.0 in /sfs/qumulo/qhome/brc4cb/.conda/envs/falcon_40B/lib/python3.9/site-packages (from scikit-learn==1.2.2->-r requirements.txt (line 7)) (3.1.0)
Requirement already satisfied: Click!=8.0.0,>=7.0 in /sfs/qumulo/qhome/brc4cb/.conda/envs/falcon_40B/lib/python3.9/site-packages (from wandb==0.15.3->-r requirements.txt (line 10)) (8.0.4)
Requirement already satisfied: GitPython!=3.1.29,>=1.0.0 in /sfs/qumulo/qhome/brc4cb/.conda/envs/falcon_40B/lib/python3.9/site-packages (from wandb==0.15.3->-r requirements.txt (line 10)) (3.1.31)
Requirement already satisfied: psutil>=5.0.0 in /sfs/qumulo/qhome/brc4cb/.conda/envs/falcon_40B/lib/python3.9/site-packages (from wandb==0.15.3->-r requirements.txt (line 10)) (5.9.5)
Requirement already satisfied: sentry-sdk>=1.0.0 in /sfs/qumulo/qhome/brc4cb/.conda/envs/falcon_40B/lib/python3.9/site-packages (from wandb==0.15.3->-r requirements.txt (line 10)) (1.26.0)
Requirement already satisfied: docker-pycreds>=0.4.0 in /sfs/qumulo/qhome/brc4cb/.conda/envs/falcon_40B/lib/python3.9/site-packages (from wandb==0.15.3->-r requirements.txt (line 10)) (0.4.0)
Requirement already satisfied: pathtools in /sfs/qumulo/qhome/brc4cb/.conda/envs/falcon_40B/lib/python3.9/site-packages (from wandb==0.15.3->-r requirements.txt (line 10)) (0.1.2)
Requirement already satisfied: setproctitle in /sfs/qumulo/qhome/brc4cb/.conda/envs/falcon_40B/lib/python3.9/site-packages (from wandb==0.15.3->-r requirements.txt (line 10)) (1.3.2)
Requirement already satisfied: setuptools in /sfs/qumulo/qhome/brc4cb/.conda/envs/falcon_40B/lib/python3.9/site-packages (from wandb==0.15.3->-r requirements.txt (line 10)) (67.8.0)
Requirement already satisfied: appdirs>=1.4.3 in /sfs/qumulo/qhome/brc4cb/.conda/envs/falcon_40B/lib/python3.9/site-packages (from wandb==0.15.3->-r requirements.txt (line 10)) (1.4.4)
Requirement already satisfied: typing-extensions in /sfs/qumulo/qhome/brc4cb/.conda/envs/falcon_40B/lib/python3.9/site-packages (from wandb==0.15.3->-r requirements.txt (line 10)) (4.4.0)
Requirement already satisfied: protobuf!=4.21.0,<5,>=3.15.0 in /sfs/qumulo/qhome/brc4cb/.conda/envs/falcon_40B/lib/python3.9/site-packages (from wandb==0.15.3->-r requirements.txt (line 10)) (4.23.3)
Requirement already satisfied: Flask<2.3.0,>=1.0.4 in /sfs/qumulo/qhome/brc4cb/.conda/envs/falcon_40B/lib/python3.9/site-packages (from dash==2.11.1->-r requirements.txt (line 11)) (2.2.5)
Requirement already satisfied: Werkzeug<2.3.0 in /sfs/qumulo/qhome/brc4cb/.conda/envs/falcon_40B/lib/python3.9/site-packages (from dash==2.11.1->-r requirements.txt (line 11)) (2.2.3)
Requirement already satisfied: plotly>=5.0.0 in /sfs/qumulo/qhome/brc4cb/.conda/envs/falcon_40B/lib/python3.9/site-packages (from dash==2.11.1->-r requirements.txt (line 11)) (5.15.0)
Requirement already satisfied: dash-html-components==2.0.0 in /sfs/qumulo/qhome/brc4cb/.conda/envs/falcon_40B/lib/python3.9/site-packages (from dash==2.11.1->-r requirements.txt (line 11)) (2.0.0)
Requirement already satisfied: dash-core-components==2.0.0 in /sfs/qumulo/qhome/brc4cb/.conda/envs/falcon_40B/lib/python3.9/site-packages (from dash==2.11.1->-r requirements.txt (line 11)) (2.0.0)
Requirement already satisfied: dash-table==5.0.0 in /sfs/qumulo/qhome/brc4cb/.conda/envs/falcon_40B/lib/python3.9/site-packages (from dash==2.11.1->-r requirements.txt (line 11)) (5.0.0)
Requirement already satisfied: retrying in /sfs/qumulo/qhome/brc4cb/.conda/envs/falcon_40B/lib/python3.9/site-packages (from dash==2.11.1->-r requirements.txt (line 11)) (1.3.4)
Requirement already satisfied: ansi2html in /sfs/qumulo/qhome/brc4cb/.conda/envs/falcon_40B/lib/python3.9/site-packages (from dash==2.11.1->-r requirements.txt (line 11)) (1.8.0)
Requirement already satisfied: nest-asyncio in /sfs/qumulo/qhome/brc4cb/.conda/envs/falcon_40B/lib/python3.9/site-packages (from dash==2.11.1->-r requirements.txt (line 11)) (1.5.6)
Requirement already satisfied: ipython in /sfs/qumulo/qhome/brc4cb/.conda/envs/falcon_40B/lib/python3.9/site-packages (from jupyter-dash==0.4.2->-r requirements.txt (line 13)) (8.14.0)
Requirement already satisfied: ipykernel in /sfs/qumulo/qhome/brc4cb/.conda/envs/falcon_40B/lib/python3.9/site-packages (from jupyter-dash==0.4.2->-r requirements.txt (line 13)) (6.24.0)
Requirement already satisfied: dnspython<3.0.0,>=1.16.0 in /sfs/qumulo/qhome/brc4cb/.conda/envs/falcon_40B/lib/python3.9/site-packages (from pymongo==4.3.2->-r requirements.txt (line 19)) (2.3.0)
Requirement already satisfied: statsmodels>=0.9.0 in /sfs/qumulo/qhome/brc4cb/.conda/envs/falcon_40B/lib/python3.9/site-packages (from plotly-express==0.4.1->-r requirements.txt (line 23)) (0.14.0)
Requirement already satisfied: patsy>=0.5 in /sfs/qumulo/qhome/brc4cb/.conda/envs/falcon_40B/lib/python3.9/site-packages (from plotly-express==0.4.1->-r requirements.txt (line 23)) (0.5.3)
Requirement already satisfied: python-dateutil>=2.8.2 in /sfs/qumulo/qhome/brc4cb/.conda/envs/falcon_40B/lib/python3.9/site-packages (from pandas==2.0.3->-r requirements.txt (line 29)) (2.8.2)
Requirement already satisfied: pytz>=2020.1 in /sfs/qumulo/qhome/brc4cb/.conda/envs/falcon_40B/lib/python3.9/site-packages (from pandas==2.0.3->-r requirements.txt (line 29)) (2023.3)
Requirement already satisfied: tzdata>=2022.1 in /sfs/qumulo/qhome/brc4cb/.conda/envs/falcon_40B/lib/python3.9/site-packages (from pandas==2.0.3->-r requirements.txt (line 29)) (2023.3)
Requirement already satisfied: torch>=1.13.0 in /sfs/qumulo/qhome/brc4cb/.conda/envs/falcon_40B/lib/python3.9/site-packages (from peft@ git+https://github.com/huggingface/peft.git->-r requirements.txt (line 3)) (2.1.0)
Requirement already satisfied: pyarrow>=8.0.0 in /sfs/qumulo/qhome/brc4cb/.conda/envs/falcon_40B/lib/python3.9/site-packages (from datasets>=2.0.0->evaluate==0.4.0->-r requirements.txt (line 6)) (12.0.1)
Requirement already satisfied: aiohttp in /sfs/qumulo/qhome/brc4cb/.conda/envs/falcon_40B/lib/python3.9/site-packages (from datasets>=2.0.0->evaluate==0.4.0->-r requirements.txt (line 6)) (3.8.4)
Requirement already satisfied: six>=1.4.0 in /sfs/qumulo/qhome/brc4cb/.conda/envs/falcon_40B/lib/python3.9/site-packages (from docker-pycreds>=0.4.0->wandb==0.15.3->-r requirements.txt (line 10)) (1.16.0)
Requirement already satisfied: Jinja2>=3.0 in /sfs/qumulo/qhome/brc4cb/.conda/envs/falcon_40B/lib/python3.9/site-packages (from Flask<2.3.0,>=1.0.4->dash==2.11.1->-r requirements.txt (line 11)) (3.1.2)
Requirement already satisfied: itsdangerous>=2.0 in /sfs/qumulo/qhome/brc4cb/.conda/envs/falcon_40B/lib/python3.9/site-packages (from Flask<2.3.0,>=1.0.4->dash==2.11.1->-r requirements.txt (line 11)) (2.1.2)
Requirement already satisfied: importlib-metadata>=3.6.0 in /sfs/qumulo/qhome/brc4cb/.conda/envs/falcon_40B/lib/python3.9/site-packages (from Flask<2.3.0,>=1.0.4->dash==2.11.1->-r requirements.txt (line 11)) (6.8.0)
Requirement already satisfied: gitdb<5,>=4.0.1 in /sfs/qumulo/qhome/brc4cb/.conda/envs/falcon_40B/lib/python3.9/site-packages (from GitPython!=3.1.29,>=1.0.0->wandb==0.15.3->-r requirements.txt (line 10)) (4.0.10)
Requirement already satisfied: tenacity>=6.2.0 in /sfs/qumulo/qhome/brc4cb/.conda/envs/falcon_40B/lib/python3.9/site-packages (from plotly>=5.0.0->dash==2.11.1->-r requirements.txt (line 11)) (8.2.2)
Requirement already satisfied: charset-normalizer<4,>=2 in /sfs/qumulo/qhome/brc4cb/.conda/envs/falcon_40B/lib/python3.9/site-packages (from requests->transformers==4.33.2->-r requirements.txt (line 2)) (3.1.0)
Requirement already satisfied: idna<4,>=2.5 in /sfs/qumulo/qhome/brc4cb/.conda/envs/falcon_40B/lib/python3.9/site-packages (from requests->transformers==4.33.2->-r requirements.txt (line 2)) (3.4)
Requirement already satisfied: urllib3<3,>=1.21.1 in /sfs/qumulo/qhome/brc4cb/.conda/envs/falcon_40B/lib/python3.9/site-packages (from requests->transformers==4.33.2->-r requirements.txt (line 2)) (2.0.3)
Requirement already satisfied: certifi>=2017.4.17 in /sfs/qumulo/qhome/brc4cb/.conda/envs/falcon_40B/lib/python3.9/site-packages (from requests->transformers==4.33.2->-r requirements.txt (line 2)) (2023.5.7)
Requirement already satisfied: sympy in /sfs/qumulo/qhome/brc4cb/.conda/envs/falcon_40B/lib/python3.9/site-packages (from torch>=1.13.0->peft@ git+https://github.com/huggingface/peft.git->-r requirements.txt (line 3)) (1.11.1)
Requirement already satisfied: networkx in /sfs/qumulo/qhome/brc4cb/.conda/envs/falcon_40B/lib/python3.9/site-packages (from torch>=1.13.0->peft@ git+https://github.com/huggingface/peft.git->-r requirements.txt (line 3)) (3.0rc1)
Requirement already satisfied: nvidia-cuda-nvrtc-cu12==12.1.105 in /sfs/qumulo/qhome/brc4cb/.conda/envs/falcon_40B/lib/python3.9/site-packages (from torch>=1.13.0->peft@ git+https://github.com/huggingface/peft.git->-r requirements.txt (line 3)) (12.1.105)
Requirement already satisfied: nvidia-cuda-runtime-cu12==12.1.105 in /sfs/qumulo/qhome/brc4cb/.conda/envs/falcon_40B/lib/python3.9/site-packages (from torch>=1.13.0->peft@ git+https://github.com/huggingface/peft.git->-r requirements.txt (line 3)) (12.1.105)
Requirement already satisfied: nvidia-cuda-cupti-cu12==12.1.105 in /sfs/qumulo/qhome/brc4cb/.conda/envs/falcon_40B/lib/python3.9/site-packages (from torch>=1.13.0->peft@ git+https://github.com/huggingface/peft.git->-r requirements.txt (line 3)) (12.1.105)
Requirement already satisfied: nvidia-cudnn-cu12==8.9.2.26 in /sfs/qumulo/qhome/brc4cb/.conda/envs/falcon_40B/lib/python3.9/site-packages (from torch>=1.13.0->peft@ git+https://github.com/huggingface/peft.git->-r requirements.txt (line 3)) (8.9.2.26)
Requirement already satisfied: nvidia-cublas-cu12==12.1.3.1 in /sfs/qumulo/qhome/brc4cb/.conda/envs/falcon_40B/lib/python3.9/site-packages (from torch>=1.13.0->peft@ git+https://github.com/huggingface/peft.git->-r requirements.txt (line 3)) (12.1.3.1)
Requirement already satisfied: nvidia-cufft-cu12==11.0.2.54 in /sfs/qumulo/qhome/brc4cb/.conda/envs/falcon_40B/lib/python3.9/site-packages (from torch>=1.13.0->peft@ git+https://github.com/huggingface/peft.git->-r requirements.txt (line 3)) (11.0.2.54)
Requirement already satisfied: nvidia-curand-cu12==10.3.2.106 in /sfs/qumulo/qhome/brc4cb/.conda/envs/falcon_40B/lib/python3.9/site-packages (from torch>=1.13.0->peft@ git+https://github.com/huggingface/peft.git->-r requirements.txt (line 3)) (10.3.2.106)
Requirement already satisfied: nvidia-cusolver-cu12==11.4.5.107 in /sfs/qumulo/qhome/brc4cb/.conda/envs/falcon_40B/lib/python3.9/site-packages (from torch>=1.13.0->peft@ git+https://github.com/huggingface/peft.git->-r requirements.txt (line 3)) (11.4.5.107)
Requirement already satisfied: nvidia-cusparse-cu12==12.1.0.106 in /sfs/qumulo/qhome/brc4cb/.conda/envs/falcon_40B/lib/python3.9/site-packages (from torch>=1.13.0->peft@ git+https://github.com/huggingface/peft.git->-r requirements.txt (line 3)) (12.1.0.106)
Requirement already satisfied: nvidia-nccl-cu12==2.18.1 in /sfs/qumulo/qhome/brc4cb/.conda/envs/falcon_40B/lib/python3.9/site-packages (from torch>=1.13.0->peft@ git+https://github.com/huggingface/peft.git->-r requirements.txt (line 3)) (2.18.1)
Requirement already satisfied: nvidia-nvtx-cu12==12.1.105 in /sfs/qumulo/qhome/brc4cb/.conda/envs/falcon_40B/lib/python3.9/site-packages (from torch>=1.13.0->peft@ git+https://github.com/huggingface/peft.git->-r requirements.txt (line 3)) (12.1.105)
Requirement already satisfied: triton==2.1.0 in /sfs/qumulo/qhome/brc4cb/.conda/envs/falcon_40B/lib/python3.9/site-packages (from torch>=1.13.0->peft@ git+https://github.com/huggingface/peft.git->-r requirements.txt (line 3)) (2.1.0)
Requirement already satisfied: nvidia-nvjitlink-cu12 in /sfs/qumulo/qhome/brc4cb/.conda/envs/falcon_40B/lib/python3.9/site-packages (from nvidia-cusolver-cu12==11.4.5.107->torch>=1.13.0->peft@ git+https://github.com/huggingface/peft.git->-r requirements.txt (line 3)) (12.2.140)
Requirement already satisfied: MarkupSafe>=2.1.1 in /sfs/qumulo/qhome/brc4cb/.conda/envs/falcon_40B/lib/python3.9/site-packages (from Werkzeug<2.3.0->dash==2.11.1->-r requirements.txt (line 11)) (2.1.2)
Requirement already satisfied: comm>=0.1.1 in /sfs/qumulo/qhome/brc4cb/.conda/envs/falcon_40B/lib/python3.9/site-packages (from ipykernel->jupyter-dash==0.4.2->-r requirements.txt (line 13)) (0.1.3)
Requirement already satisfied: debugpy>=1.6.5 in /sfs/qumulo/qhome/brc4cb/.conda/envs/falcon_40B/lib/python3.9/site-packages (from ipykernel->jupyter-dash==0.4.2->-r requirements.txt (line 13)) (1.6.7)
Requirement already satisfied: jupyter-client>=6.1.12 in /sfs/qumulo/qhome/brc4cb/.conda/envs/falcon_40B/lib/python3.9/site-packages (from ipykernel->jupyter-dash==0.4.2->-r requirements.txt (line 13)) (8.3.0)
Requirement already satisfied: jupyter-core!=5.0.*,>=4.12 in /sfs/qumulo/qhome/brc4cb/.conda/envs/falcon_40B/lib/python3.9/site-packages (from ipykernel->jupyter-dash==0.4.2->-r requirements.txt (line 13)) (5.3.1)
Requirement already satisfied: matplotlib-inline>=0.1 in /sfs/qumulo/qhome/brc4cb/.conda/envs/falcon_40B/lib/python3.9/site-packages (from ipykernel->jupyter-dash==0.4.2->-r requirements.txt (line 13)) (0.1.6)
Requirement already satisfied: pyzmq>=20 in /sfs/qumulo/qhome/brc4cb/.conda/envs/falcon_40B/lib/python3.9/site-packages (from ipykernel->jupyter-dash==0.4.2->-r requirements.txt (line 13)) (25.1.0)
Requirement already satisfied: tornado>=6.1 in /sfs/qumulo/qhome/brc4cb/.conda/envs/falcon_40B/lib/python3.9/site-packages (from ipykernel->jupyter-dash==0.4.2->-r requirements.txt (line 13)) (6.3.2)
Requirement already satisfied: traitlets>=5.4.0 in /sfs/qumulo/qhome/brc4cb/.conda/envs/falcon_40B/lib/python3.9/site-packages (from ipykernel->jupyter-dash==0.4.2->-r requirements.txt (line 13)) (5.9.0)
Requirement already satisfied: backcall in /sfs/qumulo/qhome/brc4cb/.conda/envs/falcon_40B/lib/python3.9/site-packages (from ipython->jupyter-dash==0.4.2->-r requirements.txt (line 13)) (0.2.0)
Requirement already satisfied: decorator in /sfs/qumulo/qhome/brc4cb/.conda/envs/falcon_40B/lib/python3.9/site-packages (from ipython->jupyter-dash==0.4.2->-r requirements.txt (line 13)) (5.1.1)
Requirement already satisfied: jedi>=0.16 in /sfs/qumulo/qhome/brc4cb/.conda/envs/falcon_40B/lib/python3.9/site-packages (from ipython->jupyter-dash==0.4.2->-r requirements.txt (line 13)) (0.18.2)
Requirement already satisfied: pickleshare in /sfs/qumulo/qhome/brc4cb/.conda/envs/falcon_40B/lib/python3.9/site-packages (from ipython->jupyter-dash==0.4.2->-r requirements.txt (line 13)) (0.7.5)
Requirement already satisfied: prompt-toolkit!=3.0.37,<3.1.0,>=3.0.30 in /sfs/qumulo/qhome/brc4cb/.conda/envs/falcon_40B/lib/python3.9/site-packages (from ipython->jupyter-dash==0.4.2->-r requirements.txt (line 13)) (3.0.39)
Requirement already satisfied: pygments>=2.4.0 in /sfs/qumulo/qhome/brc4cb/.conda/envs/falcon_40B/lib/python3.9/site-packages (from ipython->jupyter-dash==0.4.2->-r requirements.txt (line 13)) (2.15.1)
Requirement already satisfied: stack-data in /sfs/qumulo/qhome/brc4cb/.conda/envs/falcon_40B/lib/python3.9/site-packages (from ipython->jupyter-dash==0.4.2->-r requirements.txt (line 13)) (0.6.2)
Requirement already satisfied: pexpect>4.3 in /sfs/qumulo/qhome/brc4cb/.conda/envs/falcon_40B/lib/python3.9/site-packages (from ipython->jupyter-dash==0.4.2->-r requirements.txt (line 13)) (4.8.0)
Requirement already satisfied: attrs>=17.3.0 in /sfs/qumulo/qhome/brc4cb/.conda/envs/falcon_40B/lib/python3.9/site-packages (from aiohttp->datasets>=2.0.0->evaluate==0.4.0->-r requirements.txt (line 6)) (23.1.0)
Requirement already satisfied: multidict<7.0,>=4.5 in /sfs/qumulo/qhome/brc4cb/.conda/envs/falcon_40B/lib/python3.9/site-packages (from aiohttp->datasets>=2.0.0->evaluate==0.4.0->-r requirements.txt (line 6)) (6.0.4)
Requirement already satisfied: async-timeout<5.0,>=4.0.0a3 in /sfs/qumulo/qhome/brc4cb/.conda/envs/falcon_40B/lib/python3.9/site-packages (from aiohttp->datasets>=2.0.0->evaluate==0.4.0->-r requirements.txt (line 6)) (4.0.2)
Requirement already satisfied: yarl<2.0,>=1.0 in /sfs/qumulo/qhome/brc4cb/.conda/envs/falcon_40B/lib/python3.9/site-packages (from aiohttp->datasets>=2.0.0->evaluate==0.4.0->-r requirements.txt (line 6)) (1.9.2)
Requirement already satisfied: frozenlist>=1.1.1 in /sfs/qumulo/qhome/brc4cb/.conda/envs/falcon_40B/lib/python3.9/site-packages (from aiohttp->datasets>=2.0.0->evaluate==0.4.0->-r requirements.txt (line 6)) (1.3.3)
Requirement already satisfied: aiosignal>=1.1.2 in /sfs/qumulo/qhome/brc4cb/.conda/envs/falcon_40B/lib/python3.9/site-packages (from aiohttp->datasets>=2.0.0->evaluate==0.4.0->-r requirements.txt (line 6)) (1.3.1)
Requirement already satisfied: smmap<6,>=3.0.1 in /sfs/qumulo/qhome/brc4cb/.conda/envs/falcon_40B/lib/python3.9/site-packages (from gitdb<5,>=4.0.1->GitPython!=3.1.29,>=1.0.0->wandb==0.15.3->-r requirements.txt (line 10)) (5.0.0)
Requirement already satisfied: zipp>=0.5 in /sfs/qumulo/qhome/brc4cb/.conda/envs/falcon_40B/lib/python3.9/site-packages (from importlib-metadata>=3.6.0->Flask<2.3.0,>=1.0.4->dash==2.11.1->-r requirements.txt (line 11)) (3.15.0)
Requirement already satisfied: parso<0.9.0,>=0.8.0 in /sfs/qumulo/qhome/brc4cb/.conda/envs/falcon_40B/lib/python3.9/site-packages (from jedi>=0.16->ipython->jupyter-dash==0.4.2->-r requirements.txt (line 13)) (0.8.3)
Requirement already satisfied: platformdirs>=2.5 in /sfs/qumulo/qhome/brc4cb/.conda/envs/falcon_40B/lib/python3.9/site-packages (from jupyter-core!=5.0.*,>=4.12->ipykernel->jupyter-dash==0.4.2->-r requirements.txt (line 13)) (3.8.1)
Requirement already satisfied: ptyprocess>=0.5 in /sfs/qumulo/qhome/brc4cb/.conda/envs/falcon_40B/lib/python3.9/site-packages (from pexpect>4.3->ipython->jupyter-dash==0.4.2->-r requirements.txt (line 13)) (0.7.0)
Requirement already satisfied: wcwidth in /sfs/qumulo/qhome/brc4cb/.conda/envs/falcon_40B/lib/python3.9/site-packages (from prompt-toolkit!=3.0.37,<3.1.0,>=3.0.30->ipython->jupyter-dash==0.4.2->-r requirements.txt (line 13)) (0.2.6)
Requirement already satisfied: executing>=1.2.0 in /sfs/qumulo/qhome/brc4cb/.conda/envs/falcon_40B/lib/python3.9/site-packages (from stack-data->ipython->jupyter-dash==0.4.2->-r requirements.txt (line 13)) (1.2.0)
Requirement already satisfied: asttokens>=2.1.0 in /sfs/qumulo/qhome/brc4cb/.conda/envs/falcon_40B/lib/python3.9/site-packages (from stack-data->ipython->jupyter-dash==0.4.2->-r requirements.txt (line 13)) (2.2.1)
Requirement already satisfied: pure-eval in /sfs/qumulo/qhome/brc4cb/.conda/envs/falcon_40B/lib/python3.9/site-packages (from stack-data->ipython->jupyter-dash==0.4.2->-r requirements.txt (line 13)) (0.2.2)
Requirement already satisfied: mpmath>=0.19 in /sfs/qumulo/qhome/brc4cb/.conda/envs/falcon_40B/lib/python3.9/site-packages (from sympy->torch>=1.13.0->peft@ git+https://github.com/huggingface/peft.git->-r requirements.txt (line 3)) (1.2.1)
Collecting package metadata (current_repodata.json): ...working... done
Solving environment: ...working... done

# All requested packages already installed.

token loaded
Token will not been saved to git credential helper. Pass `add_to_git_credential=True` if you want to set the git credential as well.
Token is valid (permission: read).
Your token has been saved to /home/brc4cb/.cache/huggingface/token
Login successful
loading base model TIGER-Lab/MAmmoTH-70B...
adding LoRA modules...
trainable params: 414187520.0 || all params: 35579518976 || trainable: 1.1641178181171823
loaded model
Adding special tokens.
Downloading and preparing dataset json/default to /home/brc4cb/.cache/huggingface/datasets/json/default-89e3a758ff0554db/0.0.0...
Dataset json downloaded and prepared to /home/brc4cb/.cache/huggingface/datasets/json/default-89e3a758ff0554db/0.0.0. Subsequent calls will reuse this data.
Splitting train dataset in train and validation according to `eval_dataset_size`
torch.bfloat16 1352679424 0.038018485435748685
torch.uint8 34225520640 0.9619444451479703
torch.float32 1318912 3.706941628102578e-05
{'loss': 0.7457, 'learning_rate': 0.0001, 'epoch': 0.01}
{'loss': 0.577, 'learning_rate': 0.0001, 'epoch': 0.01}
{'loss': 0.542, 'learning_rate': 0.0001, 'epoch': 0.02}
{'loss': 0.5126, 'learning_rate': 0.0001, 'epoch': 0.03}
{'loss': 0.5143, 'learning_rate': 0.0001, 'epoch': 0.04}
{'loss': 0.504, 'learning_rate': 0.0001, 'epoch': 0.04}
{'loss': 0.5267, 'learning_rate': 0.0001, 'epoch': 0.05}
{'loss': 0.5099, 'learning_rate': 0.0001, 'epoch': 0.06}
{'loss': 0.4995, 'learning_rate': 0.0001, 'epoch': 0.07}
{'loss': 0.5045, 'learning_rate': 0.0001, 'epoch': 0.07}
{'loss': 0.5269, 'learning_rate': 0.0001, 'epoch': 0.08}
{'loss': 0.5117, 'learning_rate': 0.0001, 'epoch': 0.09}
{'loss': 0.4945, 'learning_rate': 0.0001, 'epoch': 0.09}
{'loss': 0.489, 'learning_rate': 0.0001, 'epoch': 0.1}
{'loss': 0.4565, 'learning_rate': 0.0001, 'epoch': 0.11}
{'loss': 0.5177, 'learning_rate': 0.0001, 'epoch': 0.12}
{'loss': 0.5024, 'learning_rate': 0.0001, 'epoch': 0.12}
{'loss': 0.4832, 'learning_rate': 0.0001, 'epoch': 0.13}
{'eval_loss': 0.47924941778182983, 'eval_runtime': 1185.6622, 'eval_samples_per_second': 0.843, 'eval_steps_per_second': 0.843, 'epoch': 0.14}
{'loss': 0.4713, 'learning_rate': 0.0001, 'epoch': 0.14}
{'loss': 0.4912, 'learning_rate': 0.0001, 'epoch': 0.15}
{'loss': 0.4863, 'learning_rate': 0.0001, 'epoch': 0.15}
{'loss': 0.4937, 'learning_rate': 0.0001, 'epoch': 0.16}
{'loss': 0.4922, 'learning_rate': 0.0001, 'epoch': 0.17}
{'loss': 0.4982, 'learning_rate': 0.0001, 'epoch': 0.17}
{'loss': 0.4633, 'learning_rate': 0.0001, 'epoch': 0.18}
Saving PEFT checkpoint...
{'loss': 0.4866, 'learning_rate': 0.0001, 'epoch': 0.19}
{'loss': 0.4929, 'learning_rate': 0.0001, 'epoch': 0.2}
{'loss': 0.4976, 'learning_rate': 0.0001, 'epoch': 0.2}
{'loss': 0.4675, 'learning_rate': 0.0001, 'epoch': 0.21}
{'loss': 0.4409, 'learning_rate': 0.0001, 'epoch': 0.22}
{'loss': 0.4734, 'learning_rate': 0.0001, 'epoch': 0.23}
{'loss': 0.471, 'learning_rate': 0.0001, 'epoch': 0.23}
{'loss': 0.484, 'learning_rate': 0.0001, 'epoch': 0.24}
{'loss': 0.4542, 'learning_rate': 0.0001, 'epoch': 0.25}
{'loss': 0.4563, 'learning_rate': 0.0001, 'epoch': 0.25}
{'loss': 0.4867, 'learning_rate': 0.0001, 'epoch': 0.26}
{'loss': 0.4691, 'learning_rate': 0.0001, 'epoch': 0.27}
{'eval_loss': 0.45815879106521606, 'eval_runtime': 1185.5236, 'eval_samples_per_second': 0.844, 'eval_steps_per_second': 0.844, 'epoch': 0.27}
{'loss': 0.4747, 'learning_rate': 0.0001, 'epoch': 0.28}
{'loss': 0.4749, 'learning_rate': 0.0001, 'epoch': 0.28}
{'loss': 0.4162, 'learning_rate': 0.0001, 'epoch': 0.29}
{'loss': 0.5122, 'learning_rate': 0.0001, 'epoch': 0.3}
{'loss': 0.4528, 'learning_rate': 0.0001, 'epoch': 0.31}
{'loss': 0.4788, 'learning_rate': 0.0001, 'epoch': 0.31}
{'loss': 0.4586, 'learning_rate': 0.0001, 'epoch': 0.32}
{'loss': 0.4089, 'learning_rate': 0.0001, 'epoch': 0.33}
{'loss': 0.442, 'learning_rate': 0.0001, 'epoch': 0.33}
{'loss': 0.4639, 'learning_rate': 0.0001, 'epoch': 0.34}
{'loss': 0.4646, 'learning_rate': 0.0001, 'epoch': 0.35}
{'loss': 0.4548, 'learning_rate': 0.0001, 'epoch': 0.36}
{'loss': 0.4112, 'learning_rate': 0.0001, 'epoch': 0.36}
Saving PEFT checkpoint...
{'loss': 0.4599, 'learning_rate': 0.0001, 'epoch': 0.37}
{'loss': 0.465, 'learning_rate': 0.0001, 'epoch': 0.38}
{'loss': 0.4669, 'learning_rate': 0.0001, 'epoch': 0.39}
{'loss': 0.4559, 'learning_rate': 0.0001, 'epoch': 0.39}
{'loss': 0.4118, 'learning_rate': 0.0001, 'epoch': 0.4}
{'loss': 0.4437, 'learning_rate': 0.0001, 'epoch': 0.41}
{'eval_loss': 0.43897125124931335, 'eval_runtime': 1184.5689, 'eval_samples_per_second': 0.844, 'eval_steps_per_second': 0.844, 'epoch': 0.41}
{'loss': 0.4546, 'learning_rate': 0.0001, 'epoch': 0.41}
{'loss': 0.4343, 'learning_rate': 0.0001, 'epoch': 0.42}
{'loss': 0.4567, 'learning_rate': 0.0001, 'epoch': 0.43}
{'loss': 0.389, 'learning_rate': 0.0001, 'epoch': 0.44}
{'loss': 0.4614, 'learning_rate': 0.0001, 'epoch': 0.44}
{'loss': 0.453, 'learning_rate': 0.0001, 'epoch': 0.45}
{'loss': 0.4417, 'learning_rate': 0.0001, 'epoch': 0.46}
{'loss': 0.4396, 'learning_rate': 0.0001, 'epoch': 0.47}
{'loss': 0.3854, 'learning_rate': 0.0001, 'epoch': 0.47}
{'loss': 0.4517, 'learning_rate': 0.0001, 'epoch': 0.48}
{'loss': 0.4497, 'learning_rate': 0.0001, 'epoch': 0.49}
{'loss': 0.4373, 'learning_rate': 0.0001, 'epoch': 0.49}
{'loss': 0.4169, 'learning_rate': 0.0001, 'epoch': 0.5}
{'loss': 0.3988, 'learning_rate': 0.0001, 'epoch': 0.51}
{'loss': 0.449, 'learning_rate': 0.0001, 'epoch': 0.52}
{'loss': 0.4556, 'learning_rate': 0.0001, 'epoch': 0.52}
{'loss': 0.4378, 'learning_rate': 0.0001, 'epoch': 0.53}
{'loss': 0.4032, 'learning_rate': 0.0001, 'epoch': 0.54}
{'eval_loss': 0.4185040593147278, 'eval_runtime': 1184.6977, 'eval_samples_per_second': 0.844, 'eval_steps_per_second': 0.844, 'epoch': 0.54}
{'loss': 0.3561, 'learning_rate': 0.0001, 'epoch': 0.55}
Saving PEFT checkpoint...
{'loss': 0.4154, 'learning_rate': 0.0001, 'epoch': 0.55}
{'loss': 0.4475, 'learning_rate': 0.0001, 'epoch': 0.56}
{'loss': 0.4193, 'learning_rate': 0.0001, 'epoch': 0.57}
{'loss': 0.4243, 'learning_rate': 0.0001, 'epoch': 0.57}
{'loss': 0.3559, 'learning_rate': 0.0001, 'epoch': 0.58}
{'loss': 0.455, 'learning_rate': 0.0001, 'epoch': 0.59}
{'loss': 0.4503, 'learning_rate': 0.0001, 'epoch': 0.6}
{'loss': 0.431, 'learning_rate': 0.0001, 'epoch': 0.6}
{'loss': 0.4119, 'learning_rate': 0.0001, 'epoch': 0.61}
{'loss': 0.3586, 'learning_rate': 0.0001, 'epoch': 0.62}
{'loss': 0.447, 'learning_rate': 0.0001, 'epoch': 0.63}
{'loss': 0.4295, 'learning_rate': 0.0001, 'epoch': 0.63}
{'loss': 0.4314, 'learning_rate': 0.0001, 'epoch': 0.64}
{'loss': 0.3713, 'learning_rate': 0.0001, 'epoch': 0.65}
{'loss': 0.3479, 'learning_rate': 0.0001, 'epoch': 0.65}
{'loss': 0.4275, 'learning_rate': 0.0001, 'epoch': 0.66}
{'loss': 0.4104, 'learning_rate': 0.0001, 'epoch': 0.67}
{'loss': 0.4061, 'learning_rate': 0.0001, 'epoch': 0.68}
{'eval_loss': 0.39529892802238464, 'eval_runtime': 1184.9829, 'eval_samples_per_second': 0.844, 'eval_steps_per_second': 0.844, 'epoch': 0.68}
{'loss': 0.415, 'learning_rate': 0.0001, 'epoch': 0.68}
{'loss': 0.3393, 'learning_rate': 0.0001, 'epoch': 0.69}
{'loss': 0.4346, 'learning_rate': 0.0001, 'epoch': 0.7}
{'loss': 0.4147, 'learning_rate': 0.0001, 'epoch': 0.71}
{'loss': 0.4136, 'learning_rate': 0.0001, 'epoch': 0.71}
{'loss': 0.3833, 'learning_rate': 0.0001, 'epoch': 0.72}
{'loss': 0.3443, 'learning_rate': 0.0001, 'epoch': 0.73}
Saving PEFT checkpoint...
{'loss': 0.4203, 'learning_rate': 0.0001, 'epoch': 0.73}
{'loss': 0.4266, 'learning_rate': 0.0001, 'epoch': 0.74}
{'loss': 0.4045, 'learning_rate': 0.0001, 'epoch': 0.75}
{'loss': 0.3729, 'learning_rate': 0.0001, 'epoch': 0.76}
{'loss': 0.3707, 'learning_rate': 0.0001, 'epoch': 0.76}
{'loss': 0.4532, 'learning_rate': 0.0001, 'epoch': 0.77}
{'loss': 0.4134, 'learning_rate': 0.0001, 'epoch': 0.78}
{'loss': 0.3958, 'learning_rate': 0.0001, 'epoch': 0.79}
{'loss': 0.3574, 'learning_rate': 0.0001, 'epoch': 0.79}
{'loss': 0.3551, 'learning_rate': 0.0001, 'epoch': 0.8}
{'loss': 0.4186, 'learning_rate': 0.0001, 'epoch': 0.81}
{'loss': 0.426, 'learning_rate': 0.0001, 'epoch': 0.81}
{'eval_loss': 0.37676626443862915, 'eval_runtime': 1184.693, 'eval_samples_per_second': 0.844, 'eval_steps_per_second': 0.844, 'epoch': 0.82}
{'loss': 0.3756, 'learning_rate': 0.0001, 'epoch': 0.82}
{'loss': 0.334, 'learning_rate': 0.0001, 'epoch': 0.83}
{'loss': 0.315, 'learning_rate': 0.0001, 'epoch': 0.84}
{'loss': 0.4337, 'learning_rate': 0.0001, 'epoch': 0.84}
{'loss': 0.3927, 'learning_rate': 0.0001, 'epoch': 0.85}
{'loss': 0.3715, 'learning_rate': 0.0001, 'epoch': 0.86}
{'loss': 0.3687, 'learning_rate': 0.0001, 'epoch': 0.87}
{'loss': 0.2988, 'learning_rate': 0.0001, 'epoch': 0.87}
{'loss': 0.4291, 'learning_rate': 0.0001, 'epoch': 0.88}
{'loss': 0.3926, 'learning_rate': 0.0001, 'epoch': 0.89}
{'loss': 0.357, 'learning_rate': 0.0001, 'epoch': 0.89}
{'loss': 0.3241, 'learning_rate': 0.0001, 'epoch': 0.9}
{'loss': 0.3078, 'learning_rate': 0.0001, 'epoch': 0.91}
Saving PEFT checkpoint...
{'loss': 0.3798, 'learning_rate': 0.0001, 'epoch': 0.92}
{'loss': 0.3901, 'learning_rate': 0.0001, 'epoch': 0.92}
{'loss': 0.3694, 'learning_rate': 0.0001, 'epoch': 0.93}
{'loss': 0.3175, 'learning_rate': 0.0001, 'epoch': 0.94}
{'loss': 0.3137, 'learning_rate': 0.0001, 'epoch': 0.95}
{'eval_loss': 0.3601592481136322, 'eval_runtime': 1185.3592, 'eval_samples_per_second': 0.844, 'eval_steps_per_second': 0.844, 'epoch': 0.95}
{'loss': 0.3745, 'learning_rate': 0.0001, 'epoch': 0.95}
{'loss': 0.3929, 'learning_rate': 0.0001, 'epoch': 0.96}
{'loss': 0.3799, 'learning_rate': 0.0001, 'epoch': 0.97}
{'loss': 0.3267, 'learning_rate': 0.0001, 'epoch': 0.97}
{'loss': 0.3154, 'learning_rate': 0.0001, 'epoch': 0.98}
{'loss': 0.3891, 'learning_rate': 0.0001, 'epoch': 0.99}
{'loss': 0.3661, 'learning_rate': 0.0001, 'epoch': 1.0}
{'loss': 0.3087, 'learning_rate': 0.0001, 'epoch': 1.0}
{'loss': 0.2915, 'learning_rate': 0.0001, 'epoch': 1.01}
{'loss': 0.2872, 'learning_rate': 0.0001, 'epoch': 1.02}
{'loss': 0.2616, 'learning_rate': 0.0001, 'epoch': 1.03}
{'loss': 0.2057, 'learning_rate': 0.0001, 'epoch': 1.03}
{'loss': 0.277, 'learning_rate': 0.0001, 'epoch': 1.04}
{'loss': 0.3154, 'learning_rate': 0.0001, 'epoch': 1.05}
{'loss': 0.271, 'learning_rate': 0.0001, 'epoch': 1.05}
{'loss': 0.2573, 'learning_rate': 0.0001, 'epoch': 1.06}
{'loss': 0.207, 'learning_rate': 0.0001, 'epoch': 1.07}
{'loss': 0.2673, 'learning_rate': 0.0001, 'epoch': 1.08}
{'loss': 0.3121, 'learning_rate': 0.0001, 'epoch': 1.08}
{'eval_loss': 0.34414178133010864, 'eval_runtime': 1185.4828, 'eval_samples_per_second': 0.844, 'eval_steps_per_second': 0.844, 'epoch': 1.09}
{'loss': 0.2895, 'learning_rate': 0.0001, 'epoch': 1.09}
Saving PEFT checkpoint...
{'loss': 0.2735, 'learning_rate': 0.0001, 'epoch': 1.1}
{'loss': 0.2194, 'learning_rate': 0.0001, 'epoch': 1.11}
{'loss': 0.2684, 'learning_rate': 0.0001, 'epoch': 1.11}
{'loss': 0.2888, 'learning_rate': 0.0001, 'epoch': 1.12}
{'loss': 0.2569, 'learning_rate': 0.0001, 'epoch': 1.13}
{'loss': 0.26, 'learning_rate': 0.0001, 'epoch': 1.13}
{'loss': 0.2008, 'learning_rate': 0.0001, 'epoch': 1.14}
{'loss': 0.2706, 'learning_rate': 0.0001, 'epoch': 1.15}
{'loss': 0.3007, 'learning_rate': 0.0001, 'epoch': 1.16}
{'loss': 0.2587, 'learning_rate': 0.0001, 'epoch': 1.16}
{'loss': 0.2542, 'learning_rate': 0.0001, 'epoch': 1.17}
{'loss': 0.1902, 'learning_rate': 0.0001, 'epoch': 1.18}
{'loss': 0.2463, 'learning_rate': 0.0001, 'epoch': 1.19}
{'loss': 0.2836, 'learning_rate': 0.0001, 'epoch': 1.19}
{'loss': 0.2892, 'learning_rate': 0.0001, 'epoch': 1.2}
{'loss': 0.2326, 'learning_rate': 0.0001, 'epoch': 1.21}
{'loss': 0.1917, 'learning_rate': 0.0001, 'epoch': 1.21}
{'loss': 0.2577, 'learning_rate': 0.0001, 'epoch': 1.22}
{'eval_loss': 0.33392637968063354, 'eval_runtime': 1183.7313, 'eval_samples_per_second': 0.845, 'eval_steps_per_second': 0.845, 'epoch': 1.22}
{'loss': 0.2832, 'learning_rate': 0.0001, 'epoch': 1.23}
{'loss': 0.2345, 'learning_rate': 0.0001, 'epoch': 1.24}
{'loss': 0.2181, 'learning_rate': 0.0001, 'epoch': 1.24}
{'loss': 0.2083, 'learning_rate': 0.0001, 'epoch': 1.25}
{'loss': 0.2618, 'learning_rate': 0.0001, 'epoch': 1.26}
{'loss': 0.2814, 'learning_rate': 0.0001, 'epoch': 1.27}
{'loss': 0.2619, 'learning_rate': 0.0001, 'epoch': 1.27}
Saving PEFT checkpoint...
{'loss': 0.2523, 'learning_rate': 0.0001, 'epoch': 1.28}
{'loss': 0.1868, 'learning_rate': 0.0001, 'epoch': 1.29}
{'loss': 0.2403, 'learning_rate': 0.0001, 'epoch': 1.29}
{'loss': 0.2724, 'learning_rate': 0.0001, 'epoch': 1.3}
{'loss': 0.2522, 'learning_rate': 0.0001, 'epoch': 1.31}
{'loss': 0.221, 'learning_rate': 0.0001, 'epoch': 1.32}
{'loss': 0.1935, 'learning_rate': 0.0001, 'epoch': 1.32}
{'loss': 0.2451, 'learning_rate': 0.0001, 'epoch': 1.33}
{'loss': 0.2795, 'learning_rate': 0.0001, 'epoch': 1.34}
{'loss': 0.2341, 'learning_rate': 0.0001, 'epoch': 1.35}
{'loss': 0.2377, 'learning_rate': 0.0001, 'epoch': 1.35}
{'loss': 0.216, 'learning_rate': 0.0001, 'epoch': 1.36}
{'eval_loss': 0.3170152008533478, 'eval_runtime': 1185.3192, 'eval_samples_per_second': 0.844, 'eval_steps_per_second': 0.844, 'epoch': 1.36}
{'loss': 0.2624, 'learning_rate': 0.0001, 'epoch': 1.37}
{'loss': 0.2743, 'learning_rate': 0.0001, 'epoch': 1.37}
{'loss': 0.2244, 'learning_rate': 0.0001, 'epoch': 1.38}
{'loss': 0.2349, 'learning_rate': 0.0001, 'epoch': 1.39}
{'loss': 0.2047, 'learning_rate': 0.0001, 'epoch': 1.4}
{'loss': 0.2319, 'learning_rate': 0.0001, 'epoch': 1.4}
{'loss': 0.2641, 'learning_rate': 0.0001, 'epoch': 1.41}
{'loss': 0.2523, 'learning_rate': 0.0001, 'epoch': 1.42}
{'loss': 0.2265, 'learning_rate': 0.0001, 'epoch': 1.43}
{'loss': 0.1941, 'learning_rate': 0.0001, 'epoch': 1.43}
{'loss': 0.2581, 'learning_rate': 0.0001, 'epoch': 1.44}
{'loss': 0.2426, 'learning_rate': 0.0001, 'epoch': 1.45}
{'loss': 0.2273, 'learning_rate': 0.0001, 'epoch': 1.45}
Saving PEFT checkpoint...
{'loss': 0.2321, 'learning_rate': 0.0001, 'epoch': 1.46}
{'loss': 0.1792, 'learning_rate': 0.0001, 'epoch': 1.47}
{'loss': 0.2403, 'learning_rate': 0.0001, 'epoch': 1.48}
{'loss': 0.2464, 'learning_rate': 0.0001, 'epoch': 1.48}
{'loss': 0.241, 'learning_rate': 0.0001, 'epoch': 1.49}
{'eval_loss': 0.3006186783313751, 'eval_runtime': 1188.0761, 'eval_samples_per_second': 0.842, 'eval_steps_per_second': 0.842, 'epoch': 1.5}
{'loss': 0.2206, 'learning_rate': 0.0001, 'epoch': 1.5}
{'loss': 0.1964, 'learning_rate': 0.0001, 'epoch': 1.51}
{'loss': 0.2466, 'learning_rate': 0.0001, 'epoch': 1.51}
{'loss': 0.2609, 'learning_rate': 0.0001, 'epoch': 1.52}
{'loss': 0.245, 'learning_rate': 0.0001, 'epoch': 1.53}
{'loss': 0.2166, 'learning_rate': 0.0001, 'epoch': 1.53}
{'loss': 0.1892, 'learning_rate': 0.0001, 'epoch': 1.54}
{'loss': 0.2299, 'learning_rate': 0.0001, 'epoch': 1.55}
{'loss': 0.2654, 'learning_rate': 0.0001, 'epoch': 1.56}
{'loss': 0.2164, 'learning_rate': 0.0001, 'epoch': 1.56}
{'loss': 0.2186, 'learning_rate': 0.0001, 'epoch': 1.57}
{'loss': 0.1902, 'learning_rate': 0.0001, 'epoch': 1.58}
{'loss': 0.2341, 'learning_rate': 0.0001, 'epoch': 1.59}
{'loss': 0.2417, 'learning_rate': 0.0001, 'epoch': 1.59}
{'loss': 0.2208, 'learning_rate': 0.0001, 'epoch': 1.6}
{'loss': 0.1993, 'learning_rate': 0.0001, 'epoch': 1.61}
{'loss': 0.2068, 'learning_rate': 0.0001, 'epoch': 1.61}
{'loss': 0.2312, 'learning_rate': 0.0001, 'epoch': 1.62}
{'loss': 0.25, 'learning_rate': 0.0001, 'epoch': 1.63}
{'eval_loss': 0.28080856800079346, 'eval_runtime': 1183.6586, 'eval_samples_per_second': 0.845, 'eval_steps_per_second': 0.845, 'epoch': 1.63}
{'loss': 0.2243, 'learning_rate': 0.0001, 'epoch': 1.64}
Saving PEFT checkpoint...
{'loss': 0.2074, 'learning_rate': 0.0001, 'epoch': 1.64}
{'loss': 0.1847, 'learning_rate': 0.0001, 'epoch': 1.65}
{'loss': 0.2422, 'learning_rate': 0.0001, 'epoch': 1.66}
{'loss': 0.2304, 'learning_rate': 0.0001, 'epoch': 1.67}
{'loss': 0.1927, 'learning_rate': 0.0001, 'epoch': 1.67}
{'loss': 0.2024, 'learning_rate': 0.0001, 'epoch': 1.68}
{'loss': 0.1744, 'learning_rate': 0.0001, 'epoch': 1.69}
{'loss': 0.2436, 'learning_rate': 0.0001, 'epoch': 1.69}
{'loss': 0.2173, 'learning_rate': 0.0001, 'epoch': 1.7}
{'loss': 0.1966, 'learning_rate': 0.0001, 'epoch': 1.71}
{'loss': 0.1984, 'learning_rate': 0.0001, 'epoch': 1.72}
{'loss': 0.1828, 'learning_rate': 0.0001, 'epoch': 1.72}
{'loss': 0.2295, 'learning_rate': 0.0001, 'epoch': 1.73}
{'loss': 0.252, 'learning_rate': 0.0001, 'epoch': 1.74}
{'loss': 0.2165, 'learning_rate': 0.0001, 'epoch': 1.75}
{'loss': 0.1873, 'learning_rate': 0.0001, 'epoch': 1.75}
{'loss': 0.1877, 'learning_rate': 0.0001, 'epoch': 1.76}
{'loss': 0.2217, 'learning_rate': 0.0001, 'epoch': 1.77}
{'eval_loss': 0.2692185342311859, 'eval_runtime': 1184.6226, 'eval_samples_per_second': 0.844, 'eval_steps_per_second': 0.844, 'epoch': 1.77}
{'loss': 0.2373, 'learning_rate': 0.0001, 'epoch': 1.77}
{'loss': 0.1959, 'learning_rate': 0.0001, 'epoch': 1.78}
{'loss': 0.1807, 'learning_rate': 0.0001, 'epoch': 1.79}
{'loss': 0.1899, 'learning_rate': 0.0001, 'epoch': 1.8}
{'loss': 0.2445, 'learning_rate': 0.0001, 'epoch': 1.8}
{'loss': 0.2502, 'learning_rate': 0.0001, 'epoch': 1.81}
{'loss': 0.2086, 'learning_rate': 0.0001, 'epoch': 1.82}
Saving PEFT checkpoint...
{'loss': 0.1769, 'learning_rate': 0.0001, 'epoch': 1.83}
{'loss': 0.1872, 'learning_rate': 0.0001, 'epoch': 1.83}
{'loss': 0.2106, 'learning_rate': 0.0001, 'epoch': 1.84}
{'loss': 0.2337, 'learning_rate': 0.0001, 'epoch': 1.85}
{'loss': 0.1914, 'learning_rate': 0.0001, 'epoch': 1.85}
{'loss': 0.1793, 'learning_rate': 0.0001, 'epoch': 1.86}
{'loss': 0.1839, 'learning_rate': 0.0001, 'epoch': 1.87}
{'loss': 0.2119, 'learning_rate': 0.0001, 'epoch': 1.88}
{'loss': 0.2338, 'learning_rate': 0.0001, 'epoch': 1.88}
{'loss': 0.1916, 'learning_rate': 0.0001, 'epoch': 1.89}
{'loss': 0.1942, 'learning_rate': 0.0001, 'epoch': 1.9}
{'eval_loss': 0.2526188790798187, 'eval_runtime': 1185.11, 'eval_samples_per_second': 0.844, 'eval_steps_per_second': 0.844, 'epoch': 1.9}
{'loss': 0.1744, 'learning_rate': 0.0001, 'epoch': 1.91}
{'loss': 0.2124, 'learning_rate': 0.0001, 'epoch': 1.91}
{'loss': 0.2246, 'learning_rate': 0.0001, 'epoch': 1.92}
{'loss': 0.1845, 'learning_rate': 0.0001, 'epoch': 1.93}
{'loss': 0.1784, 'learning_rate': 0.0001, 'epoch': 1.93}
{'loss': 0.1652, 'learning_rate': 0.0001, 'epoch': 1.94}
{'loss': 0.2146, 'learning_rate': 0.0001, 'epoch': 1.95}
{'loss': 0.2143, 'learning_rate': 0.0001, 'epoch': 1.96}
{'loss': 0.1705, 'learning_rate': 0.0001, 'epoch': 1.96}
{'loss': 0.1767, 'learning_rate': 0.0001, 'epoch': 1.97}
{'loss': 0.1806, 'learning_rate': 0.0001, 'epoch': 1.98}
{'loss': 0.2381, 'learning_rate': 0.0001, 'epoch': 1.99}
{'loss': 0.1916, 'learning_rate': 0.0001, 'epoch': 1.99}
{'loss': 0.1796, 'learning_rate': 0.0001, 'epoch': 2.0}
Saving PEFT checkpoint...
{'loss': 0.131, 'learning_rate': 0.0001, 'epoch': 2.01}
{'loss': 0.1388, 'learning_rate': 0.0001, 'epoch': 2.01}
{'loss': 0.1109, 'learning_rate': 0.0001, 'epoch': 2.02}
{'loss': 0.1097, 'learning_rate': 0.0001, 'epoch': 2.03}
{'loss': 0.1381, 'learning_rate': 0.0001, 'epoch': 2.04}
{'eval_loss': 0.2583116888999939, 'eval_runtime': 1184.5569, 'eval_samples_per_second': 0.844, 'eval_steps_per_second': 0.844, 'epoch': 2.04}
{'loss': 0.1495, 'learning_rate': 0.0001, 'epoch': 2.04}
{'loss': 0.1185, 'learning_rate': 0.0001, 'epoch': 2.05}
{'loss': 0.1178, 'learning_rate': 0.0001, 'epoch': 2.06}
{'loss': 0.107, 'learning_rate': 0.0001, 'epoch': 2.07}
{'loss': 0.1392, 'learning_rate': 0.0001, 'epoch': 2.07}
{'loss': 0.1553, 'learning_rate': 0.0001, 'epoch': 2.08}
{'loss': 0.1289, 'learning_rate': 0.0001, 'epoch': 2.09}
{'loss': 0.1082, 'learning_rate': 0.0001, 'epoch': 2.09}
{'loss': 0.1163, 'learning_rate': 0.0001, 'epoch': 2.1}
{'loss': 0.1336, 'learning_rate': 0.0001, 'epoch': 2.11}
{'loss': 0.1377, 'learning_rate': 0.0001, 'epoch': 2.12}
{'loss': 0.1166, 'learning_rate': 0.0001, 'epoch': 2.12}
{'loss': 0.1197, 'learning_rate': 0.0001, 'epoch': 2.13}
{'loss': 0.1136, 'learning_rate': 0.0001, 'epoch': 2.14}
{'loss': 0.1311, 'learning_rate': 0.0001, 'epoch': 2.15}
{'loss': 0.1474, 'learning_rate': 0.0001, 'epoch': 2.15}
{'loss': 0.1122, 'learning_rate': 0.0001, 'epoch': 2.16}
{'loss': 0.1233, 'learning_rate': 0.0001, 'epoch': 2.17}
{'loss': 0.1155, 'learning_rate': 0.0001, 'epoch': 2.17}
{'eval_loss': 0.24848055839538574, 'eval_runtime': 1183.5652, 'eval_samples_per_second': 0.845, 'eval_steps_per_second': 0.845, 'epoch': 2.18}
{'loss': 0.1314, 'learning_rate': 0.0001, 'epoch': 2.18}
Saving PEFT checkpoint...
{'loss': 0.1354, 'learning_rate': 0.0001, 'epoch': 2.19}
{'loss': 0.1175, 'learning_rate': 0.0001, 'epoch': 2.2}
{'loss': 0.112, 'learning_rate': 0.0001, 'epoch': 2.2}
{'loss': 0.1147, 'learning_rate': 0.0001, 'epoch': 2.21}
{'loss': 0.1351, 'learning_rate': 0.0001, 'epoch': 2.22}
{'loss': 0.1329, 'learning_rate': 0.0001, 'epoch': 2.23}
{'loss': 0.1302, 'learning_rate': 0.0001, 'epoch': 2.23}
{'loss': 0.1107, 'learning_rate': 0.0001, 'epoch': 2.24}
{'loss': 0.1168, 'learning_rate': 0.0001, 'epoch': 2.25}
{'loss': 0.1356, 'learning_rate': 0.0001, 'epoch': 2.25}
{'loss': 0.1493, 'learning_rate': 0.0001, 'epoch': 2.26}
{'loss': 0.1204, 'learning_rate': 0.0001, 'epoch': 2.27}
{'loss': 0.1124, 'learning_rate': 0.0001, 'epoch': 2.28}
{'loss': 0.1197, 'learning_rate': 0.0001, 'epoch': 2.28}
{'loss': 0.1373, 'learning_rate': 0.0001, 'epoch': 2.29}
{'loss': 0.1372, 'learning_rate': 0.0001, 'epoch': 2.3}
{'loss': 0.1221, 'learning_rate': 0.0001, 'epoch': 2.31}
{'eval_loss': 0.24183502793312073, 'eval_runtime': 1183.5461, 'eval_samples_per_second': 0.845, 'eval_steps_per_second': 0.845, 'epoch': 2.31}
{'loss': 0.1117, 'learning_rate': 0.0001, 'epoch': 2.31}
{'loss': 0.1188, 'learning_rate': 0.0001, 'epoch': 2.32}
{'loss': 0.1367, 'learning_rate': 0.0001, 'epoch': 2.33}
{'loss': 0.1434, 'learning_rate': 0.0001, 'epoch': 2.33}
{'loss': 0.121, 'learning_rate': 0.0001, 'epoch': 2.34}
{'loss': 0.1211, 'learning_rate': 0.0001, 'epoch': 2.35}
{'loss': 0.1156, 'learning_rate': 0.0001, 'epoch': 2.36}
{'loss': 0.133, 'learning_rate': 0.0001, 'epoch': 2.36}
Saving PEFT checkpoint...
{'loss': 0.1501, 'learning_rate': 0.0001, 'epoch': 2.37}
{'loss': 0.1219, 'learning_rate': 0.0001, 'epoch': 2.38}
{'loss': 0.1084, 'learning_rate': 0.0001, 'epoch': 2.39}
{'loss': 0.1236, 'learning_rate': 0.0001, 'epoch': 2.39}
{'loss': 0.1385, 'learning_rate': 0.0001, 'epoch': 2.4}
{'loss': 0.1469, 'learning_rate': 0.0001, 'epoch': 2.41}
{'loss': 0.128, 'learning_rate': 0.0001, 'epoch': 2.41}
{'loss': 0.122, 'learning_rate': 0.0001, 'epoch': 2.42}
{'loss': 0.1195, 'learning_rate': 0.0001, 'epoch': 2.43}
{'loss': 0.1436, 'learning_rate': 0.0001, 'epoch': 2.44}
{'loss': 0.1429, 'learning_rate': 0.0001, 'epoch': 2.44}
{'eval_loss': 0.23764008283615112, 'eval_runtime': 1183.5073, 'eval_samples_per_second': 0.845, 'eval_steps_per_second': 0.845, 'epoch': 2.45}
{'loss': 0.1177, 'learning_rate': 0.0001, 'epoch': 2.45}
{'loss': 0.1114, 'learning_rate': 0.0001, 'epoch': 2.46}
{'loss': 0.1149, 'learning_rate': 0.0001, 'epoch': 2.47}
{'loss': 0.1379, 'learning_rate': 0.0001, 'epoch': 2.47}
{'loss': 0.1389, 'learning_rate': 0.0001, 'epoch': 2.48}
{'loss': 0.1138, 'learning_rate': 0.0001, 'epoch': 2.49}
{'loss': 0.108, 'learning_rate': 0.0001, 'epoch': 2.49}
{'loss': 0.1124, 'learning_rate': 0.0001, 'epoch': 2.5}
{'loss': 0.1366, 'learning_rate': 0.0001, 'epoch': 2.51}
{'loss': 0.1338, 'learning_rate': 0.0001, 'epoch': 2.52}
{'loss': 0.1184, 'learning_rate': 0.0001, 'epoch': 2.52}
{'loss': 0.1111, 'learning_rate': 0.0001, 'epoch': 2.53}
{'loss': 0.1162, 'learning_rate': 0.0001, 'epoch': 2.54}
{'loss': 0.1355, 'learning_rate': 0.0001, 'epoch': 2.55}
Saving PEFT checkpoint...
{'loss': 0.1356, 'learning_rate': 0.0001, 'epoch': 2.55}
{'loss': 0.1111, 'learning_rate': 0.0001, 'epoch': 2.56}
{'loss': 0.1192, 'learning_rate': 0.0001, 'epoch': 2.57}
{'loss': 0.1211, 'learning_rate': 0.0001, 'epoch': 2.57}
{'loss': 0.142, 'learning_rate': 0.0001, 'epoch': 2.58}
