

==> WARNING: A newer version of conda exists. <==
  current version: 23.5.2
  latest version: 23.11.0

Please update conda by running

    $ conda update -n base -c defaults conda

Or to minimize the number of packages updated during conda update use

     conda install conda=23.11.0


WARNING: Ignoring invalid distribution -riton-nightly (/sfs/qumulo/qhome/brc4cb/.conda/envs/falcon_40B/lib/python3.9/site-packages)
  Running command git clone --filter=blob:none --quiet https://github.com/huggingface/peft.git /tmp/pip-install-yb7b3s0o/peft_ab51fd93a16e49f3b7fd047cba0b9c4e
  Running command git clone --filter=blob:none --quiet https://github.com/huggingface/accelerate.git /tmp/pip-install-yb7b3s0o/accelerate_c95ece88db0d4335a4a394d8aa2f6e9b
ERROR: Cannot install -r requirements.txt (line 2), -r requirements.txt (line 3), -r requirements.txt (line 6) and huggingface_hub==0.16.4 because these package versions have conflicting dependencies.
ERROR: ResolutionImpossible: for help visit https://pip.pypa.io/en/latest/topics/dependency-resolution/#dealing-with-dependency-conflicts
WARNING: Ignoring invalid distribution -riton-nightly (/sfs/qumulo/qhome/brc4cb/.conda/envs/falcon_40B/lib/python3.9/site-packages)
WARNING: Ignoring invalid distribution -riton-nightly (/sfs/qumulo/qhome/brc4cb/.conda/envs/falcon_40B/lib/python3.9/site-packages)


==> WARNING: A newer version of conda exists. <==
  current version: 23.5.2
  latest version: 23.11.0

Please update conda by running

    $ conda update -n base -c defaults conda

Or to minimize the number of packages updated during conda update use

     conda install conda=23.11.0


/home/brc4cb/.conda/envs/falcon_40B/lib/python3.9/site-packages/transformers/models/auto/tokenization_auto.py:640: FutureWarning: The `use_auth_token` argument is deprecated and will be removed in v5 of Transformers.
  warnings.warn(
/home/brc4cb/.conda/envs/falcon_40B/lib/python3.9/site-packages/transformers/models/auto/auto_factory.py:479: FutureWarning: The `use_auth_token` argument is deprecated and will be removed in v5 of Transformers.
  warnings.warn(
Loading checkpoint shards:   0%|          | 0/15 [00:00<?, ?it/s]Loading checkpoint shards:   7%|▋         | 1/15 [00:03<00:43,  3.13s/it]Loading checkpoint shards:  13%|█▎        | 2/15 [00:07<00:46,  3.60s/it]Loading checkpoint shards:  20%|██        | 3/15 [00:09<00:38,  3.19s/it]Loading checkpoint shards:  27%|██▋       | 4/15 [00:12<00:33,  3.01s/it]Loading checkpoint shards:  33%|███▎      | 5/15 [00:15<00:29,  2.91s/it]Loading checkpoint shards:  40%|████      | 6/15 [00:18<00:25,  2.88s/it]Loading checkpoint shards:  47%|████▋     | 7/15 [00:20<00:23,  2.88s/it]Loading checkpoint shards:  53%|█████▎    | 8/15 [00:23<00:19,  2.85s/it]Loading checkpoint shards:  60%|██████    | 9/15 [00:26<00:16,  2.80s/it]Loading checkpoint shards:  67%|██████▋   | 10/15 [00:29<00:14,  2.80s/it]Loading checkpoint shards:  73%|███████▎  | 11/15 [00:33<00:12,  3.16s/it]Loading checkpoint shards:  80%|████████  | 12/15 [00:35<00:09,  3.05s/it]Loading checkpoint shards:  87%|████████▋ | 13/15 [00:38<00:05,  2.97s/it]Loading checkpoint shards:  93%|█████████▎| 14/15 [00:41<00:02,  2.96s/it]Loading checkpoint shards: 100%|██████████| 15/15 [00:41<00:00,  2.14s/it]Loading checkpoint shards: 100%|██████████| 15/15 [00:41<00:00,  2.79s/it]
/home/brc4cb/.conda/envs/falcon_40B/lib/python3.9/site-packages/transformers/utils/hub.py:374: FutureWarning: The `use_auth_token` argument is deprecated and will be removed in v5 of Transformers.
  warnings.warn(
slurmstepd: error: *** JOB 56925492 ON udc-an37-19 CANCELLED AT 2024-01-16T14:16:05 DUE TO TIME LIMIT ***
