

==> WARNING: A newer version of conda exists. <==
  current version: 23.5.2
  latest version: 23.11.0

Please update conda by running

    $ conda update -n base -c defaults conda

Or to minimize the number of packages updated during conda update use

     conda install conda=23.11.0


WARNING: Ignoring invalid distribution -riton-nightly (/sfs/qumulo/qhome/brc4cb/.conda/envs/falcon_40B/lib/python3.9/site-packages)
  Running command git clone --filter=blob:none --quiet https://github.com/huggingface/peft.git /tmp/pip-install-ulra183o/peft_ac3abcbe9d2d477f9a32b7dc9ba38f0d
  Running command git clone --filter=blob:none --quiet https://github.com/huggingface/accelerate.git /tmp/pip-install-ulra183o/accelerate_cf722f8bb9744468b0705a91dcd6f9c6
ERROR: Cannot install -r requirements.txt (line 2), -r requirements.txt (line 3), -r requirements.txt (line 6) and huggingface_hub==0.16.4 because these package versions have conflicting dependencies.
ERROR: ResolutionImpossible: for help visit https://pip.pypa.io/en/latest/topics/dependency-resolution/#dealing-with-dependency-conflicts
WARNING: Ignoring invalid distribution -riton-nightly (/sfs/qumulo/qhome/brc4cb/.conda/envs/falcon_40B/lib/python3.9/site-packages)
WARNING: Ignoring invalid distribution -riton-nightly (/sfs/qumulo/qhome/brc4cb/.conda/envs/falcon_40B/lib/python3.9/site-packages)


==> WARNING: A newer version of conda exists. <==
  current version: 23.5.2
  latest version: 23.11.0

Please update conda by running

    $ conda update -n base -c defaults conda

Or to minimize the number of packages updated during conda update use

     conda install conda=23.11.0


/home/brc4cb/.conda/envs/falcon_40B/lib/python3.9/site-packages/transformers/models/auto/tokenization_auto.py:640: FutureWarning: The `use_auth_token` argument is deprecated and will be removed in v5 of Transformers.
  warnings.warn(
/home/brc4cb/.conda/envs/falcon_40B/lib/python3.9/site-packages/transformers/models/auto/auto_factory.py:479: FutureWarning: The `use_auth_token` argument is deprecated and will be removed in v5 of Transformers.
  warnings.warn(
Loading checkpoint shards:   0%|          | 0/15 [00:00<?, ?it/s]Loading checkpoint shards:   7%|▋         | 1/15 [00:03<00:50,  3.61s/it]Loading checkpoint shards:  13%|█▎        | 2/15 [00:07<00:45,  3.48s/it]Loading checkpoint shards:  20%|██        | 3/15 [00:10<00:43,  3.66s/it]Loading checkpoint shards:  27%|██▋       | 4/15 [00:14<00:41,  3.77s/it]Loading checkpoint shards:  33%|███▎      | 5/15 [00:18<00:38,  3.81s/it]Loading checkpoint shards:  40%|████      | 6/15 [00:22<00:34,  3.84s/it]Loading checkpoint shards:  47%|████▋     | 7/15 [00:26<00:30,  3.85s/it]Loading checkpoint shards:  53%|█████▎    | 8/15 [00:30<00:26,  3.84s/it]Loading checkpoint shards:  60%|██████    | 9/15 [00:34<00:22,  3.83s/it]Loading checkpoint shards:  67%|██████▋   | 10/15 [00:37<00:19,  3.84s/it]Loading checkpoint shards:  73%|███████▎  | 11/15 [00:41<00:15,  3.89s/it]Loading checkpoint shards:  80%|████████  | 12/15 [00:45<00:11,  3.88s/it]Loading checkpoint shards:  87%|████████▋ | 13/15 [00:49<00:07,  3.89s/it]Loading checkpoint shards:  93%|█████████▎| 14/15 [00:53<00:03,  3.85s/it]Loading checkpoint shards: 100%|██████████| 15/15 [00:53<00:00,  2.77s/it]Loading checkpoint shards: 100%|██████████| 15/15 [00:53<00:00,  3.58s/it]
/home/brc4cb/.conda/envs/falcon_40B/lib/python3.9/site-packages/transformers/utils/hub.py:374: FutureWarning: The `use_auth_token` argument is deprecated and will be removed in v5 of Transformers.
  warnings.warn(
slurmstepd: error: *** JOB 56954071 ON udc-an34-1 CANCELLED AT 2024-01-18T20:08:57 DUE TO TIME LIMIT ***
