Collecting package metadata (current_repodata.json): ...working... done
Solving environment: ...working... done

# All requested packages already installed.

Collecting transformers@ git+https://github.com/huggingface/transformers (from -r requirements.txt (line 2))
  Cloning https://github.com/huggingface/transformers to /tmp/pip-install-gctd0q1q/transformers_8afcb7ea1d8549f4bbd8433c201eb943
  Resolved https://github.com/huggingface/transformers to commit b8b1e442e3bc43c97a68152313d3f84e3e0d03a0
  Installing build dependencies: started
  Installing build dependencies: finished with status 'done'
  Getting requirements to build wheel: started
  Getting requirements to build wheel: finished with status 'done'
  Preparing metadata (pyproject.toml): started
  Preparing metadata (pyproject.toml): finished with status 'done'
Collecting peft@ git+https://github.com/huggingface/peft.git (from -r requirements.txt (line 5))
  Cloning https://github.com/huggingface/peft.git to /tmp/pip-install-gctd0q1q/peft_1c19508eb79b46d982ca1af2eb89efdf
  Resolved https://github.com/huggingface/peft.git to commit 5a4b9cade64bac8afdff5006ee9dd815c90b5469
  Installing build dependencies: started
  Installing build dependencies: finished with status 'done'
  Getting requirements to build wheel: started
  Getting requirements to build wheel: finished with status 'done'
  Preparing metadata (pyproject.toml): started
  Preparing metadata (pyproject.toml): finished with status 'done'
Collecting accelerate@ git+https://github.com/huggingface/accelerate.git (from -r requirements.txt (line 6))
  Cloning https://github.com/huggingface/accelerate.git to /tmp/pip-install-gctd0q1q/accelerate_32d3d30641de4127a618903066283737
  Resolved https://github.com/huggingface/accelerate.git to commit f7daaaa305362e1a959183e23bf85244798ceb35
  Installing build dependencies: started
  Installing build dependencies: finished with status 'done'
  Getting requirements to build wheel: started
  Getting requirements to build wheel: finished with status 'done'
  Preparing metadata (pyproject.toml): started
  Preparing metadata (pyproject.toml): finished with status 'done'
Requirement already satisfied: bitsandbytes in /sfs/qumulo/qhome/brc4cb/.conda/envs/falcon_40B/lib/python3.9/site-packages (from -r requirements.txt (line 1)) (0.43.1)
Requirement already satisfied: datasets in /sfs/qumulo/qhome/brc4cb/.conda/envs/falcon_40B/lib/python3.9/site-packages (from -r requirements.txt (line 3)) (2.19.0)
Requirement already satisfied: trl in /sfs/qumulo/qhome/brc4cb/.conda/envs/falcon_40B/lib/python3.9/site-packages (from -r requirements.txt (line 4)) (0.8.6)
Requirement already satisfied: einops==0.6.1 in /sfs/qumulo/qhome/brc4cb/.conda/envs/falcon_40B/lib/python3.9/site-packages (from -r requirements.txt (line 7)) (0.6.1)
Requirement already satisfied: evaluate in /sfs/qumulo/qhome/brc4cb/.conda/envs/falcon_40B/lib/python3.9/site-packages (from -r requirements.txt (line 8)) (0.4.1)
Requirement already satisfied: scikit-learn==1.2.2 in /sfs/qumulo/qhome/brc4cb/.conda/envs/falcon_40B/lib/python3.9/site-packages (from -r requirements.txt (line 9)) (1.2.2)
Requirement already satisfied: scipy==1.11.1 in /sfs/qumulo/qhome/brc4cb/.conda/envs/falcon_40B/lib/python3.9/site-packages (from -r requirements.txt (line 10)) (1.11.1)
Requirement already satisfied: sentencepiece==0.1.99 in /sfs/qumulo/qhome/brc4cb/.conda/envs/falcon_40B/lib/python3.9/site-packages (from -r requirements.txt (line 11)) (0.1.99)
Requirement already satisfied: wandb==0.15.3 in /sfs/qumulo/qhome/brc4cb/.conda/envs/falcon_40B/lib/python3.9/site-packages (from -r requirements.txt (line 12)) (0.15.3)
Requirement already satisfied: dash==2.11.1 in /sfs/qumulo/qhome/brc4cb/.conda/envs/falcon_40B/lib/python3.9/site-packages (from -r requirements.txt (line 13)) (2.11.1)
Requirement already satisfied: bert_score in /sfs/qumulo/qhome/brc4cb/.conda/envs/falcon_40B/lib/python3.9/site-packages (from -r requirements.txt (line 14)) (0.3.13)
Requirement already satisfied: jupyter-dash==0.4.2 in /sfs/qumulo/qhome/brc4cb/.conda/envs/falcon_40B/lib/python3.9/site-packages (from -r requirements.txt (line 16)) (0.4.2)
Requirement already satisfied: dash-bootstrap-components==1.2.1 in /sfs/qumulo/qhome/brc4cb/.conda/envs/falcon_40B/lib/python3.9/site-packages (from -r requirements.txt (line 18)) (1.2.1)
Requirement already satisfied: dash-table-experiments==0.6.0 in /sfs/qumulo/qhome/brc4cb/.conda/envs/falcon_40B/lib/python3.9/site-packages (from -r requirements.txt (line 20)) (0.6.0)
Requirement already satisfied: pymongo==4.3.2 in /sfs/qumulo/qhome/brc4cb/.conda/envs/falcon_40B/lib/python3.9/site-packages (from -r requirements.txt (line 22)) (4.3.2)
Requirement already satisfied: lxml==4.9.1 in /sfs/qumulo/qhome/brc4cb/.conda/envs/falcon_40B/lib/python3.9/site-packages (from -r requirements.txt (line 24)) (4.9.1)
Requirement already satisfied: plotly-express==0.4.1 in /sfs/qumulo/qhome/brc4cb/.conda/envs/falcon_40B/lib/python3.9/site-packages (from -r requirements.txt (line 26)) (0.4.1)
Requirement already satisfied: huggingface_hub in /sfs/qumulo/qhome/brc4cb/.conda/envs/falcon_40B/lib/python3.9/site-packages (from -r requirements.txt (line 28)) (0.22.2)
Requirement already satisfied: numpy==1.25.2 in /sfs/qumulo/qhome/brc4cb/.conda/envs/falcon_40B/lib/python3.9/site-packages (from -r requirements.txt (line 30)) (1.25.2)
Requirement already satisfied: pandas==2.0.3 in /sfs/qumulo/qhome/brc4cb/.conda/envs/falcon_40B/lib/python3.9/site-packages (from -r requirements.txt (line 32)) (2.0.3)
Requirement already satisfied: joblib>=1.1.1 in /sfs/qumulo/qhome/brc4cb/.conda/envs/falcon_40B/lib/python3.9/site-packages (from scikit-learn==1.2.2->-r requirements.txt (line 9)) (1.2.0)
Requirement already satisfied: threadpoolctl>=2.0.0 in /sfs/qumulo/qhome/brc4cb/.conda/envs/falcon_40B/lib/python3.9/site-packages (from scikit-learn==1.2.2->-r requirements.txt (line 9)) (3.1.0)
Requirement already satisfied: Click!=8.0.0,>=7.0 in /sfs/qumulo/qhome/brc4cb/.conda/envs/falcon_40B/lib/python3.9/site-packages (from wandb==0.15.3->-r requirements.txt (line 12)) (8.0.4)
Requirement already satisfied: GitPython!=3.1.29,>=1.0.0 in /sfs/qumulo/qhome/brc4cb/.conda/envs/falcon_40B/lib/python3.9/site-packages (from wandb==0.15.3->-r requirements.txt (line 12)) (3.1.31)
Requirement already satisfied: requests<3,>=2.0.0 in /sfs/qumulo/qhome/brc4cb/.conda/envs/falcon_40B/lib/python3.9/site-packages (from wandb==0.15.3->-r requirements.txt (line 12)) (2.31.0)
Requirement already satisfied: psutil>=5.0.0 in /sfs/qumulo/qhome/brc4cb/.conda/envs/falcon_40B/lib/python3.9/site-packages (from wandb==0.15.3->-r requirements.txt (line 12)) (5.9.5)
Requirement already satisfied: sentry-sdk>=1.0.0 in /sfs/qumulo/qhome/brc4cb/.conda/envs/falcon_40B/lib/python3.9/site-packages (from wandb==0.15.3->-r requirements.txt (line 12)) (1.26.0)
Requirement already satisfied: docker-pycreds>=0.4.0 in /sfs/qumulo/qhome/brc4cb/.conda/envs/falcon_40B/lib/python3.9/site-packages (from wandb==0.15.3->-r requirements.txt (line 12)) (0.4.0)
Requirement already satisfied: PyYAML in /sfs/qumulo/qhome/brc4cb/.conda/envs/falcon_40B/lib/python3.9/site-packages (from wandb==0.15.3->-r requirements.txt (line 12)) (6.0)
Requirement already satisfied: pathtools in /sfs/qumulo/qhome/brc4cb/.conda/envs/falcon_40B/lib/python3.9/site-packages (from wandb==0.15.3->-r requirements.txt (line 12)) (0.1.2)
Requirement already satisfied: setproctitle in /sfs/qumulo/qhome/brc4cb/.conda/envs/falcon_40B/lib/python3.9/site-packages (from wandb==0.15.3->-r requirements.txt (line 12)) (1.3.2)
Requirement already satisfied: setuptools in /sfs/qumulo/qhome/brc4cb/.conda/envs/falcon_40B/lib/python3.9/site-packages (from wandb==0.15.3->-r requirements.txt (line 12)) (67.8.0)
Requirement already satisfied: appdirs>=1.4.3 in /sfs/qumulo/qhome/brc4cb/.conda/envs/falcon_40B/lib/python3.9/site-packages (from wandb==0.15.3->-r requirements.txt (line 12)) (1.4.4)
Requirement already satisfied: typing-extensions in /sfs/qumulo/qhome/brc4cb/.conda/envs/falcon_40B/lib/python3.9/site-packages (from wandb==0.15.3->-r requirements.txt (line 12)) (4.11.0)
Requirement already satisfied: protobuf!=4.21.0,<5,>=3.15.0 in /sfs/qumulo/qhome/brc4cb/.conda/envs/falcon_40B/lib/python3.9/site-packages (from wandb==0.15.3->-r requirements.txt (line 12)) (4.23.3)
Requirement already satisfied: Flask<2.3.0,>=1.0.4 in /sfs/qumulo/qhome/brc4cb/.conda/envs/falcon_40B/lib/python3.9/site-packages (from dash==2.11.1->-r requirements.txt (line 13)) (2.2.5)
Requirement already satisfied: Werkzeug<2.3.0 in /sfs/qumulo/qhome/brc4cb/.conda/envs/falcon_40B/lib/python3.9/site-packages (from dash==2.11.1->-r requirements.txt (line 13)) (2.2.3)
Requirement already satisfied: plotly>=5.0.0 in /sfs/qumulo/qhome/brc4cb/.conda/envs/falcon_40B/lib/python3.9/site-packages (from dash==2.11.1->-r requirements.txt (line 13)) (5.15.0)
Requirement already satisfied: dash-html-components==2.0.0 in /sfs/qumulo/qhome/brc4cb/.conda/envs/falcon_40B/lib/python3.9/site-packages (from dash==2.11.1->-r requirements.txt (line 13)) (2.0.0)
Requirement already satisfied: dash-core-components==2.0.0 in /sfs/qumulo/qhome/brc4cb/.conda/envs/falcon_40B/lib/python3.9/site-packages (from dash==2.11.1->-r requirements.txt (line 13)) (2.0.0)
Requirement already satisfied: dash-table==5.0.0 in /sfs/qumulo/qhome/brc4cb/.conda/envs/falcon_40B/lib/python3.9/site-packages (from dash==2.11.1->-r requirements.txt (line 13)) (5.0.0)
Requirement already satisfied: retrying in /sfs/qumulo/qhome/brc4cb/.conda/envs/falcon_40B/lib/python3.9/site-packages (from dash==2.11.1->-r requirements.txt (line 13)) (1.3.4)
Requirement already satisfied: ansi2html in /sfs/qumulo/qhome/brc4cb/.conda/envs/falcon_40B/lib/python3.9/site-packages (from dash==2.11.1->-r requirements.txt (line 13)) (1.8.0)
Requirement already satisfied: nest-asyncio in /sfs/qumulo/qhome/brc4cb/.conda/envs/falcon_40B/lib/python3.9/site-packages (from dash==2.11.1->-r requirements.txt (line 13)) (1.5.6)
Requirement already satisfied: ipython in /sfs/qumulo/qhome/brc4cb/.conda/envs/falcon_40B/lib/python3.9/site-packages (from jupyter-dash==0.4.2->-r requirements.txt (line 16)) (8.14.0)
Requirement already satisfied: ipykernel in /sfs/qumulo/qhome/brc4cb/.conda/envs/falcon_40B/lib/python3.9/site-packages (from jupyter-dash==0.4.2->-r requirements.txt (line 16)) (6.24.0)
Requirement already satisfied: dnspython<3.0.0,>=1.16.0 in /sfs/qumulo/qhome/brc4cb/.conda/envs/falcon_40B/lib/python3.9/site-packages (from pymongo==4.3.2->-r requirements.txt (line 22)) (2.3.0)
Requirement already satisfied: statsmodels>=0.9.0 in /sfs/qumulo/qhome/brc4cb/.conda/envs/falcon_40B/lib/python3.9/site-packages (from plotly-express==0.4.1->-r requirements.txt (line 26)) (0.14.0)
Requirement already satisfied: patsy>=0.5 in /sfs/qumulo/qhome/brc4cb/.conda/envs/falcon_40B/lib/python3.9/site-packages (from plotly-express==0.4.1->-r requirements.txt (line 26)) (0.5.3)
Requirement already satisfied: python-dateutil>=2.8.2 in /sfs/qumulo/qhome/brc4cb/.conda/envs/falcon_40B/lib/python3.9/site-packages (from pandas==2.0.3->-r requirements.txt (line 32)) (2.8.2)
Requirement already satisfied: pytz>=2020.1 in /sfs/qumulo/qhome/brc4cb/.conda/envs/falcon_40B/lib/python3.9/site-packages (from pandas==2.0.3->-r requirements.txt (line 32)) (2023.3)
Requirement already satisfied: tzdata>=2022.1 in /sfs/qumulo/qhome/brc4cb/.conda/envs/falcon_40B/lib/python3.9/site-packages (from pandas==2.0.3->-r requirements.txt (line 32)) (2023.3)
Requirement already satisfied: torch in /sfs/qumulo/qhome/brc4cb/.conda/envs/falcon_40B/lib/python3.9/site-packages (from bitsandbytes->-r requirements.txt (line 1)) (2.1.0)
Requirement already satisfied: filelock in /sfs/qumulo/qhome/brc4cb/.conda/envs/falcon_40B/lib/python3.9/site-packages (from transformers@ git+https://github.com/huggingface/transformers->-r requirements.txt (line 2)) (3.9.0)
Requirement already satisfied: packaging>=20.0 in /sfs/qumulo/qhome/brc4cb/.conda/envs/falcon_40B/lib/python3.9/site-packages (from transformers@ git+https://github.com/huggingface/transformers->-r requirements.txt (line 2)) (23.1)
Requirement already satisfied: regex!=2019.12.17 in /sfs/qumulo/qhome/brc4cb/.conda/envs/falcon_40B/lib/python3.9/site-packages (from transformers@ git+https://github.com/huggingface/transformers->-r requirements.txt (line 2)) (2023.6.3)
Requirement already satisfied: tokenizers<0.20,>=0.19 in /sfs/qumulo/qhome/brc4cb/.conda/envs/falcon_40B/lib/python3.9/site-packages (from transformers@ git+https://github.com/huggingface/transformers->-r requirements.txt (line 2)) (0.19.1)
Requirement already satisfied: safetensors>=0.4.1 in /sfs/qumulo/qhome/brc4cb/.conda/envs/falcon_40B/lib/python3.9/site-packages (from transformers@ git+https://github.com/huggingface/transformers->-r requirements.txt (line 2)) (0.4.2)
Requirement already satisfied: tqdm>=4.27 in /sfs/qumulo/qhome/brc4cb/.conda/envs/falcon_40B/lib/python3.9/site-packages (from transformers@ git+https://github.com/huggingface/transformers->-r requirements.txt (line 2)) (4.65.0)
Requirement already satisfied: pyarrow>=12.0.0 in /sfs/qumulo/qhome/brc4cb/.conda/envs/falcon_40B/lib/python3.9/site-packages (from datasets->-r requirements.txt (line 3)) (12.0.1)
Requirement already satisfied: pyarrow-hotfix in /sfs/qumulo/qhome/brc4cb/.conda/envs/falcon_40B/lib/python3.9/site-packages (from datasets->-r requirements.txt (line 3)) (0.6)
Requirement already satisfied: dill<0.3.9,>=0.3.0 in /sfs/qumulo/qhome/brc4cb/.conda/envs/falcon_40B/lib/python3.9/site-packages (from datasets->-r requirements.txt (line 3)) (0.3.6)
Requirement already satisfied: xxhash in /sfs/qumulo/qhome/brc4cb/.conda/envs/falcon_40B/lib/python3.9/site-packages (from datasets->-r requirements.txt (line 3)) (3.2.0)
Requirement already satisfied: multiprocess in /sfs/qumulo/qhome/brc4cb/.conda/envs/falcon_40B/lib/python3.9/site-packages (from datasets->-r requirements.txt (line 3)) (0.70.14)
Requirement already satisfied: fsspec[http]<=2024.3.1,>=2023.1.0 in /sfs/qumulo/qhome/brc4cb/.conda/envs/falcon_40B/lib/python3.9/site-packages (from datasets->-r requirements.txt (line 3)) (2024.3.1)
Requirement already satisfied: aiohttp in /sfs/qumulo/qhome/brc4cb/.conda/envs/falcon_40B/lib/python3.9/site-packages (from datasets->-r requirements.txt (line 3)) (3.8.4)
Requirement already satisfied: tyro>=0.5.11 in /sfs/qumulo/qhome/brc4cb/.conda/envs/falcon_40B/lib/python3.9/site-packages (from trl->-r requirements.txt (line 4)) (0.8.3)
Requirement already satisfied: responses<0.19 in /sfs/qumulo/qhome/brc4cb/.conda/envs/falcon_40B/lib/python3.9/site-packages (from evaluate->-r requirements.txt (line 8)) (0.18.0)
Requirement already satisfied: matplotlib in /sfs/qumulo/qhome/brc4cb/.conda/envs/falcon_40B/lib/python3.9/site-packages (from bert_score->-r requirements.txt (line 14)) (3.8.2)
Requirement already satisfied: six>=1.4.0 in /sfs/qumulo/qhome/brc4cb/.conda/envs/falcon_40B/lib/python3.9/site-packages (from docker-pycreds>=0.4.0->wandb==0.15.3->-r requirements.txt (line 12)) (1.16.0)
Requirement already satisfied: Jinja2>=3.0 in /sfs/qumulo/qhome/brc4cb/.conda/envs/falcon_40B/lib/python3.9/site-packages (from Flask<2.3.0,>=1.0.4->dash==2.11.1->-r requirements.txt (line 13)) (3.1.2)
Requirement already satisfied: itsdangerous>=2.0 in /sfs/qumulo/qhome/brc4cb/.conda/envs/falcon_40B/lib/python3.9/site-packages (from Flask<2.3.0,>=1.0.4->dash==2.11.1->-r requirements.txt (line 13)) (2.1.2)
Requirement already satisfied: importlib-metadata>=3.6.0 in /sfs/qumulo/qhome/brc4cb/.conda/envs/falcon_40B/lib/python3.9/site-packages (from Flask<2.3.0,>=1.0.4->dash==2.11.1->-r requirements.txt (line 13)) (6.8.0)
Requirement already satisfied: attrs>=17.3.0 in /sfs/qumulo/qhome/brc4cb/.conda/envs/falcon_40B/lib/python3.9/site-packages (from aiohttp->datasets->-r requirements.txt (line 3)) (23.1.0)
Requirement already satisfied: charset-normalizer<4.0,>=2.0 in /sfs/qumulo/qhome/brc4cb/.conda/envs/falcon_40B/lib/python3.9/site-packages (from aiohttp->datasets->-r requirements.txt (line 3)) (3.1.0)
Requirement already satisfied: multidict<7.0,>=4.5 in /sfs/qumulo/qhome/brc4cb/.conda/envs/falcon_40B/lib/python3.9/site-packages (from aiohttp->datasets->-r requirements.txt (line 3)) (6.0.4)
Requirement already satisfied: async-timeout<5.0,>=4.0.0a3 in /sfs/qumulo/qhome/brc4cb/.conda/envs/falcon_40B/lib/python3.9/site-packages (from aiohttp->datasets->-r requirements.txt (line 3)) (4.0.2)
Requirement already satisfied: yarl<2.0,>=1.0 in /sfs/qumulo/qhome/brc4cb/.conda/envs/falcon_40B/lib/python3.9/site-packages (from aiohttp->datasets->-r requirements.txt (line 3)) (1.9.2)
Requirement already satisfied: frozenlist>=1.1.1 in /sfs/qumulo/qhome/brc4cb/.conda/envs/falcon_40B/lib/python3.9/site-packages (from aiohttp->datasets->-r requirements.txt (line 3)) (1.3.3)
Requirement already satisfied: aiosignal>=1.1.2 in /sfs/qumulo/qhome/brc4cb/.conda/envs/falcon_40B/lib/python3.9/site-packages (from aiohttp->datasets->-r requirements.txt (line 3)) (1.3.1)
Requirement already satisfied: gitdb<5,>=4.0.1 in /sfs/qumulo/qhome/brc4cb/.conda/envs/falcon_40B/lib/python3.9/site-packages (from GitPython!=3.1.29,>=1.0.0->wandb==0.15.3->-r requirements.txt (line 12)) (4.0.10)
Requirement already satisfied: tenacity>=6.2.0 in /sfs/qumulo/qhome/brc4cb/.conda/envs/falcon_40B/lib/python3.9/site-packages (from plotly>=5.0.0->dash==2.11.1->-r requirements.txt (line 13)) (8.2.2)
Requirement already satisfied: idna<4,>=2.5 in /sfs/qumulo/qhome/brc4cb/.conda/envs/falcon_40B/lib/python3.9/site-packages (from requests<3,>=2.0.0->wandb==0.15.3->-r requirements.txt (line 12)) (3.4)
Requirement already satisfied: urllib3<3,>=1.21.1 in /sfs/qumulo/qhome/brc4cb/.conda/envs/falcon_40B/lib/python3.9/site-packages (from requests<3,>=2.0.0->wandb==0.15.3->-r requirements.txt (line 12)) (2.0.3)
Requirement already satisfied: certifi>=2017.4.17 in /sfs/qumulo/qhome/brc4cb/.conda/envs/falcon_40B/lib/python3.9/site-packages (from requests<3,>=2.0.0->wandb==0.15.3->-r requirements.txt (line 12)) (2023.5.7)
Requirement already satisfied: sympy in /sfs/qumulo/qhome/brc4cb/.conda/envs/falcon_40B/lib/python3.9/site-packages (from torch->bitsandbytes->-r requirements.txt (line 1)) (1.11.1)
Requirement already satisfied: networkx in /sfs/qumulo/qhome/brc4cb/.conda/envs/falcon_40B/lib/python3.9/site-packages (from torch->bitsandbytes->-r requirements.txt (line 1)) (3.0rc1)
Requirement already satisfied: nvidia-cuda-nvrtc-cu12==12.1.105 in /sfs/qumulo/qhome/brc4cb/.conda/envs/falcon_40B/lib/python3.9/site-packages (from torch->bitsandbytes->-r requirements.txt (line 1)) (12.1.105)
Requirement already satisfied: nvidia-cuda-runtime-cu12==12.1.105 in /sfs/qumulo/qhome/brc4cb/.conda/envs/falcon_40B/lib/python3.9/site-packages (from torch->bitsandbytes->-r requirements.txt (line 1)) (12.1.105)
Requirement already satisfied: nvidia-cuda-cupti-cu12==12.1.105 in /sfs/qumulo/qhome/brc4cb/.conda/envs/falcon_40B/lib/python3.9/site-packages (from torch->bitsandbytes->-r requirements.txt (line 1)) (12.1.105)
Requirement already satisfied: nvidia-cudnn-cu12==8.9.2.26 in /sfs/qumulo/qhome/brc4cb/.conda/envs/falcon_40B/lib/python3.9/site-packages (from torch->bitsandbytes->-r requirements.txt (line 1)) (8.9.2.26)
Requirement already satisfied: nvidia-cublas-cu12==12.1.3.1 in /sfs/qumulo/qhome/brc4cb/.conda/envs/falcon_40B/lib/python3.9/site-packages (from torch->bitsandbytes->-r requirements.txt (line 1)) (12.1.3.1)
Requirement already satisfied: nvidia-cufft-cu12==11.0.2.54 in /sfs/qumulo/qhome/brc4cb/.conda/envs/falcon_40B/lib/python3.9/site-packages (from torch->bitsandbytes->-r requirements.txt (line 1)) (11.0.2.54)
Requirement already satisfied: nvidia-curand-cu12==10.3.2.106 in /sfs/qumulo/qhome/brc4cb/.conda/envs/falcon_40B/lib/python3.9/site-packages (from torch->bitsandbytes->-r requirements.txt (line 1)) (10.3.2.106)
Requirement already satisfied: nvidia-cusolver-cu12==11.4.5.107 in /sfs/qumulo/qhome/brc4cb/.conda/envs/falcon_40B/lib/python3.9/site-packages (from torch->bitsandbytes->-r requirements.txt (line 1)) (11.4.5.107)
Requirement already satisfied: nvidia-cusparse-cu12==12.1.0.106 in /sfs/qumulo/qhome/brc4cb/.conda/envs/falcon_40B/lib/python3.9/site-packages (from torch->bitsandbytes->-r requirements.txt (line 1)) (12.1.0.106)
Requirement already satisfied: nvidia-nccl-cu12==2.18.1 in /sfs/qumulo/qhome/brc4cb/.conda/envs/falcon_40B/lib/python3.9/site-packages (from torch->bitsandbytes->-r requirements.txt (line 1)) (2.18.1)
Requirement already satisfied: nvidia-nvtx-cu12==12.1.105 in /sfs/qumulo/qhome/brc4cb/.conda/envs/falcon_40B/lib/python3.9/site-packages (from torch->bitsandbytes->-r requirements.txt (line 1)) (12.1.105)
Requirement already satisfied: triton==2.1.0 in /sfs/qumulo/qhome/brc4cb/.conda/envs/falcon_40B/lib/python3.9/site-packages (from torch->bitsandbytes->-r requirements.txt (line 1)) (2.1.0)
Requirement already satisfied: nvidia-nvjitlink-cu12 in /sfs/qumulo/qhome/brc4cb/.conda/envs/falcon_40B/lib/python3.9/site-packages (from nvidia-cusolver-cu12==11.4.5.107->torch->bitsandbytes->-r requirements.txt (line 1)) (12.2.140)
Requirement already satisfied: docstring-parser>=0.14.1 in /sfs/qumulo/qhome/brc4cb/.conda/envs/falcon_40B/lib/python3.9/site-packages (from tyro>=0.5.11->trl->-r requirements.txt (line 4)) (0.15)
Requirement already satisfied: rich>=11.1.0 in /sfs/qumulo/qhome/brc4cb/.conda/envs/falcon_40B/lib/python3.9/site-packages (from tyro>=0.5.11->trl->-r requirements.txt (line 4)) (13.4.2)
Requirement already satisfied: shtab>=1.5.6 in /sfs/qumulo/qhome/brc4cb/.conda/envs/falcon_40B/lib/python3.9/site-packages (from tyro>=0.5.11->trl->-r requirements.txt (line 4)) (1.7.1)
Requirement already satisfied: eval-type-backport>=0.1.3 in /sfs/qumulo/qhome/brc4cb/.conda/envs/falcon_40B/lib/python3.9/site-packages (from tyro>=0.5.11->trl->-r requirements.txt (line 4)) (0.1.3)
Requirement already satisfied: MarkupSafe>=2.1.1 in /sfs/qumulo/qhome/brc4cb/.conda/envs/falcon_40B/lib/python3.9/site-packages (from Werkzeug<2.3.0->dash==2.11.1->-r requirements.txt (line 13)) (2.1.2)
Requirement already satisfied: comm>=0.1.1 in /sfs/qumulo/qhome/brc4cb/.conda/envs/falcon_40B/lib/python3.9/site-packages (from ipykernel->jupyter-dash==0.4.2->-r requirements.txt (line 16)) (0.1.3)
Requirement already satisfied: debugpy>=1.6.5 in /sfs/qumulo/qhome/brc4cb/.conda/envs/falcon_40B/lib/python3.9/site-packages (from ipykernel->jupyter-dash==0.4.2->-r requirements.txt (line 16)) (1.6.7)
Requirement already satisfied: jupyter-client>=6.1.12 in /sfs/qumulo/qhome/brc4cb/.conda/envs/falcon_40B/lib/python3.9/site-packages (from ipykernel->jupyter-dash==0.4.2->-r requirements.txt (line 16)) (8.3.0)
Requirement already satisfied: jupyter-core!=5.0.*,>=4.12 in /sfs/qumulo/qhome/brc4cb/.conda/envs/falcon_40B/lib/python3.9/site-packages (from ipykernel->jupyter-dash==0.4.2->-r requirements.txt (line 16)) (5.3.1)
Requirement already satisfied: matplotlib-inline>=0.1 in /sfs/qumulo/qhome/brc4cb/.conda/envs/falcon_40B/lib/python3.9/site-packages (from ipykernel->jupyter-dash==0.4.2->-r requirements.txt (line 16)) (0.1.6)
Requirement already satisfied: pyzmq>=20 in /sfs/qumulo/qhome/brc4cb/.conda/envs/falcon_40B/lib/python3.9/site-packages (from ipykernel->jupyter-dash==0.4.2->-r requirements.txt (line 16)) (25.1.0)
Requirement already satisfied: tornado>=6.1 in /sfs/qumulo/qhome/brc4cb/.conda/envs/falcon_40B/lib/python3.9/site-packages (from ipykernel->jupyter-dash==0.4.2->-r requirements.txt (line 16)) (6.3.2)
Requirement already satisfied: traitlets>=5.4.0 in /sfs/qumulo/qhome/brc4cb/.conda/envs/falcon_40B/lib/python3.9/site-packages (from ipykernel->jupyter-dash==0.4.2->-r requirements.txt (line 16)) (5.9.0)
Requirement already satisfied: backcall in /sfs/qumulo/qhome/brc4cb/.conda/envs/falcon_40B/lib/python3.9/site-packages (from ipython->jupyter-dash==0.4.2->-r requirements.txt (line 16)) (0.2.0)
Requirement already satisfied: decorator in /sfs/qumulo/qhome/brc4cb/.conda/envs/falcon_40B/lib/python3.9/site-packages (from ipython->jupyter-dash==0.4.2->-r requirements.txt (line 16)) (5.1.1)
Requirement already satisfied: jedi>=0.16 in /sfs/qumulo/qhome/brc4cb/.conda/envs/falcon_40B/lib/python3.9/site-packages (from ipython->jupyter-dash==0.4.2->-r requirements.txt (line 16)) (0.18.2)
Requirement already satisfied: pickleshare in /sfs/qumulo/qhome/brc4cb/.conda/envs/falcon_40B/lib/python3.9/site-packages (from ipython->jupyter-dash==0.4.2->-r requirements.txt (line 16)) (0.7.5)
Requirement already satisfied: prompt-toolkit!=3.0.37,<3.1.0,>=3.0.30 in /sfs/qumulo/qhome/brc4cb/.conda/envs/falcon_40B/lib/python3.9/site-packages (from ipython->jupyter-dash==0.4.2->-r requirements.txt (line 16)) (3.0.39)
Requirement already satisfied: pygments>=2.4.0 in /sfs/qumulo/qhome/brc4cb/.conda/envs/falcon_40B/lib/python3.9/site-packages (from ipython->jupyter-dash==0.4.2->-r requirements.txt (line 16)) (2.15.1)
Requirement already satisfied: stack-data in /sfs/qumulo/qhome/brc4cb/.conda/envs/falcon_40B/lib/python3.9/site-packages (from ipython->jupyter-dash==0.4.2->-r requirements.txt (line 16)) (0.6.2)
Requirement already satisfied: pexpect>4.3 in /sfs/qumulo/qhome/brc4cb/.conda/envs/falcon_40B/lib/python3.9/site-packages (from ipython->jupyter-dash==0.4.2->-r requirements.txt (line 16)) (4.8.0)
Requirement already satisfied: contourpy>=1.0.1 in /sfs/qumulo/qhome/brc4cb/.conda/envs/falcon_40B/lib/python3.9/site-packages (from matplotlib->bert_score->-r requirements.txt (line 14)) (1.2.0)
Requirement already satisfied: cycler>=0.10 in /sfs/qumulo/qhome/brc4cb/.conda/envs/falcon_40B/lib/python3.9/site-packages (from matplotlib->bert_score->-r requirements.txt (line 14)) (0.12.1)
Requirement already satisfied: fonttools>=4.22.0 in /sfs/qumulo/qhome/brc4cb/.conda/envs/falcon_40B/lib/python3.9/site-packages (from matplotlib->bert_score->-r requirements.txt (line 14)) (4.47.2)
Requirement already satisfied: kiwisolver>=1.3.1 in /sfs/qumulo/qhome/brc4cb/.conda/envs/falcon_40B/lib/python3.9/site-packages (from matplotlib->bert_score->-r requirements.txt (line 14)) (1.4.5)
Requirement already satisfied: pillow>=8 in /sfs/qumulo/qhome/brc4cb/.conda/envs/falcon_40B/lib/python3.9/site-packages (from matplotlib->bert_score->-r requirements.txt (line 14)) (10.0.1)
Requirement already satisfied: pyparsing>=2.3.1 in /sfs/qumulo/qhome/brc4cb/.conda/envs/falcon_40B/lib/python3.9/site-packages (from matplotlib->bert_score->-r requirements.txt (line 14)) (3.1.1)
Requirement already satisfied: importlib-resources>=3.2.0 in /sfs/qumulo/qhome/brc4cb/.conda/envs/falcon_40B/lib/python3.9/site-packages (from matplotlib->bert_score->-r requirements.txt (line 14)) (5.12.0)
Requirement already satisfied: smmap<6,>=3.0.1 in /sfs/qumulo/qhome/brc4cb/.conda/envs/falcon_40B/lib/python3.9/site-packages (from gitdb<5,>=4.0.1->GitPython!=3.1.29,>=1.0.0->wandb==0.15.3->-r requirements.txt (line 12)) (5.0.0)
Requirement already satisfied: zipp>=0.5 in /sfs/qumulo/qhome/brc4cb/.conda/envs/falcon_40B/lib/python3.9/site-packages (from importlib-metadata>=3.6.0->Flask<2.3.0,>=1.0.4->dash==2.11.1->-r requirements.txt (line 13)) (3.15.0)
Requirement already satisfied: parso<0.9.0,>=0.8.0 in /sfs/qumulo/qhome/brc4cb/.conda/envs/falcon_40B/lib/python3.9/site-packages (from jedi>=0.16->ipython->jupyter-dash==0.4.2->-r requirements.txt (line 16)) (0.8.3)
Requirement already satisfied: platformdirs>=2.5 in /sfs/qumulo/qhome/brc4cb/.conda/envs/falcon_40B/lib/python3.9/site-packages (from jupyter-core!=5.0.*,>=4.12->ipykernel->jupyter-dash==0.4.2->-r requirements.txt (line 16)) (3.8.1)
Requirement already satisfied: ptyprocess>=0.5 in /sfs/qumulo/qhome/brc4cb/.conda/envs/falcon_40B/lib/python3.9/site-packages (from pexpect>4.3->ipython->jupyter-dash==0.4.2->-r requirements.txt (line 16)) (0.7.0)
Requirement already satisfied: wcwidth in /sfs/qumulo/qhome/brc4cb/.conda/envs/falcon_40B/lib/python3.9/site-packages (from prompt-toolkit!=3.0.37,<3.1.0,>=3.0.30->ipython->jupyter-dash==0.4.2->-r requirements.txt (line 16)) (0.2.6)
Requirement already satisfied: markdown-it-py>=2.2.0 in /sfs/qumulo/qhome/brc4cb/.conda/envs/falcon_40B/lib/python3.9/site-packages (from rich>=11.1.0->tyro>=0.5.11->trl->-r requirements.txt (line 4)) (3.0.0)
Requirement already satisfied: executing>=1.2.0 in /sfs/qumulo/qhome/brc4cb/.conda/envs/falcon_40B/lib/python3.9/site-packages (from stack-data->ipython->jupyter-dash==0.4.2->-r requirements.txt (line 16)) (1.2.0)
Requirement already satisfied: asttokens>=2.1.0 in /sfs/qumulo/qhome/brc4cb/.conda/envs/falcon_40B/lib/python3.9/site-packages (from stack-data->ipython->jupyter-dash==0.4.2->-r requirements.txt (line 16)) (2.2.1)
Requirement already satisfied: pure-eval in /sfs/qumulo/qhome/brc4cb/.conda/envs/falcon_40B/lib/python3.9/site-packages (from stack-data->ipython->jupyter-dash==0.4.2->-r requirements.txt (line 16)) (0.2.2)
Requirement already satisfied: mpmath>=0.19 in /sfs/qumulo/qhome/brc4cb/.conda/envs/falcon_40B/lib/python3.9/site-packages (from sympy->torch->bitsandbytes->-r requirements.txt (line 1)) (1.2.1)
Requirement already satisfied: mdurl~=0.1 in /sfs/qumulo/qhome/brc4cb/.conda/envs/falcon_40B/lib/python3.9/site-packages (from markdown-it-py>=2.2.0->rich>=11.1.0->tyro>=0.5.11->trl->-r requirements.txt (line 4)) (0.1.2)
Looking in indexes: https://aiinfra.pkgs.visualstudio.com/PublicPackages/_packaging/Triton-Nightly/pypi/simple/
Requirement already satisfied: triton-nightly in /sfs/qumulo/qhome/brc4cb/.conda/envs/falcon_40B/lib/python3.9/site-packages (3.0.0.post20240422051420)
Collecting triton-nightly
  Downloading https://aiinfra.pkgs.visualstudio.com/2692857e-05ef-43b4-ba9c-ccf1c22c437c/_packaging/07c94329-d4c3-4ad4-9e6b-f904a60032ec/pypi/download/triton-nightly/3.post20240423050854/triton_nightly-3.0.0.post20240423050854-cp39-cp39-manylinux_2_27_x86_64.manylinux_2_28_x86_64.whl (132.8 MB)
     ━━━━━━━━━━━━━━━━━━━━━━━━━━━━━━━━━━━━━━ 132.8/132.8 MB 11.6 MB/s eta 0:00:00
Requirement already satisfied: filelock in /sfs/qumulo/qhome/brc4cb/.conda/envs/falcon_40B/lib/python3.9/site-packages (from triton-nightly) (3.9.0)
Installing collected packages: triton-nightly
  Attempting uninstall: triton-nightly
    Found existing installation: triton-nightly 3.0.0.post20240422051420
    Uninstalling triton-nightly-3.0.0.post20240422051420:
      Successfully uninstalled triton-nightly-3.0.0.post20240422051420
Successfully installed triton-nightly-3.0.0.post20240423050854
Collecting package metadata (current_repodata.json): ...working... done
Solving environment: ...working... done

# All requested packages already installed.

Adding special tokens.
