

==> WARNING: A newer version of conda exists. <==
  current version: 23.5.2
  latest version: 23.11.0

Please update conda by running

    $ conda update -n base -c defaults conda

Or to minimize the number of packages updated during conda update use

     conda install conda=23.11.0


WARNING: Ignoring invalid distribution -riton-nightly (/sfs/qumulo/qhome/brc4cb/.conda/envs/falcon_40B/lib/python3.9/site-packages)
  Running command git clone --filter=blob:none --quiet https://github.com/huggingface/peft.git /tmp/pip-install-b6ps3bdg/peft_1dbf639d3d91467cb7a39ed2a746ab47
  Running command git clone --filter=blob:none --quiet https://github.com/huggingface/accelerate.git /tmp/pip-install-b6ps3bdg/accelerate_419c62da119f4f149c4b032e4f0a123c
ERROR: Cannot install -r requirements.txt (line 2), -r requirements.txt (line 3), -r requirements.txt (line 6) and huggingface_hub==0.16.4 because these package versions have conflicting dependencies.
ERROR: ResolutionImpossible: for help visit https://pip.pypa.io/en/latest/topics/dependency-resolution/#dealing-with-dependency-conflicts
WARNING: Ignoring invalid distribution -riton-nightly (/sfs/qumulo/qhome/brc4cb/.conda/envs/falcon_40B/lib/python3.9/site-packages)
WARNING: Ignoring invalid distribution -riton-nightly (/sfs/qumulo/qhome/brc4cb/.conda/envs/falcon_40B/lib/python3.9/site-packages)


==> WARNING: A newer version of conda exists. <==
  current version: 23.5.2
  latest version: 23.11.0

Please update conda by running

    $ conda update -n base -c defaults conda

Or to minimize the number of packages updated during conda update use

     conda install conda=23.11.0


/home/brc4cb/.conda/envs/falcon_40B/lib/python3.9/site-packages/transformers/models/auto/tokenization_auto.py:640: FutureWarning: The `use_auth_token` argument is deprecated and will be removed in v5 of Transformers.
  warnings.warn(
/home/brc4cb/.conda/envs/falcon_40B/lib/python3.9/site-packages/transformers/models/auto/auto_factory.py:479: FutureWarning: The `use_auth_token` argument is deprecated and will be removed in v5 of Transformers.
  warnings.warn(
Loading checkpoint shards:   0%|          | 0/15 [00:00<?, ?it/s]Loading checkpoint shards:   7%|▋         | 1/15 [00:02<00:38,  2.73s/it]Loading checkpoint shards:  13%|█▎        | 2/15 [00:05<00:33,  2.59s/it]Loading checkpoint shards:  20%|██        | 3/15 [00:07<00:30,  2.55s/it]Loading checkpoint shards:  27%|██▋       | 4/15 [00:10<00:27,  2.53s/it]Loading checkpoint shards:  33%|███▎      | 5/15 [00:12<00:25,  2.51s/it]Loading checkpoint shards:  40%|████      | 6/15 [00:15<00:22,  2.50s/it]Loading checkpoint shards:  47%|████▋     | 7/15 [00:17<00:19,  2.49s/it]Loading checkpoint shards:  53%|█████▎    | 8/15 [00:20<00:17,  2.51s/it]Loading checkpoint shards:  60%|██████    | 9/15 [00:22<00:15,  2.50s/it]Loading checkpoint shards:  67%|██████▋   | 10/15 [00:25<00:12,  2.50s/it]Loading checkpoint shards:  73%|███████▎  | 11/15 [00:27<00:09,  2.49s/it]Loading checkpoint shards:  80%|████████  | 12/15 [00:30<00:07,  2.49s/it]Loading checkpoint shards:  87%|████████▋ | 13/15 [00:32<00:04,  2.47s/it]Loading checkpoint shards:  93%|█████████▎| 14/15 [00:34<00:02,  2.44s/it]Loading checkpoint shards: 100%|██████████| 15/15 [00:35<00:00,  1.77s/it]Loading checkpoint shards: 100%|██████████| 15/15 [00:35<00:00,  2.34s/it]
/home/brc4cb/.conda/envs/falcon_40B/lib/python3.9/site-packages/transformers/utils/hub.py:374: FutureWarning: The `use_auth_token` argument is deprecated and will be removed in v5 of Transformers.
  warnings.warn(
slurmstepd: error: *** JOB 56702076 ON udc-an34-1 CANCELLED AT 2024-01-10T07:40:44 DUE TO TIME LIMIT ***
