

==> WARNING: A newer version of conda exists. <==
  current version: 23.5.2
  latest version: 24.1.0

Please update conda by running

    $ conda update -n base -c defaults conda

Or to minimize the number of packages updated during conda update use

     conda install conda=24.1.0


WARNING: Ignoring invalid distribution -riton-nightly (/sfs/qumulo/qhome/brc4cb/.conda/envs/falcon_40B/lib/python3.9/site-packages)
  Running command git clone --filter=blob:none --quiet https://github.com/huggingface/peft.git /tmp/pip-install-ab0ngas7/peft_597e0ef0699b4d409c52f067fdabde79
  Running command git clone --filter=blob:none --quiet https://github.com/huggingface/accelerate.git /tmp/pip-install-ab0ngas7/accelerate_556836329976492ab57765590a323254
ERROR: Cannot install -r requirements.txt (line 2), -r requirements.txt (line 3), -r requirements.txt (line 6) and huggingface_hub==0.16.4 because these package versions have conflicting dependencies.
ERROR: ResolutionImpossible: for help visit https://pip.pypa.io/en/latest/topics/dependency-resolution/#dealing-with-dependency-conflicts
WARNING: Ignoring invalid distribution -riton-nightly (/sfs/qumulo/qhome/brc4cb/.conda/envs/falcon_40B/lib/python3.9/site-packages)
WARNING: Ignoring invalid distribution -riton-nightly (/sfs/qumulo/qhome/brc4cb/.conda/envs/falcon_40B/lib/python3.9/site-packages)


==> WARNING: A newer version of conda exists. <==
  current version: 23.5.2
  latest version: 24.1.0

Please update conda by running

    $ conda update -n base -c defaults conda

Or to minimize the number of packages updated during conda update use

     conda install conda=24.1.0


/home/brc4cb/.conda/envs/falcon_40B/lib/python3.9/site-packages/transformers/models/auto/tokenization_auto.py:640: FutureWarning: The `use_auth_token` argument is deprecated and will be removed in v5 of Transformers.
  warnings.warn(
/home/brc4cb/.conda/envs/falcon_40B/lib/python3.9/site-packages/transformers/models/auto/auto_factory.py:479: FutureWarning: The `use_auth_token` argument is deprecated and will be removed in v5 of Transformers.
  warnings.warn(
Loading checkpoint shards:   0%|          | 0/15 [00:00<?, ?it/s]Loading checkpoint shards:   7%|▋         | 1/15 [00:04<00:56,  4.07s/it]Loading checkpoint shards:  13%|█▎        | 2/15 [00:07<00:49,  3.80s/it]Loading checkpoint shards:  20%|██        | 3/15 [00:11<00:43,  3.66s/it]Loading checkpoint shards:  27%|██▋       | 4/15 [00:14<00:39,  3.60s/it]Loading checkpoint shards:  33%|███▎      | 5/15 [00:18<00:36,  3.61s/it]Loading checkpoint shards:  40%|████      | 6/15 [00:21<00:32,  3.56s/it]Loading checkpoint shards:  47%|████▋     | 7/15 [00:25<00:28,  3.52s/it]Loading checkpoint shards:  53%|█████▎    | 8/15 [00:28<00:24,  3.49s/it]Loading checkpoint shards:  60%|██████    | 9/15 [00:32<00:20,  3.46s/it]Loading checkpoint shards:  67%|██████▋   | 10/15 [00:35<00:17,  3.45s/it]Loading checkpoint shards:  73%|███████▎  | 11/15 [00:38<00:13,  3.44s/it]Loading checkpoint shards:  80%|████████  | 12/15 [00:42<00:10,  3.42s/it]Loading checkpoint shards:  87%|████████▋ | 13/15 [00:45<00:06,  3.41s/it]Loading checkpoint shards:  93%|█████████▎| 14/15 [00:48<00:03,  3.34s/it]Loading checkpoint shards: 100%|██████████| 15/15 [00:49<00:00,  2.41s/it]Loading checkpoint shards: 100%|██████████| 15/15 [00:49<00:00,  3.27s/it]
/home/brc4cb/.conda/envs/falcon_40B/lib/python3.9/site-packages/transformers/utils/hub.py:374: FutureWarning: The `use_auth_token` argument is deprecated and will be removed in v5 of Transformers.
  warnings.warn(
