

==> WARNING: A newer version of conda exists. <==
  current version: 23.5.2
  latest version: 23.11.0

Please update conda by running

    $ conda update -n base -c defaults conda

Or to minimize the number of packages updated during conda update use

     conda install conda=23.11.0


WARNING: Ignoring invalid distribution -riton-nightly (/sfs/qumulo/qhome/brc4cb/.conda/envs/falcon_40B/lib/python3.9/site-packages)
  Running command git clone --filter=blob:none --quiet https://github.com/huggingface/peft.git /tmp/pip-install-ibqjpoar/peft_49547f211868416a814fcfbc82efa9f9
  Running command git clone --filter=blob:none --quiet https://github.com/huggingface/accelerate.git /tmp/pip-install-ibqjpoar/accelerate_293ff7fb913e4cd3b3bdbecea3b70d7c
ERROR: Cannot install -r requirements.txt (line 2), -r requirements.txt (line 3), -r requirements.txt (line 6) and huggingface_hub==0.16.4 because these package versions have conflicting dependencies.
ERROR: ResolutionImpossible: for help visit https://pip.pypa.io/en/latest/topics/dependency-resolution/#dealing-with-dependency-conflicts
WARNING: Ignoring invalid distribution -riton-nightly (/sfs/qumulo/qhome/brc4cb/.conda/envs/falcon_40B/lib/python3.9/site-packages)
WARNING: Ignoring invalid distribution -riton-nightly (/sfs/qumulo/qhome/brc4cb/.conda/envs/falcon_40B/lib/python3.9/site-packages)


==> WARNING: A newer version of conda exists. <==
  current version: 23.5.2
  latest version: 23.11.0

Please update conda by running

    $ conda update -n base -c defaults conda

Or to minimize the number of packages updated during conda update use

     conda install conda=23.11.0


/home/brc4cb/.conda/envs/falcon_40B/lib/python3.9/site-packages/transformers/models/auto/tokenization_auto.py:640: FutureWarning: The `use_auth_token` argument is deprecated and will be removed in v5 of Transformers.
  warnings.warn(
/home/brc4cb/.conda/envs/falcon_40B/lib/python3.9/site-packages/transformers/models/auto/auto_factory.py:479: FutureWarning: The `use_auth_token` argument is deprecated and will be removed in v5 of Transformers.
  warnings.warn(
Loading checkpoint shards:   0%|          | 0/15 [00:00<?, ?it/s]Loading checkpoint shards:   7%|▋         | 1/15 [00:03<00:46,  3.34s/it]Loading checkpoint shards:  13%|█▎        | 2/15 [00:06<00:43,  3.35s/it]Loading checkpoint shards:  20%|██        | 3/15 [00:10<00:40,  3.41s/it]Loading checkpoint shards:  27%|██▋       | 4/15 [00:13<00:38,  3.49s/it]Loading checkpoint shards:  33%|███▎      | 5/15 [00:17<00:35,  3.56s/it]Loading checkpoint shards:  40%|████      | 6/15 [00:21<00:32,  3.59s/it]Loading checkpoint shards:  47%|████▋     | 7/15 [00:24<00:28,  3.62s/it]Loading checkpoint shards:  53%|█████▎    | 8/15 [00:28<00:25,  3.63s/it]Loading checkpoint shards:  60%|██████    | 9/15 [00:32<00:21,  3.65s/it]Loading checkpoint shards:  67%|██████▋   | 10/15 [00:35<00:18,  3.65s/it]Loading checkpoint shards:  73%|███████▎  | 11/15 [00:39<00:14,  3.67s/it]Loading checkpoint shards:  80%|████████  | 12/15 [00:43<00:11,  3.69s/it]Loading checkpoint shards:  87%|████████▋ | 13/15 [00:46<00:07,  3.70s/it]Loading checkpoint shards:  93%|█████████▎| 14/15 [00:50<00:03,  3.72s/it]Loading checkpoint shards: 100%|██████████| 15/15 [00:51<00:00,  2.69s/it]Loading checkpoint shards: 100%|██████████| 15/15 [00:51<00:00,  3.40s/it]
/home/brc4cb/.conda/envs/falcon_40B/lib/python3.9/site-packages/transformers/utils/hub.py:374: FutureWarning: The `use_auth_token` argument is deprecated and will be removed in v5 of Transformers.
  warnings.warn(
