

==> WARNING: A newer version of conda exists. <==
  current version: 23.5.2
  latest version: 23.11.0

Please update conda by running

    $ conda update -n base -c defaults conda

Or to minimize the number of packages updated during conda update use

     conda install conda=23.11.0


WARNING: Ignoring invalid distribution -riton-nightly (/sfs/qumulo/qhome/brc4cb/.conda/envs/falcon_40B/lib/python3.9/site-packages)
  Running command git clone --filter=blob:none --quiet https://github.com/huggingface/peft.git /tmp/pip-install-b6yy5zrd/peft_4ec772a0c96d4a73a95a106d727c8c9b
  Running command git clone --filter=blob:none --quiet https://github.com/huggingface/accelerate.git /tmp/pip-install-b6yy5zrd/accelerate_8f1e5329f2ce4b80a1f9fcb50557757f
ERROR: Cannot install -r requirements.txt (line 2), -r requirements.txt (line 3), -r requirements.txt (line 6) and huggingface_hub==0.16.4 because these package versions have conflicting dependencies.
ERROR: ResolutionImpossible: for help visit https://pip.pypa.io/en/latest/topics/dependency-resolution/#dealing-with-dependency-conflicts
WARNING: Ignoring invalid distribution -riton-nightly (/sfs/qumulo/qhome/brc4cb/.conda/envs/falcon_40B/lib/python3.9/site-packages)
WARNING: Ignoring invalid distribution -riton-nightly (/sfs/qumulo/qhome/brc4cb/.conda/envs/falcon_40B/lib/python3.9/site-packages)


==> WARNING: A newer version of conda exists. <==
  current version: 23.5.2
  latest version: 23.11.0

Please update conda by running

    $ conda update -n base -c defaults conda

Or to minimize the number of packages updated during conda update use

     conda install conda=23.11.0


/home/brc4cb/.conda/envs/falcon_40B/lib/python3.9/site-packages/transformers/models/auto/tokenization_auto.py:640: FutureWarning: The `use_auth_token` argument is deprecated and will be removed in v5 of Transformers.
  warnings.warn(
/home/brc4cb/.conda/envs/falcon_40B/lib/python3.9/site-packages/transformers/models/auto/auto_factory.py:479: FutureWarning: The `use_auth_token` argument is deprecated and will be removed in v5 of Transformers.
  warnings.warn(
Loading checkpoint shards:   0%|          | 0/15 [00:00<?, ?it/s]Loading checkpoint shards:   7%|▋         | 1/15 [00:03<00:45,  3.24s/it]Loading checkpoint shards:  13%|█▎        | 2/15 [00:06<00:39,  3.07s/it]Loading checkpoint shards:  20%|██        | 3/15 [00:09<00:36,  3.04s/it]Loading checkpoint shards:  27%|██▋       | 4/15 [00:12<00:33,  3.02s/it]Loading checkpoint shards:  33%|███▎      | 5/15 [00:15<00:29,  2.99s/it]Loading checkpoint shards:  40%|████      | 6/15 [00:18<00:26,  2.97s/it]Loading checkpoint shards:  47%|████▋     | 7/15 [00:21<00:23,  2.98s/it]Loading checkpoint shards:  53%|█████▎    | 8/15 [00:24<00:20,  2.98s/it]Loading checkpoint shards:  60%|██████    | 9/15 [00:27<00:17,  2.97s/it]Loading checkpoint shards:  67%|██████▋   | 10/15 [00:29<00:14,  2.98s/it]Loading checkpoint shards:  73%|███████▎  | 11/15 [00:32<00:11,  2.97s/it]Loading checkpoint shards:  80%|████████  | 12/15 [00:35<00:08,  2.99s/it]Loading checkpoint shards:  87%|████████▋ | 13/15 [00:39<00:06,  3.00s/it]Loading checkpoint shards:  93%|█████████▎| 14/15 [00:42<00:03,  3.04s/it]Loading checkpoint shards: 100%|██████████| 15/15 [00:42<00:00,  2.20s/it]Loading checkpoint shards: 100%|██████████| 15/15 [00:42<00:00,  2.83s/it]
/home/brc4cb/.conda/envs/falcon_40B/lib/python3.9/site-packages/transformers/utils/hub.py:374: FutureWarning: The `use_auth_token` argument is deprecated and will be removed in v5 of Transformers.
  warnings.warn(
slurmstepd: error: *** JOB 57680461 ON udc-an36-1 CANCELLED AT 2024-01-30T12:28:21 DUE TO TIME LIMIT ***
