

==> WARNING: A newer version of conda exists. <==
  current version: 23.5.2
  latest version: 24.1.0

Please update conda by running

    $ conda update -n base -c defaults conda

Or to minimize the number of packages updated during conda update use

     conda install conda=24.1.0


WARNING: Ignoring invalid distribution -riton-nightly (/sfs/qumulo/qhome/brc4cb/.conda/envs/falcon_40B/lib/python3.9/site-packages)
  Running command git clone --filter=blob:none --quiet https://github.com/huggingface/peft.git /tmp/pip-install-y9l103a3/peft_55e637398d854745b66764ecdd6a8ccd
  Running command git clone --filter=blob:none --quiet https://github.com/huggingface/accelerate.git /tmp/pip-install-y9l103a3/accelerate_2456a9764af446a2936c1194959fda6a
ERROR: Cannot install -r requirements.txt (line 2), -r requirements.txt (line 3), -r requirements.txt (line 6) and huggingface_hub==0.16.4 because these package versions have conflicting dependencies.
ERROR: ResolutionImpossible: for help visit https://pip.pypa.io/en/latest/topics/dependency-resolution/#dealing-with-dependency-conflicts
WARNING: Ignoring invalid distribution -riton-nightly (/sfs/qumulo/qhome/brc4cb/.conda/envs/falcon_40B/lib/python3.9/site-packages)
WARNING: Ignoring invalid distribution -riton-nightly (/sfs/qumulo/qhome/brc4cb/.conda/envs/falcon_40B/lib/python3.9/site-packages)


==> WARNING: A newer version of conda exists. <==
  current version: 23.5.2
  latest version: 24.1.0

Please update conda by running

    $ conda update -n base -c defaults conda

Or to minimize the number of packages updated during conda update use

     conda install conda=24.1.0


/home/brc4cb/.conda/envs/falcon_40B/lib/python3.9/site-packages/transformers/models/auto/tokenization_auto.py:640: FutureWarning: The `use_auth_token` argument is deprecated and will be removed in v5 of Transformers.
  warnings.warn(
/home/brc4cb/.conda/envs/falcon_40B/lib/python3.9/site-packages/transformers/models/auto/auto_factory.py:479: FutureWarning: The `use_auth_token` argument is deprecated and will be removed in v5 of Transformers.
  warnings.warn(
Loading checkpoint shards:   0%|          | 0/15 [00:00<?, ?it/s]Loading checkpoint shards:   7%|▋         | 1/15 [00:02<00:40,  2.89s/it]Loading checkpoint shards:  13%|█▎        | 2/15 [00:05<00:35,  2.72s/it]Loading checkpoint shards:  20%|██        | 3/15 [00:08<00:32,  2.69s/it]Loading checkpoint shards:  27%|██▋       | 4/15 [00:10<00:29,  2.69s/it]Loading checkpoint shards:  33%|███▎      | 5/15 [00:13<00:26,  2.66s/it]Loading checkpoint shards:  40%|████      | 6/15 [00:16<00:23,  2.66s/it]Loading checkpoint shards:  47%|████▋     | 7/15 [00:19<00:22,  2.86s/it]Loading checkpoint shards:  53%|█████▎    | 8/15 [00:22<00:20,  3.00s/it]Loading checkpoint shards:  60%|██████    | 9/15 [00:25<00:18,  3.06s/it]Loading checkpoint shards:  67%|██████▋   | 10/15 [00:29<00:15,  3.12s/it]Loading checkpoint shards:  73%|███████▎  | 11/15 [00:32<00:12,  3.16s/it]Loading checkpoint shards:  80%|████████  | 12/15 [00:35<00:09,  3.19s/it]Loading checkpoint shards:  87%|████████▋ | 13/15 [00:38<00:06,  3.21s/it]Loading checkpoint shards:  93%|█████████▎| 14/15 [00:42<00:03,  3.20s/it]Loading checkpoint shards: 100%|██████████| 15/15 [00:42<00:00,  2.31s/it]Loading checkpoint shards: 100%|██████████| 15/15 [00:42<00:00,  2.82s/it]
/home/brc4cb/.conda/envs/falcon_40B/lib/python3.9/site-packages/transformers/utils/hub.py:374: FutureWarning: The `use_auth_token` argument is deprecated and will be removed in v5 of Transformers.
  warnings.warn(
slurmstepd: error: *** JOB 58030269 ON udc-an34-1 CANCELLED AT 2024-02-10T09:00:28 DUE TO TIME LIMIT ***
