

==> WARNING: A newer version of conda exists. <==
  current version: 23.5.2
  latest version: 24.1.1

Please update conda by running

    $ conda update -n base -c defaults conda

Or to minimize the number of packages updated during conda update use

     conda install conda=24.1.1


WARNING: Ignoring invalid distribution -riton-nightly (/sfs/qumulo/qhome/brc4cb/.conda/envs/falcon_40B/lib/python3.9/site-packages)
  Running command git clone --filter=blob:none --quiet https://github.com/huggingface/peft.git /tmp/pip-install-u7_hh42b/peft_f34e8c2e886649e7be7bfb5458f719cd
  Running command git clone --filter=blob:none --quiet https://github.com/huggingface/accelerate.git /tmp/pip-install-u7_hh42b/accelerate_6b83d268cd0b43ff854d622a956ea7f3
ERROR: Cannot install -r requirements.txt (line 2), -r requirements.txt (line 3), -r requirements.txt (line 6) and huggingface_hub==0.16.4 because these package versions have conflicting dependencies.
ERROR: ResolutionImpossible: for help visit https://pip.pypa.io/en/latest/topics/dependency-resolution/#dealing-with-dependency-conflicts
WARNING: Ignoring invalid distribution -riton-nightly (/sfs/qumulo/qhome/brc4cb/.conda/envs/falcon_40B/lib/python3.9/site-packages)
WARNING: Ignoring invalid distribution -riton-nightly (/sfs/qumulo/qhome/brc4cb/.conda/envs/falcon_40B/lib/python3.9/site-packages)


==> WARNING: A newer version of conda exists. <==
  current version: 23.5.2
  latest version: 24.1.1

Please update conda by running

    $ conda update -n base -c defaults conda

Or to minimize the number of packages updated during conda update use

     conda install conda=24.1.1


Loading checkpoint shards:   0%|          | 0/15 [00:00<?, ?it/s]Loading checkpoint shards:   7%|▋         | 1/15 [00:03<00:47,  3.41s/it]Loading checkpoint shards:  13%|█▎        | 2/15 [00:06<00:41,  3.21s/it]Loading checkpoint shards:  20%|██        | 3/15 [00:09<00:37,  3.17s/it]Loading checkpoint shards:  27%|██▋       | 4/15 [00:12<00:34,  3.11s/it]Loading checkpoint shards:  33%|███▎      | 5/15 [00:15<00:30,  3.03s/it]Loading checkpoint shards:  40%|████      | 6/15 [00:18<00:26,  2.95s/it]Loading checkpoint shards:  47%|████▋     | 7/15 [00:21<00:23,  2.91s/it]Loading checkpoint shards:  53%|█████▎    | 8/15 [00:23<00:20,  2.89s/it]Loading checkpoint shards:  60%|██████    | 9/15 [00:26<00:17,  2.86s/it]Loading checkpoint shards:  67%|██████▋   | 10/15 [00:29<00:14,  2.84s/it]Loading checkpoint shards:  73%|███████▎  | 11/15 [00:32<00:11,  2.84s/it]Loading checkpoint shards:  80%|████████  | 12/15 [00:35<00:08,  2.88s/it]Loading checkpoint shards:  87%|████████▋ | 13/15 [00:38<00:05,  2.84s/it]Loading checkpoint shards:  93%|█████████▎| 14/15 [00:40<00:02,  2.78s/it]Loading checkpoint shards: 100%|██████████| 15/15 [00:41<00:00,  2.01s/it]Loading checkpoint shards: 100%|██████████| 15/15 [00:41<00:00,  2.73s/it]
/home/brc4cb/.conda/envs/falcon_40B/lib/python3.9/site-packages/transformers/utils/hub.py:374: FutureWarning: The `use_auth_token` argument is deprecated and will be removed in v5 of Transformers.
  warnings.warn(
/home/brc4cb/.conda/envs/falcon_40B/lib/python3.9/site-packages/bitsandbytes/nn/modules.py:224: UserWarning: Input type into Linear4bit is torch.float16, but bnb_4bit_compute_type=torch.float32 (default). This will lead to slow inference or training speed.
  warnings.warn(f'Input type into Linear4bit is torch.float16, but bnb_4bit_compute_type=torch.float32 (default). This will lead to slow inference or training speed.')
slurmstepd: error: *** JOB 58313599 ON udc-an34-19 CANCELLED AT 2024-02-15T18:44:22 ***
