

==> WARNING: A newer version of conda exists. <==
  current version: 23.5.2
  latest version: 24.1.1

Please update conda by running

    $ conda update -n base -c defaults conda

Or to minimize the number of packages updated during conda update use

     conda install conda=24.1.1


WARNING: Ignoring invalid distribution -riton-nightly (/sfs/qumulo/qhome/brc4cb/.conda/envs/falcon_40B/lib/python3.9/site-packages)
  Running command git clone --filter=blob:none --quiet https://github.com/huggingface/peft.git /tmp/pip-install-12qy8nnp/peft_ca3cc5e4f532455b89c6de2b888abcc1
  Running command git clone --filter=blob:none --quiet https://github.com/huggingface/accelerate.git /tmp/pip-install-12qy8nnp/accelerate_42fcec0236174ef7b4f599549271e146
ERROR: Cannot install -r requirements.txt (line 2), -r requirements.txt (line 3), -r requirements.txt (line 6) and huggingface_hub==0.16.4 because these package versions have conflicting dependencies.
ERROR: ResolutionImpossible: for help visit https://pip.pypa.io/en/latest/topics/dependency-resolution/#dealing-with-dependency-conflicts
WARNING: Ignoring invalid distribution -riton-nightly (/sfs/qumulo/qhome/brc4cb/.conda/envs/falcon_40B/lib/python3.9/site-packages)
WARNING: Ignoring invalid distribution -riton-nightly (/sfs/qumulo/qhome/brc4cb/.conda/envs/falcon_40B/lib/python3.9/site-packages)


==> WARNING: A newer version of conda exists. <==
  current version: 23.5.2
  latest version: 24.1.1

Please update conda by running

    $ conda update -n base -c defaults conda

Or to minimize the number of packages updated during conda update use

     conda install conda=24.1.1


Loading checkpoint shards:   0%|          | 0/15 [00:00<?, ?it/s]Loading checkpoint shards:   7%|▋         | 1/15 [00:03<00:43,  3.08s/it]Loading checkpoint shards:  13%|█▎        | 2/15 [00:05<00:38,  2.94s/it]Loading checkpoint shards:  20%|██        | 3/15 [00:08<00:34,  2.88s/it]Loading checkpoint shards:  27%|██▋       | 4/15 [00:11<00:31,  2.83s/it]Loading checkpoint shards:  33%|███▎      | 5/15 [00:14<00:27,  2.78s/it]Loading checkpoint shards:  40%|████      | 6/15 [00:16<00:24,  2.75s/it]Loading checkpoint shards:  47%|████▋     | 7/15 [00:19<00:21,  2.74s/it]Loading checkpoint shards:  53%|█████▎    | 8/15 [00:22<00:19,  2.76s/it]Loading checkpoint shards:  60%|██████    | 9/15 [00:25<00:16,  2.71s/it]Loading checkpoint shards:  67%|██████▋   | 10/15 [00:27<00:13,  2.68s/it]Loading checkpoint shards:  73%|███████▎  | 11/15 [00:30<00:10,  2.66s/it]Loading checkpoint shards:  80%|████████  | 12/15 [00:32<00:07,  2.66s/it]Loading checkpoint shards:  87%|████████▋ | 13/15 [00:35<00:05,  2.65s/it]Loading checkpoint shards:  93%|█████████▎| 14/15 [00:37<00:02,  2.60s/it]Loading checkpoint shards: 100%|██████████| 15/15 [00:38<00:00,  1.88s/it]Loading checkpoint shards: 100%|██████████| 15/15 [00:38<00:00,  2.55s/it]
/home/brc4cb/.conda/envs/falcon_40B/lib/python3.9/site-packages/transformers/utils/hub.py:374: FutureWarning: The `use_auth_token` argument is deprecated and will be removed in v5 of Transformers.
  warnings.warn(
/home/brc4cb/.conda/envs/falcon_40B/lib/python3.9/site-packages/bitsandbytes/nn/modules.py:224: UserWarning: Input type into Linear4bit is torch.float16, but bnb_4bit_compute_type=torch.float32 (default). This will lead to slow inference or training speed.
  warnings.warn(f'Input type into Linear4bit is torch.float16, but bnb_4bit_compute_type=torch.float32 (default). This will lead to slow inference or training speed.')
