

==> WARNING: A newer version of conda exists. <==
  current version: 23.5.2
  latest version: 23.11.0

Please update conda by running

    $ conda update -n base -c defaults conda

Or to minimize the number of packages updated during conda update use

     conda install conda=23.11.0


WARNING: Ignoring invalid distribution -riton-nightly (/sfs/qumulo/qhome/brc4cb/.conda/envs/falcon_40B/lib/python3.9/site-packages)
  Running command git clone --filter=blob:none --quiet https://github.com/huggingface/peft.git /tmp/pip-install-ma0epwz4/peft_0444f0b5c0a24e3ab5d5714a31ffb76b
  Running command git clone --filter=blob:none --quiet https://github.com/huggingface/accelerate.git /tmp/pip-install-ma0epwz4/accelerate_dbe241df58b849eaaeba100d8818c27b
ERROR: Cannot install -r requirements.txt (line 2), -r requirements.txt (line 3), -r requirements.txt (line 6) and huggingface_hub==0.16.4 because these package versions have conflicting dependencies.
ERROR: ResolutionImpossible: for help visit https://pip.pypa.io/en/latest/topics/dependency-resolution/#dealing-with-dependency-conflicts
WARNING: Ignoring invalid distribution -riton-nightly (/sfs/qumulo/qhome/brc4cb/.conda/envs/falcon_40B/lib/python3.9/site-packages)
WARNING: Ignoring invalid distribution -riton-nightly (/sfs/qumulo/qhome/brc4cb/.conda/envs/falcon_40B/lib/python3.9/site-packages)


==> WARNING: A newer version of conda exists. <==
  current version: 23.5.2
  latest version: 23.11.0

Please update conda by running

    $ conda update -n base -c defaults conda

Or to minimize the number of packages updated during conda update use

     conda install conda=23.11.0


Loading checkpoint shards:   0%|          | 0/15 [00:00<?, ?it/s]Loading checkpoint shards:   7%|▋         | 1/15 [00:03<00:46,  3.34s/it]Loading checkpoint shards:  13%|█▎        | 2/15 [00:06<00:42,  3.28s/it]Loading checkpoint shards:  20%|██        | 3/15 [00:09<00:39,  3.28s/it]Loading checkpoint shards:  27%|██▋       | 4/15 [00:13<00:35,  3.27s/it]Loading checkpoint shards:  33%|███▎      | 5/15 [00:16<00:32,  3.25s/it]Loading checkpoint shards:  40%|████      | 6/15 [00:19<00:29,  3.24s/it]Loading checkpoint shards:  47%|████▋     | 7/15 [00:22<00:26,  3.26s/it]Loading checkpoint shards:  53%|█████▎    | 8/15 [00:26<00:22,  3.27s/it]Loading checkpoint shards:  60%|██████    | 9/15 [00:29<00:19,  3.24s/it]Loading checkpoint shards:  67%|██████▋   | 10/15 [00:32<00:16,  3.23s/it]Loading checkpoint shards:  73%|███████▎  | 11/15 [00:35<00:12,  3.23s/it]Loading checkpoint shards:  80%|████████  | 12/15 [00:39<00:09,  3.25s/it]Loading checkpoint shards:  87%|████████▋ | 13/15 [00:42<00:06,  3.23s/it]Loading checkpoint shards:  93%|█████████▎| 14/15 [00:45<00:03,  3.20s/it]Loading checkpoint shards: 100%|██████████| 15/15 [00:45<00:00,  2.31s/it]Loading checkpoint shards: 100%|██████████| 15/15 [00:45<00:00,  3.04s/it]
/home/brc4cb/.conda/envs/falcon_40B/lib/python3.9/site-packages/transformers/utils/hub.py:374: FutureWarning: The `use_auth_token` argument is deprecated and will be removed in v5 of Transformers.
  warnings.warn(
/home/brc4cb/.conda/envs/falcon_40B/lib/python3.9/site-packages/bitsandbytes/nn/modules.py:224: UserWarning: Input type into Linear4bit is torch.float16, but bnb_4bit_compute_type=torch.float32 (default). This will lead to slow inference or training speed.
  warnings.warn(f'Input type into Linear4bit is torch.float16, but bnb_4bit_compute_type=torch.float32 (default). This will lead to slow inference or training speed.')
slurmstepd: error: *** JOB 56709622 ON udc-an37-7 CANCELLED AT 2024-01-06T18:52:56 DUE TO TIME LIMIT ***
