

==> WARNING: A newer version of conda exists. <==
  current version: 23.5.2
  latest version: 23.11.0

Please update conda by running

    $ conda update -n base -c defaults conda

Or to minimize the number of packages updated during conda update use

     conda install conda=23.11.0


WARNING: Ignoring invalid distribution -riton-nightly (/sfs/qumulo/qhome/brc4cb/.conda/envs/falcon_40B/lib/python3.9/site-packages)
  Running command git clone --filter=blob:none --quiet https://github.com/huggingface/peft.git /tmp/pip-install-5jld1o5z/peft_aae84cc875c5424d80b16cf54262ef40
  Running command git clone --filter=blob:none --quiet https://github.com/huggingface/accelerate.git /tmp/pip-install-5jld1o5z/accelerate_7ded660fc2cf4b6fa80f080e94c91db9
ERROR: Cannot install -r requirements.txt (line 2), -r requirements.txt (line 3), -r requirements.txt (line 6) and huggingface_hub==0.16.4 because these package versions have conflicting dependencies.
ERROR: ResolutionImpossible: for help visit https://pip.pypa.io/en/latest/topics/dependency-resolution/#dealing-with-dependency-conflicts
WARNING: Ignoring invalid distribution -riton-nightly (/sfs/qumulo/qhome/brc4cb/.conda/envs/falcon_40B/lib/python3.9/site-packages)
WARNING: Ignoring invalid distribution -riton-nightly (/sfs/qumulo/qhome/brc4cb/.conda/envs/falcon_40B/lib/python3.9/site-packages)


==> WARNING: A newer version of conda exists. <==
  current version: 23.5.2
  latest version: 23.11.0

Please update conda by running

    $ conda update -n base -c defaults conda

Or to minimize the number of packages updated during conda update use

     conda install conda=23.11.0


Loading checkpoint shards:   0%|          | 0/15 [00:00<?, ?it/s]Loading checkpoint shards:   7%|▋         | 1/15 [00:03<00:51,  3.69s/it]Loading checkpoint shards:  13%|█▎        | 2/15 [00:06<00:44,  3.44s/it]Loading checkpoint shards:  20%|██        | 3/15 [00:10<00:41,  3.48s/it]Loading checkpoint shards:  27%|██▋       | 4/15 [00:13<00:37,  3.40s/it]Loading checkpoint shards:  33%|███▎      | 5/15 [00:17<00:34,  3.42s/it]Loading checkpoint shards:  40%|████      | 6/15 [00:20<00:30,  3.39s/it]Loading checkpoint shards:  47%|████▋     | 7/15 [00:24<00:27,  3.47s/it]Loading checkpoint shards:  53%|█████▎    | 8/15 [00:27<00:23,  3.42s/it]Loading checkpoint shards:  60%|██████    | 9/15 [00:30<00:20,  3.42s/it]Loading checkpoint shards:  67%|██████▋   | 10/15 [00:34<00:17,  3.42s/it]Loading checkpoint shards:  73%|███████▎  | 11/15 [00:37<00:13,  3.40s/it]