Collecting package metadata (current_repodata.json): ...working... done
Solving environment: ...working... done

# All requested packages already installed.

Collecting package metadata (current_repodata.json): ...working... done
Solving environment: ...working... done

# All requested packages already installed.

Collecting transformers@ git+https://github.com/huggingface/transformers (from -r requirements.txt (line 3))
  Cloning https://github.com/huggingface/transformers to /tmp/pip-install-f4g_w3ay/transformers_3c18da4fc5864ceea26bc8df9a4ad060
  Resolved https://github.com/huggingface/transformers to commit dcdda5324bcc7a750b5e40e11dd795442204ff27
  Installing build dependencies: started
  Installing build dependencies: finished with status 'done'
  Getting requirements to build wheel: started
  Getting requirements to build wheel: finished with status 'done'
  Preparing metadata (pyproject.toml): started
  Preparing metadata (pyproject.toml): finished with status 'done'
Collecting trl@ git+https://github.com/huggingface/trl (from -r requirements.txt (line 5))
  Cloning https://github.com/huggingface/trl to /tmp/pip-install-f4g_w3ay/trl_b33ba91be795428bad7e480634e8a9e2
  Resolved https://github.com/huggingface/trl to commit 34ebc4ccaf376c862a081ff4bb0b7e502b17b2fb
  Installing build dependencies: started
  Installing build dependencies: finished with status 'done'
  Getting requirements to build wheel: started
  Getting requirements to build wheel: finished with status 'done'
  Preparing metadata (pyproject.toml): started
  Preparing metadata (pyproject.toml): finished with status 'done'
Collecting peft@ git+https://github.com/huggingface/peft.git (from -r requirements.txt (line 6))
  Cloning https://github.com/huggingface/peft.git to /tmp/pip-install-f4g_w3ay/peft_b734455c31b04999add2972c2ebe46ae
  Resolved https://github.com/huggingface/peft.git to commit 7b1c08d2b5e13d3c99b7d6ee83eab90e1216d4ba
  Installing build dependencies: started
  Installing build dependencies: finished with status 'done'
  Getting requirements to build wheel: started
  Getting requirements to build wheel: finished with status 'done'
  Preparing metadata (pyproject.toml): started
  Preparing metadata (pyproject.toml): finished with status 'done'
Collecting accelerate@ git+https://github.com/huggingface/accelerate.git (from -r requirements.txt (line 7))
  Cloning https://github.com/huggingface/accelerate.git to /tmp/pip-install-f4g_w3ay/accelerate_3cafc36f9394451682f8570ea4357321
  Resolved https://github.com/huggingface/accelerate.git to commit 2d74c0c077d41fdfee2bafca56527eda1db1228b
  Installing build dependencies: started
  Installing build dependencies: finished with status 'done'
  Getting requirements to build wheel: started
  Getting requirements to build wheel: finished with status 'done'
  Preparing metadata (pyproject.toml): started
  Preparing metadata (pyproject.toml): finished with status 'done'
Requirement already satisfied: bitsandbytes in /sfs/qumulo/qhome/brc4cb/.conda/envs/falcon_40B/lib/python3.9/site-packages (from -r requirements.txt (line 1)) (0.43.1)
Requirement already satisfied: wandb in /sfs/qumulo/qhome/brc4cb/.conda/envs/falcon_40B/lib/python3.9/site-packages (from -r requirements.txt (line 2)) (0.17.1)
Requirement already satisfied: datasets in /sfs/qumulo/qhome/brc4cb/.conda/envs/falcon_40B/lib/python3.9/site-packages (from -r requirements.txt (line 4)) (2.19.2)
Requirement already satisfied: torch in /sfs/qumulo/qhome/brc4cb/.conda/envs/falcon_40B/lib/python3.9/site-packages (from -r requirements.txt (line 8)) (2.3.1)
Requirement already satisfied: einops==0.6.1 in /sfs/qumulo/qhome/brc4cb/.conda/envs/falcon_40B/lib/python3.9/site-packages (from -r requirements.txt (line 9)) (0.6.1)
Requirement already satisfied: evaluate in /sfs/qumulo/qhome/brc4cb/.conda/envs/falcon_40B/lib/python3.9/site-packages (from -r requirements.txt (line 10)) (0.4.2)
Requirement already satisfied: scikit-learn==1.2.2 in /sfs/qumulo/qhome/brc4cb/.conda/envs/falcon_40B/lib/python3.9/site-packages (from -r requirements.txt (line 11)) (1.2.2)
Requirement already satisfied: scipy==1.11.1 in /sfs/qumulo/qhome/brc4cb/.conda/envs/falcon_40B/lib/python3.9/site-packages (from -r requirements.txt (line 12)) (1.11.1)
Requirement already satisfied: sentencepiece==0.1.99 in /sfs/qumulo/qhome/brc4cb/.conda/envs/falcon_40B/lib/python3.9/site-packages (from -r requirements.txt (line 13)) (0.1.99)
Requirement already satisfied: dash==2.11.1 in /sfs/qumulo/qhome/brc4cb/.conda/envs/falcon_40B/lib/python3.9/site-packages (from -r requirements.txt (line 14)) (2.11.1)
Requirement already satisfied: bert_score in /sfs/qumulo/qhome/brc4cb/.conda/envs/falcon_40B/lib/python3.9/site-packages (from -r requirements.txt (line 15)) (0.3.13)
Requirement already satisfied: jupyter-dash==0.4.2 in /sfs/qumulo/qhome/brc4cb/.conda/envs/falcon_40B/lib/python3.9/site-packages (from -r requirements.txt (line 17)) (0.4.2)
Requirement already satisfied: dash-bootstrap-components==1.2.1 in /sfs/qumulo/qhome/brc4cb/.conda/envs/falcon_40B/lib/python3.9/site-packages (from -r requirements.txt (line 19)) (1.2.1)
Requirement already satisfied: dash-table-experiments==0.6.0 in /sfs/qumulo/qhome/brc4cb/.conda/envs/falcon_40B/lib/python3.9/site-packages (from -r requirements.txt (line 21)) (0.6.0)
Requirement already satisfied: pymongo==4.3.2 in /sfs/qumulo/qhome/brc4cb/.conda/envs/falcon_40B/lib/python3.9/site-packages (from -r requirements.txt (line 23)) (4.3.2)
Requirement already satisfied: lxml==4.9.1 in /sfs/qumulo/qhome/brc4cb/.conda/envs/falcon_40B/lib/python3.9/site-packages (from -r requirements.txt (line 25)) (4.9.1)
Requirement already satisfied: plotly-express==0.4.1 in /sfs/qumulo/qhome/brc4cb/.conda/envs/falcon_40B/lib/python3.9/site-packages (from -r requirements.txt (line 27)) (0.4.1)
Requirement already satisfied: huggingface_hub in /sfs/qumulo/qhome/brc4cb/.conda/envs/falcon_40B/lib/python3.9/site-packages (from -r requirements.txt (line 29)) (0.23.3)
Requirement already satisfied: numpy==1.25.2 in /sfs/qumulo/qhome/brc4cb/.conda/envs/falcon_40B/lib/python3.9/site-packages (from -r requirements.txt (line 31)) (1.25.2)
Requirement already satisfied: pandas==2.0.3 in /sfs/qumulo/qhome/brc4cb/.conda/envs/falcon_40B/lib/python3.9/site-packages (from -r requirements.txt (line 33)) (2.0.3)
Requirement already satisfied: joblib>=1.1.1 in /sfs/qumulo/qhome/brc4cb/.conda/envs/falcon_40B/lib/python3.9/site-packages (from scikit-learn==1.2.2->-r requirements.txt (line 11)) (1.2.0)
Requirement already satisfied: threadpoolctl>=2.0.0 in /sfs/qumulo/qhome/brc4cb/.conda/envs/falcon_40B/lib/python3.9/site-packages (from scikit-learn==1.2.2->-r requirements.txt (line 11)) (3.1.0)
Requirement already satisfied: Flask<2.3.0,>=1.0.4 in /sfs/qumulo/qhome/brc4cb/.conda/envs/falcon_40B/lib/python3.9/site-packages (from dash==2.11.1->-r requirements.txt (line 14)) (2.2.5)
Requirement already satisfied: Werkzeug<2.3.0 in /sfs/qumulo/qhome/brc4cb/.conda/envs/falcon_40B/lib/python3.9/site-packages (from dash==2.11.1->-r requirements.txt (line 14)) (2.2.3)
Requirement already satisfied: plotly>=5.0.0 in /sfs/qumulo/qhome/brc4cb/.conda/envs/falcon_40B/lib/python3.9/site-packages (from dash==2.11.1->-r requirements.txt (line 14)) (5.15.0)
Requirement already satisfied: dash-html-components==2.0.0 in /sfs/qumulo/qhome/brc4cb/.conda/envs/falcon_40B/lib/python3.9/site-packages (from dash==2.11.1->-r requirements.txt (line 14)) (2.0.0)
Requirement already satisfied: dash-core-components==2.0.0 in /sfs/qumulo/qhome/brc4cb/.conda/envs/falcon_40B/lib/python3.9/site-packages (from dash==2.11.1->-r requirements.txt (line 14)) (2.0.0)
Requirement already satisfied: dash-table==5.0.0 in /sfs/qumulo/qhome/brc4cb/.conda/envs/falcon_40B/lib/python3.9/site-packages (from dash==2.11.1->-r requirements.txt (line 14)) (5.0.0)
Requirement already satisfied: typing-extensions>=4.1.1 in /sfs/qumulo/qhome/brc4cb/.conda/envs/falcon_40B/lib/python3.9/site-packages (from dash==2.11.1->-r requirements.txt (line 14)) (4.11.0)
Requirement already satisfied: requests in /sfs/qumulo/qhome/brc4cb/.conda/envs/falcon_40B/lib/python3.9/site-packages (from dash==2.11.1->-r requirements.txt (line 14)) (2.32.3)
Requirement already satisfied: retrying in /sfs/qumulo/qhome/brc4cb/.conda/envs/falcon_40B/lib/python3.9/site-packages (from dash==2.11.1->-r requirements.txt (line 14)) (1.3.4)
Requirement already satisfied: ansi2html in /sfs/qumulo/qhome/brc4cb/.conda/envs/falcon_40B/lib/python3.9/site-packages (from dash==2.11.1->-r requirements.txt (line 14)) (1.8.0)
Requirement already satisfied: nest-asyncio in /sfs/qumulo/qhome/brc4cb/.conda/envs/falcon_40B/lib/python3.9/site-packages (from dash==2.11.1->-r requirements.txt (line 14)) (1.5.6)
Requirement already satisfied: ipython in /sfs/qumulo/qhome/brc4cb/.conda/envs/falcon_40B/lib/python3.9/site-packages (from jupyter-dash==0.4.2->-r requirements.txt (line 17)) (8.14.0)
Requirement already satisfied: ipykernel in /sfs/qumulo/qhome/brc4cb/.conda/envs/falcon_40B/lib/python3.9/site-packages (from jupyter-dash==0.4.2->-r requirements.txt (line 17)) (6.24.0)
Requirement already satisfied: dnspython<3.0.0,>=1.16.0 in /sfs/qumulo/qhome/brc4cb/.conda/envs/falcon_40B/lib/python3.9/site-packages (from pymongo==4.3.2->-r requirements.txt (line 23)) (2.3.0)
Requirement already satisfied: statsmodels>=0.9.0 in /sfs/qumulo/qhome/brc4cb/.conda/envs/falcon_40B/lib/python3.9/site-packages (from plotly-express==0.4.1->-r requirements.txt (line 27)) (0.14.0)
Requirement already satisfied: patsy>=0.5 in /sfs/qumulo/qhome/brc4cb/.conda/envs/falcon_40B/lib/python3.9/site-packages (from plotly-express==0.4.1->-r requirements.txt (line 27)) (0.5.3)
Requirement already satisfied: python-dateutil>=2.8.2 in /sfs/qumulo/qhome/brc4cb/.conda/envs/falcon_40B/lib/python3.9/site-packages (from pandas==2.0.3->-r requirements.txt (line 33)) (2.8.2)
Requirement already satisfied: pytz>=2020.1 in /sfs/qumulo/qhome/brc4cb/.conda/envs/falcon_40B/lib/python3.9/site-packages (from pandas==2.0.3->-r requirements.txt (line 33)) (2023.3)
Requirement already satisfied: tzdata>=2022.1 in /sfs/qumulo/qhome/brc4cb/.conda/envs/falcon_40B/lib/python3.9/site-packages (from pandas==2.0.3->-r requirements.txt (line 33)) (2023.3)
Requirement already satisfied: click!=8.0.0,>=7.1 in /sfs/qumulo/qhome/brc4cb/.conda/envs/falcon_40B/lib/python3.9/site-packages (from wandb->-r requirements.txt (line 2)) (8.0.4)
Requirement already satisfied: docker-pycreds>=0.4.0 in /sfs/qumulo/qhome/brc4cb/.conda/envs/falcon_40B/lib/python3.9/site-packages (from wandb->-r requirements.txt (line 2)) (0.4.0)
Requirement already satisfied: gitpython!=3.1.29,>=1.0.0 in /sfs/qumulo/qhome/brc4cb/.conda/envs/falcon_40B/lib/python3.9/site-packages (from wandb->-r requirements.txt (line 2)) (3.1.31)
Requirement already satisfied: platformdirs in /sfs/qumulo/qhome/brc4cb/.conda/envs/falcon_40B/lib/python3.9/site-packages (from wandb->-r requirements.txt (line 2)) (3.8.1)
Requirement already satisfied: protobuf!=4.21.0,<6,>=3.15.0 in /sfs/qumulo/qhome/brc4cb/.conda/envs/falcon_40B/lib/python3.9/site-packages (from wandb->-r requirements.txt (line 2)) (4.23.3)
Requirement already satisfied: psutil>=5.0.0 in /sfs/qumulo/qhome/brc4cb/.conda/envs/falcon_40B/lib/python3.9/site-packages (from wandb->-r requirements.txt (line 2)) (5.9.5)
Requirement already satisfied: pyyaml in /sfs/qumulo/qhome/brc4cb/.conda/envs/falcon_40B/lib/python3.9/site-packages (from wandb->-r requirements.txt (line 2)) (6.0)
Requirement already satisfied: sentry-sdk>=1.0.0 in /sfs/qumulo/qhome/brc4cb/.conda/envs/falcon_40B/lib/python3.9/site-packages (from wandb->-r requirements.txt (line 2)) (1.26.0)
Requirement already satisfied: setproctitle in /sfs/qumulo/qhome/brc4cb/.conda/envs/falcon_40B/lib/python3.9/site-packages (from wandb->-r requirements.txt (line 2)) (1.3.2)
Requirement already satisfied: setuptools in /sfs/qumulo/qhome/brc4cb/.conda/envs/falcon_40B/lib/python3.9/site-packages (from wandb->-r requirements.txt (line 2)) (67.8.0)
Requirement already satisfied: filelock in /sfs/qumulo/qhome/brc4cb/.conda/envs/falcon_40B/lib/python3.9/site-packages (from transformers@ git+https://github.com/huggingface/transformers->-r requirements.txt (line 3)) (3.9.0)
Requirement already satisfied: packaging>=20.0 in /sfs/qumulo/qhome/brc4cb/.conda/envs/falcon_40B/lib/python3.9/site-packages (from transformers@ git+https://github.com/huggingface/transformers->-r requirements.txt (line 3)) (23.1)
Requirement already satisfied: regex!=2019.12.17 in /sfs/qumulo/qhome/brc4cb/.conda/envs/falcon_40B/lib/python3.9/site-packages (from transformers@ git+https://github.com/huggingface/transformers->-r requirements.txt (line 3)) (2023.6.3)
Requirement already satisfied: tokenizers<0.20,>=0.19 in /sfs/qumulo/qhome/brc4cb/.conda/envs/falcon_40B/lib/python3.9/site-packages (from transformers@ git+https://github.com/huggingface/transformers->-r requirements.txt (line 3)) (0.19.1)
Requirement already satisfied: safetensors>=0.4.1 in /sfs/qumulo/qhome/brc4cb/.conda/envs/falcon_40B/lib/python3.9/site-packages (from transformers@ git+https://github.com/huggingface/transformers->-r requirements.txt (line 3)) (0.4.2)
Requirement already satisfied: tqdm>=4.27 in /sfs/qumulo/qhome/brc4cb/.conda/envs/falcon_40B/lib/python3.9/site-packages (from transformers@ git+https://github.com/huggingface/transformers->-r requirements.txt (line 3)) (4.65.0)
Requirement already satisfied: pyarrow>=12.0.0 in /sfs/qumulo/qhome/brc4cb/.conda/envs/falcon_40B/lib/python3.9/site-packages (from datasets->-r requirements.txt (line 4)) (12.0.1)
Requirement already satisfied: pyarrow-hotfix in /sfs/qumulo/qhome/brc4cb/.conda/envs/falcon_40B/lib/python3.9/site-packages (from datasets->-r requirements.txt (line 4)) (0.6)
Requirement already satisfied: dill<0.3.9,>=0.3.0 in /sfs/qumulo/qhome/brc4cb/.conda/envs/falcon_40B/lib/python3.9/site-packages (from datasets->-r requirements.txt (line 4)) (0.3.6)
Requirement already satisfied: xxhash in /sfs/qumulo/qhome/brc4cb/.conda/envs/falcon_40B/lib/python3.9/site-packages (from datasets->-r requirements.txt (line 4)) (3.2.0)
Requirement already satisfied: multiprocess in /sfs/qumulo/qhome/brc4cb/.conda/envs/falcon_40B/lib/python3.9/site-packages (from datasets->-r requirements.txt (line 4)) (0.70.14)
Requirement already satisfied: fsspec[http]<=2024.3.1,>=2023.1.0 in /sfs/qumulo/qhome/brc4cb/.conda/envs/falcon_40B/lib/python3.9/site-packages (from datasets->-r requirements.txt (line 4)) (2024.3.1)
Requirement already satisfied: aiohttp in /sfs/qumulo/qhome/brc4cb/.conda/envs/falcon_40B/lib/python3.9/site-packages (from datasets->-r requirements.txt (line 4)) (3.8.4)
Requirement already satisfied: tyro>=0.5.11 in /sfs/qumulo/qhome/brc4cb/.conda/envs/falcon_40B/lib/python3.9/site-packages (from trl@ git+https://github.com/huggingface/trl->-r requirements.txt (line 5)) (0.8.3)
Requirement already satisfied: sympy in /sfs/qumulo/qhome/brc4cb/.conda/envs/falcon_40B/lib/python3.9/site-packages (from torch->-r requirements.txt (line 8)) (1.11.1)
Requirement already satisfied: networkx in /sfs/qumulo/qhome/brc4cb/.conda/envs/falcon_40B/lib/python3.9/site-packages (from torch->-r requirements.txt (line 8)) (3.0rc1)
Requirement already satisfied: jinja2 in /sfs/qumulo/qhome/brc4cb/.conda/envs/falcon_40B/lib/python3.9/site-packages (from torch->-r requirements.txt (line 8)) (3.1.2)
Requirement already satisfied: nvidia-cuda-nvrtc-cu12==12.1.105 in /sfs/qumulo/qhome/brc4cb/.conda/envs/falcon_40B/lib/python3.9/site-packages (from torch->-r requirements.txt (line 8)) (12.1.105)
Requirement already satisfied: nvidia-cuda-runtime-cu12==12.1.105 in /sfs/qumulo/qhome/brc4cb/.conda/envs/falcon_40B/lib/python3.9/site-packages (from torch->-r requirements.txt (line 8)) (12.1.105)
Requirement already satisfied: nvidia-cuda-cupti-cu12==12.1.105 in /sfs/qumulo/qhome/brc4cb/.conda/envs/falcon_40B/lib/python3.9/site-packages (from torch->-r requirements.txt (line 8)) (12.1.105)
Requirement already satisfied: nvidia-cudnn-cu12==8.9.2.26 in /sfs/qumulo/qhome/brc4cb/.conda/envs/falcon_40B/lib/python3.9/site-packages (from torch->-r requirements.txt (line 8)) (8.9.2.26)
Requirement already satisfied: nvidia-cublas-cu12==12.1.3.1 in /sfs/qumulo/qhome/brc4cb/.conda/envs/falcon_40B/lib/python3.9/site-packages (from torch->-r requirements.txt (line 8)) (12.1.3.1)
Requirement already satisfied: nvidia-cufft-cu12==11.0.2.54 in /sfs/qumulo/qhome/brc4cb/.conda/envs/falcon_40B/lib/python3.9/site-packages (from torch->-r requirements.txt (line 8)) (11.0.2.54)
Requirement already satisfied: nvidia-curand-cu12==10.3.2.106 in /sfs/qumulo/qhome/brc4cb/.conda/envs/falcon_40B/lib/python3.9/site-packages (from torch->-r requirements.txt (line 8)) (10.3.2.106)
Requirement already satisfied: nvidia-cusolver-cu12==11.4.5.107 in /sfs/qumulo/qhome/brc4cb/.conda/envs/falcon_40B/lib/python3.9/site-packages (from torch->-r requirements.txt (line 8)) (11.4.5.107)
Requirement already satisfied: nvidia-cusparse-cu12==12.1.0.106 in /sfs/qumulo/qhome/brc4cb/.conda/envs/falcon_40B/lib/python3.9/site-packages (from torch->-r requirements.txt (line 8)) (12.1.0.106)
Requirement already satisfied: nvidia-nccl-cu12==2.20.5 in /sfs/qumulo/qhome/brc4cb/.conda/envs/falcon_40B/lib/python3.9/site-packages (from torch->-r requirements.txt (line 8)) (2.20.5)
Requirement already satisfied: nvidia-nvtx-cu12==12.1.105 in /sfs/qumulo/qhome/brc4cb/.conda/envs/falcon_40B/lib/python3.9/site-packages (from torch->-r requirements.txt (line 8)) (12.1.105)
Requirement already satisfied: triton==2.3.1 in /sfs/qumulo/qhome/brc4cb/.conda/envs/falcon_40B/lib/python3.9/site-packages (from torch->-r requirements.txt (line 8)) (2.3.1)
Requirement already satisfied: nvidia-nvjitlink-cu12 in /sfs/qumulo/qhome/brc4cb/.conda/envs/falcon_40B/lib/python3.9/site-packages (from nvidia-cusolver-cu12==11.4.5.107->torch->-r requirements.txt (line 8)) (12.2.140)
Requirement already satisfied: matplotlib in /sfs/qumulo/qhome/brc4cb/.conda/envs/falcon_40B/lib/python3.9/site-packages (from bert_score->-r requirements.txt (line 15)) (3.8.2)
Requirement already satisfied: six>=1.4.0 in /sfs/qumulo/qhome/brc4cb/.conda/envs/falcon_40B/lib/python3.9/site-packages (from docker-pycreds>=0.4.0->wandb->-r requirements.txt (line 2)) (1.16.0)
Requirement already satisfied: itsdangerous>=2.0 in /sfs/qumulo/qhome/brc4cb/.conda/envs/falcon_40B/lib/python3.9/site-packages (from Flask<2.3.0,>=1.0.4->dash==2.11.1->-r requirements.txt (line 14)) (2.1.2)
Requirement already satisfied: importlib-metadata>=3.6.0 in /sfs/qumulo/qhome/brc4cb/.conda/envs/falcon_40B/lib/python3.9/site-packages (from Flask<2.3.0,>=1.0.4->dash==2.11.1->-r requirements.txt (line 14)) (6.8.0)
Requirement already satisfied: attrs>=17.3.0 in /sfs/qumulo/qhome/brc4cb/.conda/envs/falcon_40B/lib/python3.9/site-packages (from aiohttp->datasets->-r requirements.txt (line 4)) (23.1.0)
Requirement already satisfied: charset-normalizer<4.0,>=2.0 in /sfs/qumulo/qhome/brc4cb/.conda/envs/falcon_40B/lib/python3.9/site-packages (from aiohttp->datasets->-r requirements.txt (line 4)) (3.1.0)
Requirement already satisfied: multidict<7.0,>=4.5 in /sfs/qumulo/qhome/brc4cb/.conda/envs/falcon_40B/lib/python3.9/site-packages (from aiohttp->datasets->-r requirements.txt (line 4)) (6.0.4)
Requirement already satisfied: async-timeout<5.0,>=4.0.0a3 in /sfs/qumulo/qhome/brc4cb/.conda/envs/falcon_40B/lib/python3.9/site-packages (from aiohttp->datasets->-r requirements.txt (line 4)) (4.0.2)
Requirement already satisfied: yarl<2.0,>=1.0 in /sfs/qumulo/qhome/brc4cb/.conda/envs/falcon_40B/lib/python3.9/site-packages (from aiohttp->datasets->-r requirements.txt (line 4)) (1.9.2)
Requirement already satisfied: frozenlist>=1.1.1 in /sfs/qumulo/qhome/brc4cb/.conda/envs/falcon_40B/lib/python3.9/site-packages (from aiohttp->datasets->-r requirements.txt (line 4)) (1.3.3)
Requirement already satisfied: aiosignal>=1.1.2 in /sfs/qumulo/qhome/brc4cb/.conda/envs/falcon_40B/lib/python3.9/site-packages (from aiohttp->datasets->-r requirements.txt (line 4)) (1.3.1)
Requirement already satisfied: gitdb<5,>=4.0.1 in /sfs/qumulo/qhome/brc4cb/.conda/envs/falcon_40B/lib/python3.9/site-packages (from gitpython!=3.1.29,>=1.0.0->wandb->-r requirements.txt (line 2)) (4.0.10)
Requirement already satisfied: MarkupSafe>=2.0 in /sfs/qumulo/qhome/brc4cb/.conda/envs/falcon_40B/lib/python3.9/site-packages (from jinja2->torch->-r requirements.txt (line 8)) (2.1.2)
Requirement already satisfied: tenacity>=6.2.0 in /sfs/qumulo/qhome/brc4cb/.conda/envs/falcon_40B/lib/python3.9/site-packages (from plotly>=5.0.0->dash==2.11.1->-r requirements.txt (line 14)) (8.2.2)
Requirement already satisfied: idna<4,>=2.5 in /sfs/qumulo/qhome/brc4cb/.conda/envs/falcon_40B/lib/python3.9/site-packages (from requests->dash==2.11.1->-r requirements.txt (line 14)) (3.4)
Requirement already satisfied: urllib3<3,>=1.21.1 in /sfs/qumulo/qhome/brc4cb/.conda/envs/falcon_40B/lib/python3.9/site-packages (from requests->dash==2.11.1->-r requirements.txt (line 14)) (2.0.3)
Requirement already satisfied: certifi>=2017.4.17 in /sfs/qumulo/qhome/brc4cb/.conda/envs/falcon_40B/lib/python3.9/site-packages (from requests->dash==2.11.1->-r requirements.txt (line 14)) (2023.5.7)
Requirement already satisfied: docstring-parser>=0.14.1 in /sfs/qumulo/qhome/brc4cb/.conda/envs/falcon_40B/lib/python3.9/site-packages (from tyro>=0.5.11->trl@ git+https://github.com/huggingface/trl->-r requirements.txt (line 5)) (0.15)
Requirement already satisfied: rich>=11.1.0 in /sfs/qumulo/qhome/brc4cb/.conda/envs/falcon_40B/lib/python3.9/site-packages (from tyro>=0.5.11->trl@ git+https://github.com/huggingface/trl->-r requirements.txt (line 5)) (13.4.2)
Requirement already satisfied: shtab>=1.5.6 in /sfs/qumulo/qhome/brc4cb/.conda/envs/falcon_40B/lib/python3.9/site-packages (from tyro>=0.5.11->trl@ git+https://github.com/huggingface/trl->-r requirements.txt (line 5)) (1.7.1)
Requirement already satisfied: eval-type-backport>=0.1.3 in /sfs/qumulo/qhome/brc4cb/.conda/envs/falcon_40B/lib/python3.9/site-packages (from tyro>=0.5.11->trl@ git+https://github.com/huggingface/trl->-r requirements.txt (line 5)) (0.1.3)
Requirement already satisfied: comm>=0.1.1 in /sfs/qumulo/qhome/brc4cb/.conda/envs/falcon_40B/lib/python3.9/site-packages (from ipykernel->jupyter-dash==0.4.2->-r requirements.txt (line 17)) (0.1.3)
Requirement already satisfied: debugpy>=1.6.5 in /sfs/qumulo/qhome/brc4cb/.conda/envs/falcon_40B/lib/python3.9/site-packages (from ipykernel->jupyter-dash==0.4.2->-r requirements.txt (line 17)) (1.6.7)
Requirement already satisfied: jupyter-client>=6.1.12 in /sfs/qumulo/qhome/brc4cb/.conda/envs/falcon_40B/lib/python3.9/site-packages (from ipykernel->jupyter-dash==0.4.2->-r requirements.txt (line 17)) (8.3.0)
Requirement already satisfied: jupyter-core!=5.0.*,>=4.12 in /sfs/qumulo/qhome/brc4cb/.conda/envs/falcon_40B/lib/python3.9/site-packages (from ipykernel->jupyter-dash==0.4.2->-r requirements.txt (line 17)) (5.3.1)
Requirement already satisfied: matplotlib-inline>=0.1 in /sfs/qumulo/qhome/brc4cb/.conda/envs/falcon_40B/lib/python3.9/site-packages (from ipykernel->jupyter-dash==0.4.2->-r requirements.txt (line 17)) (0.1.6)
Requirement already satisfied: pyzmq>=20 in /sfs/qumulo/qhome/brc4cb/.conda/envs/falcon_40B/lib/python3.9/site-packages (from ipykernel->jupyter-dash==0.4.2->-r requirements.txt (line 17)) (25.1.0)
Requirement already satisfied: tornado>=6.1 in /sfs/qumulo/qhome/brc4cb/.conda/envs/falcon_40B/lib/python3.9/site-packages (from ipykernel->jupyter-dash==0.4.2->-r requirements.txt (line 17)) (6.3.2)
Requirement already satisfied: traitlets>=5.4.0 in /sfs/qumulo/qhome/brc4cb/.conda/envs/falcon_40B/lib/python3.9/site-packages (from ipykernel->jupyter-dash==0.4.2->-r requirements.txt (line 17)) (5.9.0)
Requirement already satisfied: backcall in /sfs/qumulo/qhome/brc4cb/.conda/envs/falcon_40B/lib/python3.9/site-packages (from ipython->jupyter-dash==0.4.2->-r requirements.txt (line 17)) (0.2.0)
Requirement already satisfied: decorator in /sfs/qumulo/qhome/brc4cb/.conda/envs/falcon_40B/lib/python3.9/site-packages (from ipython->jupyter-dash==0.4.2->-r requirements.txt (line 17)) (5.1.1)
Requirement already satisfied: jedi>=0.16 in /sfs/qumulo/qhome/brc4cb/.conda/envs/falcon_40B/lib/python3.9/site-packages (from ipython->jupyter-dash==0.4.2->-r requirements.txt (line 17)) (0.18.2)
Requirement already satisfied: pickleshare in /sfs/qumulo/qhome/brc4cb/.conda/envs/falcon_40B/lib/python3.9/site-packages (from ipython->jupyter-dash==0.4.2->-r requirements.txt (line 17)) (0.7.5)
Requirement already satisfied: prompt-toolkit!=3.0.37,<3.1.0,>=3.0.30 in /sfs/qumulo/qhome/brc4cb/.conda/envs/falcon_40B/lib/python3.9/site-packages (from ipython->jupyter-dash==0.4.2->-r requirements.txt (line 17)) (3.0.39)
Requirement already satisfied: pygments>=2.4.0 in /sfs/qumulo/qhome/brc4cb/.conda/envs/falcon_40B/lib/python3.9/site-packages (from ipython->jupyter-dash==0.4.2->-r requirements.txt (line 17)) (2.15.1)
Requirement already satisfied: stack-data in /sfs/qumulo/qhome/brc4cb/.conda/envs/falcon_40B/lib/python3.9/site-packages (from ipython->jupyter-dash==0.4.2->-r requirements.txt (line 17)) (0.6.2)
Requirement already satisfied: pexpect>4.3 in /sfs/qumulo/qhome/brc4cb/.conda/envs/falcon_40B/lib/python3.9/site-packages (from ipython->jupyter-dash==0.4.2->-r requirements.txt (line 17)) (4.8.0)
Requirement already satisfied: contourpy>=1.0.1 in /sfs/qumulo/qhome/brc4cb/.conda/envs/falcon_40B/lib/python3.9/site-packages (from matplotlib->bert_score->-r requirements.txt (line 15)) (1.2.0)
Requirement already satisfied: cycler>=0.10 in /sfs/qumulo/qhome/brc4cb/.conda/envs/falcon_40B/lib/python3.9/site-packages (from matplotlib->bert_score->-r requirements.txt (line 15)) (0.12.1)
Requirement already satisfied: fonttools>=4.22.0 in /sfs/qumulo/qhome/brc4cb/.conda/envs/falcon_40B/lib/python3.9/site-packages (from matplotlib->bert_score->-r requirements.txt (line 15)) (4.47.2)
Requirement already satisfied: kiwisolver>=1.3.1 in /sfs/qumulo/qhome/brc4cb/.conda/envs/falcon_40B/lib/python3.9/site-packages (from matplotlib->bert_score->-r requirements.txt (line 15)) (1.4.5)
Requirement already satisfied: pillow>=8 in /sfs/qumulo/qhome/brc4cb/.conda/envs/falcon_40B/lib/python3.9/site-packages (from matplotlib->bert_score->-r requirements.txt (line 15)) (10.0.1)
Requirement already satisfied: pyparsing>=2.3.1 in /sfs/qumulo/qhome/brc4cb/.conda/envs/falcon_40B/lib/python3.9/site-packages (from matplotlib->bert_score->-r requirements.txt (line 15)) (3.1.1)
Requirement already satisfied: importlib-resources>=3.2.0 in /sfs/qumulo/qhome/brc4cb/.conda/envs/falcon_40B/lib/python3.9/site-packages (from matplotlib->bert_score->-r requirements.txt (line 15)) (5.12.0)
Requirement already satisfied: mpmath>=0.19 in /sfs/qumulo/qhome/brc4cb/.conda/envs/falcon_40B/lib/python3.9/site-packages (from sympy->torch->-r requirements.txt (line 8)) (1.2.1)
Requirement already satisfied: smmap<6,>=3.0.1 in /sfs/qumulo/qhome/brc4cb/.conda/envs/falcon_40B/lib/python3.9/site-packages (from gitdb<5,>=4.0.1->gitpython!=3.1.29,>=1.0.0->wandb->-r requirements.txt (line 2)) (5.0.0)
Requirement already satisfied: zipp>=0.5 in /sfs/qumulo/qhome/brc4cb/.conda/envs/falcon_40B/lib/python3.9/site-packages (from importlib-metadata>=3.6.0->Flask<2.3.0,>=1.0.4->dash==2.11.1->-r requirements.txt (line 14)) (3.15.0)
Requirement already satisfied: parso<0.9.0,>=0.8.0 in /sfs/qumulo/qhome/brc4cb/.conda/envs/falcon_40B/lib/python3.9/site-packages (from jedi>=0.16->ipython->jupyter-dash==0.4.2->-r requirements.txt (line 17)) (0.8.3)
Requirement already satisfied: ptyprocess>=0.5 in /sfs/qumulo/qhome/brc4cb/.conda/envs/falcon_40B/lib/python3.9/site-packages (from pexpect>4.3->ipython->jupyter-dash==0.4.2->-r requirements.txt (line 17)) (0.7.0)
Requirement already satisfied: wcwidth in /sfs/qumulo/qhome/brc4cb/.conda/envs/falcon_40B/lib/python3.9/site-packages (from prompt-toolkit!=3.0.37,<3.1.0,>=3.0.30->ipython->jupyter-dash==0.4.2->-r requirements.txt (line 17)) (0.2.6)
Requirement already satisfied: markdown-it-py>=2.2.0 in /sfs/qumulo/qhome/brc4cb/.conda/envs/falcon_40B/lib/python3.9/site-packages (from rich>=11.1.0->tyro>=0.5.11->trl@ git+https://github.com/huggingface/trl->-r requirements.txt (line 5)) (3.0.0)
Requirement already satisfied: executing>=1.2.0 in /sfs/qumulo/qhome/brc4cb/.conda/envs/falcon_40B/lib/python3.9/site-packages (from stack-data->ipython->jupyter-dash==0.4.2->-r requirements.txt (line 17)) (1.2.0)
Requirement already satisfied: asttokens>=2.1.0 in /sfs/qumulo/qhome/brc4cb/.conda/envs/falcon_40B/lib/python3.9/site-packages (from stack-data->ipython->jupyter-dash==0.4.2->-r requirements.txt (line 17)) (2.2.1)
Requirement already satisfied: pure-eval in /sfs/qumulo/qhome/brc4cb/.conda/envs/falcon_40B/lib/python3.9/site-packages (from stack-data->ipython->jupyter-dash==0.4.2->-r requirements.txt (line 17)) (0.2.2)
Requirement already satisfied: mdurl~=0.1 in /sfs/qumulo/qhome/brc4cb/.conda/envs/falcon_40B/lib/python3.9/site-packages (from markdown-it-py>=2.2.0->rich>=11.1.0->tyro>=0.5.11->trl@ git+https://github.com/huggingface/trl->-r requirements.txt (line 5)) (0.1.2)
Looking in indexes: https://aiinfra.pkgs.visualstudio.com/PublicPackages/_packaging/Triton-Nightly/pypi/simple/
Requirement already satisfied: triton-nightly in /sfs/qumulo/qhome/brc4cb/.conda/envs/falcon_40B/lib/python3.9/site-packages (3.0.0.post20240424212437)
Collecting triton-nightly
  Downloading https://aiinfra.pkgs.visualstudio.com/2692857e-05ef-43b4-ba9c-ccf1c22c437c/_packaging/07c94329-d4c3-4ad4-9e6b-f904a60032ec/pypi/download/triton-nightly/3.post20240610003544/triton_nightly-3.0.0.post20240610003544-cp39-cp39-manylinux_2_27_x86_64.manylinux_2_28_x86_64.whl (138.4 MB)
     ━━━━━━━━━━━━━━━━━━━━━━━━━━━━━━━━━━━━━━ 138.4/138.4 MB 12.6 MB/s eta 0:00:00
Requirement already satisfied: filelock in /sfs/qumulo/qhome/brc4cb/.conda/envs/falcon_40B/lib/python3.9/site-packages (from triton-nightly) (3.9.0)
INFO: pip is looking at multiple versions of triton-nightly to determine which version is compatible with other requirements. This could take a while.
  Downloading https://aiinfra.pkgs.visualstudio.com/2692857e-05ef-43b4-ba9c-ccf1c22c437c/_packaging/07c94329-d4c3-4ad4-9e6b-f904a60032ec/pypi/download/triton-nightly/3.post20240609023724/triton_nightly-3.0.0.post20240609023724-cp39-cp39-manylinux_2_27_x86_64.manylinux_2_28_x86_64.whl (138.4 MB)
     ━━━━━━━━━━━━━━━━━━━━━━━━━━━━━━━━━━━━━━ 138.4/138.4 MB 12.1 MB/s eta 0:00:00
  Downloading https://aiinfra.pkgs.visualstudio.com/2692857e-05ef-43b4-ba9c-ccf1c22c437c/_packaging/07c94329-d4c3-4ad4-9e6b-f904a60032ec/pypi/download/triton-nightly/3.post20240608002914/triton_nightly-3.0.0.post20240608002914-cp39-cp39-manylinux_2_27_x86_64.manylinux_2_28_x86_64.whl (138.4 MB)
     ━━━━━━━━━━━━━━━━━━━━━━━━━━━━━━━━━━━━━━ 138.4/138.4 MB 10.9 MB/s eta 0:00:00
  Downloading https://aiinfra.pkgs.visualstudio.com/2692857e-05ef-43b4-ba9c-ccf1c22c437c/_packaging/07c94329-d4c3-4ad4-9e6b-f904a60032ec/pypi/download/triton-nightly/3.post20240607050836/triton_nightly-3.0.0.post20240607050836-cp39-cp39-manylinux_2_27_x86_64.manylinux_2_28_x86_64.whl (138.3 MB)
     ━━━━━━━━━━━━━━━━━━━━━━━━━━━━━━━━━━━━━━ 138.3/138.3 MB 14.2 MB/s eta 0:00:00
  Downloading https://aiinfra.pkgs.visualstudio.com/2692857e-05ef-43b4-ba9c-ccf1c22c437c/_packaging/07c94329-d4c3-4ad4-9e6b-f904a60032ec/pypi/download/triton-nightly/3.post20240606014908/triton_nightly-3.0.0.post20240606014908-cp39-cp39-manylinux_2_27_x86_64.manylinux_2_28_x86_64.whl (136.2 MB)
     ━━━━━━━━━━━━━━━━━━━━━━━━━━━━━━━━━━━━━━ 136.2/136.2 MB 12.4 MB/s eta 0:00:00
  Downloading https://aiinfra.pkgs.visualstudio.com/2692857e-05ef-43b4-ba9c-ccf1c22c437c/_packaging/07c94329-d4c3-4ad4-9e6b-f904a60032ec/pypi/download/triton-nightly/3.post20240605045615/triton_nightly-3.0.0.post20240605045615-cp39-cp39-manylinux_2_27_x86_64.manylinux_2_28_x86_64.whl (136.2 MB)
     ━━━━━━━━━━━━━━━━━━━━━━━━━━━━━━━━━━━━━━ 136.2/136.2 MB 13.9 MB/s eta 0:00:00
  Downloading https://aiinfra.pkgs.visualstudio.com/2692857e-05ef-43b4-ba9c-ccf1c22c437c/_packaging/07c94329-d4c3-4ad4-9e6b-f904a60032ec/pypi/download/triton-nightly/3.post20240604012636/triton_nightly-3.0.0.post20240604012636-cp39-cp39-manylinux_2_27_x86_64.manylinux_2_28_x86_64.whl (136.0 MB)
     ━━━━━━━━━━━━━━━━━━━━━━━━━━━━━━━━━━━━━━ 136.0/136.0 MB 11.7 MB/s eta 0:00:00
  Downloading https://aiinfra.pkgs.visualstudio.com/2692857e-05ef-43b4-ba9c-ccf1c22c437c/_packaging/07c94329-d4c3-4ad4-9e6b-f904a60032ec/pypi/download/triton-nightly/3.post20240603025518/triton_nightly-3.0.0.post20240603025518-cp39-cp39-manylinux_2_27_x86_64.manylinux_2_28_x86_64.whl (136.0 MB)
     ━━━━━━━━━━━━━━━━━━━━━━━━━━━━━━━━━━━━━━ 136.0/136.0 MB 14.0 MB/s eta 0:00:00
INFO: pip is looking at multiple versions of triton-nightly to determine which version is compatible with other requirements. This could take a while.
  Downloading https://aiinfra.pkgs.visualstudio.com/2692857e-05ef-43b4-ba9c-ccf1c22c437c/_packaging/07c94329-d4c3-4ad4-9e6b-f904a60032ec/pypi/download/triton-nightly/3.post20240601044641/triton_nightly-3.0.0.post20240601044641-cp39-cp39-manylinux_2_27_x86_64.manylinux_2_28_x86_64.whl (136.0 MB)
     ━━━━━━━━━━━━━━━━━━━━━━━━━━━━━━━━━━━━━━ 136.0/136.0 MB 12.8 MB/s eta 0:00:00
  Downloading https://aiinfra.pkgs.visualstudio.com/2692857e-05ef-43b4-ba9c-ccf1c22c437c/_packaging/07c94329-d4c3-4ad4-9e6b-f904a60032ec/pypi/download/triton-nightly/3.post20240531062509/triton_nightly-3.0.0.post20240531062509-cp39-cp39-manylinux_2_27_x86_64.manylinux_2_28_x86_64.whl (136.0 MB)
     ━━━━━━━━━━━━━━━━━━━━━━━━━━━━━━━━━━━━━━ 136.0/136.0 MB 14.8 MB/s eta 0:00:00
  Downloading https://aiinfra.pkgs.visualstudio.com/2692857e-05ef-43b4-ba9c-ccf1c22c437c/_packaging/07c94329-d4c3-4ad4-9e6b-f904a60032ec/pypi/download/triton-nightly/3.post20240530020152/triton_nightly-3.0.0.post20240530020152-cp39-cp39-manylinux_2_27_x86_64.manylinux_2_28_x86_64.whl (136.0 MB)
     ━━━━━━━━━━━━━━━━━━━━━━━━━━━━━━━━━━━━━━━ 136.0/136.0 MB 6.0 MB/s eta 0:00:00
  Downloading https://aiinfra.pkgs.visualstudio.com/2692857e-05ef-43b4-ba9c-ccf1c22c437c/_packaging/07c94329-d4c3-4ad4-9e6b-f904a60032ec/pypi/download/triton-nightly/3.post20240529030827/triton_nightly-3.0.0.post20240529030827-cp39-cp39-manylinux_2_27_x86_64.manylinux_2_28_x86_64.whl (136.1 MB)
     ━━━━━━━━━━━━━━━━━━━━━━━━━━━━━━━━━━━━━━ 136.1/136.1 MB 13.8 MB/s eta 0:00:00
  Downloading https://aiinfra.pkgs.visualstudio.com/2692857e-05ef-43b4-ba9c-ccf1c22c437c/_packaging/07c94329-d4c3-4ad4-9e6b-f904a60032ec/pypi/download/triton-nightly/3.post20240527145827/triton_nightly-3.0.0.post20240527145827-cp39-cp39-manylinux_2_27_x86_64.manylinux_2_28_x86_64.whl (135.7 MB)
     ━━━━━━━━━━━━━━━━━━━━━━━━━━━━━━━━━━━━━━━ 135.7/135.7 MB 7.3 MB/s eta 0:00:00
INFO: This is taking longer than usual. You might need to provide the dependency resolver with stricter constraints to reduce runtime. See https://pip.pypa.io/warnings/backtracking for guidance. If you want to abort this run, press Ctrl + C.
  Downloading https://aiinfra.pkgs.visualstudio.com/2692857e-05ef-43b4-ba9c-ccf1c22c437c/_packaging/07c94329-d4c3-4ad4-9e6b-f904a60032ec/pypi/download/triton-nightly/3.post20240526215807/triton_nightly-3.0.0.post20240526215807-cp39-cp39-manylinux_2_27_x86_64.manylinux_2_28_x86_64.whl (135.6 MB)
     ━━━━━━━━━━━━━━━━━━━━━━━━━━━━━━━━━━━━━━ 135.6/135.6 MB 11.8 MB/s eta 0:00:00
  Downloading https://aiinfra.pkgs.visualstudio.com/2692857e-05ef-43b4-ba9c-ccf1c22c437c/_packaging/07c94329-d4c3-4ad4-9e6b-f904a60032ec/pypi/download/triton-nightly/3.post20240524232251/triton_nightly-3.0.0.post20240524232251-cp39-cp39-manylinux_2_27_x86_64.manylinux_2_28_x86_64.whl (135.6 MB)
     ━━━━━━━━━━━━━━━━━━━━━━━━━━━━━━━━━━━━━━ 135.6/135.6 MB 14.5 MB/s eta 0:00:00
  Downloading https://aiinfra.pkgs.visualstudio.com/2692857e-05ef-43b4-ba9c-ccf1c22c437c/_packaging/07c94329-d4c3-4ad4-9e6b-f904a60032ec/pypi/download/triton-nightly/3.post20240524063540/triton_nightly-3.0.0.post20240524063540-cp39-cp39-manylinux_2_27_x86_64.manylinux_2_28_x86_64.whl (135.6 MB)
     ━━━━━━━━━━━━━━━━━━━━━━━━━━━━━━━━━━━━━━ 135.6/135.6 MB 13.1 MB/s eta 0:00:00
  Downloading https://aiinfra.pkgs.visualstudio.com/2692857e-05ef-43b4-ba9c-ccf1c22c437c/_packaging/07c94329-d4c3-4ad4-9e6b-f904a60032ec/pypi/download/triton-nightly/3.post20240522224832/triton_nightly-3.0.0.post20240522224832-cp39-cp39-manylinux_2_27_x86_64.manylinux_2_28_x86_64.whl (135.6 MB)
     ━━━━━━━━━━━━━━━━━━━━━━━━━━━━━━━━━━━━━━ 135.6/135.6 MB 11.5 MB/s eta 0:00:00
  Downloading https://aiinfra.pkgs.visualstudio.com/2692857e-05ef-43b4-ba9c-ccf1c22c437c/_packaging/07c94329-d4c3-4ad4-9e6b-f904a60032ec/pypi/download/triton-nightly/3.post20240522054702/triton_nightly-3.0.0.post20240522054702-cp39-cp39-manylinux_2_27_x86_64.manylinux_2_28_x86_64.whl (135.4 MB)
     ━━━━━━━━━━━━━━━━━━━━━━━━━━━━━━━━━━━━━━ 135.4/135.4 MB 14.0 MB/s eta 0:00:00
  Downloading https://aiinfra.pkgs.visualstudio.com/2692857e-05ef-43b4-ba9c-ccf1c22c437c/_packaging/07c94329-d4c3-4ad4-9e6b-f904a60032ec/pypi/download/triton-nightly/3.post20240521001803/triton_nightly-3.0.0.post20240521001803-cp39-cp39-manylinux_2_27_x86_64.manylinux_2_28_x86_64.whl (135.4 MB)
     ━━━━━━━━━━━━━━━━━━━━━━━━━━━━━━━━━━━━━━ 135.4/135.4 MB 12.6 MB/s eta 0:00:00
  Downloading https://aiinfra.pkgs.visualstudio.com/2692857e-05ef-43b4-ba9c-ccf1c22c437c/_packaging/07c94329-d4c3-4ad4-9e6b-f904a60032ec/pypi/download/triton-nightly/3.post20240520020804/triton_nightly-3.0.0.post20240520020804-cp39-cp39-manylinux_2_27_x86_64.manylinux_2_28_x86_64.whl (135.8 MB)
     ━━━━━━━━━━━━━━━━━━━━━━━━━━━━━━━━━━━━━━ 135.8/135.8 MB 13.5 MB/s eta 0:00:00
  Downloading https://aiinfra.pkgs.visualstudio.com/2692857e-05ef-43b4-ba9c-ccf1c22c437c/_packaging/07c94329-d4c3-4ad4-9e6b-f904a60032ec/pypi/download/triton-nightly/3.post20240515174524/triton_nightly-3.0.0.post20240515174524-cp39-cp39-manylinux_2_27_x86_64.manylinux_2_28_x86_64.whl (135.2 MB)
     ━━━━━━━━━━━━━━━━━━━━━━━━━━━━━━━━━━━━━━━ 135.2/135.2 MB 7.6 MB/s eta 0:00:00
  Downloading https://aiinfra.pkgs.visualstudio.com/2692857e-05ef-43b4-ba9c-ccf1c22c437c/_packaging/07c94329-d4c3-4ad4-9e6b-f904a60032ec/pypi/download/triton-nightly/3.post20240513074433/triton_nightly-3.0.0.post20240513074433-cp39-cp39-manylinux_2_27_x86_64.manylinux_2_28_x86_64.whl (136.8 MB)
     ━━━━━━━━━━━━━━━━━━━━━━━━━━━━━━━━━━━━━━ 136.8/136.8 MB 12.7 MB/s eta 0:00:00
  Downloading https://aiinfra.pkgs.visualstudio.com/2692857e-05ef-43b4-ba9c-ccf1c22c437c/_packaging/07c94329-d4c3-4ad4-9e6b-f904a60032ec/pypi/download/triton-nightly/3.post20240512011919/triton_nightly-3.0.0.post20240512011919-cp39-cp39-manylinux_2_27_x86_64.manylinux_2_28_x86_64.whl (136.8 MB)
     ━━━━━━━━━━━━━━━━━━━━━━━━━━━━━━━━━━━━━━ 136.8/136.8 MB 11.5 MB/s eta 0:00:00
  Downloading https://aiinfra.pkgs.visualstudio.com/2692857e-05ef-43b4-ba9c-ccf1c22c437c/_packaging/07c94329-d4c3-4ad4-9e6b-f904a60032ec/pypi/download/triton-nightly/3.post20240511014100/triton_nightly-3.0.0.post20240511014100-cp39-cp39-manylinux_2_27_x86_64.manylinux_2_28_x86_64.whl (136.8 MB)
     ━━━━━━━━━━━━━━━━━━━━━━━━━━━━━━━━━━━━━━ 136.8/136.8 MB 10.1 MB/s eta 0:00:00
  Downloading https://aiinfra.pkgs.visualstudio.com/2692857e-05ef-43b4-ba9c-ccf1c22c437c/_packaging/07c94329-d4c3-4ad4-9e6b-f904a60032ec/pypi/download/triton-nightly/3.post20240510055942/triton_nightly-3.0.0.post20240510055942-cp39-cp39-manylinux_2_27_x86_64.manylinux_2_28_x86_64.whl (136.6 MB)
     ━━━━━━━━━━━━━━━━━━━━━━━━━━━━━━━━━━━━━━━ 136.6/136.6 MB 7.9 MB/s eta 0:00:00
  Downloading https://aiinfra.pkgs.visualstudio.com/2692857e-05ef-43b4-ba9c-ccf1c22c437c/_packaging/07c94329-d4c3-4ad4-9e6b-f904a60032ec/pypi/download/triton-nightly/3.post20240509002244/triton_nightly-3.0.0.post20240509002244-cp39-cp39-manylinux_2_27_x86_64.manylinux_2_28_x86_64.whl (136.9 MB)
     ━━━━━━━━━━━━━━━━━━━━━━━━━━━━━━━━━━━━━━ 136.9/136.9 MB 12.3 MB/s eta 0:00:00
  Downloading https://aiinfra.pkgs.visualstudio.com/2692857e-05ef-43b4-ba9c-ccf1c22c437c/_packaging/07c94329-d4c3-4ad4-9e6b-f904a60032ec/pypi/download/triton-nightly/3.post20240508060844/triton_nightly-3.0.0.post20240508060844-cp39-cp39-manylinux_2_27_x86_64.manylinux_2_28_x86_64.whl (135.9 MB)
     ━━━━━━━━━━━━━━━━━━━━━━━━━━━━━━━━━━━━━━ 135.9/135.9 MB 13.0 MB/s eta 0:00:00
  Downloading https://aiinfra.pkgs.visualstudio.com/2692857e-05ef-43b4-ba9c-ccf1c22c437c/_packaging/07c94329-d4c3-4ad4-9e6b-f904a60032ec/pypi/download/triton-nightly/3.post20240507030045/triton_nightly-3.0.0.post20240507030045-cp39-cp39-manylinux_2_27_x86_64.manylinux_2_28_x86_64.whl (135.8 MB)
     ━━━━━━━━━━━━━━━━━━━━━━━━━━━━━━━━━━━━━━ 135.8/135.8 MB 12.4 MB/s eta 0:00:00
  Downloading https://aiinfra.pkgs.visualstudio.com/2692857e-05ef-43b4-ba9c-ccf1c22c437c/_packaging/07c94329-d4c3-4ad4-9e6b-f904a60032ec/pypi/download/triton-nightly/3.post20240505215449/triton_nightly-3.0.0.post20240505215449-cp39-cp39-manylinux_2_27_x86_64.manylinux_2_28_x86_64.whl (135.8 MB)
     ━━━━━━━━━━━━━━━━━━━━━━━━━━━━━━━━━━━━━━ 135.8/135.8 MB 14.6 MB/s eta 0:00:00
  Downloading https://aiinfra.pkgs.visualstudio.com/2692857e-05ef-43b4-ba9c-ccf1c22c437c/_packaging/07c94329-d4c3-4ad4-9e6b-f904a60032ec/pypi/download/triton-nightly/3.post20240503234530/triton_nightly-3.0.0.post20240503234530-cp39-cp39-manylinux_2_27_x86_64.manylinux_2_28_x86_64.whl (135.8 MB)
     ━━━━━━━━━━━━━━━━━━━━━━━━━━━━━━━━━━━━━━ 135.8/135.8 MB 14.7 MB/s eta 0:00:00
  Downloading https://aiinfra.pkgs.visualstudio.com/2692857e-05ef-43b4-ba9c-ccf1c22c437c/_packaging/07c94329-d4c3-4ad4-9e6b-f904a60032ec/pypi/download/triton-nightly/3.post20240503042037/triton_nightly-3.0.0.post20240503042037-cp39-cp39-manylinux_2_27_x86_64.manylinux_2_28_x86_64.whl (135.8 MB)
     ━━━━━━━━━━━━━━━━━━━━━━━━━━━━━━━━━━━━━━ 135.8/135.8 MB 12.9 MB/s eta 0:00:00
  Downloading https://aiinfra.pkgs.visualstudio.com/2692857e-05ef-43b4-ba9c-ccf1c22c437c/_packaging/07c94329-d4c3-4ad4-9e6b-f904a60032ec/pypi/download/triton-nightly/3.post20240502051633/triton_nightly-3.0.0.post20240502051633-cp39-cp39-manylinux_2_27_x86_64.manylinux_2_28_x86_64.whl (135.7 MB)
     ━━━━━━━━━━━━━━━━━━━━━━━━━━━━━━━━━━━━━━ 135.7/135.7 MB 14.6 MB/s eta 0:00:00
  Downloading https://aiinfra.pkgs.visualstudio.com/2692857e-05ef-43b4-ba9c-ccf1c22c437c/_packaging/07c94329-d4c3-4ad4-9e6b-f904a60032ec/pypi/download/triton-nightly/3.post20240501034814/triton_nightly-3.0.0.post20240501034814-cp39-cp39-manylinux_2_27_x86_64.manylinux_2_28_x86_64.whl (135.7 MB)
     ━━━━━━━━━━━━━━━━━━━━━━━━━━━━━━━━━━━━━━ 135.7/135.7 MB 14.7 MB/s eta 0:00:00
  Downloading https://aiinfra.pkgs.visualstudio.com/2692857e-05ef-43b4-ba9c-ccf1c22c437c/_packaging/07c94329-d4c3-4ad4-9e6b-f904a60032ec/pypi/download/triton-nightly/3.post20240430054031/triton_nightly-3.0.0.post20240430054031-cp39-cp39-manylinux_2_27_x86_64.manylinux_2_28_x86_64.whl (136.0 MB)
     ━━━━━━━━━━━━━━━━━━━━━━━━━━━━━━━━━━━━━━ 136.0/136.0 MB 11.3 MB/s eta 0:00:00
  Downloading https://aiinfra.pkgs.visualstudio.com/2692857e-05ef-43b4-ba9c-ccf1c22c437c/_packaging/07c94329-d4c3-4ad4-9e6b-f904a60032ec/pypi/download/triton-nightly/3.post20240429025802/triton_nightly-3.0.0.post20240429025802-cp39-cp39-manylinux_2_27_x86_64.manylinux_2_28_x86_64.whl (135.9 MB)
     ━━━━━━━━━━━━━━━━━━━━━━━━━━━━━━━━━━━━━━ 135.9/135.9 MB 15.4 MB/s eta 0:00:00
token loaded
The token has not been saved to the git credentials helper. Pass `add_to_git_credential=True` in this function directly or `--add-to-git-credential` if using via `huggingface-cli` if you want to set the git credential as well.
Token is valid (permission: write).
Your token has been saved to /home/brc4cb/.cache/huggingface/token
Login successful
