

==> WARNING: A newer version of conda exists. <==
  current version: 23.5.2
  latest version: 23.11.0

Please update conda by running

    $ conda update -n base -c defaults conda

Or to minimize the number of packages updated during conda update use

     conda install conda=23.11.0


WARNING: Ignoring invalid distribution -riton-nightly (/sfs/qumulo/qhome/brc4cb/.conda/envs/falcon_40B/lib/python3.9/site-packages)
  Running command git clone --filter=blob:none --quiet https://github.com/huggingface/peft.git /tmp/pip-install-o8v1f11x/peft_6f7225e834a2427fbec2b7e88021d4cc
  Running command git clone --filter=blob:none --quiet https://github.com/huggingface/accelerate.git /tmp/pip-install-o8v1f11x/accelerate_fe8da9c032374555a5d540404913f02f
ERROR: Cannot install -r requirements.txt (line 2), -r requirements.txt (line 3), -r requirements.txt (line 6) and huggingface_hub==0.16.4 because these package versions have conflicting dependencies.
ERROR: ResolutionImpossible: for help visit https://pip.pypa.io/en/latest/topics/dependency-resolution/#dealing-with-dependency-conflicts
WARNING: Ignoring invalid distribution -riton-nightly (/sfs/qumulo/qhome/brc4cb/.conda/envs/falcon_40B/lib/python3.9/site-packages)
WARNING: Ignoring invalid distribution -riton-nightly (/sfs/qumulo/qhome/brc4cb/.conda/envs/falcon_40B/lib/python3.9/site-packages)


==> WARNING: A newer version of conda exists. <==
  current version: 23.5.2
  latest version: 23.11.0

Please update conda by running

    $ conda update -n base -c defaults conda

Or to minimize the number of packages updated during conda update use

     conda install conda=23.11.0


Loading checkpoint shards:   0%|          | 0/15 [00:00<?, ?it/s]Loading checkpoint shards:   7%|▋         | 1/15 [00:02<00:37,  2.70s/it]Loading checkpoint shards:  13%|█▎        | 2/15 [00:05<00:33,  2.60s/it]Loading checkpoint shards:  20%|██        | 3/15 [00:07<00:31,  2.59s/it]Loading checkpoint shards:  27%|██▋       | 4/15 [00:10<00:28,  2.60s/it]Loading checkpoint shards:  33%|███▎      | 5/15 [00:13<00:25,  2.59s/it]Loading checkpoint shards:  40%|████      | 6/15 [00:15<00:23,  2.58s/it]Loading checkpoint shards:  47%|████▋     | 7/15 [00:18<00:20,  2.59s/it]Loading checkpoint shards:  53%|█████▎    | 8/15 [00:20<00:18,  2.59s/it]Loading checkpoint shards:  60%|██████    | 9/15 [00:23<00:15,  2.58s/it]Loading checkpoint shards:  67%|██████▋   | 10/15 [00:25<00:12,  2.57s/it]Loading checkpoint shards:  73%|███████▎  | 11/15 [00:28<00:10,  2.58s/it]Loading checkpoint shards:  80%|████████  | 12/15 [00:31<00:07,  2.60s/it]Loading checkpoint shards:  87%|████████▋ | 13/15 [00:33<00:05,  2.58s/it]Loading checkpoint shards:  93%|█████████▎| 14/15 [00:36<00:02,  2.55s/it]Loading checkpoint shards: 100%|██████████| 15/15 [00:36<00:00,  1.85s/it]Loading checkpoint shards: 100%|██████████| 15/15 [00:36<00:00,  2.42s/it]
/home/brc4cb/.conda/envs/falcon_40B/lib/python3.9/site-packages/transformers/utils/hub.py:374: FutureWarning: The `use_auth_token` argument is deprecated and will be removed in v5 of Transformers.
  warnings.warn(
/home/brc4cb/.conda/envs/falcon_40B/lib/python3.9/site-packages/bitsandbytes/nn/modules.py:224: UserWarning: Input type into Linear4bit is torch.float16, but bnb_4bit_compute_type=torch.float32 (default). This will lead to slow inference or training speed.
  warnings.warn(f'Input type into Linear4bit is torch.float16, but bnb_4bit_compute_type=torch.float32 (default). This will lead to slow inference or training speed.')
