Collecting package metadata (current_repodata.json): ...working... done
Solving environment: ...working... done

# All requested packages already installed.

Collecting peft@ git+https://github.com/huggingface/peft.git (from -r requirements.txt (line 4))
  Cloning https://github.com/huggingface/peft.git to /tmp/pip-install-qnrne5gq/peft_d1e6febc100142058b567c6d1d51b550
  Resolved https://github.com/huggingface/peft.git to commit ec267c644a9a9f05a7340a7cb23ed5a6a6090dd0
  Installing build dependencies: started
  Installing build dependencies: finished with status 'done'
  Getting requirements to build wheel: started
  Getting requirements to build wheel: finished with status 'done'
  Preparing metadata (pyproject.toml): started
  Preparing metadata (pyproject.toml): finished with status 'done'
Collecting accelerate@ git+https://github.com/huggingface/accelerate.git (from -r requirements.txt (line 5))
  Cloning https://github.com/huggingface/accelerate.git to /tmp/pip-install-qnrne5gq/accelerate_6821ef502b084bf8bb92cf272fe2fb72
  Resolved https://github.com/huggingface/accelerate.git to commit a6333f2e7c8bbeecd09ba2e17fdbd7cc8a403559
  Installing build dependencies: started
  Installing build dependencies: finished with status 'done'
  Getting requirements to build wheel: started
  Getting requirements to build wheel: finished with status 'done'
  Preparing metadata (pyproject.toml): started
  Preparing metadata (pyproject.toml): finished with status 'done'
Requirement already satisfied: bitsandbytes==0.41.0 in /sfs/qumulo/qhome/brc4cb/.conda/envs/falcon_40B/lib/python3.9/site-packages (from -r requirements.txt (line 1)) (0.41.0)
Requirement already satisfied: transformers==4.31.0 in /sfs/qumulo/qhome/brc4cb/.conda/envs/falcon_40B/lib/python3.9/site-packages (from -r requirements.txt (line 2)) (4.31.0)
Collecting torch==2.0.1 (from -r requirements.txt (line 3))
  Downloading torch-2.0.1-cp39-cp39-manylinux1_x86_64.whl (619.9 MB)
     ━━━━━━━━━━━━━━━━━━━━━━━━━━━━━━━━━━━━━━━ 619.9/619.9 MB 3.1 MB/s eta 0:00:00
Requirement already satisfied: einops==0.6.1 in /sfs/qumulo/qhome/brc4cb/.conda/envs/falcon_40B/lib/python3.9/site-packages (from -r requirements.txt (line 6)) (0.6.1)
Requirement already satisfied: evaluate==0.4.0 in /sfs/qumulo/qhome/brc4cb/.conda/envs/falcon_40B/lib/python3.9/site-packages (from -r requirements.txt (line 7)) (0.4.0)
Requirement already satisfied: scikit-learn==1.2.2 in /sfs/qumulo/qhome/brc4cb/.conda/envs/falcon_40B/lib/python3.9/site-packages (from -r requirements.txt (line 8)) (1.2.2)
Requirement already satisfied: scipy==1.11.1 in /sfs/qumulo/qhome/brc4cb/.conda/envs/falcon_40B/lib/python3.9/site-packages (from -r requirements.txt (line 9)) (1.11.1)
Requirement already satisfied: sentencepiece==0.1.99 in /sfs/qumulo/qhome/brc4cb/.conda/envs/falcon_40B/lib/python3.9/site-packages (from -r requirements.txt (line 10)) (0.1.99)
Requirement already satisfied: wandb==0.15.3 in /sfs/qumulo/qhome/brc4cb/.conda/envs/falcon_40B/lib/python3.9/site-packages (from -r requirements.txt (line 11)) (0.15.3)
Requirement already satisfied: dash==2.11.1 in /sfs/qumulo/qhome/brc4cb/.conda/envs/falcon_40B/lib/python3.9/site-packages (from -r requirements.txt (line 12)) (2.11.1)
Requirement already satisfied: jupyter-dash==0.4.2 in /sfs/qumulo/qhome/brc4cb/.conda/envs/falcon_40B/lib/python3.9/site-packages (from -r requirements.txt (line 14)) (0.4.2)
Requirement already satisfied: dash-bootstrap-components==1.2.1 in /sfs/qumulo/qhome/brc4cb/.conda/envs/falcon_40B/lib/python3.9/site-packages (from -r requirements.txt (line 16)) (1.2.1)
Requirement already satisfied: dash-table-experiments==0.6.0 in /sfs/qumulo/qhome/brc4cb/.conda/envs/falcon_40B/lib/python3.9/site-packages (from -r requirements.txt (line 18)) (0.6.0)
Requirement already satisfied: pymongo==4.3.2 in /sfs/qumulo/qhome/brc4cb/.conda/envs/falcon_40B/lib/python3.9/site-packages (from -r requirements.txt (line 20)) (4.3.2)
Requirement already satisfied: lxml==4.9.1 in /sfs/qumulo/qhome/brc4cb/.conda/envs/falcon_40B/lib/python3.9/site-packages (from -r requirements.txt (line 22)) (4.9.1)
Requirement already satisfied: plotly-express==0.4.1 in /sfs/qumulo/qhome/brc4cb/.conda/envs/falcon_40B/lib/python3.9/site-packages (from -r requirements.txt (line 24)) (0.4.1)
Requirement already satisfied: huggingface_hub==0.16.4 in /sfs/qumulo/qhome/brc4cb/.conda/envs/falcon_40B/lib/python3.9/site-packages (from -r requirements.txt (line 26)) (0.16.4)
Requirement already satisfied: numpy==1.25.1 in /sfs/qumulo/qhome/brc4cb/.conda/envs/falcon_40B/lib/python3.9/site-packages (from -r requirements.txt (line 28)) (1.25.1)
Requirement already satisfied: pandas==2.0.3 in /sfs/qumulo/qhome/brc4cb/.conda/envs/falcon_40B/lib/python3.9/site-packages (from -r requirements.txt (line 30)) (2.0.3)
Requirement already satisfied: filelock in /sfs/qumulo/qhome/brc4cb/.conda/envs/falcon_40B/lib/python3.9/site-packages (from transformers==4.31.0->-r requirements.txt (line 2)) (3.9.0)
Requirement already satisfied: packaging>=20.0 in /sfs/qumulo/qhome/brc4cb/.conda/envs/falcon_40B/lib/python3.9/site-packages (from transformers==4.31.0->-r requirements.txt (line 2)) (23.1)
Requirement already satisfied: pyyaml>=5.1 in /sfs/qumulo/qhome/brc4cb/.conda/envs/falcon_40B/lib/python3.9/site-packages (from transformers==4.31.0->-r requirements.txt (line 2)) (6.0)
Requirement already satisfied: regex!=2019.12.17 in /sfs/qumulo/qhome/brc4cb/.conda/envs/falcon_40B/lib/python3.9/site-packages (from transformers==4.31.0->-r requirements.txt (line 2)) (2023.6.3)
Requirement already satisfied: requests in /sfs/qumulo/qhome/brc4cb/.conda/envs/falcon_40B/lib/python3.9/site-packages (from transformers==4.31.0->-r requirements.txt (line 2)) (2.31.0)
Requirement already satisfied: tokenizers!=0.11.3,<0.14,>=0.11.1 in /sfs/qumulo/qhome/brc4cb/.conda/envs/falcon_40B/lib/python3.9/site-packages (from transformers==4.31.0->-r requirements.txt (line 2)) (0.13.3)
Requirement already satisfied: safetensors>=0.3.1 in /sfs/qumulo/qhome/brc4cb/.conda/envs/falcon_40B/lib/python3.9/site-packages (from transformers==4.31.0->-r requirements.txt (line 2)) (0.3.1)
Requirement already satisfied: tqdm>=4.27 in /sfs/qumulo/qhome/brc4cb/.conda/envs/falcon_40B/lib/python3.9/site-packages (from transformers==4.31.0->-r requirements.txt (line 2)) (4.65.0)
Requirement already satisfied: typing-extensions in /sfs/qumulo/qhome/brc4cb/.conda/envs/falcon_40B/lib/python3.9/site-packages (from torch==2.0.1->-r requirements.txt (line 3)) (4.4.0)
Requirement already satisfied: sympy in /sfs/qumulo/qhome/brc4cb/.conda/envs/falcon_40B/lib/python3.9/site-packages (from torch==2.0.1->-r requirements.txt (line 3)) (1.11.1)
Requirement already satisfied: networkx in /sfs/qumulo/qhome/brc4cb/.conda/envs/falcon_40B/lib/python3.9/site-packages (from torch==2.0.1->-r requirements.txt (line 3)) (3.0rc1)
Requirement already satisfied: jinja2 in /sfs/qumulo/qhome/brc4cb/.conda/envs/falcon_40B/lib/python3.9/site-packages (from torch==2.0.1->-r requirements.txt (line 3)) (3.1.2)
Collecting nvidia-cuda-nvrtc-cu11==11.7.99 (from torch==2.0.1->-r requirements.txt (line 3))
  Downloading nvidia_cuda_nvrtc_cu11-11.7.99-2-py3-none-manylinux1_x86_64.whl (21.0 MB)
     ━━━━━━━━━━━━━━━━━━━━━━━━━━━━━━━━━━━━━━━━ 21.0/21.0 MB 45.4 MB/s eta 0:00:00
Collecting nvidia-cuda-runtime-cu11==11.7.99 (from torch==2.0.1->-r requirements.txt (line 3))
  Downloading nvidia_cuda_runtime_cu11-11.7.99-py3-none-manylinux1_x86_64.whl (849 kB)
     ━━━━━━━━━━━━━━━━━━━━━━━━━━━━━━━━━━━━━━ 849.3/849.3 kB 17.3 MB/s eta 0:00:00
Collecting nvidia-cuda-cupti-cu11==11.7.101 (from torch==2.0.1->-r requirements.txt (line 3))
  Downloading nvidia_cuda_cupti_cu11-11.7.101-py3-none-manylinux1_x86_64.whl (11.8 MB)
     ━━━━━━━━━━━━━━━━━━━━━━━━━━━━━━━━━━━━━━━━ 11.8/11.8 MB 81.2 MB/s eta 0:00:00
Collecting nvidia-cudnn-cu11==8.5.0.96 (from torch==2.0.1->-r requirements.txt (line 3))
  Downloading nvidia_cudnn_cu11-8.5.0.96-2-py3-none-manylinux1_x86_64.whl (557.1 MB)
     ━━━━━━━━━━━━━━━━━━━━━━━━━━━━━━━━━━━━━━━ 557.1/557.1 MB 3.4 MB/s eta 0:00:00
Collecting nvidia-cublas-cu11==11.10.3.66 (from torch==2.0.1->-r requirements.txt (line 3))
  Downloading nvidia_cublas_cu11-11.10.3.66-py3-none-manylinux1_x86_64.whl (317.1 MB)
     ━━━━━━━━━━━━━━━━━━━━━━━━━━━━━━━━━━━━━━━ 317.1/317.1 MB 5.6 MB/s eta 0:00:00
Collecting nvidia-cufft-cu11==10.9.0.58 (from torch==2.0.1->-r requirements.txt (line 3))
  Downloading nvidia_cufft_cu11-10.9.0.58-py3-none-manylinux1_x86_64.whl (168.4 MB)
     ━━━━━━━━━━━━━━━━━━━━━━━━━━━━━━━━━━━━━━ 168.4/168.4 MB 10.2 MB/s eta 0:00:00
Collecting nvidia-curand-cu11==10.2.10.91 (from torch==2.0.1->-r requirements.txt (line 3))
  Downloading nvidia_curand_cu11-10.2.10.91-py3-none-manylinux1_x86_64.whl (54.6 MB)
     ━━━━━━━━━━━━━━━━━━━━━━━━━━━━━━━━━━━━━━━━ 54.6/54.6 MB 25.9 MB/s eta 0:00:00
Collecting nvidia-cusolver-cu11==11.4.0.1 (from torch==2.0.1->-r requirements.txt (line 3))
  Downloading nvidia_cusolver_cu11-11.4.0.1-2-py3-none-manylinux1_x86_64.whl (102.6 MB)
     ━━━━━━━━━━━━━━━━━━━━━━━━━━━━━━━━━━━━━━ 102.6/102.6 MB 15.8 MB/s eta 0:00:00
Collecting nvidia-cusparse-cu11==11.7.4.91 (from torch==2.0.1->-r requirements.txt (line 3))
  Downloading nvidia_cusparse_cu11-11.7.4.91-py3-none-manylinux1_x86_64.whl (173.2 MB)
     ━━━━━━━━━━━━━━━━━━━━━━━━━━━━━━━━━━━━━━ 173.2/173.2 MB 10.4 MB/s eta 0:00:00
Collecting nvidia-nccl-cu11==2.14.3 (from torch==2.0.1->-r requirements.txt (line 3))
  Downloading nvidia_nccl_cu11-2.14.3-py3-none-manylinux1_x86_64.whl (177.1 MB)
     ━━━━━━━━━━━━━━━━━━━━━━━━━━━━━━━━━━━━━━ 177.1/177.1 MB 11.4 MB/s eta 0:00:00
Collecting nvidia-nvtx-cu11==11.7.91 (from torch==2.0.1->-r requirements.txt (line 3))
  Downloading nvidia_nvtx_cu11-11.7.91-py3-none-manylinux1_x86_64.whl (98 kB)
     ━━━━━━━━━━━━━━━━━━━━━━━━━━━━━━━━━━━━━━━━ 98.6/98.6 kB 5.6 MB/s eta 0:00:00
Collecting triton==2.0.0 (from torch==2.0.1->-r requirements.txt (line 3))
  Downloading triton-2.0.0-1-cp39-cp39-manylinux2014_x86_64.manylinux_2_17_x86_64.whl (63.3 MB)
     ━━━━━━━━━━━━━━━━━━━━━━━━━━━━━━━━━━━━━━━━ 63.3/63.3 MB 25.5 MB/s eta 0:00:00
Requirement already satisfied: datasets>=2.0.0 in /sfs/qumulo/qhome/brc4cb/.conda/envs/falcon_40B/lib/python3.9/site-packages (from evaluate==0.4.0->-r requirements.txt (line 7)) (2.13.1)
Requirement already satisfied: dill in /sfs/qumulo/qhome/brc4cb/.conda/envs/falcon_40B/lib/python3.9/site-packages (from evaluate==0.4.0->-r requirements.txt (line 7)) (0.3.6)
Requirement already satisfied: xxhash in /sfs/qumulo/qhome/brc4cb/.conda/envs/falcon_40B/lib/python3.9/site-packages (from evaluate==0.4.0->-r requirements.txt (line 7)) (3.2.0)
Requirement already satisfied: multiprocess in /sfs/qumulo/qhome/brc4cb/.conda/envs/falcon_40B/lib/python3.9/site-packages (from evaluate==0.4.0->-r requirements.txt (line 7)) (0.70.14)
Requirement already satisfied: fsspec[http]>=2021.05.0 in /sfs/qumulo/qhome/brc4cb/.conda/envs/falcon_40B/lib/python3.9/site-packages (from evaluate==0.4.0->-r requirements.txt (line 7)) (2023.4.0)
Requirement already satisfied: responses<0.19 in /sfs/qumulo/qhome/brc4cb/.conda/envs/falcon_40B/lib/python3.9/site-packages (from evaluate==0.4.0->-r requirements.txt (line 7)) (0.18.0)
Requirement already satisfied: joblib>=1.1.1 in /sfs/qumulo/qhome/brc4cb/.conda/envs/falcon_40B/lib/python3.9/site-packages (from scikit-learn==1.2.2->-r requirements.txt (line 8)) (1.2.0)
Requirement already satisfied: threadpoolctl>=2.0.0 in /sfs/qumulo/qhome/brc4cb/.conda/envs/falcon_40B/lib/python3.9/site-packages (from scikit-learn==1.2.2->-r requirements.txt (line 8)) (3.1.0)
Requirement already satisfied: Click!=8.0.0,>=7.0 in /sfs/qumulo/qhome/brc4cb/.conda/envs/falcon_40B/lib/python3.9/site-packages (from wandb==0.15.3->-r requirements.txt (line 11)) (8.0.4)
Requirement already satisfied: GitPython!=3.1.29,>=1.0.0 in /sfs/qumulo/qhome/brc4cb/.conda/envs/falcon_40B/lib/python3.9/site-packages (from wandb==0.15.3->-r requirements.txt (line 11)) (3.1.31)
Requirement already satisfied: psutil>=5.0.0 in /sfs/qumulo/qhome/brc4cb/.conda/envs/falcon_40B/lib/python3.9/site-packages (from wandb==0.15.3->-r requirements.txt (line 11)) (5.9.5)
Requirement already satisfied: sentry-sdk>=1.0.0 in /sfs/qumulo/qhome/brc4cb/.conda/envs/falcon_40B/lib/python3.9/site-packages (from wandb==0.15.3->-r requirements.txt (line 11)) (1.26.0)
Requirement already satisfied: docker-pycreds>=0.4.0 in /sfs/qumulo/qhome/brc4cb/.conda/envs/falcon_40B/lib/python3.9/site-packages (from wandb==0.15.3->-r requirements.txt (line 11)) (0.4.0)
Requirement already satisfied: pathtools in /sfs/qumulo/qhome/brc4cb/.conda/envs/falcon_40B/lib/python3.9/site-packages (from wandb==0.15.3->-r requirements.txt (line 11)) (0.1.2)
Requirement already satisfied: setproctitle in /sfs/qumulo/qhome/brc4cb/.conda/envs/falcon_40B/lib/python3.9/site-packages (from wandb==0.15.3->-r requirements.txt (line 11)) (1.3.2)
Requirement already satisfied: setuptools in /sfs/qumulo/qhome/brc4cb/.conda/envs/falcon_40B/lib/python3.9/site-packages (from wandb==0.15.3->-r requirements.txt (line 11)) (67.8.0)
Requirement already satisfied: appdirs>=1.4.3 in /sfs/qumulo/qhome/brc4cb/.conda/envs/falcon_40B/lib/python3.9/site-packages (from wandb==0.15.3->-r requirements.txt (line 11)) (1.4.4)
Requirement already satisfied: protobuf!=4.21.0,<5,>=3.15.0 in /sfs/qumulo/qhome/brc4cb/.conda/envs/falcon_40B/lib/python3.9/site-packages (from wandb==0.15.3->-r requirements.txt (line 11)) (4.23.3)
Requirement already satisfied: Flask<2.3.0,>=1.0.4 in /sfs/qumulo/qhome/brc4cb/.conda/envs/falcon_40B/lib/python3.9/site-packages (from dash==2.11.1->-r requirements.txt (line 12)) (2.2.5)
Requirement already satisfied: Werkzeug<2.3.0 in /sfs/qumulo/qhome/brc4cb/.conda/envs/falcon_40B/lib/python3.9/site-packages (from dash==2.11.1->-r requirements.txt (line 12)) (2.2.3)
Requirement already satisfied: plotly>=5.0.0 in /sfs/qumulo/qhome/brc4cb/.conda/envs/falcon_40B/lib/python3.9/site-packages (from dash==2.11.1->-r requirements.txt (line 12)) (5.15.0)
Requirement already satisfied: dash-html-components==2.0.0 in /sfs/qumulo/qhome/brc4cb/.conda/envs/falcon_40B/lib/python3.9/site-packages (from dash==2.11.1->-r requirements.txt (line 12)) (2.0.0)
Requirement already satisfied: dash-core-components==2.0.0 in /sfs/qumulo/qhome/brc4cb/.conda/envs/falcon_40B/lib/python3.9/site-packages (from dash==2.11.1->-r requirements.txt (line 12)) (2.0.0)
Requirement already satisfied: dash-table==5.0.0 in /sfs/qumulo/qhome/brc4cb/.conda/envs/falcon_40B/lib/python3.9/site-packages (from dash==2.11.1->-r requirements.txt (line 12)) (5.0.0)
Requirement already satisfied: retrying in /sfs/qumulo/qhome/brc4cb/.conda/envs/falcon_40B/lib/python3.9/site-packages (from dash==2.11.1->-r requirements.txt (line 12)) (1.3.4)
Requirement already satisfied: ansi2html in /sfs/qumulo/qhome/brc4cb/.conda/envs/falcon_40B/lib/python3.9/site-packages (from dash==2.11.1->-r requirements.txt (line 12)) (1.8.0)
Requirement already satisfied: nest-asyncio in /sfs/qumulo/qhome/brc4cb/.conda/envs/falcon_40B/lib/python3.9/site-packages (from dash==2.11.1->-r requirements.txt (line 12)) (1.5.6)
Requirement already satisfied: ipython in /sfs/qumulo/qhome/brc4cb/.conda/envs/falcon_40B/lib/python3.9/site-packages (from jupyter-dash==0.4.2->-r requirements.txt (line 14)) (8.14.0)
Requirement already satisfied: ipykernel in /sfs/qumulo/qhome/brc4cb/.conda/envs/falcon_40B/lib/python3.9/site-packages (from jupyter-dash==0.4.2->-r requirements.txt (line 14)) (6.24.0)
Requirement already satisfied: dnspython<3.0.0,>=1.16.0 in /sfs/qumulo/qhome/brc4cb/.conda/envs/falcon_40B/lib/python3.9/site-packages (from pymongo==4.3.2->-r requirements.txt (line 20)) (2.3.0)
Requirement already satisfied: statsmodels>=0.9.0 in /sfs/qumulo/qhome/brc4cb/.conda/envs/falcon_40B/lib/python3.9/site-packages (from plotly-express==0.4.1->-r requirements.txt (line 24)) (0.14.0)
Requirement already satisfied: patsy>=0.5 in /sfs/qumulo/qhome/brc4cb/.conda/envs/falcon_40B/lib/python3.9/site-packages (from plotly-express==0.4.1->-r requirements.txt (line 24)) (0.5.3)
Requirement already satisfied: python-dateutil>=2.8.2 in /sfs/qumulo/qhome/brc4cb/.conda/envs/falcon_40B/lib/python3.9/site-packages (from pandas==2.0.3->-r requirements.txt (line 30)) (2.8.2)
Requirement already satisfied: pytz>=2020.1 in /sfs/qumulo/qhome/brc4cb/.conda/envs/falcon_40B/lib/python3.9/site-packages (from pandas==2.0.3->-r requirements.txt (line 30)) (2023.3)
Requirement already satisfied: tzdata>=2022.1 in /sfs/qumulo/qhome/brc4cb/.conda/envs/falcon_40B/lib/python3.9/site-packages (from pandas==2.0.3->-r requirements.txt (line 30)) (2023.3)
Requirement already satisfied: wheel in /sfs/qumulo/qhome/brc4cb/.conda/envs/falcon_40B/lib/python3.9/site-packages (from nvidia-cublas-cu11==11.10.3.66->torch==2.0.1->-r requirements.txt (line 3)) (0.38.4)
Collecting cmake (from triton==2.0.0->torch==2.0.1->-r requirements.txt (line 3))
  Downloading cmake-3.27.0-py2.py3-none-manylinux2014_x86_64.manylinux_2_17_x86_64.whl (26.0 MB)
     ━━━━━━━━━━━━━━━━━━━━━━━━━━━━━━━━━━━━━━━━ 26.0/26.0 MB 42.8 MB/s eta 0:00:00
Collecting lit (from triton==2.0.0->torch==2.0.1->-r requirements.txt (line 3))
  Downloading lit-16.0.6.tar.gz (153 kB)
     ━━━━━━━━━━━━━━━━━━━━━━━━━━━━━━━━━━━━━━━ 153.7/153.7 kB 8.5 MB/s eta 0:00:00
  Installing build dependencies: started
  Installing build dependencies: finished with status 'done'
  Getting requirements to build wheel: started
  Getting requirements to build wheel: finished with status 'done'
  Installing backend dependencies: started
  Installing backend dependencies: finished with status 'done'
  Preparing metadata (pyproject.toml): started
  Preparing metadata (pyproject.toml): finished with status 'done'
Requirement already satisfied: pyarrow>=8.0.0 in /sfs/qumulo/qhome/brc4cb/.conda/envs/falcon_40B/lib/python3.9/site-packages (from datasets>=2.0.0->evaluate==0.4.0->-r requirements.txt (line 7)) (12.0.1)
Requirement already satisfied: aiohttp in /sfs/qumulo/qhome/brc4cb/.conda/envs/falcon_40B/lib/python3.9/site-packages (from datasets>=2.0.0->evaluate==0.4.0->-r requirements.txt (line 7)) (3.8.4)
Requirement already satisfied: six>=1.4.0 in /sfs/qumulo/qhome/brc4cb/.conda/envs/falcon_40B/lib/python3.9/site-packages (from docker-pycreds>=0.4.0->wandb==0.15.3->-r requirements.txt (line 11)) (1.16.0)
Requirement already satisfied: itsdangerous>=2.0 in /sfs/qumulo/qhome/brc4cb/.conda/envs/falcon_40B/lib/python3.9/site-packages (from Flask<2.3.0,>=1.0.4->dash==2.11.1->-r requirements.txt (line 12)) (2.1.2)
Requirement already satisfied: importlib-metadata>=3.6.0 in /sfs/qumulo/qhome/brc4cb/.conda/envs/falcon_40B/lib/python3.9/site-packages (from Flask<2.3.0,>=1.0.4->dash==2.11.1->-r requirements.txt (line 12)) (6.8.0)
Requirement already satisfied: gitdb<5,>=4.0.1 in /sfs/qumulo/qhome/brc4cb/.conda/envs/falcon_40B/lib/python3.9/site-packages (from GitPython!=3.1.29,>=1.0.0->wandb==0.15.3->-r requirements.txt (line 11)) (4.0.10)
Requirement already satisfied: MarkupSafe>=2.0 in /sfs/qumulo/qhome/brc4cb/.conda/envs/falcon_40B/lib/python3.9/site-packages (from jinja2->torch==2.0.1->-r requirements.txt (line 3)) (2.1.2)
Requirement already satisfied: tenacity>=6.2.0 in /sfs/qumulo/qhome/brc4cb/.conda/envs/falcon_40B/lib/python3.9/site-packages (from plotly>=5.0.0->dash==2.11.1->-r requirements.txt (line 12)) (8.2.2)
Requirement already satisfied: charset-normalizer<4,>=2 in /sfs/qumulo/qhome/brc4cb/.conda/envs/falcon_40B/lib/python3.9/site-packages (from requests->transformers==4.31.0->-r requirements.txt (line 2)) (3.1.0)
Requirement already satisfied: idna<4,>=2.5 in /sfs/qumulo/qhome/brc4cb/.conda/envs/falcon_40B/lib/python3.9/site-packages (from requests->transformers==4.31.0->-r requirements.txt (line 2)) (3.4)
Requirement already satisfied: urllib3<3,>=1.21.1 in /sfs/qumulo/qhome/brc4cb/.conda/envs/falcon_40B/lib/python3.9/site-packages (from requests->transformers==4.31.0->-r requirements.txt (line 2)) (2.0.3)
Requirement already satisfied: certifi>=2017.4.17 in /sfs/qumulo/qhome/brc4cb/.conda/envs/falcon_40B/lib/python3.9/site-packages (from requests->transformers==4.31.0->-r requirements.txt (line 2)) (2023.5.7)
Requirement already satisfied: comm>=0.1.1 in /sfs/qumulo/qhome/brc4cb/.conda/envs/falcon_40B/lib/python3.9/site-packages (from ipykernel->jupyter-dash==0.4.2->-r requirements.txt (line 14)) (0.1.3)
Requirement already satisfied: debugpy>=1.6.5 in /sfs/qumulo/qhome/brc4cb/.conda/envs/falcon_40B/lib/python3.9/site-packages (from ipykernel->jupyter-dash==0.4.2->-r requirements.txt (line 14)) (1.6.7)
Requirement already satisfied: jupyter-client>=6.1.12 in /sfs/qumulo/qhome/brc4cb/.conda/envs/falcon_40B/lib/python3.9/site-packages (from ipykernel->jupyter-dash==0.4.2->-r requirements.txt (line 14)) (8.3.0)
Requirement already satisfied: jupyter-core!=5.0.*,>=4.12 in /sfs/qumulo/qhome/brc4cb/.conda/envs/falcon_40B/lib/python3.9/site-packages (from ipykernel->jupyter-dash==0.4.2->-r requirements.txt (line 14)) (5.3.1)
Requirement already satisfied: matplotlib-inline>=0.1 in /sfs/qumulo/qhome/brc4cb/.conda/envs/falcon_40B/lib/python3.9/site-packages (from ipykernel->jupyter-dash==0.4.2->-r requirements.txt (line 14)) (0.1.6)
Requirement already satisfied: pyzmq>=20 in /sfs/qumulo/qhome/brc4cb/.conda/envs/falcon_40B/lib/python3.9/site-packages (from ipykernel->jupyter-dash==0.4.2->-r requirements.txt (line 14)) (25.1.0)
Requirement already satisfied: tornado>=6.1 in /sfs/qumulo/qhome/brc4cb/.conda/envs/falcon_40B/lib/python3.9/site-packages (from ipykernel->jupyter-dash==0.4.2->-r requirements.txt (line 14)) (6.3.2)
Requirement already satisfied: traitlets>=5.4.0 in /sfs/qumulo/qhome/brc4cb/.conda/envs/falcon_40B/lib/python3.9/site-packages (from ipykernel->jupyter-dash==0.4.2->-r requirements.txt (line 14)) (5.9.0)
Requirement already satisfied: backcall in /sfs/qumulo/qhome/brc4cb/.conda/envs/falcon_40B/lib/python3.9/site-packages (from ipython->jupyter-dash==0.4.2->-r requirements.txt (line 14)) (0.2.0)
Requirement already satisfied: decorator in /sfs/qumulo/qhome/brc4cb/.conda/envs/falcon_40B/lib/python3.9/site-packages (from ipython->jupyter-dash==0.4.2->-r requirements.txt (line 14)) (5.1.1)
Requirement already satisfied: jedi>=0.16 in /sfs/qumulo/qhome/brc4cb/.conda/envs/falcon_40B/lib/python3.9/site-packages (from ipython->jupyter-dash==0.4.2->-r requirements.txt (line 14)) (0.18.2)
Requirement already satisfied: pickleshare in /sfs/qumulo/qhome/brc4cb/.conda/envs/falcon_40B/lib/python3.9/site-packages (from ipython->jupyter-dash==0.4.2->-r requirements.txt (line 14)) (0.7.5)
Requirement already satisfied: prompt-toolkit!=3.0.37,<3.1.0,>=3.0.30 in /sfs/qumulo/qhome/brc4cb/.conda/envs/falcon_40B/lib/python3.9/site-packages (from ipython->jupyter-dash==0.4.2->-r requirements.txt (line 14)) (3.0.39)
Requirement already satisfied: pygments>=2.4.0 in /sfs/qumulo/qhome/brc4cb/.conda/envs/falcon_40B/lib/python3.9/site-packages (from ipython->jupyter-dash==0.4.2->-r requirements.txt (line 14)) (2.15.1)
Requirement already satisfied: stack-data in /sfs/qumulo/qhome/brc4cb/.conda/envs/falcon_40B/lib/python3.9/site-packages (from ipython->jupyter-dash==0.4.2->-r requirements.txt (line 14)) (0.6.2)
Requirement already satisfied: pexpect>4.3 in /sfs/qumulo/qhome/brc4cb/.conda/envs/falcon_40B/lib/python3.9/site-packages (from ipython->jupyter-dash==0.4.2->-r requirements.txt (line 14)) (4.8.0)
Requirement already satisfied: mpmath>=0.19 in /sfs/qumulo/qhome/brc4cb/.conda/envs/falcon_40B/lib/python3.9/site-packages (from sympy->torch==2.0.1->-r requirements.txt (line 3)) (1.2.1)
Requirement already satisfied: attrs>=17.3.0 in /sfs/qumulo/qhome/brc4cb/.conda/envs/falcon_40B/lib/python3.9/site-packages (from aiohttp->datasets>=2.0.0->evaluate==0.4.0->-r requirements.txt (line 7)) (23.1.0)
Requirement already satisfied: multidict<7.0,>=4.5 in /sfs/qumulo/qhome/brc4cb/.conda/envs/falcon_40B/lib/python3.9/site-packages (from aiohttp->datasets>=2.0.0->evaluate==0.4.0->-r requirements.txt (line 7)) (6.0.4)
Requirement already satisfied: async-timeout<5.0,>=4.0.0a3 in /sfs/qumulo/qhome/brc4cb/.conda/envs/falcon_40B/lib/python3.9/site-packages (from aiohttp->datasets>=2.0.0->evaluate==0.4.0->-r requirements.txt (line 7)) (4.0.2)
Requirement already satisfied: yarl<2.0,>=1.0 in /sfs/qumulo/qhome/brc4cb/.conda/envs/falcon_40B/lib/python3.9/site-packages (from aiohttp->datasets>=2.0.0->evaluate==0.4.0->-r requirements.txt (line 7)) (1.9.2)
Requirement already satisfied: frozenlist>=1.1.1 in /sfs/qumulo/qhome/brc4cb/.conda/envs/falcon_40B/lib/python3.9/site-packages (from aiohttp->datasets>=2.0.0->evaluate==0.4.0->-r requirements.txt (line 7)) (1.3.3)
Requirement already satisfied: aiosignal>=1.1.2 in /sfs/qumulo/qhome/brc4cb/.conda/envs/falcon_40B/lib/python3.9/site-packages (from aiohttp->datasets>=2.0.0->evaluate==0.4.0->-r requirements.txt (line 7)) (1.3.1)
Requirement already satisfied: smmap<6,>=3.0.1 in /sfs/qumulo/qhome/brc4cb/.conda/envs/falcon_40B/lib/python3.9/site-packages (from gitdb<5,>=4.0.1->GitPython!=3.1.29,>=1.0.0->wandb==0.15.3->-r requirements.txt (line 11)) (5.0.0)
Requirement already satisfied: zipp>=0.5 in /sfs/qumulo/qhome/brc4cb/.conda/envs/falcon_40B/lib/python3.9/site-packages (from importlib-metadata>=3.6.0->Flask<2.3.0,>=1.0.4->dash==2.11.1->-r requirements.txt (line 12)) (3.15.0)
Requirement already satisfied: parso<0.9.0,>=0.8.0 in /sfs/qumulo/qhome/brc4cb/.conda/envs/falcon_40B/lib/python3.9/site-packages (from jedi>=0.16->ipython->jupyter-dash==0.4.2->-r requirements.txt (line 14)) (0.8.3)
Requirement already satisfied: platformdirs>=2.5 in /sfs/qumulo/qhome/brc4cb/.conda/envs/falcon_40B/lib/python3.9/site-packages (from jupyter-core!=5.0.*,>=4.12->ipykernel->jupyter-dash==0.4.2->-r requirements.txt (line 14)) (3.8.1)
Requirement already satisfied: ptyprocess>=0.5 in /sfs/qumulo/qhome/brc4cb/.conda/envs/falcon_40B/lib/python3.9/site-packages (from pexpect>4.3->ipython->jupyter-dash==0.4.2->-r requirements.txt (line 14)) (0.7.0)
Requirement already satisfied: wcwidth in /sfs/qumulo/qhome/brc4cb/.conda/envs/falcon_40B/lib/python3.9/site-packages (from prompt-toolkit!=3.0.37,<3.1.0,>=3.0.30->ipython->jupyter-dash==0.4.2->-r requirements.txt (line 14)) (0.2.6)
Requirement already satisfied: executing>=1.2.0 in /sfs/qumulo/qhome/brc4cb/.conda/envs/falcon_40B/lib/python3.9/site-packages (from stack-data->ipython->jupyter-dash==0.4.2->-r requirements.txt (line 14)) (1.2.0)
Requirement already satisfied: asttokens>=2.1.0 in /sfs/qumulo/qhome/brc4cb/.conda/envs/falcon_40B/lib/python3.9/site-packages (from stack-data->ipython->jupyter-dash==0.4.2->-r requirements.txt (line 14)) (2.2.1)
Requirement already satisfied: pure-eval in /sfs/qumulo/qhome/brc4cb/.conda/envs/falcon_40B/lib/python3.9/site-packages (from stack-data->ipython->jupyter-dash==0.4.2->-r requirements.txt (line 14)) (0.2.2)
Building wheels for collected packages: lit
  Building wheel for lit (pyproject.toml): started
  Building wheel for lit (pyproject.toml): finished with status 'done'
  Created wheel for lit: filename=lit-16.0.6-py3-none-any.whl size=93584 sha256=db8c3cb1c6af1a56ab60d66a38ff123dea9f84c45d22a98a64e18e34ef64ec29
  Stored in directory: /sfs/qumulo/qhome/brc4cb/.cache/pip/wheels/a5/36/d6/cac2e6fb891889b33a548f2fddb8b4b7726399aaa2ed32b188
Successfully built lit
Installing collected packages: lit, cmake, nvidia-nvtx-cu11, nvidia-nccl-cu11, nvidia-cusparse-cu11, nvidia-curand-cu11, nvidia-cufft-cu11, nvidia-cuda-runtime-cu11, nvidia-cuda-nvrtc-cu11, nvidia-cuda-cupti-cu11, nvidia-cublas-cu11, nvidia-cusolver-cu11, nvidia-cudnn-cu11, triton, torch
  Attempting uninstall: torch
    Found existing installation: torch 2.1.0.dev20230624+cu118
    Uninstalling torch-2.1.0.dev20230624+cu118:
      Successfully uninstalled torch-2.1.0.dev20230624+cu118
Successfully installed cmake-3.27.0 lit-16.0.6 nvidia-cublas-cu11-11.10.3.66 nvidia-cuda-cupti-cu11-11.7.101 nvidia-cuda-nvrtc-cu11-11.7.99 nvidia-cuda-runtime-cu11-11.7.99 nvidia-cudnn-cu11-8.5.0.96 nvidia-cufft-cu11-10.9.0.58 nvidia-curand-cu11-10.2.10.91 nvidia-cusolver-cu11-11.4.0.1 nvidia-cusparse-cu11-11.7.4.91 nvidia-nccl-cu11-2.14.3 nvidia-nvtx-cu11-11.7.91 torch-2.0.1 triton-2.0.0
Collecting package metadata (current_repodata.json): ...working... done
Solving environment: ...working... done

# All requested packages already installed.

